Loading pretrained model NIMA from /root/.cache/torch/hub/pyiqa/NIMA_koniq-250367ae.pth
[balle] Balle-rate DPP: gamma=0.03 lam=0.05 perceptual=nima-koniq ch=64 ep=50
/workspace/sandwiched_compression/dpp/train_balle.py:106: UserWarning: Converting a tensor with requires_grad=True to a scalar may lead to unexpected behavior.
Consider using tensor.detach() first. (Triggered internally at /pytorch/torch/csrc/autograd/generated/python_variable_methods.cpp:835.)
  acc["LF"] += float(LF); acc["MOS"] += float(mos_val); acc["bpp"] += float(bpp); acc["total"] += float(total)
ep  0/50 LF=0.0606 MOS=0.3763 BalleBpp=0.732 total=0.0859 gnorm=0.721 scaler=0.0080 | [diag q32] base PSNR=34.21@0.745 model PSNR=30.31@0.881 (37s)
ep  1/50 LF=0.0632 MOS=0.3801 BalleBpp=0.719 total=0.0877 gnorm=1.278 scaler=0.0093 | [diag q32] base PSNR=34.21@0.745 model PSNR=30.93@0.916 (36s)
ep  2/50 LF=0.0655 MOS=0.3843 BalleBpp=0.780 total=0.0929 gnorm=1.872 scaler=0.0098 | [diag q32] base PSNR=34.21@0.745 model PSNR=32.83@0.844 (36s)
ep  3/50 LF=0.0692 MOS=0.3871 BalleBpp=0.754 total=0.0953 gnorm=1.883 scaler=0.0109 | [diag q32] base PSNR=34.21@0.745 model PSNR=30.30@0.978 (36s)
ep  4/50 LF=0.0727 MOS=0.3858 BalleBpp=0.767 total=0.0995 gnorm=2.092 scaler=0.0115 | [diag q32] base PSNR=34.21@0.745 model PSNR=31.54@0.913 (36s)
ep  5/50 LF=0.0630 MOS=0.3823 BalleBpp=0.844 total=0.0937 gnorm=1.737 scaler=0.0119 | [diag q32] base PSNR=34.21@0.745 model PSNR=31.26@0.924 (36s)
ep  6/50 LF=0.0640 MOS=0.3837 BalleBpp=0.815 total=0.0932 gnorm=1.722 scaler=0.0123 | [diag q32] base PSNR=34.21@0.745 model PSNR=30.62@0.965 (36s)
ep  7/50 LF=0.0692 MOS=0.3854 BalleBpp=0.792 total=0.0972 gnorm=1.922 scaler=0.0122 | [diag q32] base PSNR=34.21@0.745 model PSNR=32.62@0.838 (36s)
ep  8/50 LF=0.0778 MOS=0.3887 BalleBpp=0.773 total=0.1048 gnorm=2.135 scaler=0.0134 | [diag q32] base PSNR=34.21@0.745 model PSNR=30.80@0.962 (36s)
ep  9/50 LF=0.0681 MOS=0.3850 BalleBpp=0.800 total=0.0966 gnorm=1.725 scaler=0.0138 | [diag q32] base PSNR=34.21@0.745 model PSNR=30.15@1.004 (36s)
ep 10/50 LF=0.0665 MOS=0.3810 BalleBpp=0.855 total=0.0978 gnorm=1.817 scaler=0.0136 | [diag q32] base PSNR=34.21@0.745 model PSNR=31.52@0.885 (36s)
ep 11/50 LF=0.0781 MOS=0.3861 BalleBpp=0.854 total=0.1092 gnorm=2.299 scaler=0.0142 | [diag q32] base PSNR=34.21@0.745 model PSNR=31.56@0.861 (36s)
ep 12/50 LF=0.0709 MOS=0.3852 BalleBpp=0.815 total=0.1000 gnorm=1.699 scaler=0.0147 | [diag q32] base PSNR=34.21@0.745 model PSNR=30.82@0.954 (36s)
ep 13/50 LF=0.0769 MOS=0.3892 BalleBpp=0.749 total=0.1027 gnorm=1.766 scaler=0.0155 | [diag q32] base PSNR=34.21@0.745 model PSNR=28.94@1.094 (36s)
ep 14/50 LF=0.0724 MOS=0.3858 BalleBpp=0.797 total=0.1007 gnorm=1.725 scaler=0.0163 | [diag q32] base PSNR=34.21@0.745 model PSNR=27.71@1.187 (36s)
ep 15/50 LF=0.0761 MOS=0.3854 BalleBpp=0.839 total=0.1065 gnorm=1.745 scaler=0.0166 | [diag q32] base PSNR=34.21@0.745 model PSNR=28.25@1.168 (36s)
ep 16/50 LF=0.0716 MOS=0.3827 BalleBpp=0.813 total=0.1008 gnorm=1.736 scaler=0.0163 | [diag q32] base PSNR=34.21@0.745 model PSNR=29.63@1.009 (36s)
ep 17/50 LF=0.0676 MOS=0.3806 BalleBpp=0.835 total=0.0980 gnorm=1.638 scaler=0.0159 | [diag q32] base PSNR=34.21@0.745 model PSNR=31.07@0.905 (36s)
ep 18/50 LF=0.0651 MOS=0.3780 BalleBpp=0.785 total=0.0930 gnorm=1.403 scaler=0.0153 | [diag q32] base PSNR=34.21@0.745 model PSNR=31.74@0.739 (36s)
ep 19/50 LF=0.0699 MOS=0.3805 BalleBpp=0.752 total=0.0961 gnorm=1.371 scaler=0.0166 | [diag q32] base PSNR=34.21@0.745 model PSNR=30.42@0.847 (36s)
ep 20/50 LF=0.0643 MOS=0.3765 BalleBpp=0.788 total=0.0924 gnorm=1.251 scaler=0.0167 | [diag q32] base PSNR=34.21@0.745 model PSNR=31.29@0.865 (36s)
ep 21/50 LF=0.0658 MOS=0.3718 BalleBpp=0.801 total=0.0947 gnorm=1.312 scaler=0.0171 | [diag q32] base PSNR=34.21@0.745 model PSNR=30.21@0.932 (36s)
ep 22/50 LF=0.0613 MOS=0.3727 BalleBpp=0.766 total=0.0884 gnorm=1.060 scaler=0.0175 | [diag q32] base PSNR=34.21@0.745 model PSNR=29.80@0.966 (36s)
ep 23/50 LF=0.0751 MOS=0.3816 BalleBpp=0.759 total=0.1016 gnorm=1.435 scaler=0.0192 | [diag q32] base PSNR=34.21@0.745 model PSNR=26.91@1.243 (36s)
ep 24/50 LF=0.0693 MOS=0.3754 BalleBpp=0.807 total=0.0984 gnorm=1.559 scaler=0.0187 | [diag q32] base PSNR=34.21@0.745 model PSNR=30.23@0.921 (36s)
ep 25/50 LF=0.0650 MOS=0.3745 BalleBpp=0.763 total=0.0919 gnorm=1.191 scaler=0.0185 | [diag q32] base PSNR=34.21@0.745 model PSNR=30.19@0.942 (36s)
ep 26/50 LF=0.0694 MOS=0.3745 BalleBpp=0.839 total=0.1001 gnorm=1.605 scaler=0.0186 | [diag q32] base PSNR=34.21@0.745 model PSNR=30.96@0.851 (36s)
ep 27/50 LF=0.0626 MOS=0.3675 BalleBpp=0.768 total=0.0899 gnorm=1.094 scaler=0.0195 | [diag q32] base PSNR=34.21@0.745 model PSNR=28.73@1.067 (36s)
ep 28/50 LF=0.0751 MOS=0.3833 BalleBpp=0.768 total=0.1020 gnorm=1.509 scaler=0.0187 | [diag q32] base PSNR=34.21@0.745 model PSNR=30.53@0.893 (36s)
ep 29/50 LF=0.0786 MOS=0.3857 BalleBpp=0.787 total=0.1064 gnorm=1.563 scaler=0.0196 | [diag q32] base PSNR=34.21@0.745 model PSNR=29.72@0.974 (36s)
ep 30/50 LF=0.0779 MOS=0.3827 BalleBpp=0.786 total=0.1057 gnorm=1.547 scaler=0.0199 | [diag q32] base PSNR=34.21@0.745 model PSNR=29.26@1.012 (36s)
ep 31/50 LF=0.0717 MOS=0.3829 BalleBpp=0.741 total=0.0973 gnorm=1.257 scaler=0.0204 | [diag q32] base PSNR=34.21@0.745 model PSNR=28.62@1.121 (36s)
ep 32/50 LF=0.0715 MOS=0.3842 BalleBpp=0.761 total=0.0980 gnorm=1.303 scaler=0.0205 | [diag q32] base PSNR=34.21@0.745 model PSNR=28.47@1.110 (36s)
ep 33/50 LF=0.0635 MOS=0.3713 BalleBpp=0.774 total=0.0911 gnorm=1.055 scaler=0.0205 | [diag q32] base PSNR=34.21@0.745 model PSNR=28.71@1.066 (36s)
ep 34/50 LF=0.0788 MOS=0.3828 BalleBpp=0.802 total=0.1074 gnorm=1.559 scaler=0.0205 | [diag q32] base PSNR=34.21@0.745 model PSNR=29.49@0.969 (36s)
ep 35/50 LF=0.0720 MOS=0.3775 BalleBpp=0.781 total=0.0997 gnorm=1.333 scaler=0.0203 | [diag q32] base PSNR=34.21@0.745 model PSNR=30.22@0.925 (36s)
ep 36/50 LF=0.0748 MOS=0.3771 BalleBpp=0.846 total=0.1058 gnorm=1.642 scaler=0.0203 | [diag q32] base PSNR=34.21@0.745 model PSNR=30.30@0.897 (36s)
ep 37/50 LF=0.0706 MOS=0.3737 BalleBpp=0.813 total=0.1000 gnorm=1.322 scaler=0.0198 | [diag q32] base PSNR=34.21@0.745 model PSNR=31.18@0.880 (36s)
ep 38/50 LF=0.0695 MOS=0.3791 BalleBpp=0.710 total=0.0936 gnorm=1.053 scaler=0.0204 | [diag q32] base PSNR=34.21@0.745 model PSNR=29.02@1.033 (36s)
ep 39/50 LF=0.0691 MOS=0.3756 BalleBpp=0.793 total=0.0975 gnorm=1.260 scaler=0.0207 | [diag q32] base PSNR=34.21@0.745 model PSNR=29.52@0.994 (36s)
ep 40/50 LF=0.0788 MOS=0.3849 BalleBpp=0.755 total=0.1050 gnorm=1.470 scaler=0.0205 | [diag q32] base PSNR=34.21@0.745 model PSNR=30.22@0.915 (36s)
ep 41/50 LF=0.0754 MOS=0.3766 BalleBpp=0.822 total=0.1052 gnorm=1.575 scaler=0.0214 | [diag q32] base PSNR=34.21@0.745 model PSNR=29.41@1.023 (36s)
ep 42/50 LF=0.0744 MOS=0.3802 BalleBpp=0.806 total=0.1032 gnorm=1.385 scaler=0.0208 | [diag q32] base PSNR=34.21@0.745 model PSNR=30.33@0.910 (36s)
ep 43/50 LF=0.0747 MOS=0.3810 BalleBpp=0.783 total=0.1025 gnorm=1.387 scaler=0.0214 | [diag q32] base PSNR=34.21@0.745 model PSNR=29.51@0.995 (36s)
ep 44/50 LF=0.0726 MOS=0.3800 BalleBpp=0.789 total=0.1006 gnorm=1.350 scaler=0.0211 | [diag q32] base PSNR=34.21@0.745 model PSNR=30.14@0.932 (36s)
ep 45/50 LF=0.0795 MOS=0.3863 BalleBpp=0.787 total=0.1072 gnorm=1.462 scaler=0.0217 | [diag q32] base PSNR=34.21@0.745 model PSNR=29.83@0.987 (36s)
ep 46/50 LF=0.0729 MOS=0.3792 BalleBpp=0.807 total=0.1019 gnorm=1.362 scaler=0.0223 | [diag q32] base PSNR=34.21@0.745 model PSNR=29.44@1.065 (36s)
ep 47/50 LF=0.0637 MOS=0.3736 BalleBpp=0.799 total=0.0925 gnorm=1.071 scaler=0.0207 | [diag q32] base PSNR=34.21@0.745 model PSNR=31.18@0.864 (36s)
ep 48/50 LF=0.0722 MOS=0.3767 BalleBpp=0.786 total=0.1002 gnorm=1.279 scaler=0.0216 | [diag q32] base PSNR=34.21@0.745 model PSNR=30.01@0.913 (36s)
ep 49/50 LF=0.0690 MOS=0.3765 BalleBpp=0.790 total=0.0972 gnorm=1.239 scaler=0.0221 | [diag q32] base PSNR=34.21@0.745 model PSNR=29.73@0.948 (36s)
[balle] done -> dpp/runs/d10_frzN_l05g03/model.pt
