Warning: You are sending unauthenticated requests to the HF Hub. Please set a HF_TOKEN to enable higher rate limits and faster downloads.
Loading pretrained model NIMA from /root/.cache/torch/hub/pyiqa/NIMA_koniq-250367ae.pth
[balle] Balle-rate DPP: gamma=0.01 lam=0.05 perceptual=nima-koniq ch=64 ep=50
/workspace/sandwiched_compression/dpp/train_balle.py:106: UserWarning: Converting a tensor with requires_grad=True to a scalar may lead to unexpected behavior.
Consider using tensor.detach() first. (Triggered internally at /pytorch/torch/csrc/autograd/generated/python_variable_methods.cpp:835.)
  acc["LF"] += float(LF); acc["MOS"] += float(mos_val); acc["bpp"] += float(bpp); acc["total"] += float(total)
ep  0/50 LF=0.0625 MOS=0.3769 BalleBpp=5.275 total=0.3224 gnorm=0.938 scaler=-0.0085 | [diag q32] base PSNR=34.21@0.745 model PSNR=29.00@0.969 (36s)
ep  1/50 LF=0.0693 MOS=0.3836 BalleBpp=5.023 total=0.3166 gnorm=1.543 scaler=-0.0098 | [diag q32] base PSNR=34.21@0.745 model PSNR=29.77@1.021 (36s)
ep  2/50 LF=0.0693 MOS=0.3861 BalleBpp=4.789 total=0.3049 gnorm=1.889 scaler=-0.0102 | [diag q32] base PSNR=34.21@0.745 model PSNR=31.90@0.928 (36s)
ep  3/50 LF=0.0720 MOS=0.3907 BalleBpp=4.573 total=0.2967 gnorm=1.905 scaler=-0.0115 | [diag q32] base PSNR=34.21@0.745 model PSNR=28.61@1.150 (36s)
ep  4/50 LF=0.0770 MOS=0.3934 BalleBpp=4.364 total=0.2913 gnorm=2.057 scaler=-0.0121 | [diag q32] base PSNR=34.21@0.745 model PSNR=30.48@1.040 (36s)
ep  5/50 LF=0.0675 MOS=0.3898 BalleBpp=4.147 total=0.2710 gnorm=1.790 scaler=-0.0125 | [diag q32] base PSNR=34.21@0.745 model PSNR=31.04@1.012 (36s)
ep  6/50 LF=0.0684 MOS=0.3926 BalleBpp=3.920 total=0.2605 gnorm=1.781 scaler=-0.0130 | [diag q32] base PSNR=34.21@0.745 model PSNR=29.24@1.150 (36s)
ep  7/50 LF=0.0734 MOS=0.3968 BalleBpp=3.714 total=0.2552 gnorm=1.886 scaler=-0.0130 | [diag q32] base PSNR=34.21@0.745 model PSNR=33.09@0.875 (36s)
ep  8/50 LF=0.0834 MOS=0.4011 BalleBpp=3.501 total=0.2544 gnorm=2.015 scaler=-0.0143 | [diag q32] base PSNR=34.21@0.745 model PSNR=30.07@1.109 (36s)
ep  9/50 LF=0.0739 MOS=0.4006 BalleBpp=3.307 total=0.2353 gnorm=1.759 scaler=-0.0147 | [diag q32] base PSNR=34.21@0.745 model PSNR=27.93@1.284 (36s)
ep 10/50 LF=0.0716 MOS=0.3987 BalleBpp=3.117 total=0.2235 gnorm=1.824 scaler=-0.0143 | [diag q32] base PSNR=34.21@0.745 model PSNR=30.92@1.051 (36s)
ep 11/50 LF=0.0865 MOS=0.4020 BalleBpp=2.929 total=0.2290 gnorm=2.184 scaler=-0.0151 | [diag q32] base PSNR=34.21@0.745 model PSNR=30.25@1.112 (36s)
ep 12/50 LF=0.0775 MOS=0.4041 BalleBpp=2.748 total=0.2109 gnorm=1.708 scaler=-0.0155 | [diag q32] base PSNR=34.21@0.745 model PSNR=29.43@1.183 (36s)
ep 13/50 LF=0.0827 MOS=0.4091 BalleBpp=2.574 total=0.2073 gnorm=1.806 scaler=-0.0162 | [diag q32] base PSNR=34.21@0.745 model PSNR=26.48@1.474 (36s)
ep 14/50 LF=0.0786 MOS=0.4089 BalleBpp=2.422 total=0.1956 gnorm=1.812 scaler=-0.0168 | [diag q32] base PSNR=34.21@0.745 model PSNR=24.93@1.656 (36s)
ep 15/50 LF=0.0841 MOS=0.4078 BalleBpp=2.283 total=0.1941 gnorm=1.890 scaler=-0.0170 | [diag q32] base PSNR=34.21@0.745 model PSNR=25.76@1.572 (36s)
ep 16/50 LF=0.0767 MOS=0.4053 BalleBpp=2.146 total=0.1799 gnorm=1.732 scaler=-0.0166 | [diag q32] base PSNR=34.21@0.745 model PSNR=27.97@1.334 (36s)
ep 17/50 LF=0.0727 MOS=0.4053 BalleBpp=2.030 total=0.1701 gnorm=1.728 scaler=-0.0160 | [diag q32] base PSNR=34.21@0.745 model PSNR=29.91@1.169 (36s)
ep 18/50 LF=0.0710 MOS=0.4044 BalleBpp=1.913 total=0.1626 gnorm=1.622 scaler=-0.0152 | [diag q32] base PSNR=34.21@0.745 model PSNR=32.20@0.964 (36s)
ep 19/50 LF=0.0755 MOS=0.4104 BalleBpp=1.791 total=0.1609 gnorm=1.591 scaler=-0.0164 | [diag q32] base PSNR=34.21@0.745 model PSNR=30.04@1.138 (36s)
ep 20/50 LF=0.0716 MOS=0.4055 BalleBpp=1.718 total=0.1534 gnorm=1.598 scaler=-0.0164 | [diag q32] base PSNR=34.21@0.745 model PSNR=29.97@1.159 (36s)
ep 21/50 LF=0.0699 MOS=0.3996 BalleBpp=1.650 total=0.1484 gnorm=1.710 scaler=-0.0168 | [diag q32] base PSNR=34.21@0.745 model PSNR=28.53@1.271 (36s)
ep 22/50 LF=0.0659 MOS=0.3969 BalleBpp=1.572 total=0.1406 gnorm=1.494 scaler=-0.0169 | [diag q32] base PSNR=34.21@0.745 model PSNR=27.75@1.352 (36s)
ep 23/50 LF=0.0826 MOS=0.4097 BalleBpp=1.503 total=0.1536 gnorm=1.825 scaler=-0.0185 | [diag q32] base PSNR=34.21@0.745 model PSNR=25.24@1.629 (36s)
ep 24/50 LF=0.0755 MOS=0.4013 BalleBpp=1.491 total=0.1461 gnorm=1.907 scaler=-0.0178 | [diag q32] base PSNR=34.21@0.745 model PSNR=29.43@1.191 (36s)
ep 25/50 LF=0.0697 MOS=0.4026 BalleBpp=1.425 total=0.1369 gnorm=1.611 scaler=-0.0178 | [diag q32] base PSNR=34.21@0.745 model PSNR=28.53@1.275 (36s)
ep 26/50 LF=0.0760 MOS=0.4001 BalleBpp=1.435 total=0.1437 gnorm=2.098 scaler=-0.0176 | [diag q32] base PSNR=34.21@0.745 model PSNR=29.99@1.144 (36s)
ep 27/50 LF=0.0648 MOS=0.3925 BalleBpp=1.373 total=0.1295 gnorm=1.497 scaler=-0.0188 | [diag q32] base PSNR=34.21@0.745 model PSNR=26.48@1.467 (36s)
ep 28/50 LF=0.0801 MOS=0.4094 BalleBpp=1.329 total=0.1425 gnorm=1.814 scaler=-0.0177 | [diag q32] base PSNR=34.21@0.745 model PSNR=29.95@1.133 (36s)
ep 29/50 LF=0.0840 MOS=0.4095 BalleBpp=1.325 total=0.1461 gnorm=1.921 scaler=-0.0186 | [diag q32] base PSNR=34.21@0.745 model PSNR=28.44@1.294 (36s)
ep 30/50 LF=0.0830 MOS=0.4061 BalleBpp=1.312 total=0.1445 gnorm=1.898 scaler=-0.0186 | [diag q32] base PSNR=34.21@0.745 model PSNR=28.32@1.287 (36s)
ep 31/50 LF=0.0757 MOS=0.4034 BalleBpp=1.261 total=0.1347 gnorm=1.633 scaler=-0.0192 | [diag q32] base PSNR=34.21@0.745 model PSNR=27.08@1.427 (36s)
ep 32/50 LF=0.0768 MOS=0.4051 BalleBpp=1.264 total=0.1360 gnorm=1.681 scaler=-0.0194 | [diag q32] base PSNR=34.21@0.745 model PSNR=26.62@1.476 (36s)
ep 33/50 LF=0.0699 MOS=0.3949 BalleBpp=1.282 total=0.1300 gnorm=1.587 scaler=-0.0193 | [diag q32] base PSNR=34.21@0.745 model PSNR=26.99@1.420 (36s)
ep 34/50 LF=0.0842 MOS=0.4012 BalleBpp=1.272 total=0.1438 gnorm=1.919 scaler=-0.0192 | [diag q32] base PSNR=34.21@0.745 model PSNR=28.90@1.214 (36s)
ep 35/50 LF=0.0770 MOS=0.4000 BalleBpp=1.262 total=0.1361 gnorm=1.752 scaler=-0.0189 | [diag q32] base PSNR=34.21@0.745 model PSNR=29.46@1.161 (36s)
ep 36/50 LF=0.0787 MOS=0.3951 BalleBpp=1.302 total=0.1399 gnorm=2.023 scaler=-0.0188 | [diag q32] base PSNR=34.21@0.745 model PSNR=29.85@1.121 (36s)
ep 37/50 LF=0.0751 MOS=0.3924 BalleBpp=1.279 total=0.1352 gnorm=1.867 scaler=-0.0195 | [diag q32] base PSNR=34.21@0.745 model PSNR=28.58@1.227 (36s)
ep 38/50 LF=0.0740 MOS=0.3978 BalleBpp=1.199 total=0.1300 gnorm=1.442 scaler=-0.0196 | [diag q32] base PSNR=34.21@0.745 model PSNR=28.14@1.256 (36s)
ep 39/50 LF=0.0731 MOS=0.3936 BalleBpp=1.263 total=0.1323 gnorm=1.598 scaler=-0.0199 | [diag q32] base PSNR=34.21@0.745 model PSNR=28.61@1.242 (36s)
ep 40/50 LF=0.0820 MOS=0.4015 BalleBpp=1.208 total=0.1384 gnorm=1.762 scaler=-0.0194 | [diag q32] base PSNR=34.21@0.745 model PSNR=29.96@1.091 (36s)
ep 41/50 LF=0.0795 MOS=0.3938 BalleBpp=1.263 total=0.1387 gnorm=1.925 scaler=-0.0202 | [diag q32] base PSNR=34.21@0.745 model PSNR=28.29@1.264 (36s)
ep 42/50 LF=0.0765 MOS=0.3955 BalleBpp=1.263 total=0.1357 gnorm=1.626 scaler=-0.0197 | [diag q32] base PSNR=34.21@0.745 model PSNR=29.77@1.129 (36s)
ep 43/50 LF=0.0799 MOS=0.3969 BalleBpp=1.230 total=0.1375 gnorm=1.746 scaler=-0.0200 | [diag q32] base PSNR=34.21@0.745 model PSNR=29.06@1.185 (36s)
ep 44/50 LF=0.0742 MOS=0.3915 BalleBpp=1.237 total=0.1321 gnorm=1.606 scaler=-0.0198 | [diag q32] base PSNR=34.21@0.745 model PSNR=29.74@1.093 (36s)
ep 45/50 LF=0.0829 MOS=0.3997 BalleBpp=1.220 total=0.1399 gnorm=1.737 scaler=-0.0204 | [diag q32] base PSNR=34.21@0.745 model PSNR=28.91@1.197 (36s)
ep 46/50 LF=0.0757 MOS=0.3930 BalleBpp=1.240 total=0.1337 gnorm=1.659 scaler=-0.0209 | [diag q32] base PSNR=34.21@0.745 model PSNR=28.24@1.275 (36s)
ep 47/50 LF=0.0661 MOS=0.3866 BalleBpp=1.251 total=0.1248 gnorm=1.409 scaler=-0.0200 | [diag q32] base PSNR=34.21@0.745 model PSNR=30.02@1.079 (36s)
ep 48/50 LF=0.0757 MOS=0.3922 BalleBpp=1.243 total=0.1339 gnorm=1.639 scaler=-0.0203 | [diag q32] base PSNR=34.21@0.745 model PSNR=29.57@1.077 (36s)
ep 49/50 LF=0.0714 MOS=0.3891 BalleBpp=1.225 total=0.1288 gnorm=1.553 scaler=-0.0205 | [diag q32] base PSNR=34.21@0.745 model PSNR=29.37@1.119 (36s)
[balle] done -> dpp/runs/d10_cotr_l05_50ep/model.pt
