Warning: You are sending unauthenticated requests to the HF Hub. Please set a HF_TOKEN to enable higher rate limits and faster downloads.
Loading pretrained model NIMA from /root/.cache/torch/hub/pyiqa/NIMA_koniq-250367ae.pth
[balle] Balle-rate DPP: gamma=0.01 lam=0.05 perceptual=nima-koniq ch=64 ep=50
/workspace/sandwiched_compression/dpp/train_balle.py:106: UserWarning: Converting a tensor with requires_grad=True to a scalar may lead to unexpected behavior.
Consider using tensor.detach() first. (Triggered internally at /pytorch/torch/csrc/autograd/generated/python_variable_methods.cpp:835.)
  acc["LF"] += float(LF); acc["MOS"] += float(mos_val); acc["bpp"] += float(bpp); acc["total"] += float(total)
ep  0/50 LF=0.0616 MOS=0.3760 BalleBpp=0.733 total=0.0945 gnorm=0.746 scaler=-0.0074 | [diag q32] base PSNR=34.21@0.745 model PSNR=30.09@0.876 (37s)
ep  1/50 LF=0.0638 MOS=0.3809 BalleBpp=0.729 total=0.0965 gnorm=1.293 scaler=-0.0086 | [diag q32] base PSNR=34.21@0.745 model PSNR=29.43@0.937 (37s)
ep  2/50 LF=0.0644 MOS=0.3828 BalleBpp=0.790 total=0.1000 gnorm=1.988 scaler=-0.0086 | [diag q32] base PSNR=34.21@0.745 model PSNR=33.07@0.836 (37s)
ep  3/50 LF=0.0684 MOS=0.3863 BalleBpp=0.757 total=0.1024 gnorm=2.109 scaler=-0.0099 | [diag q32] base PSNR=34.21@0.745 model PSNR=30.36@0.981 (37s)
ep  4/50 LF=0.0720 MOS=0.3875 BalleBpp=0.763 total=0.1062 gnorm=2.249 scaler=-0.0103 | [diag q32] base PSNR=34.21@0.745 model PSNR=31.72@0.911 (37s)
ep  5/50 LF=0.0637 MOS=0.3825 BalleBpp=0.848 total=0.1023 gnorm=1.997 scaler=-0.0109 | [diag q32] base PSNR=34.21@0.745 model PSNR=32.45@0.862 (37s)
ep  6/50 LF=0.0623 MOS=0.3846 BalleBpp=0.827 total=0.0998 gnorm=1.780 scaler=-0.0113 | [diag q32] base PSNR=34.21@0.745 model PSNR=31.19@0.945 (37s)
ep  7/50 LF=0.0676 MOS=0.3876 BalleBpp=0.800 total=0.1037 gnorm=1.869 scaler=-0.0114 | [diag q32] base PSNR=34.21@0.745 model PSNR=33.54@0.725 (36s)
ep  8/50 LF=0.0771 MOS=0.3878 BalleBpp=0.771 total=0.1117 gnorm=2.166 scaler=-0.0127 | [diag q32] base PSNR=34.21@0.745 model PSNR=32.06@0.879 (37s)
ep  9/50 LF=0.0682 MOS=0.3853 BalleBpp=0.820 total=0.1053 gnorm=1.859 scaler=-0.0130 | [diag q32] base PSNR=34.21@0.745 model PSNR=30.01@1.013 (37s)
ep 10/50 LF=0.0638 MOS=0.3807 BalleBpp=0.840 total=0.1020 gnorm=1.591 scaler=-0.0130 | [diag q32] base PSNR=34.21@0.745 model PSNR=31.32@0.892 (37s)
ep 11/50 LF=0.0793 MOS=0.3840 BalleBpp=0.870 total=0.1190 gnorm=2.469 scaler=-0.0136 | [diag q32] base PSNR=34.21@0.745 model PSNR=31.46@0.883 (37s)
ep 12/50 LF=0.0708 MOS=0.3832 BalleBpp=0.805 total=0.1073 gnorm=1.739 scaler=-0.0139 | [diag q32] base PSNR=34.21@0.745 model PSNR=30.94@0.944 (37s)
ep 13/50 LF=0.0749 MOS=0.3887 BalleBpp=0.741 total=0.1081 gnorm=1.746 scaler=-0.0147 | [diag q32] base PSNR=34.21@0.745 model PSNR=29.02@1.074 (37s)
ep 14/50 LF=0.0718 MOS=0.3849 BalleBpp=0.785 total=0.1072 gnorm=1.724 scaler=-0.0156 | [diag q32] base PSNR=34.21@0.745 model PSNR=27.31@1.211 (37s)
ep 15/50 LF=0.0773 MOS=0.3826 BalleBpp=0.799 total=0.1134 gnorm=1.904 scaler=-0.0160 | [diag q32] base PSNR=34.21@0.745 model PSNR=28.16@1.160 (36s)
ep 16/50 LF=0.0721 MOS=0.3810 BalleBpp=0.813 total=0.1089 gnorm=1.778 scaler=-0.0156 | [diag q32] base PSNR=34.21@0.745 model PSNR=29.94@0.957 (37s)
ep 17/50 LF=0.0665 MOS=0.3792 BalleBpp=0.813 total=0.1033 gnorm=1.615 scaler=-0.0154 | [diag q32] base PSNR=34.21@0.745 model PSNR=31.22@0.917 (36s)
ep 18/50 LF=0.0649 MOS=0.3751 BalleBpp=0.792 total=0.1008 gnorm=1.357 scaler=-0.0149 | [diag q32] base PSNR=34.21@0.745 model PSNR=31.38@0.725 (36s)
ep 19/50 LF=0.0705 MOS=0.3812 BalleBpp=0.739 total=0.1036 gnorm=1.437 scaler=-0.0160 | [diag q32] base PSNR=34.21@0.745 model PSNR=30.58@0.848 (36s)
ep 20/50 LF=0.0672 MOS=0.3771 BalleBpp=0.793 total=0.1031 gnorm=1.488 scaler=-0.0162 | [diag q32] base PSNR=34.21@0.745 model PSNR=30.98@0.854 (37s)
ep 21/50 LF=0.0655 MOS=0.3692 BalleBpp=0.790 total=0.1013 gnorm=1.379 scaler=-0.0169 | [diag q32] base PSNR=34.21@0.745 model PSNR=30.27@0.923 (36s)
ep 22/50 LF=0.0607 MOS=0.3688 BalleBpp=0.772 total=0.0956 gnorm=1.021 scaler=-0.0174 | [diag q32] base PSNR=34.21@0.745 model PSNR=29.68@0.942 (36s)
ep 23/50 LF=0.0762 MOS=0.3808 BalleBpp=0.734 total=0.1091 gnorm=1.449 scaler=-0.0188 | [diag q32] base PSNR=34.21@0.745 model PSNR=27.33@1.187 (36s)
ep 24/50 LF=0.0694 MOS=0.3738 BalleBpp=0.803 total=0.1059 gnorm=1.515 scaler=-0.0183 | [diag q32] base PSNR=34.21@0.745 model PSNR=30.14@0.937 (37s)
ep 25/50 LF=0.0653 MOS=0.3707 BalleBpp=0.759 total=0.0995 gnorm=1.157 scaler=-0.0181 | [diag q32] base PSNR=34.21@0.745 model PSNR=30.05@0.942 (37s)
ep 26/50 LF=0.0697 MOS=0.3707 BalleBpp=0.828 total=0.1073 gnorm=1.606 scaler=-0.0181 | [diag q32] base PSNR=34.21@0.745 model PSNR=31.02@0.870 (37s)
ep 27/50 LF=0.0620 MOS=0.3630 BalleBpp=0.764 total=0.0966 gnorm=1.024 scaler=-0.0191 | [diag q32] base PSNR=34.21@0.745 model PSNR=28.81@1.035 (36s)
ep 28/50 LF=0.0729 MOS=0.3820 BalleBpp=0.752 total=0.1067 gnorm=1.396 scaler=-0.0184 | [diag q32] base PSNR=34.21@0.745 model PSNR=30.35@0.893 (36s)
ep 29/50 LF=0.0796 MOS=0.3847 BalleBpp=0.775 total=0.1145 gnorm=1.657 scaler=-0.0193 | [diag q32] base PSNR=34.21@0.745 model PSNR=30.03@0.980 (37s)
ep 30/50 LF=0.0775 MOS=0.3814 BalleBpp=0.781 total=0.1127 gnorm=1.526 scaler=-0.0196 | [diag q32] base PSNR=34.21@0.745 model PSNR=29.33@1.000 (37s)
ep 31/50 LF=0.0714 MOS=0.3815 BalleBpp=0.734 total=0.1043 gnorm=1.291 scaler=-0.0201 | [diag q32] base PSNR=34.21@0.745 model PSNR=28.86@1.073 (37s)
ep 32/50 LF=0.0707 MOS=0.3810 BalleBpp=0.753 total=0.1045 gnorm=1.266 scaler=-0.0203 | [diag q32] base PSNR=34.21@0.745 model PSNR=28.32@1.129 (36s)
ep 33/50 LF=0.0643 MOS=0.3699 BalleBpp=0.760 total=0.0986 gnorm=1.029 scaler=-0.0202 | [diag q32] base PSNR=34.21@0.745 model PSNR=28.69@1.065 (37s)
ep 34/50 LF=0.0799 MOS=0.3787 BalleBpp=0.801 total=0.1161 gnorm=1.634 scaler=-0.0202 | [diag q32] base PSNR=34.21@0.745 model PSNR=29.72@0.962 (36s)
ep 35/50 LF=0.0727 MOS=0.3769 BalleBpp=0.779 total=0.1078 gnorm=1.392 scaler=-0.0198 | [diag q32] base PSNR=34.21@0.745 model PSNR=30.60@0.897 (36s)
ep 36/50 LF=0.0735 MOS=0.3750 BalleBpp=0.821 total=0.1108 gnorm=1.475 scaler=-0.0197 | [diag q32] base PSNR=34.21@0.745 model PSNR=30.53@0.870 (36s)
ep 37/50 LF=0.0695 MOS=0.3712 BalleBpp=0.797 total=0.1056 gnorm=1.305 scaler=-0.0199 | [diag q32] base PSNR=34.21@0.745 model PSNR=30.19@0.915 (37s)
ep 38/50 LF=0.0702 MOS=0.3763 BalleBpp=0.716 total=0.1022 gnorm=1.054 scaler=-0.0202 | [diag q32] base PSNR=34.21@0.745 model PSNR=29.22@1.002 (36s)
ep 39/50 LF=0.0678 MOS=0.3726 BalleBpp=0.789 total=0.1035 gnorm=1.153 scaler=-0.0207 | [diag q32] base PSNR=34.21@0.745 model PSNR=29.37@0.941 (37s)
ep 40/50 LF=0.0787 MOS=0.3822 BalleBpp=0.744 total=0.1120 gnorm=1.428 scaler=-0.0202 | [diag q32] base PSNR=34.21@0.745 model PSNR=30.23@0.899 (36s)
ep 41/50 LF=0.0745 MOS=0.3742 BalleBpp=0.800 total=0.1107 gnorm=1.483 scaler=-0.0211 | [diag q32] base PSNR=34.21@0.745 model PSNR=29.56@1.001 (36s)
ep 42/50 LF=0.0734 MOS=0.3771 BalleBpp=0.801 total=0.1097 gnorm=1.356 scaler=-0.0205 | [diag q32] base PSNR=34.21@0.745 model PSNR=30.26@0.892 (36s)
ep 43/50 LF=0.0740 MOS=0.3783 BalleBpp=0.765 total=0.1084 gnorm=1.320 scaler=-0.0211 | [diag q32] base PSNR=34.21@0.745 model PSNR=29.70@0.961 (36s)
ep 44/50 LF=0.0712 MOS=0.3767 BalleBpp=0.770 total=0.1060 gnorm=1.286 scaler=-0.0209 | [diag q32] base PSNR=34.21@0.745 model PSNR=30.26@0.921 (36s)
ep 45/50 LF=0.0789 MOS=0.3840 BalleBpp=0.769 total=0.1135 gnorm=1.414 scaler=-0.0215 | [diag q32] base PSNR=34.21@0.745 model PSNR=29.45@0.981 (37s)
ep 46/50 LF=0.0725 MOS=0.3761 BalleBpp=0.789 total=0.1082 gnorm=1.345 scaler=-0.0220 | [diag q32] base PSNR=34.21@0.745 model PSNR=29.42@1.039 (36s)
ep 47/50 LF=0.0629 MOS=0.3702 BalleBpp=0.779 total=0.0982 gnorm=0.966 scaler=-0.0201 | [diag q32] base PSNR=34.21@0.745 model PSNR=31.17@0.805 (36s)
ep 48/50 LF=0.0714 MOS=0.3750 BalleBpp=0.758 total=0.1055 gnorm=1.194 scaler=-0.0215 | [diag q32] base PSNR=34.21@0.745 model PSNR=29.99@0.917 (37s)
ep 49/50 LF=0.0691 MOS=0.3746 BalleBpp=0.771 total=0.1039 gnorm=1.236 scaler=-0.0218 | [diag q32] base PSNR=34.21@0.745 model PSNR=29.69@0.931 (37s)
[balle] done -> dpp/runs/d10_frzN_l05/model.pt
