Loading pretrained model NIMA from /root/.cache/torch/hub/pyiqa/NIMA_koniq-250367ae.pth
[balle] Balle-rate DPP: gamma=0.01 lam=0.08 perceptual=nima-koniq ch=64 ep=50
/workspace/sandwiched_compression/dpp/train_balle.py:106: UserWarning: Converting a tensor with requires_grad=True to a scalar may lead to unexpected behavior.
Consider using tensor.detach() first. (Triggered internally at /pytorch/torch/csrc/autograd/generated/python_variable_methods.cpp:835.)
  acc["LF"] += float(LF); acc["MOS"] += float(mos_val); acc["bpp"] += float(bpp); acc["total"] += float(total)
ep  0/50 LF=0.0597 MOS=0.3765 BalleBpp=0.721 total=0.1135 gnorm=0.323 scaler=-0.0078 | [diag q32] base PSNR=34.21@0.745 model PSNR=31.54@0.795 (37s)
ep  1/50 LF=0.0598 MOS=0.3794 BalleBpp=0.697 total=0.1118 gnorm=0.661 scaler=-0.0095 | [diag q32] base PSNR=34.21@0.745 model PSNR=31.72@0.827 (36s)
ep  2/50 LF=0.0597 MOS=0.3790 BalleBpp=0.752 total=0.1161 gnorm=1.044 scaler=-0.0110 | [diag q32] base PSNR=34.21@0.745 model PSNR=32.67@0.817 (36s)
ep  3/50 LF=0.0643 MOS=0.3826 BalleBpp=0.722 total=0.1182 gnorm=1.262 scaler=-0.0125 | [diag q32] base PSNR=34.21@0.745 model PSNR=31.39@0.885 (36s)
ep  4/50 LF=0.0701 MOS=0.3821 BalleBpp=0.721 total=0.1240 gnorm=1.539 scaler=-0.0133 | [diag q32] base PSNR=34.21@0.745 model PSNR=32.10@0.798 (36s)
ep  5/50 LF=0.0602 MOS=0.3754 BalleBpp=0.787 total=0.1195 gnorm=1.106 scaler=-0.0142 | [diag q32] base PSNR=34.21@0.745 model PSNR=31.86@0.783 (36s)
ep  6/50 LF=0.0601 MOS=0.3720 BalleBpp=0.732 total=0.1149 gnorm=0.789 scaler=-0.0161 | [diag q32] base PSNR=34.21@0.745 model PSNR=30.70@0.802 (36s)
ep  7/50 LF=0.0637 MOS=0.3646 BalleBpp=0.665 total=0.1132 gnorm=0.744 scaler=-0.0169 | [diag q32] base PSNR=34.21@0.745 model PSNR=30.30@0.589 (36s)
ep  8/50 LF=0.0726 MOS=0.3716 BalleBpp=0.647 total=0.1207 gnorm=1.060 scaler=-0.0178 | [diag q32] base PSNR=34.21@0.745 model PSNR=30.42@0.779 (36s)
ep  9/50 LF=0.0640 MOS=0.3648 BalleBpp=0.666 total=0.1136 gnorm=0.740 scaler=-0.0176 | [diag q32] base PSNR=34.21@0.745 model PSNR=30.58@0.804 (36s)
ep 10/50 LF=0.0619 MOS=0.3611 BalleBpp=0.697 total=0.1140 gnorm=0.785 scaler=-0.0173 | [diag q32] base PSNR=34.21@0.745 model PSNR=30.70@0.706 (36s)
ep 11/50 LF=0.0725 MOS=0.3671 BalleBpp=0.705 total=0.1252 gnorm=1.187 scaler=-0.0178 | [diag q32] base PSNR=34.21@0.745 model PSNR=30.40@0.634 (36s)
ep 12/50 LF=0.0666 MOS=0.3653 BalleBpp=0.659 total=0.1157 gnorm=0.812 scaler=-0.0186 | [diag q32] base PSNR=34.21@0.745 model PSNR=29.94@0.785 (36s)
ep 13/50 LF=0.0713 MOS=0.3722 BalleBpp=0.642 total=0.1189 gnorm=0.944 scaler=-0.0192 | [diag q32] base PSNR=34.21@0.745 model PSNR=29.41@0.863 (36s)
ep 14/50 LF=0.0687 MOS=0.3667 BalleBpp=0.655 total=0.1175 gnorm=0.902 scaler=-0.0199 | [diag q32] base PSNR=34.21@0.745 model PSNR=28.01@1.031 (36s)
ep 15/50 LF=0.0720 MOS=0.3668 BalleBpp=0.696 total=0.1240 gnorm=1.050 scaler=-0.0202 | [diag q32] base PSNR=34.21@0.745 model PSNR=28.27@1.002 (36s)
ep 16/50 LF=0.0679 MOS=0.3660 BalleBpp=0.685 total=0.1190 gnorm=0.938 scaler=-0.0194 | [diag q32] base PSNR=34.21@0.745 model PSNR=29.96@0.815 (36s)
ep 17/50 LF=0.0631 MOS=0.3629 BalleBpp=0.687 total=0.1145 gnorm=0.831 scaler=-0.0186 | [diag q32] base PSNR=34.21@0.745 model PSNR=29.77@0.689 (36s)
ep 18/50 LF=0.0617 MOS=0.3598 BalleBpp=0.663 total=0.1111 gnorm=0.721 scaler=-0.0180 | [diag q32] base PSNR=34.21@0.745 model PSNR=30.29@0.653 (36s)
ep 19/50 LF=0.0669 MOS=0.3686 BalleBpp=0.645 total=0.1149 gnorm=0.784 scaler=-0.0194 | [diag q32] base PSNR=34.21@0.745 model PSNR=29.98@0.762 (36s)
ep 20/50 LF=0.0624 MOS=0.3644 BalleBpp=0.675 total=0.1128 gnorm=0.697 scaler=-0.0193 | [diag q32] base PSNR=34.21@0.745 model PSNR=29.59@0.688 (36s)
ep 21/50 LF=0.0619 MOS=0.3550 BalleBpp=0.676 total=0.1124 gnorm=0.637 scaler=-0.0191 | [diag q32] base PSNR=34.21@0.745 model PSNR=30.16@0.744 (36s)
ep 22/50 LF=0.0597 MOS=0.3559 BalleBpp=0.662 total=0.1091 gnorm=0.529 scaler=-0.0194 | [diag q32] base PSNR=34.21@0.745 model PSNR=30.04@0.796 (36s)
ep 23/50 LF=0.0710 MOS=0.3699 BalleBpp=0.655 total=0.1197 gnorm=0.912 scaler=-0.0216 | [diag q32] base PSNR=34.21@0.745 model PSNR=28.12@1.018 (36s)
ep 24/50 LF=0.0657 MOS=0.3636 BalleBpp=0.713 total=0.1191 gnorm=1.081 scaler=-0.0202 | [diag q32] base PSNR=34.21@0.745 model PSNR=30.44@0.820 (36s)
ep 25/50 LF=0.0612 MOS=0.3569 BalleBpp=0.665 total=0.1108 gnorm=0.629 scaler=-0.0201 | [diag q32] base PSNR=34.21@0.745 model PSNR=29.83@0.830 (36s)
ep 26/50 LF=0.0657 MOS=0.3605 BalleBpp=0.717 total=0.1195 gnorm=0.986 scaler=-0.0200 | [diag q32] base PSNR=34.21@0.745 model PSNR=30.08@0.727 (36s)
ep 27/50 LF=0.0596 MOS=0.3547 BalleBpp=0.666 total=0.1093 gnorm=0.546 scaler=-0.0204 | [diag q32] base PSNR=34.21@0.745 model PSNR=30.13@0.869 (36s)
ep 28/50 LF=0.0700 MOS=0.3703 BalleBpp=0.663 total=0.1194 gnorm=0.936 scaler=-0.0203 | [diag q32] base PSNR=34.21@0.745 model PSNR=30.05@0.761 (36s)
ep 29/50 LF=0.0745 MOS=0.3724 BalleBpp=0.686 total=0.1257 gnorm=1.096 scaler=-0.0215 | [diag q32] base PSNR=34.21@0.745 model PSNR=29.60@0.780 (36s)
ep 30/50 LF=0.0731 MOS=0.3681 BalleBpp=0.685 total=0.1242 gnorm=1.040 scaler=-0.0217 | [diag q32] base PSNR=34.21@0.745 model PSNR=29.36@0.870 (36s)
ep 31/50 LF=0.0702 MOS=0.3692 BalleBpp=0.650 total=0.1185 gnorm=0.908 scaler=-0.0224 | [diag q32] base PSNR=34.21@0.745 model PSNR=28.69@0.953 (36s)
ep 32/50 LF=0.0692 MOS=0.3692 BalleBpp=0.679 total=0.1198 gnorm=0.945 scaler=-0.0222 | [diag q32] base PSNR=34.21@0.745 model PSNR=29.05@0.932 (36s)
ep 33/50 LF=0.0623 MOS=0.3589 BalleBpp=0.674 total=0.1126 gnorm=0.692 scaler=-0.0219 | [diag q32] base PSNR=34.21@0.745 model PSNR=29.38@0.865 (36s)
ep 34/50 LF=0.0745 MOS=0.3694 BalleBpp=0.693 total=0.1262 gnorm=1.108 scaler=-0.0223 | [diag q32] base PSNR=34.21@0.745 model PSNR=29.57@0.832 (36s)
ep 35/50 LF=0.0683 MOS=0.3653 BalleBpp=0.675 total=0.1187 gnorm=0.821 scaler=-0.0216 | [diag q32] base PSNR=34.21@0.745 model PSNR=30.13@0.756 (36s)
ep 36/50 LF=0.0698 MOS=0.3636 BalleBpp=0.709 total=0.1229 gnorm=1.014 scaler=-0.0212 | [diag q32] base PSNR=34.21@0.745 model PSNR=30.48@0.716 (36s)
ep 37/50 LF=0.0653 MOS=0.3571 BalleBpp=0.692 total=0.1170 gnorm=0.783 scaler=-0.0209 | [diag q32] base PSNR=34.21@0.745 model PSNR=30.64@0.760 (36s)
ep 38/50 LF=0.0668 MOS=0.3630 BalleBpp=0.631 total=0.1136 gnorm=0.645 scaler=-0.0218 | [diag q32] base PSNR=34.21@0.745 model PSNR=29.79@0.845 (36s)
ep 39/50 LF=0.0641 MOS=0.3614 BalleBpp=0.684 total=0.1152 gnorm=0.744 scaler=-0.0224 | [diag q32] base PSNR=34.21@0.745 model PSNR=29.77@0.851 (36s)
ep 40/50 LF=0.0753 MOS=0.3729 BalleBpp=0.663 total=0.1246 gnorm=1.081 scaler=-0.0223 | [diag q32] base PSNR=34.21@0.745 model PSNR=29.72@0.797 (36s)
ep 41/50 LF=0.0701 MOS=0.3639 BalleBpp=0.697 total=0.1222 gnorm=0.996 scaler=-0.0228 | [diag q32] base PSNR=34.21@0.745 model PSNR=29.71@0.844 (36s)
ep 42/50 LF=0.0699 MOS=0.3668 BalleBpp=0.705 total=0.1227 gnorm=0.971 scaler=-0.0222 | [diag q32] base PSNR=34.21@0.745 model PSNR=30.29@0.777 (36s)
ep 43/50 LF=0.0710 MOS=0.3700 BalleBpp=0.672 total=0.1211 gnorm=0.944 scaler=-0.0231 | [diag q32] base PSNR=34.21@0.745 model PSNR=29.75@0.845 (36s)
ep 44/50 LF=0.0673 MOS=0.3623 BalleBpp=0.674 total=0.1176 gnorm=0.794 scaler=-0.0227 | [diag q32] base PSNR=34.21@0.745 model PSNR=29.99@0.801 (36s)
ep 45/50 LF=0.0752 MOS=0.3722 BalleBpp=0.681 total=0.1259 gnorm=1.035 scaler=-0.0234 | [diag q32] base PSNR=34.21@0.745 model PSNR=29.75@0.851 (36s)
ep 46/50 LF=0.0696 MOS=0.3651 BalleBpp=0.691 total=0.1212 gnorm=0.974 scaler=-0.0240 | [diag q32] base PSNR=34.21@0.745 model PSNR=29.66@0.932 (36s)
ep 47/50 LF=0.0611 MOS=0.3580 BalleBpp=0.683 total=0.1122 gnorm=0.645 scaler=-0.0211 | [diag q32] base PSNR=34.21@0.745 model PSNR=31.43@0.722 (36s)
ep 48/50 LF=0.0675 MOS=0.3629 BalleBpp=0.669 total=0.1174 gnorm=0.824 scaler=-0.0229 | [diag q32] base PSNR=34.21@0.745 model PSNR=29.84@0.781 (36s)
ep 49/50 LF=0.0664 MOS=0.3638 BalleBpp=0.680 total=0.1172 gnorm=0.843 scaler=-0.0236 | [diag q32] base PSNR=34.21@0.745 model PSNR=29.13@0.801 (36s)
[balle] done -> dpp/runs/d10_frzN_l08/model.pt
