Warning: You are sending unauthenticated requests to the HF Hub. Please set a HF_TOKEN to enable higher rate limits and faster downloads.
Loading pretrained model NIMA from /root/.cache/torch/hub/pyiqa/NIMA_koniq-250367ae.pth
[balle] Balle-rate DPP: gamma=0.01 lam=0.05 perceptual=nima-koniq ch=64 ep=25
/workspace/sandwiched_compression/dpp/train_balle.py:106: UserWarning: Converting a tensor with requires_grad=True to a scalar may lead to unexpected behavior.
Consider using tensor.detach() first. (Triggered internally at /pytorch/torch/csrc/autograd/generated/python_variable_methods.cpp:835.)
  acc["LF"] += float(LF); acc["MOS"] += float(mos_val); acc["bpp"] += float(bpp); acc["total"] += float(total)
ep  0/25 LF=0.0609 MOS=0.3762 BalleBpp=5.263 total=0.3202 gnorm=0.802 scaler=-0.0090 | [diag q32] base PSNR=34.21@0.745 model PSNR=29.05@0.968 (28s)
ep  1/25 LF=0.0657 MOS=0.3825 BalleBpp=5.006 total=0.3122 gnorm=1.246 scaler=-0.0109 | [diag q32] base PSNR=34.21@0.745 model PSNR=30.99@0.936 (27s)
ep  2/25 LF=0.0675 MOS=0.3864 BalleBpp=4.762 total=0.3018 gnorm=1.617 scaler=-0.0113 | [diag q32] base PSNR=34.21@0.745 model PSNR=31.28@0.955 (27s)
ep  3/25 LF=0.0704 MOS=0.3919 BalleBpp=4.535 total=0.2932 gnorm=1.608 scaler=-0.0124 | [diag q32] base PSNR=34.21@0.745 model PSNR=28.38@1.168 (27s)
ep  4/25 LF=0.0748 MOS=0.3953 BalleBpp=4.319 total=0.2868 gnorm=1.841 scaler=-0.0129 | [diag q32] base PSNR=34.21@0.745 model PSNR=30.69@1.031 (27s)
ep  5/25 LF=0.0656 MOS=0.3900 BalleBpp=4.101 total=0.2668 gnorm=1.552 scaler=-0.0133 | [diag q32] base PSNR=34.21@0.745 model PSNR=31.05@1.012 (27s)
ep  6/25 LF=0.0648 MOS=0.3934 BalleBpp=3.874 total=0.2546 gnorm=1.476 scaler=-0.0140 | [diag q32] base PSNR=34.21@0.745 model PSNR=29.18@1.150 (27s)
ep  7/25 LF=0.0709 MOS=0.3987 BalleBpp=3.667 total=0.2502 gnorm=1.604 scaler=-0.0141 | [diag q32] base PSNR=34.21@0.745 model PSNR=33.18@0.868 (27s)
ep  8/25 LF=0.0796 MOS=0.4021 BalleBpp=3.451 total=0.2481 gnorm=1.737 scaler=-0.0152 | [diag q32] base PSNR=34.21@0.745 model PSNR=29.85@1.104 (27s)
ep  9/25 LF=0.0699 MOS=0.4004 BalleBpp=3.255 total=0.2286 gnorm=1.491 scaler=-0.0154 | [diag q32] base PSNR=34.21@0.745 model PSNR=28.22@1.250 (27s)
ep 10/25 LF=0.0696 MOS=0.3952 BalleBpp=3.068 total=0.2191 gnorm=1.584 scaler=-0.0153 | [diag q32] base PSNR=34.21@0.745 model PSNR=30.74@1.064 (27s)
ep 11/25 LF=0.0828 MOS=0.4008 BalleBpp=2.879 total=0.2228 gnorm=1.885 scaler=-0.0159 | [diag q32] base PSNR=34.21@0.745 model PSNR=30.70@1.071 (27s)
ep 12/25 LF=0.0753 MOS=0.4046 BalleBpp=2.699 total=0.2063 gnorm=1.568 scaler=-0.0164 | [diag q32] base PSNR=34.21@0.745 model PSNR=28.98@1.218 (27s)
ep 13/25 LF=0.0798 MOS=0.4065 BalleBpp=2.527 total=0.2021 gnorm=1.565 scaler=-0.0172 | [diag q32] base PSNR=34.21@0.745 model PSNR=27.01@1.413 (27s)
ep 14/25 LF=0.0739 MOS=0.4054 BalleBpp=2.376 total=0.1887 gnorm=1.458 scaler=-0.0178 | [diag q32] base PSNR=34.21@0.745 model PSNR=25.26@1.599 (27s)
ep 15/25 LF=0.0799 MOS=0.4058 BalleBpp=2.237 total=0.1877 gnorm=1.656 scaler=-0.0180 | [diag q32] base PSNR=34.21@0.745 model PSNR=26.54@1.466 (27s)
ep 16/25 LF=0.0738 MOS=0.4018 BalleBpp=2.103 total=0.1749 gnorm=1.544 scaler=-0.0176 | [diag q32] base PSNR=34.21@0.745 model PSNR=28.56@1.272 (27s)
ep 17/25 LF=0.0707 MOS=0.4040 BalleBpp=1.984 total=0.1659 gnorm=1.528 scaler=-0.0170 | [diag q32] base PSNR=34.21@0.745 model PSNR=30.39@1.120 (27s)
ep 18/25 LF=0.0660 MOS=0.4006 BalleBpp=1.875 total=0.1557 gnorm=1.339 scaler=-0.0164 | [diag q32] base PSNR=34.21@0.745 model PSNR=31.84@0.993 (27s)
ep 19/25 LF=0.0717 MOS=0.4062 BalleBpp=1.754 total=0.1553 gnorm=1.365 scaler=-0.0175 | [diag q32] base PSNR=34.21@0.745 model PSNR=30.19@1.117 (27s)
ep 20/25 LF=0.0696 MOS=0.4027 BalleBpp=1.688 total=0.1499 gnorm=1.440 scaler=-0.0175 | [diag q32] base PSNR=34.21@0.745 model PSNR=30.47@1.103 (27s)
ep 21/25 LF=0.0681 MOS=0.3918 BalleBpp=1.619 total=0.1452 gnorm=1.517 scaler=-0.0180 | [diag q32] base PSNR=34.21@0.745 model PSNR=29.10@1.221 (27s)
ep 22/25 LF=0.0634 MOS=0.3956 BalleBpp=1.544 total=0.1366 gnorm=1.303 scaler=-0.0182 | [diag q32] base PSNR=34.21@0.745 model PSNR=28.23@1.301 (27s)
ep 23/25 LF=0.0796 MOS=0.4057 BalleBpp=1.472 total=0.1491 gnorm=1.519 scaler=-0.0198 | [diag q32] base PSNR=34.21@0.745 model PSNR=25.67@1.564 (27s)
ep 24/25 LF=0.0721 MOS=0.3986 BalleBpp=1.457 total=0.1410 gnorm=1.643 scaler=-0.0190 | [diag q32] base PSNR=34.21@0.745 model PSNR=29.34@1.191 (27s)
[balle] done -> dpp/runs/d11_D_qwide/model.pt
