Loading pretrained model NIMA from /root/.cache/torch/hub/pyiqa/NIMA_koniq-250367ae.pth
[balle] Balle-rate DPP: gamma=0.01 lam=0.05 perceptual=nima-koniq ch=64 ep=25
/workspace/sandwiched_compression/dpp/train_balle.py:106: UserWarning: Converting a tensor with requires_grad=True to a scalar may lead to unexpected behavior.
Consider using tensor.detach() first. (Triggered internally at /pytorch/torch/csrc/autograd/generated/python_variable_methods.cpp:835.)
  acc["LF"] += float(LF); acc["MOS"] += float(mos_val); acc["bpp"] += float(bpp); acc["total"] += float(total)
ep  0/25 LF=0.0302 MOS=0.3520 BalleBpp=0.925 total=0.0729 gnorm=0.274 scaler=0.0108 | [diag q32] base PSNR=34.21@0.745 model PSNR=33.04@0.659 (28s)
ep  1/25 LF=0.0305 MOS=0.3360 BalleBpp=0.809 total=0.0676 gnorm=0.397 scaler=0.0109 | [diag q32] base PSNR=34.21@0.745 model PSNR=32.95@0.658 (27s)
ep  2/25 LF=0.0296 MOS=0.3323 BalleBpp=0.837 total=0.0681 gnorm=0.489 scaler=0.0126 | [diag q32] base PSNR=34.21@0.745 model PSNR=31.56@0.606 (27s)
ep  3/25 LF=0.0305 MOS=0.3288 BalleBpp=0.792 total=0.0668 gnorm=0.426 scaler=0.0130 | [diag q32] base PSNR=34.21@0.745 model PSNR=32.06@0.634 (28s)
ep  4/25 LF=0.0312 MOS=0.3290 BalleBpp=0.787 total=0.0673 gnorm=0.336 scaler=0.0140 | [diag q32] base PSNR=34.21@0.745 model PSNR=31.19@0.617 (28s)
ep  5/25 LF=0.0291 MOS=0.3236 BalleBpp=0.821 total=0.0669 gnorm=0.389 scaler=0.0151 | [diag q32] base PSNR=34.21@0.745 model PSNR=29.63@0.553 (28s)
ep  6/25 LF=0.0289 MOS=0.3239 BalleBpp=0.812 total=0.0662 gnorm=0.366 scaler=0.0157 | [diag q32] base PSNR=34.21@0.745 model PSNR=29.67@0.567 (28s)
ep  7/25 LF=0.0304 MOS=0.3273 BalleBpp=0.806 total=0.0674 gnorm=0.335 scaler=0.0164 | [diag q32] base PSNR=34.21@0.745 model PSNR=29.65@0.565 (27s)
ep  8/25 LF=0.0323 MOS=0.3328 BalleBpp=0.769 total=0.0675 gnorm=0.277 scaler=0.0162 | [diag q32] base PSNR=34.21@0.745 model PSNR=31.67@0.633 (27s)
ep  9/25 LF=0.0306 MOS=0.3259 BalleBpp=0.796 total=0.0671 gnorm=0.287 scaler=0.0174 | [diag q32] base PSNR=34.21@0.745 model PSNR=31.02@0.627 (27s)
ep 10/25 LF=0.0295 MOS=0.3226 BalleBpp=0.831 total=0.0678 gnorm=0.337 scaler=0.0178 | [diag q32] base PSNR=34.21@0.745 model PSNR=30.73@0.601 (28s)
ep 11/25 LF=0.0322 MOS=0.3284 BalleBpp=0.798 total=0.0688 gnorm=0.298 scaler=0.0187 | [diag q32] base PSNR=34.21@0.745 model PSNR=30.04@0.582 (27s)
ep 12/25 LF=0.0310 MOS=0.3283 BalleBpp=0.788 total=0.0671 gnorm=0.262 scaler=0.0191 | [diag q32] base PSNR=34.21@0.745 model PSNR=30.43@0.607 (27s)
ep 13/25 LF=0.0325 MOS=0.3304 BalleBpp=0.763 total=0.0673 gnorm=0.221 scaler=0.0191 | [diag q32] base PSNR=34.21@0.745 model PSNR=31.46@0.653 (27s)
ep 14/25 LF=0.0314 MOS=0.3275 BalleBpp=0.784 total=0.0674 gnorm=0.266 scaler=0.0197 | [diag q32] base PSNR=34.21@0.745 model PSNR=31.06@0.663 (28s)
ep 15/25 LF=0.0320 MOS=0.3278 BalleBpp=0.780 total=0.0677 gnorm=0.249 scaler=0.0200 | [diag q32] base PSNR=34.21@0.745 model PSNR=30.71@0.653 (27s)
ep 16/25 LF=0.0311 MOS=0.3231 BalleBpp=0.792 total=0.0674 gnorm=0.318 scaler=0.0202 | [diag q32] base PSNR=34.21@0.745 model PSNR=30.59@0.622 (27s)
ep 17/25 LF=0.0297 MOS=0.3255 BalleBpp=0.804 total=0.0666 gnorm=0.279 scaler=0.0207 | [diag q32] base PSNR=34.21@0.745 model PSNR=30.13@0.585 (27s)
ep 18/25 LF=0.0297 MOS=0.3210 BalleBpp=0.796 total=0.0663 gnorm=0.255 scaler=0.0209 | [diag q32] base PSNR=34.21@0.745 model PSNR=30.18@0.579 (28s)
ep 19/25 LF=0.0312 MOS=0.3284 BalleBpp=0.781 total=0.0670 gnorm=0.244 scaler=0.0213 | [diag q32] base PSNR=34.21@0.745 model PSNR=30.45@0.604 (27s)
ep 20/25 LF=0.0295 MOS=0.3228 BalleBpp=0.792 total=0.0659 gnorm=0.256 scaler=0.0219 | [diag q32] base PSNR=34.21@0.745 model PSNR=29.83@0.574 (27s)
ep 21/25 LF=0.0308 MOS=0.3216 BalleBpp=0.796 total=0.0674 gnorm=0.284 scaler=0.0215 | [diag q32] base PSNR=34.21@0.745 model PSNR=31.21@0.638 (27s)
ep 22/25 LF=0.0295 MOS=0.3197 BalleBpp=0.810 total=0.0668 gnorm=0.309 scaler=0.0222 | [diag q32] base PSNR=34.21@0.745 model PSNR=31.20@0.656 (27s)
ep 23/25 LF=0.0325 MOS=0.3292 BalleBpp=0.767 total=0.0676 gnorm=0.198 scaler=0.0226 | [diag q32] base PSNR=34.21@0.745 model PSNR=31.12@0.700 (27s)
ep 24/25 LF=0.0297 MOS=0.3206 BalleBpp=0.825 total=0.0677 gnorm=0.308 scaler=0.0235 | [diag q32] base PSNR=34.21@0.745 model PSNR=29.32@0.562 (27s)
[balle] done -> dpp/runs/d11_B_frz/model.pt
