Loading pretrained model NIMA from /root/.cache/torch/hub/pyiqa/NIMA_koniq-250367ae.pth
[balle] Balle-rate DPP: gamma=0.01 lam=0.02 perceptual=nima-koniq ch=64 ep=25
/workspace/sandwiched_compression/dpp/train_balle.py:130: UserWarning: Converting a tensor with requires_grad=True to a scalar may lead to unexpected behavior.
Consider using tensor.detach() first. (Triggered internally at /pytorch/torch/csrc/autograd/generated/python_variable_methods.cpp:835.)
  acc["LF"] += float(LF); acc["MOS"] += float(mos_val); acc["VIF"] += float(vif_val)
ep  0/25 LF=0.0286 MOS=0.3683 VIF=0.0000 BalleBpp=5.260 lam=0.0800 total=0.4457 gnorm=0.143 scaler=-0.0108 | [diag q32] base PSNR=34.21@0.745 model PSNR=32.39@0.866 (28s)
ep  1/25 LF=0.0302 MOS=0.3744 VIF=0.0000 BalleBpp=4.979 lam=0.0800 total=0.4248 gnorm=0.319 scaler=-0.0127 | [diag q32] base PSNR=34.21@0.745 model PSNR=31.89@0.944 (28s)
ep  2/25 LF=0.0307 MOS=0.3757 VIF=0.0000 BalleBpp=4.712 lam=0.0800 total=0.4039 gnorm=0.431 scaler=-0.0123 | [diag q32] base PSNR=34.21@0.745 model PSNR=33.65@0.830 (28s)
ep  3/25 LF=0.0318 MOS=0.3802 VIF=0.0000 BalleBpp=4.452 lam=0.0800 total=0.3841 gnorm=0.470 scaler=-0.0136 | [diag q32] base PSNR=34.21@0.745 model PSNR=32.42@0.938 (28s)
ep  4/25 LF=0.0331 MOS=0.3828 VIF=0.0000 BalleBpp=4.202 lam=0.0800 total=0.3654 gnorm=0.524 scaler=-0.0141 | [diag q32] base PSNR=34.21@0.745 model PSNR=33.09@0.886 (28s)
ep  5/25 LF=0.0293 MOS=0.3798 VIF=0.0000 BalleBpp=3.966 lam=0.0800 total=0.3428 gnorm=0.449 scaler=-0.0142 | [diag q32] base PSNR=34.21@0.745 model PSNR=33.70@0.825 (28s)
ep  6/25 LF=0.0296 MOS=0.3819 VIF=0.0000 BalleBpp=3.731 lam=0.0800 total=0.3243 gnorm=0.451 scaler=-0.0144 | [diag q32] base PSNR=34.21@0.745 model PSNR=33.42@0.852 (28s)
ep  7/25 LF=0.0310 MOS=0.3841 VIF=0.0000 BalleBpp=3.505 lam=0.0800 total=0.3075 gnorm=0.476 scaler=-0.0149 | [diag q32] base PSNR=34.21@0.745 model PSNR=33.53@0.836 (28s)
ep  8/25 LF=0.0341 MOS=0.3891 VIF=0.0000 BalleBpp=3.285 lam=0.0800 total=0.2930 gnorm=0.551 scaler=-0.0157 | [diag q32] base PSNR=34.21@0.745 model PSNR=33.29@0.860 (28s)
ep  9/25 LF=0.0308 MOS=0.3827 VIF=0.0000 BalleBpp=3.092 lam=0.0800 total=0.2743 gnorm=0.457 scaler=-0.0158 | [diag q32] base PSNR=34.21@0.745 model PSNR=32.41@0.954 (28s)
ep 10/25 LF=0.0300 MOS=0.3797 VIF=0.0000 BalleBpp=2.903 lam=0.0798 total=0.2580 gnorm=0.483 scaler=-0.0155 | [diag q32] base PSNR=34.21@0.745 model PSNR=33.28@0.863 (27s)
ep 11/25 LF=0.0336 MOS=0.3844 VIF=0.0000 BalleBpp=2.723 lam=0.0787 total=0.2442 gnorm=0.599 scaler=-0.0155 | [diag q32] base PSNR=34.21@0.745 model PSNR=33.56@0.809 (28s)
ep 12/25 LF=0.0320 MOS=0.3822 VIF=0.0000 BalleBpp=2.553 lam=0.0766 total=0.2239 gnorm=0.522 scaler=-0.0163 | [diag q32] base PSNR=34.21@0.745 model PSNR=32.83@0.886 (28s)
ep 13/25 LF=0.0344 MOS=0.3863 VIF=0.0000 BalleBpp=2.394 lam=0.0736 total=0.2066 gnorm=0.504 scaler=-0.0166 | [diag q32] base PSNR=34.21@0.745 model PSNR=32.29@0.951 (28s)
ep 14/25 LF=0.0328 MOS=0.3840 VIF=0.0000 BalleBpp=2.264 lam=0.0697 total=0.1868 gnorm=0.491 scaler=-0.0173 | [diag q32] base PSNR=34.21@0.745 model PSNR=31.32@1.025 (28s)
ep 15/25 LF=0.0342 MOS=0.3828 VIF=0.0000 BalleBpp=2.152 lam=0.0652 total=0.1707 gnorm=0.531 scaler=-0.0174 | [diag q32] base PSNR=34.21@0.745 model PSNR=31.85@0.965 (28s)
ep 16/25 LF=0.0310 MOS=0.3743 VIF=0.0000 BalleBpp=2.053 lam=0.0602 total=0.1509 gnorm=0.459 scaler=-0.0172 | [diag q32] base PSNR=34.21@0.745 model PSNR=32.37@0.904 (28s)
ep 17/25 LF=0.0301 MOS=0.3734 VIF=0.0000 BalleBpp=1.973 lam=0.0550 total=0.1350 gnorm=0.431 scaler=-0.0163 | [diag q32] base PSNR=34.21@0.745 model PSNR=33.05@0.820 (28s)
ep 18/25 LF=0.0296 MOS=0.3727 VIF=0.0000 BalleBpp=1.895 lam=0.0498 total=0.1203 gnorm=0.444 scaler=-0.0158 | [diag q32] base PSNR=34.21@0.745 model PSNR=33.25@0.774 (28s)
ep 19/25 LF=0.0321 MOS=0.3790 VIF=0.0000 BalleBpp=1.823 lam=0.0449 total=0.1102 gnorm=0.460 scaler=-0.0167 | [diag q32] base PSNR=34.21@0.745 model PSNR=32.72@0.846 (28s)
ep 20/25 LF=0.0302 MOS=0.3749 VIF=0.0000 BalleBpp=1.791 lam=0.0404 total=0.0987 gnorm=0.440 scaler=-0.0163 | [diag q32] base PSNR=34.21@0.745 model PSNR=33.01@0.786 (28s)
ep 21/25 LF=0.0302 MOS=0.3708 VIF=0.0000 BalleBpp=1.757 lam=0.0365 total=0.0906 gnorm=0.460 scaler=-0.0164 | [diag q32] base PSNR=34.21@0.745 model PSNR=32.76@0.849 (28s)
ep 22/25 LF=0.0288 MOS=0.3700 VIF=0.0000 BalleBpp=1.720 lam=0.0334 total=0.0825 gnorm=0.397 scaler=-0.0170 | [diag q32] base PSNR=34.21@0.745 model PSNR=32.15@0.944 (28s)
ep 23/25 LF=0.0338 MOS=0.3805 VIF=0.0000 BalleBpp=1.663 lam=0.0313 total=0.0820 gnorm=0.504 scaler=-0.0183 | [diag q32] base PSNR=34.21@0.745 model PSNR=30.62@1.070 (28s)
ep 24/25 LF=0.0300 MOS=0.3721 VIF=0.0000 BalleBpp=1.664 lam=0.0302 total=0.0765 gnorm=0.485 scaler=-0.0167 | [diag q32] base PSNR=34.21@0.745 model PSNR=33.13@0.797 (28s)
[balle] done -> dpp/runs/d12_lamann_mod/model.pt
