Loading pretrained model NIMA from /root/.cache/torch/hub/pyiqa/NIMA_koniq-250367ae.pth
[balle] Balle-rate DPP: gamma=0.01 lam=0.03 perceptual=nima-koniq ch=64 ep=25
/workspace/sandwiched_compression/dpp/train_balle.py:145: UserWarning: Converting a tensor with requires_grad=True to a scalar may lead to unexpected behavior.
Consider using tensor.detach() first. (Triggered internally at /pytorch/torch/csrc/autograd/generated/python_variable_methods.cpp:835.)
  acc["LF"] += float(LF); acc["MOS"] += float(mos_val); acc["VIF"] += float(vif_val)
ep  0/25 LF=0.0293 MOS=0.3665 VIF=0.0000 BalleBpp=5.363 lam=0.0300 total=0.1866 gnorm=0.196 scaler=0.0082 | [diag q32] base PSNR=34.21@0.745 model PSNR=32.62@0.851 (28s)
ep  1/25 LF=0.0302 MOS=0.3697 VIF=0.0000 BalleBpp=5.081 lam=0.0300 total=0.1789 gnorm=0.405 scaler=0.0101 | [diag q32] base PSNR=34.21@0.745 model PSNR=32.58@0.899 (27s)
ep  2/25 LF=0.0310 MOS=0.3744 VIF=0.0000 BalleBpp=4.830 lam=0.0300 total=0.1722 gnorm=0.606 scaler=0.0105 | [diag q32] base PSNR=34.21@0.745 model PSNR=33.25@0.859 (27s)
ep  3/25 LF=0.0319 MOS=0.3777 VIF=0.0000 BalleBpp=4.574 lam=0.0300 total=0.1653 gnorm=0.580 scaler=0.0113 | [diag q32] base PSNR=34.21@0.745 model PSNR=32.53@0.920 (27s)
ep  4/25 LF=0.0334 MOS=0.3805 VIF=0.0000 BalleBpp=4.340 lam=0.0300 total=0.1598 gnorm=0.692 scaler=0.0116 | [diag q32] base PSNR=34.21@0.745 model PSNR=33.28@0.861 (27s)
ep  5/25 LF=0.0292 MOS=0.3764 VIF=0.0000 BalleBpp=4.140 lam=0.0300 total=0.1497 gnorm=0.560 scaler=0.0116 | [diag q32] base PSNR=34.21@0.745 model PSNR=33.54@0.840 (28s)
ep  6/25 LF=0.0294 MOS=0.3795 VIF=0.0000 BalleBpp=3.921 lam=0.0300 total=0.1433 gnorm=0.556 scaler=0.0122 | [diag q32] base PSNR=34.21@0.745 model PSNR=33.06@0.881 (28s)
ep  7/25 LF=0.0317 MOS=0.3840 VIF=0.0000 BalleBpp=3.707 lam=0.0300 total=0.1391 gnorm=0.636 scaler=0.0124 | [diag q32] base PSNR=34.21@0.745 model PSNR=33.57@0.826 (28s)
ep  8/25 LF=0.0355 MOS=0.3890 VIF=0.0000 BalleBpp=3.500 lam=0.0300 total=0.1366 gnorm=0.712 scaler=0.0133 | [diag q32] base PSNR=34.21@0.745 model PSNR=33.15@0.871 (27s)
ep  9/25 LF=0.0315 MOS=0.3834 VIF=0.0000 BalleBpp=3.339 lam=0.0300 total=0.1279 gnorm=0.571 scaler=0.0132 | [diag q32] base PSNR=34.21@0.745 model PSNR=32.69@0.930 (28s)
ep 10/25 LF=0.0297 MOS=0.3813 VIF=0.0000 BalleBpp=3.188 lam=0.0300 total=0.1215 gnorm=0.562 scaler=0.0132 | [diag q32] base PSNR=34.21@0.745 model PSNR=33.12@0.872 (28s)
ep 11/25 LF=0.0342 MOS=0.3896 VIF=0.0000 BalleBpp=3.019 lam=0.0300 total=0.1209 gnorm=0.722 scaler=0.0134 | [diag q32] base PSNR=34.21@0.745 model PSNR=33.53@0.831 (27s)
ep 12/25 LF=0.0327 MOS=0.3866 VIF=0.0000 BalleBpp=2.863 lam=0.0300 total=0.1147 gnorm=0.613 scaler=0.0141 | [diag q32] base PSNR=34.21@0.745 model PSNR=32.80@0.901 (27s)
ep 13/25 LF=0.0349 MOS=0.3952 VIF=0.0000 BalleBpp=2.703 lam=0.0300 total=0.1121 gnorm=0.618 scaler=0.0145 | [diag q32] base PSNR=34.21@0.745 model PSNR=32.09@0.966 (28s)
ep 14/25 LF=0.0327 MOS=0.3909 VIF=0.0000 BalleBpp=2.588 lam=0.0300 total=0.1065 gnorm=0.579 scaler=0.0153 | [diag q32] base PSNR=34.21@0.745 model PSNR=30.07@1.140 (27s)
ep 15/25 LF=0.0348 MOS=0.3933 VIF=0.0000 BalleBpp=2.486 lam=0.0300 total=0.1054 gnorm=0.636 scaler=0.0153 | [diag q32] base PSNR=34.21@0.745 model PSNR=31.47@1.015 (27s)
ep 16/25 LF=0.0319 MOS=0.3897 VIF=0.0000 BalleBpp=2.396 lam=0.0300 total=0.0999 gnorm=0.568 scaler=0.0149 | [diag q32] base PSNR=34.21@0.745 model PSNR=32.29@0.948 (27s)
ep 17/25 LF=0.0302 MOS=0.3865 VIF=0.0000 BalleBpp=2.307 lam=0.0300 total=0.0955 gnorm=0.511 scaler=0.0142 | [diag q32] base PSNR=34.21@0.745 model PSNR=33.09@0.864 (27s)
ep 18/25 LF=0.0302 MOS=0.3853 VIF=0.0000 BalleBpp=2.240 lam=0.0300 total=0.0935 gnorm=0.517 scaler=0.0138 | [diag q32] base PSNR=34.21@0.745 model PSNR=33.34@0.799 (27s)
ep 19/25 LF=0.0322 MOS=0.3920 VIF=0.0000 BalleBpp=2.133 lam=0.0300 total=0.0923 gnorm=0.546 scaler=0.0146 | [diag q32] base PSNR=34.21@0.745 model PSNR=32.72@0.857 (27s)
ep 20/25 LF=0.0298 MOS=0.3853 VIF=0.0000 BalleBpp=2.103 lam=0.0300 total=0.0890 gnorm=0.491 scaler=0.0142 | [diag q32] base PSNR=34.21@0.745 model PSNR=33.21@0.775 (27s)
ep 21/25 LF=0.0293 MOS=0.3760 VIF=0.0000 BalleBpp=2.061 lam=0.0300 total=0.0874 gnorm=0.464 scaler=0.0142 | [diag q32] base PSNR=34.21@0.745 model PSNR=33.08@0.842 (27s)
ep 22/25 LF=0.0287 MOS=0.3782 VIF=0.0000 BalleBpp=2.015 lam=0.0300 total=0.0854 gnorm=0.443 scaler=0.0147 | [diag q32] base PSNR=34.21@0.745 model PSNR=32.35@0.907 (28s)
ep 23/25 LF=0.0341 MOS=0.3875 VIF=0.0000 BalleBpp=1.932 lam=0.0300 total=0.0882 gnorm=0.601 scaler=0.0160 | [diag q32] base PSNR=34.21@0.745 model PSNR=30.45@1.073 (27s)
ep 24/25 LF=0.0303 MOS=0.3786 VIF=0.0000 BalleBpp=1.956 lam=0.0300 total=0.0851 gnorm=0.564 scaler=0.0146 | [diag q32] base PSNR=34.21@0.745 model PSNR=32.96@0.776 (27s)
[balle] done -> dpp/runs/d13_qt_l03/model.pt
