Warning: You are sending unauthenticated requests to the HF Hub. Please set a HF_TOKEN to enable higher rate limits and faster downloads.
Loading pretrained model NIMA from /root/.cache/torch/hub/pyiqa/NIMA_koniq-250367ae.pth
[balle] Balle-rate DPP: gamma=0.01 lam=0.05 perceptual=nima-koniq ch=64 ep=25
/workspace/sandwiched_compression/dpp/train_balle.py:145: UserWarning: Converting a tensor with requires_grad=True to a scalar may lead to unexpected behavior.
Consider using tensor.detach() first. (Triggered internally at /pytorch/torch/csrc/autograd/generated/python_variable_methods.cpp:835.)
  acc["LF"] += float(LF); acc["MOS"] += float(mos_val); acc["VIF"] += float(vif_val)
ep  0/25 LF=0.0289 MOS=0.3658 VIF=0.0000 BalleBpp=5.239 lam=0.0500 total=0.2872 gnorm=0.151 scaler=-0.0086 | [diag q32] base PSNR=34.21@0.745 model PSNR=32.80@0.837 (29s)
ep  1/25 LF=0.0300 MOS=0.3702 VIF=0.0000 BalleBpp=4.963 lam=0.0500 total=0.2745 gnorm=0.356 scaler=-0.0108 | [diag q32] base PSNR=34.21@0.745 model PSNR=32.75@0.880 (28s)
ep  2/25 LF=0.0312 MOS=0.3754 VIF=0.0000 BalleBpp=4.702 lam=0.0500 total=0.2625 gnorm=0.536 scaler=-0.0115 | [diag q32] base PSNR=34.21@0.745 model PSNR=33.16@0.868 (28s)
ep  3/25 LF=0.0312 MOS=0.3797 VIF=0.0000 BalleBpp=4.450 lam=0.0500 total=0.2499 gnorm=0.506 scaler=-0.0122 | [diag q32] base PSNR=34.21@0.745 model PSNR=32.29@0.936 (28s)
ep  4/25 LF=0.0335 MOS=0.3825 VIF=0.0000 BalleBpp=4.203 lam=0.0500 total=0.2398 gnorm=0.634 scaler=-0.0127 | [diag q32] base PSNR=34.21@0.745 model PSNR=32.97@0.890 (28s)
ep  5/25 LF=0.0296 MOS=0.3795 VIF=0.0000 BalleBpp=3.973 lam=0.0500 total=0.2245 gnorm=0.515 scaler=-0.0126 | [diag q32] base PSNR=34.21@0.745 model PSNR=33.66@0.833 (28s)
ep  6/25 LF=0.0297 MOS=0.3811 VIF=0.0000 BalleBpp=3.739 lam=0.0500 total=0.2129 gnorm=0.491 scaler=-0.0131 | [diag q32] base PSNR=34.21@0.745 model PSNR=33.38@0.858 (28s)
ep  7/25 LF=0.0316 MOS=0.3836 VIF=0.0000 BalleBpp=3.514 lam=0.0500 total=0.2034 gnorm=0.551 scaler=-0.0134 | [diag q32] base PSNR=34.21@0.745 model PSNR=33.77@0.811 (28s)
ep  8/25 LF=0.0347 MOS=0.3897 VIF=0.0000 BalleBpp=3.296 lam=0.0500 total=0.1956 gnorm=0.620 scaler=-0.0145 | [diag q32] base PSNR=34.21@0.745 model PSNR=33.21@0.868 (28s)
ep  9/25 LF=0.0317 MOS=0.3853 VIF=0.0000 BalleBpp=3.102 lam=0.0500 total=0.1829 gnorm=0.540 scaler=-0.0146 | [diag q32] base PSNR=34.21@0.745 model PSNR=31.96@0.995 (28s)
ep 10/25 LF=0.0304 MOS=0.3807 VIF=0.0000 BalleBpp=2.918 lam=0.0500 total=0.1725 gnorm=0.543 scaler=-0.0146 | [diag q32] base PSNR=34.21@0.745 model PSNR=32.67@0.925 (28s)
ep 11/25 LF=0.0351 MOS=0.3858 VIF=0.0000 BalleBpp=2.735 lam=0.0500 total=0.1680 gnorm=0.717 scaler=-0.0146 | [diag q32] base PSNR=34.21@0.745 model PSNR=33.49@0.836 (28s)
ep 12/25 LF=0.0332 MOS=0.3856 VIF=0.0000 BalleBpp=2.566 lam=0.0500 total=0.1576 gnorm=0.590 scaler=-0.0149 | [diag q32] base PSNR=34.21@0.745 model PSNR=32.73@0.910 (28s)
ep 13/25 LF=0.0348 MOS=0.3917 VIF=0.0000 BalleBpp=2.397 lam=0.0500 total=0.1507 gnorm=0.571 scaler=-0.0154 | [diag q32] base PSNR=34.21@0.745 model PSNR=32.00@0.985 (28s)
ep 14/25 LF=0.0332 MOS=0.3877 VIF=0.0000 BalleBpp=2.257 lam=0.0500 total=0.1421 gnorm=0.565 scaler=-0.0160 | [diag q32] base PSNR=34.21@0.745 model PSNR=30.63@1.100 (28s)
ep 15/25 LF=0.0340 MOS=0.3844 VIF=0.0000 BalleBpp=2.135 lam=0.0500 total=0.1370 gnorm=0.562 scaler=-0.0160 | [diag q32] base PSNR=34.21@0.745 model PSNR=31.67@0.978 (28s)
ep 16/25 LF=0.0320 MOS=0.3817 VIF=0.0000 BalleBpp=2.018 lam=0.0500 total=0.1290 gnorm=0.537 scaler=-0.0156 | [diag q32] base PSNR=34.21@0.745 model PSNR=32.59@0.906 (28s)
ep 17/25 LF=0.0303 MOS=0.3768 VIF=0.0000 BalleBpp=1.920 lam=0.0500 total=0.1225 gnorm=0.538 scaler=-0.0150 | [diag q32] base PSNR=34.21@0.745 model PSNR=33.12@0.804 (28s)
ep 18/25 LF=0.0293 MOS=0.3738 VIF=0.0000 BalleBpp=1.823 lam=0.0500 total=0.1168 gnorm=0.466 scaler=-0.0145 | [diag q32] base PSNR=34.21@0.745 model PSNR=33.11@0.742 (28s)
ep 19/25 LF=0.0318 MOS=0.3766 VIF=0.0000 BalleBpp=1.723 lam=0.0500 total=0.1142 gnorm=0.478 scaler=-0.0153 | [diag q32] base PSNR=34.21@0.745 model PSNR=32.75@0.816 (28s)
ep 20/25 LF=0.0301 MOS=0.3683 VIF=0.0000 BalleBpp=1.668 lam=0.0500 total=0.1099 gnorm=0.455 scaler=-0.0150 | [diag q32] base PSNR=34.21@0.745 model PSNR=32.79@0.738 (28s)
ep 21/25 LF=0.0299 MOS=0.3611 VIF=0.0000 BalleBpp=1.610 lam=0.0500 total=0.1068 gnorm=0.417 scaler=-0.0147 | [diag q32] base PSNR=34.21@0.745 model PSNR=33.10@0.823 (28s)
ep 22/25 LF=0.0290 MOS=0.3577 VIF=0.0000 BalleBpp=1.555 lam=0.0500 total=0.1032 gnorm=0.380 scaler=-0.0154 | [diag q32] base PSNR=34.21@0.745 model PSNR=32.24@0.850 (28s)
ep 23/25 LF=0.0335 MOS=0.3693 VIF=0.0000 BalleBpp=1.485 lam=0.0500 total=0.1041 gnorm=0.517 scaler=-0.0165 | [diag q32] base PSNR=34.21@0.745 model PSNR=31.09@0.977 (28s)
ep 24/25 LF=0.0298 MOS=0.3564 VIF=0.0000 BalleBpp=1.475 lam=0.0500 total=0.1000 gnorm=0.468 scaler=-0.0151 | [diag q32] base PSNR=34.21@0.745 model PSNR=32.11@0.669 (28s)
[balle] done -> dpp/runs/d13_flat_l05/model.pt
