[balle] Balle-rate DPP: gamma=0.0 lam=0.1 perceptual=nima-koniq ch=64 ep=25
/workspace/sandwiched_compression/dpp/train_balle.py:106: UserWarning: Converting a tensor with requires_grad=True to a scalar may lead to unexpected behavior.
Consider using tensor.detach() first. (Triggered internally at /pytorch/torch/csrc/autograd/generated/python_variable_methods.cpp:835.)
  acc["LF"] += float(LF); acc["MOS"] += float(mos_val); acc["bpp"] += float(bpp); acc["total"] += float(total)
ep  0/25 LF=0.0596 MOS=0.0000 BalleBpp=0.709 total=0.1306 gnorm=0.181 scaler=-0.0105 | [diag q32] base PSNR=34.21@0.745 model PSNR=31.70@0.791 (17s)
ep  1/25 LF=0.0592 MOS=0.0000 BalleBpp=0.673 total=0.1266 gnorm=0.325 scaler=-0.0155 | [diag q32] base PSNR=34.21@0.745 model PSNR=31.94@0.769 (16s)
ep  2/25 LF=0.0594 MOS=0.0000 BalleBpp=0.644 total=0.1238 gnorm=0.340 scaler=-0.0189 | [diag q32] base PSNR=34.21@0.745 model PSNR=31.24@0.656 (16s)
ep  3/25 LF=0.0627 MOS=0.0000 BalleBpp=0.588 total=0.1214 gnorm=0.298 scaler=-0.0199 | [diag q32] base PSNR=34.21@0.745 model PSNR=30.28@0.731 (16s)
ep  4/25 LF=0.0672 MOS=0.0000 BalleBpp=0.604 total=0.1276 gnorm=0.528 scaler=-0.0197 | [diag q32] base PSNR=34.21@0.745 model PSNR=30.42@0.706 (16s)
ep  5/25 LF=0.0598 MOS=0.0000 BalleBpp=0.629 total=0.1227 gnorm=0.370 scaler=-0.0197 | [diag q32] base PSNR=34.21@0.745 model PSNR=29.46@0.583 (16s)
ep  6/25 LF=0.0593 MOS=0.0000 BalleBpp=0.618 total=0.1212 gnorm=0.360 scaler=-0.0201 | [diag q32] base PSNR=34.21@0.745 model PSNR=29.75@0.652 (16s)
ep  7/25 LF=0.0631 MOS=0.0000 BalleBpp=0.612 total=0.1243 gnorm=0.429 scaler=-0.0200 | [diag q32] base PSNR=34.21@0.745 model PSNR=29.74@0.655 (16s)
ep  8/25 LF=0.0704 MOS=0.0000 BalleBpp=0.601 total=0.1305 gnorm=0.615 scaler=-0.0214 | [diag q32] base PSNR=34.21@0.745 model PSNR=29.77@0.684 (16s)
ep  9/25 LF=0.0636 MOS=0.0000 BalleBpp=0.623 total=0.1259 gnorm=0.500 scaler=-0.0208 | [diag q32] base PSNR=34.21@0.745 model PSNR=30.13@0.733 (16s)
ep 10/25 LF=0.0607 MOS=0.0000 BalleBpp=0.649 total=0.1256 gnorm=0.452 scaler=-0.0199 | [diag q32] base PSNR=34.21@0.745 model PSNR=30.56@0.673 (16s)
ep 11/25 LF=0.0696 MOS=0.0000 BalleBpp=0.645 total=0.1341 gnorm=0.684 scaler=-0.0210 | [diag q32] base PSNR=34.21@0.745 model PSNR=29.18@0.572 (16s)
ep 12/25 LF=0.0647 MOS=0.0000 BalleBpp=0.611 total=0.1258 gnorm=0.487 scaler=-0.0216 | [diag q32] base PSNR=34.21@0.745 model PSNR=29.75@0.709 (16s)
ep 13/25 LF=0.0700 MOS=0.0000 BalleBpp=0.602 total=0.1303 gnorm=0.577 scaler=-0.0220 | [diag q32] base PSNR=34.21@0.745 model PSNR=30.13@0.743 (16s)
ep 14/25 LF=0.0662 MOS=0.0000 BalleBpp=0.604 total=0.1266 gnorm=0.492 scaler=-0.0232 | [diag q32] base PSNR=34.21@0.745 model PSNR=28.80@0.859 (16s)
ep 15/25 LF=0.0686 MOS=0.0000 BalleBpp=0.627 total=0.1314 gnorm=0.660 scaler=-0.0240 | [diag q32] base PSNR=34.21@0.745 model PSNR=28.43@0.916 (16s)
ep 16/25 LF=0.0662 MOS=0.0000 BalleBpp=0.634 total=0.1296 gnorm=0.584 scaler=-0.0226 | [diag q32] base PSNR=34.21@0.745 model PSNR=29.64@0.750 (16s)
ep 17/25 LF=0.0614 MOS=0.0000 BalleBpp=0.630 total=0.1244 gnorm=0.458 scaler=-0.0214 | [diag q32] base PSNR=34.21@0.745 model PSNR=29.75@0.642 (16s)
ep 18/25 LF=0.0605 MOS=0.0000 BalleBpp=0.625 total=0.1231 gnorm=0.415 scaler=-0.0208 | [diag q32] base PSNR=34.21@0.745 model PSNR=29.61@0.614 (16s)
ep 19/25 LF=0.0650 MOS=0.0000 BalleBpp=0.605 total=0.1256 gnorm=0.514 scaler=-0.0222 | [diag q32] base PSNR=34.21@0.745 model PSNR=30.15@0.730 (16s)
ep 20/25 LF=0.0625 MOS=0.0000 BalleBpp=0.635 total=0.1260 gnorm=0.438 scaler=-0.0217 | [diag q32] base PSNR=34.21@0.745 model PSNR=29.07@0.623 (16s)
ep 21/25 LF=0.0616 MOS=0.0000 BalleBpp=0.631 total=0.1247 gnorm=0.455 scaler=-0.0208 | [diag q32] base PSNR=34.21@0.745 model PSNR=30.88@0.683 (16s)
ep 22/25 LF=0.0592 MOS=0.0000 BalleBpp=0.623 total=0.1215 gnorm=0.299 scaler=-0.0223 | [diag q32] base PSNR=34.21@0.745 model PSNR=30.07@0.748 (16s)
ep 23/25 LF=0.0704 MOS=0.0000 BalleBpp=0.612 total=0.1315 gnorm=0.644 scaler=-0.0248 | [diag q32] base PSNR=34.21@0.745 model PSNR=28.39@0.950 (16s)
ep 24/25 LF=0.0622 MOS=0.0000 BalleBpp=0.645 total=0.1268 gnorm=0.560 scaler=-0.0231 | [diag q32] base PSNR=34.21@0.745 model PSNR=29.96@0.633 (16s)
[balle] done -> dpp/runs/frz_g0_l10/model.pt
