[balle] Balle-rate DPP: gamma=0.0 lam=0.2 perceptual=nima-koniq ch=64 ep=25
/workspace/sandwiched_compression/dpp/train_balle.py:106: UserWarning: Converting a tensor with requires_grad=True to a scalar may lead to unexpected behavior.
Consider using tensor.detach() first. (Triggered internally at /pytorch/torch/csrc/autograd/generated/python_variable_methods.cpp:835.)
  acc["LF"] += float(LF); acc["MOS"] += float(mos_val); acc["bpp"] += float(bpp); acc["total"] += float(total)
ep  0/25 LF=0.0620 MOS=0.0000 BalleBpp=0.656 total=0.1932 gnorm=0.442 scaler=-0.0136 | [diag q32] base PSNR=34.21@0.745 model PSNR=32.19@0.644 (17s)
ep  1/25 LF=0.0624 MOS=0.0000 BalleBpp=0.574 total=0.1772 gnorm=0.716 scaler=-0.0143 | [diag q32] base PSNR=34.21@0.745 model PSNR=32.28@0.648 (16s)
ep  2/25 LF=0.0594 MOS=0.0000 BalleBpp=0.581 total=0.1757 gnorm=0.785 scaler=-0.0154 | [diag q32] base PSNR=34.21@0.745 model PSNR=30.91@0.588 (16s)
ep  3/25 LF=0.0608 MOS=0.0000 BalleBpp=0.556 total=0.1720 gnorm=0.675 scaler=-0.0165 | [diag q32] base PSNR=34.21@0.745 model PSNR=31.43@0.612 (16s)
ep  4/25 LF=0.0619 MOS=0.0000 BalleBpp=0.554 total=0.1728 gnorm=0.635 scaler=-0.0171 | [diag q32] base PSNR=34.21@0.745 model PSNR=31.25@0.623 (16s)
ep  5/25 LF=0.0571 MOS=0.0000 BalleBpp=0.602 total=0.1776 gnorm=0.831 scaler=-0.0194 | [diag q32] base PSNR=34.21@0.745 model PSNR=28.71@0.531 (16s)
ep  6/25 LF=0.0584 MOS=0.0000 BalleBpp=0.575 total=0.1735 gnorm=0.734 scaler=-0.0205 | [diag q32] base PSNR=34.21@0.745 model PSNR=28.42@0.540 (16s)
ep  7/25 LF=0.0606 MOS=0.0000 BalleBpp=0.557 total=0.1720 gnorm=0.561 scaler=-0.0210 | [diag q32] base PSNR=34.21@0.745 model PSNR=28.04@0.528 (16s)
ep  8/25 LF=0.0661 MOS=0.0000 BalleBpp=0.549 total=0.1759 gnorm=0.516 scaler=-0.0218 | [diag q32] base PSNR=34.21@0.745 model PSNR=29.91@0.604 (16s)
ep  9/25 LF=0.0613 MOS=0.0000 BalleBpp=0.566 total=0.1745 gnorm=0.560 scaler=-0.0223 | [diag q32] base PSNR=34.21@0.745 model PSNR=29.85@0.629 (16s)
ep 10/25 LF=0.0594 MOS=0.0000 BalleBpp=0.577 total=0.1749 gnorm=0.620 scaler=-0.0229 | [diag q32] base PSNR=34.21@0.745 model PSNR=29.22@0.568 (16s)
ep 11/25 LF=0.0650 MOS=0.0000 BalleBpp=0.571 total=0.1793 gnorm=0.580 scaler=-0.0238 | [diag q32] base PSNR=34.21@0.745 model PSNR=28.22@0.530 (16s)
ep 12/25 LF=0.0638 MOS=0.0000 BalleBpp=0.550 total=0.1739 gnorm=0.491 scaler=-0.0241 | [diag q32] base PSNR=34.21@0.745 model PSNR=29.17@0.584 (16s)
ep 13/25 LF=0.0671 MOS=0.0000 BalleBpp=0.542 total=0.1755 gnorm=0.391 scaler=-0.0243 | [diag q32] base PSNR=34.21@0.745 model PSNR=30.38@0.648 (16s)
ep 14/25 LF=0.0652 MOS=0.0000 BalleBpp=0.549 total=0.1750 gnorm=0.481 scaler=-0.0256 | [diag q32] base PSNR=34.21@0.745 model PSNR=29.09@0.666 (16s)
ep 15/25 LF=0.0674 MOS=0.0000 BalleBpp=0.561 total=0.1797 gnorm=0.537 scaler=-0.0256 | [diag q32] base PSNR=34.21@0.745 model PSNR=30.17@0.650 (16s)
ep 16/25 LF=0.0635 MOS=0.0000 BalleBpp=0.560 total=0.1755 gnorm=0.460 scaler=-0.0261 | [diag q32] base PSNR=34.21@0.745 model PSNR=28.94@0.617 (16s)
ep 17/25 LF=0.0617 MOS=0.0000 BalleBpp=0.561 total=0.1739 gnorm=0.490 scaler=-0.0266 | [diag q32] base PSNR=34.21@0.745 model PSNR=28.50@0.553 (16s)
ep 18/25 LF=0.0613 MOS=0.0000 BalleBpp=0.559 total=0.1731 gnorm=0.427 scaler=-0.0270 | [diag q32] base PSNR=34.21@0.745 model PSNR=28.38@0.544 (16s)
ep 19/25 LF=0.0653 MOS=0.0000 BalleBpp=0.538 total=0.1730 gnorm=0.284 scaler=-0.0274 | [diag q32] base PSNR=34.21@0.745 model PSNR=28.61@0.597 (16s)
ep 20/25 LF=0.0617 MOS=0.0000 BalleBpp=0.562 total=0.1741 gnorm=0.440 scaler=-0.0278 | [diag q32] base PSNR=34.21@0.745 model PSNR=27.78@0.525 (16s)
ep 21/25 LF=0.0630 MOS=0.0000 BalleBpp=0.573 total=0.1775 gnorm=0.592 scaler=-0.0272 | [diag q32] base PSNR=34.21@0.745 model PSNR=29.65@0.589 (16s)
ep 22/25 LF=0.0620 MOS=0.0000 BalleBpp=0.566 total=0.1753 gnorm=0.529 scaler=-0.0285 | [diag q32] base PSNR=34.21@0.745 model PSNR=29.02@0.665 (16s)
ep 23/25 LF=0.0682 MOS=0.0000 BalleBpp=0.543 total=0.1767 gnorm=0.328 scaler=-0.0293 | [diag q32] base PSNR=34.21@0.745 model PSNR=29.12@0.736 (16s)
ep 24/25 LF=0.0620 MOS=0.0000 BalleBpp=0.566 total=0.1753 gnorm=0.473 scaler=-0.0293 | [diag q32] base PSNR=34.21@0.745 model PSNR=27.88@0.534 (16s)
[balle] done -> dpp/runs/frz_g0_l20/model.pt
