[balle] Balle-rate DPP: gamma=0.0 lam=0.8 perceptual=nima-koniq ch=64 ep=25
/workspace/sandwiched_compression/dpp/train_balle.py:106: UserWarning: Converting a tensor with requires_grad=True to a scalar may lead to unexpected behavior.
Consider using tensor.detach() first. (Triggered internally at /pytorch/torch/csrc/autograd/generated/python_variable_methods.cpp:835.)
  acc["LF"] += float(LF); acc["MOS"] += float(mos_val); acc["bpp"] += float(bpp); acc["total"] += float(total)
ep  0/25 LF=0.0693 MOS=0.0000 BalleBpp=0.598 total=0.5473 gnorm=3.278 scaler=0.0128 | [diag q32] base PSNR=34.21@0.745 model PSNR=30.11@0.560 (17s)
ep  1/25 LF=0.0747 MOS=0.0000 BalleBpp=0.499 total=0.4736 gnorm=3.782 scaler=0.0139 | [diag q32] base PSNR=34.21@0.745 model PSNR=29.14@0.543 (16s)
ep  2/25 LF=0.0744 MOS=0.0000 BalleBpp=0.495 total=0.4702 gnorm=4.274 scaler=0.0148 | [diag q32] base PSNR=34.21@0.745 model PSNR=27.36@0.472 (16s)
ep  3/25 LF=0.0736 MOS=0.0000 BalleBpp=0.492 total=0.4669 gnorm=3.894 scaler=0.0150 | [diag q32] base PSNR=34.21@0.745 model PSNR=28.40@0.515 (16s)
ep  4/25 LF=0.0756 MOS=0.0000 BalleBpp=0.485 total=0.4635 gnorm=3.874 scaler=0.0158 | [diag q32] base PSNR=34.21@0.745 model PSNR=25.75@0.441 (16s)
ep  5/25 LF=0.0745 MOS=0.0000 BalleBpp=0.523 total=0.4932 gnorm=4.550 scaler=0.0191 | [diag q32] base PSNR=34.21@0.745 model PSNR=25.13@0.429 (16s)
ep  6/25 LF=0.0733 MOS=0.0000 BalleBpp=0.501 total=0.4739 gnorm=3.992 scaler=0.0193 | [diag q32] base PSNR=34.21@0.745 model PSNR=27.34@0.484 (16s)
ep  7/25 LF=0.0753 MOS=0.0000 BalleBpp=0.483 total=0.4620 gnorm=2.967 scaler=0.0200 | [diag q32] base PSNR=34.21@0.745 model PSNR=24.48@0.408 (16s)
ep  8/25 LF=0.0799 MOS=0.0000 BalleBpp=0.482 total=0.4656 gnorm=3.106 scaler=0.0204 | [diag q32] base PSNR=34.21@0.745 model PSNR=25.84@0.447 (16s)
ep  9/25 LF=0.0742 MOS=0.0000 BalleBpp=0.496 total=0.4712 gnorm=3.168 scaler=0.0210 | [diag q32] base PSNR=34.21@0.745 model PSNR=27.23@0.496 (16s)
ep 10/25 LF=0.0756 MOS=0.0000 BalleBpp=0.505 total=0.4792 gnorm=4.014 scaler=0.0208 | [diag q32] base PSNR=34.21@0.745 model PSNR=28.51@0.528 (16s)
ep 11/25 LF=0.0754 MOS=0.0000 BalleBpp=0.505 total=0.4793 gnorm=3.372 scaler=0.0221 | [diag q32] base PSNR=34.21@0.745 model PSNR=26.43@0.464 (16s)
ep 12/25 LF=0.0779 MOS=0.0000 BalleBpp=0.486 total=0.4668 gnorm=3.027 scaler=0.0231 | [diag q32] base PSNR=34.21@0.745 model PSNR=26.18@0.460 (16s)
ep 13/25 LF=0.0787 MOS=0.0000 BalleBpp=0.479 total=0.4616 gnorm=2.252 scaler=0.0233 | [diag q32] base PSNR=34.21@0.745 model PSNR=26.59@0.510 (16s)
ep 14/25 LF=0.0786 MOS=0.0000 BalleBpp=0.481 total=0.4636 gnorm=2.189 scaler=0.0242 | [diag q32] base PSNR=34.21@0.745 model PSNR=27.14@0.543 (16s)
ep 15/25 LF=0.0823 MOS=0.0000 BalleBpp=0.487 total=0.4720 gnorm=2.902 scaler=0.0248 | [diag q32] base PSNR=34.21@0.745 model PSNR=26.25@0.508 (16s)
ep 16/25 LF=0.0808 MOS=0.0000 BalleBpp=0.484 total=0.4680 gnorm=2.444 scaler=0.0248 | [diag q32] base PSNR=34.21@0.745 model PSNR=26.28@0.466 (16s)
ep 17/25 LF=0.0788 MOS=0.0000 BalleBpp=0.498 total=0.4769 gnorm=2.891 scaler=0.0255 | [diag q32] base PSNR=34.21@0.745 model PSNR=26.13@0.475 (16s)
ep 18/25 LF=0.0767 MOS=0.0000 BalleBpp=0.485 total=0.4647 gnorm=2.514 scaler=0.0256 | [diag q32] base PSNR=34.21@0.745 model PSNR=26.30@0.465 (16s)
ep 19/25 LF=0.0785 MOS=0.0000 BalleBpp=0.476 total=0.4592 gnorm=1.874 scaler=0.0263 | [diag q32] base PSNR=34.21@0.745 model PSNR=25.75@0.457 (16s)
ep 20/25 LF=0.0774 MOS=0.0000 BalleBpp=0.484 total=0.4650 gnorm=2.323 scaler=0.0265 | [diag q32] base PSNR=34.21@0.745 model PSNR=24.82@0.418 (16s)
ep 21/25 LF=0.0797 MOS=0.0000 BalleBpp=0.495 total=0.4760 gnorm=2.985 scaler=0.0262 | [diag q32] base PSNR=34.21@0.745 model PSNR=26.46@0.473 (16s)
ep 22/25 LF=0.0776 MOS=0.0000 BalleBpp=0.495 total=0.4737 gnorm=3.524 scaler=0.0272 | [diag q32] base PSNR=34.21@0.745 model PSNR=26.77@0.535 (16s)
ep 23/25 LF=0.0814 MOS=0.0000 BalleBpp=0.475 total=0.4616 gnorm=1.573 scaler=0.0276 | [diag q32] base PSNR=34.21@0.745 model PSNR=26.55@0.552 (16s)
ep 24/25 LF=0.0793 MOS=0.0000 BalleBpp=0.495 total=0.4750 gnorm=2.399 scaler=0.0275 | [diag q32] base PSNR=34.21@0.745 model PSNR=25.37@0.420 (16s)
[balle] done -> dpp/runs/frz_g0_l80/model.pt
