[balle] Balle-rate DPP: gamma=0.0 lam=0.4 perceptual=nima-koniq ch=64 ep=25
/workspace/sandwiched_compression/dpp/train_balle.py:106: UserWarning: Converting a tensor with requires_grad=True to a scalar may lead to unexpected behavior.
Consider using tensor.detach() first. (Triggered internally at /pytorch/torch/csrc/autograd/generated/python_variable_methods.cpp:835.)
  acc["LF"] += float(LF); acc["MOS"] += float(mos_val); acc["bpp"] += float(bpp); acc["total"] += float(total)
ep  0/25 LF=0.0641 MOS=0.0000 BalleBpp=0.620 total=0.3122 gnorm=1.463 scaler=-0.0107 | [diag q32] base PSNR=34.21@0.745 model PSNR=31.85@0.616 (17s)
ep  1/25 LF=0.0660 MOS=0.0000 BalleBpp=0.532 total=0.2787 gnorm=2.043 scaler=-0.0121 | [diag q32] base PSNR=34.21@0.745 model PSNR=31.07@0.594 (16s)
ep  2/25 LF=0.0642 MOS=0.0000 BalleBpp=0.543 total=0.2813 gnorm=2.417 scaler=-0.0131 | [diag q32] base PSNR=34.21@0.745 model PSNR=29.51@0.538 (16s)
ep  3/25 LF=0.0663 MOS=0.0000 BalleBpp=0.526 total=0.2765 gnorm=2.100 scaler=-0.0134 | [diag q32] base PSNR=34.21@0.745 model PSNR=30.37@0.579 (16s)
ep  4/25 LF=0.0672 MOS=0.0000 BalleBpp=0.522 total=0.2760 gnorm=1.625 scaler=-0.0145 | [diag q32] base PSNR=34.21@0.745 model PSNR=27.33@0.514 (16s)
ep  5/25 LF=0.0623 MOS=0.0000 BalleBpp=0.544 total=0.2798 gnorm=1.999 scaler=-0.0159 | [diag q32] base PSNR=34.21@0.745 model PSNR=26.99@0.485 (16s)
ep  6/25 LF=0.0635 MOS=0.0000 BalleBpp=0.541 total=0.2800 gnorm=2.063 scaler=-0.0166 | [diag q32] base PSNR=34.21@0.745 model PSNR=28.36@0.532 (16s)
ep  7/25 LF=0.0655 MOS=0.0000 BalleBpp=0.522 total=0.2742 gnorm=1.398 scaler=-0.0176 | [diag q32] base PSNR=34.21@0.745 model PSNR=25.66@0.459 (16s)
ep  8/25 LF=0.0729 MOS=0.0000 BalleBpp=0.516 total=0.2794 gnorm=1.863 scaler=-0.0179 | [diag q32] base PSNR=34.21@0.745 model PSNR=29.68@0.573 (16s)
ep  9/25 LF=0.0662 MOS=0.0000 BalleBpp=0.531 total=0.2787 gnorm=1.625 scaler=-0.0191 | [diag q32] base PSNR=34.21@0.745 model PSNR=28.97@0.568 (16s)
ep 10/25 LF=0.0642 MOS=0.0000 BalleBpp=0.551 total=0.2846 gnorm=1.840 scaler=-0.0195 | [diag q32] base PSNR=34.21@0.745 model PSNR=28.04@0.514 (16s)
ep 11/25 LF=0.0687 MOS=0.0000 BalleBpp=0.534 total=0.2822 gnorm=1.408 scaler=-0.0205 | [diag q32] base PSNR=34.21@0.745 model PSNR=26.88@0.473 (16s)
ep 12/25 LF=0.0691 MOS=0.0000 BalleBpp=0.520 total=0.2771 gnorm=1.432 scaler=-0.0210 | [diag q32] base PSNR=34.21@0.745 model PSNR=27.23@0.496 (16s)
ep 13/25 LF=0.0701 MOS=0.0000 BalleBpp=0.516 total=0.2765 gnorm=1.093 scaler=-0.0215 | [diag q32] base PSNR=34.21@0.745 model PSNR=27.49@0.540 (16s)
ep 14/25 LF=0.0695 MOS=0.0000 BalleBpp=0.511 total=0.2741 gnorm=1.065 scaler=-0.0218 | [diag q32] base PSNR=34.21@0.745 model PSNR=28.52@0.617 (16s)
ep 15/25 LF=0.0712 MOS=0.0000 BalleBpp=0.521 total=0.2795 gnorm=1.312 scaler=-0.0224 | [diag q32] base PSNR=34.21@0.745 model PSNR=27.84@0.553 (16s)
ep 16/25 LF=0.0691 MOS=0.0000 BalleBpp=0.516 total=0.2756 gnorm=1.208 scaler=-0.0228 | [diag q32] base PSNR=34.21@0.745 model PSNR=27.68@0.549 (16s)
ep 17/25 LF=0.0671 MOS=0.0000 BalleBpp=0.531 total=0.2794 gnorm=1.228 scaler=-0.0233 | [diag q32] base PSNR=34.21@0.745 model PSNR=27.22@0.523 (16s)
ep 18/25 LF=0.0673 MOS=0.0000 BalleBpp=0.520 total=0.2753 gnorm=1.074 scaler=-0.0232 | [diag q32] base PSNR=34.21@0.745 model PSNR=27.31@0.490 (16s)
ep 19/25 LF=0.0691 MOS=0.0000 BalleBpp=0.507 total=0.2720 gnorm=0.963 scaler=-0.0236 | [diag q32] base PSNR=34.21@0.745 model PSNR=26.89@0.503 (16s)
ep 20/25 LF=0.0671 MOS=0.0000 BalleBpp=0.521 total=0.2753 gnorm=1.106 scaler=-0.0244 | [diag q32] base PSNR=34.21@0.745 model PSNR=26.08@0.477 (16s)
ep 21/25 LF=0.0689 MOS=0.0000 BalleBpp=0.536 total=0.2832 gnorm=1.494 scaler=-0.0237 | [diag q32] base PSNR=34.21@0.745 model PSNR=28.53@0.569 (16s)
ep 22/25 LF=0.0660 MOS=0.0000 BalleBpp=0.528 total=0.2770 gnorm=1.525 scaler=-0.0246 | [diag q32] base PSNR=34.21@0.745 model PSNR=27.98@0.573 (16s)
ep 23/25 LF=0.0727 MOS=0.0000 BalleBpp=0.498 total=0.2719 gnorm=0.648 scaler=-0.0251 | [diag q32] base PSNR=34.21@0.745 model PSNR=27.78@0.620 (16s)
ep 24/25 LF=0.0670 MOS=0.0000 BalleBpp=0.527 total=0.2779 gnorm=1.145 scaler=-0.0251 | [diag q32] base PSNR=34.21@0.745 model PSNR=26.92@0.498 (16s)
[balle] done -> dpp/runs/frz_g0_l40/model.pt
