Warning: You are sending unauthenticated requests to the HF Hub. Please set a HF_TOKEN to enable higher rate limits and faster downloads.
Loading pretrained model NIMA from /root/.cache/torch/hub/pyiqa/NIMA_koniq-250367ae.pth
[balle] Balle-rate DPP: gamma=0.01 lam=0.02 perceptual=nima-koniq ch=64 ep=80
/workspace/sandwiched_compression/dpp/train_balle.py:97: UserWarning: Converting a tensor with requires_grad=True to a scalar may lead to unexpected behavior.
Consider using tensor.detach() first. (Triggered internally at /pytorch/torch/csrc/autograd/generated/python_variable_methods.cpp:835.)
  acc["LF"] += float(LF); acc["MOS"] += float(mos_val); acc["bpp"] += float(bpp); acc["total"] += float(total)
ep  0/80 LF=0.0298 MOS=0.3684 BalleBpp=5.283 total=0.1318 gnorm=0.190 scaler=0.0094 | [diag q32] base PSNR=34.21@0.745 model PSNR=31.99@0.874 (38s)
ep  1/80 LF=0.0308 MOS=0.3735 BalleBpp=5.000 total=0.1271 gnorm=0.367 scaler=0.0113 | [diag q32] base PSNR=34.21@0.745 model PSNR=32.67@0.892 (37s)
ep  2/80 LF=0.0314 MOS=0.3781 BalleBpp=4.730 total=0.1222 gnorm=0.526 scaler=0.0114 | [diag q32] base PSNR=34.21@0.745 model PSNR=33.60@0.834 (37s)
ep  3/80 LF=0.0324 MOS=0.3812 BalleBpp=4.469 total=0.1180 gnorm=0.537 scaler=0.0128 | [diag q32] base PSNR=34.21@0.745 model PSNR=32.33@0.934 (37s)
ep  4/80 LF=0.0341 MOS=0.3839 BalleBpp=4.216 total=0.1146 gnorm=0.639 scaler=0.0129 | [diag q32] base PSNR=34.21@0.745 model PSNR=33.06@0.882 (37s)
ep  5/80 LF=0.0304 MOS=0.3803 BalleBpp=3.979 total=0.1061 gnorm=0.522 scaler=0.0130 | [diag q32] base PSNR=34.21@0.745 model PSNR=33.58@0.842 (37s)
ep  6/80 LF=0.0306 MOS=0.3831 BalleBpp=3.742 total=0.1016 gnorm=0.524 scaler=0.0134 | [diag q32] base PSNR=34.21@0.745 model PSNR=32.98@0.897 (37s)
ep  7/80 LF=0.0324 MOS=0.3866 BalleBpp=3.514 total=0.0988 gnorm=0.563 scaler=0.0138 | [diag q32] base PSNR=34.21@0.745 model PSNR=33.81@0.813 (37s)
ep  8/80 LF=0.0358 MOS=0.3902 BalleBpp=3.295 total=0.0978 gnorm=0.652 scaler=0.0148 | [diag q32] base PSNR=34.21@0.745 model PSNR=32.99@0.901 (37s)
ep  9/80 LF=0.0323 MOS=0.3881 BalleBpp=3.100 total=0.0905 gnorm=0.535 scaler=0.0148 | [diag q32] base PSNR=34.21@0.745 model PSNR=32.27@0.968 (37s)
ep 10/80 LF=0.0310 MOS=0.3865 BalleBpp=2.916 total=0.0854 gnorm=0.545 scaler=0.0147 | [diag q32] base PSNR=34.21@0.745 model PSNR=33.13@0.890 (37s)
ep 11/80 LF=0.0363 MOS=0.3922 BalleBpp=2.737 total=0.0871 gnorm=0.692 scaler=0.0149 | [diag q32] base PSNR=34.21@0.745 model PSNR=33.47@0.855 (37s)
ep 12/80 LF=0.0339 MOS=0.3904 BalleBpp=2.567 total=0.0813 gnorm=0.576 scaler=0.0154 | [diag q32] base PSNR=34.21@0.745 model PSNR=32.48@0.951 (37s)
ep 13/80 LF=0.0365 MOS=0.3947 BalleBpp=2.399 total=0.0805 gnorm=0.619 scaler=0.0159 | [diag q32] base PSNR=34.21@0.745 model PSNR=31.79@1.016 (37s)
ep 14/80 LF=0.0343 MOS=0.3937 BalleBpp=2.263 total=0.0756 gnorm=0.580 scaler=0.0164 | [diag q32] base PSNR=34.21@0.745 model PSNR=30.70@1.114 (37s)
ep 15/80 LF=0.0361 MOS=0.3949 BalleBpp=2.138 total=0.0750 gnorm=0.630 scaler=0.0167 | [diag q32] base PSNR=34.21@0.745 model PSNR=31.40@1.046 (37s)
ep 16/80 LF=0.0339 MOS=0.3883 BalleBpp=2.032 total=0.0707 gnorm=0.567 scaler=0.0163 | [diag q32] base PSNR=34.21@0.745 model PSNR=32.08@0.994 (37s)
ep 17/80 LF=0.0319 MOS=0.3869 BalleBpp=1.935 total=0.0667 gnorm=0.559 scaler=0.0156 | [diag q32] base PSNR=34.21@0.745 model PSNR=33.22@0.880 (37s)
ep 18/80 LF=0.0310 MOS=0.3864 BalleBpp=1.846 total=0.0641 gnorm=0.530 scaler=0.0151 | [diag q32] base PSNR=34.21@0.745 model PSNR=33.70@0.818 (37s)
ep 19/80 LF=0.0334 MOS=0.3919 BalleBpp=1.756 total=0.0646 gnorm=0.527 scaler=0.0159 | [diag q32] base PSNR=34.21@0.745 model PSNR=33.04@0.881 (37s)
ep 20/80 LF=0.0312 MOS=0.3865 BalleBpp=1.708 total=0.0615 gnorm=0.520 scaler=0.0158 | [diag q32] base PSNR=34.21@0.745 model PSNR=33.63@0.801 (37s)
ep 21/80 LF=0.0312 MOS=0.3800 BalleBpp=1.662 total=0.0606 gnorm=0.518 scaler=0.0156 | [diag q32] base PSNR=34.21@0.745 model PSNR=33.18@0.877 (37s)
ep 22/80 LF=0.0291 MOS=0.3784 BalleBpp=1.612 total=0.0575 gnorm=0.466 scaler=0.0161 | [diag q32] base PSNR=34.21@0.745 model PSNR=32.53@0.924 (37s)
ep 23/80 LF=0.0358 MOS=0.3879 BalleBpp=1.547 total=0.0629 gnorm=0.621 scaler=0.0172 | [diag q32] base PSNR=34.21@0.745 model PSNR=30.53@1.112 (37s)
ep 24/80 LF=0.0318 MOS=0.3808 BalleBpp=1.548 total=0.0590 gnorm=0.629 scaler=0.0160 | [diag q32] base PSNR=34.21@0.745 model PSNR=33.38@0.832 (37s)
ep 25/80 LF=0.0307 MOS=0.3785 BalleBpp=1.516 total=0.0572 gnorm=0.512 scaler=0.0163 | [diag q32] base PSNR=34.21@0.745 model PSNR=33.07@0.866 (37s)
ep 26/80 LF=0.0319 MOS=0.3757 BalleBpp=1.516 total=0.0584 gnorm=0.611 scaler=0.0159 | [diag q32] base PSNR=34.21@0.745 model PSNR=33.46@0.785 (37s)
ep 27/80 LF=0.0295 MOS=0.3717 BalleBpp=1.479 total=0.0554 gnorm=0.472 scaler=0.0169 | [diag q32] base PSNR=34.21@0.745 model PSNR=32.06@0.959 (37s)
ep 28/80 LF=0.0342 MOS=0.3848 BalleBpp=1.432 total=0.0590 gnorm=0.583 scaler=0.0164 | [diag q32] base PSNR=34.21@0.745 model PSNR=33.10@0.829 (37s)
ep 29/80 LF=0.0365 MOS=0.3859 BalleBpp=1.420 total=0.0610 gnorm=0.633 scaler=0.0170 | [diag q32] base PSNR=34.21@0.745 model PSNR=32.95@0.863 (37s)
ep 30/80 LF=0.0347 MOS=0.3805 BalleBpp=1.408 total=0.0591 gnorm=0.569 scaler=0.0173 | [diag q32] base PSNR=34.21@0.745 model PSNR=32.45@0.881 (37s)
ep 31/80 LF=0.0333 MOS=0.3781 BalleBpp=1.394 total=0.0574 gnorm=0.517 scaler=0.0177 | [diag q32] base PSNR=34.21@0.745 model PSNR=31.92@0.971 (37s)
ep 32/80 LF=0.0328 MOS=0.3792 BalleBpp=1.391 total=0.0568 gnorm=0.521 scaler=0.0176 | [diag q32] base PSNR=34.21@0.745 model PSNR=32.12@0.932 (37s)
ep 33/80 LF=0.0299 MOS=0.3700 BalleBpp=1.421 total=0.0546 gnorm=0.456 scaler=0.0176 | [diag q32] base PSNR=34.21@0.745 model PSNR=32.38@0.909 (37s)
ep 34/80 LF=0.0346 MOS=0.3732 BalleBpp=1.381 total=0.0585 gnorm=0.543 scaler=0.0176 | [diag q32] base PSNR=34.21@0.745 model PSNR=32.51@0.859 (37s)
ep 35/80 LF=0.0327 MOS=0.3709 BalleBpp=1.382 total=0.0566 gnorm=0.541 scaler=0.0171 | [diag q32] base PSNR=34.21@0.745 model PSNR=33.18@0.825 (37s)
ep 36/80 LF=0.0329 MOS=0.3700 BalleBpp=1.413 total=0.0575 gnorm=0.550 scaler=0.0170 | [diag q32] base PSNR=34.21@0.745 model PSNR=33.10@0.788 (37s)
ep 37/80 LF=0.0321 MOS=0.3680 BalleBpp=1.406 total=0.0565 gnorm=0.515 scaler=0.0175 | [diag q32] base PSNR=34.21@0.745 model PSNR=32.86@0.856 (37s)
ep 38/80 LF=0.0327 MOS=0.3717 BalleBpp=1.349 total=0.0560 gnorm=0.429 scaler=0.0182 | [diag q32] base PSNR=34.21@0.745 model PSNR=32.27@0.887 (37s)
ep 39/80 LF=0.0314 MOS=0.3708 BalleBpp=1.385 total=0.0554 gnorm=0.488 scaler=0.0181 | [diag q32] base PSNR=34.21@0.745 model PSNR=32.76@0.859 (37s)
ep 40/80 LF=0.0351 MOS=0.3795 BalleBpp=1.342 total=0.0582 gnorm=0.527 scaler=0.0178 | [diag q32] base PSNR=34.21@0.745 model PSNR=32.89@0.819 (37s)
ep 41/80 LF=0.0332 MOS=0.3684 BalleBpp=1.380 total=0.0571 gnorm=0.533 scaler=0.0183 | [diag q32] base PSNR=34.21@0.745 model PSNR=32.62@0.859 (37s)
ep 42/80 LF=0.0320 MOS=0.3713 BalleBpp=1.374 total=0.0558 gnorm=0.466 scaler=0.0178 | [diag q32] base PSNR=34.21@0.745 model PSNR=32.84@0.814 (37s)
ep 43/80 LF=0.0337 MOS=0.3701 BalleBpp=1.362 total=0.0572 gnorm=0.526 scaler=0.0186 | [diag q32] base PSNR=34.21@0.745 model PSNR=32.30@0.874 (37s)
ep 44/80 LF=0.0321 MOS=0.3699 BalleBpp=1.371 total=0.0558 gnorm=0.453 scaler=0.0182 | [diag q32] base PSNR=34.21@0.745 model PSNR=32.79@0.842 (37s)
ep 45/80 LF=0.0352 MOS=0.3749 BalleBpp=1.361 total=0.0587 gnorm=0.521 scaler=0.0187 | [diag q32] base PSNR=34.21@0.745 model PSNR=32.47@0.845 (37s)
ep 46/80 LF=0.0333 MOS=0.3720 BalleBpp=1.379 total=0.0571 gnorm=0.524 scaler=0.0187 | [diag q32] base PSNR=34.21@0.745 model PSNR=32.63@0.872 (37s)
ep 47/80 LF=0.0294 MOS=0.3647 BalleBpp=1.398 total=0.0537 gnorm=0.388 scaler=0.0176 | [diag q32] base PSNR=34.21@0.745 model PSNR=33.18@0.795 (37s)
ep 48/80 LF=0.0320 MOS=0.3687 BalleBpp=1.369 total=0.0557 gnorm=0.469 scaler=0.0181 | [diag q32] base PSNR=34.21@0.745 model PSNR=32.80@0.790 (37s)
ep 49/80 LF=0.0316 MOS=0.3674 BalleBpp=1.381 total=0.0556 gnorm=0.461 scaler=0.0184 | [diag q32] base PSNR=34.21@0.745 model PSNR=32.60@0.833 (37s)
ep 50/80 LF=0.0295 MOS=0.3615 BalleBpp=1.408 total=0.0540 gnorm=0.410 scaler=0.0170 | [diag q32] base PSNR=34.21@0.745 model PSNR=32.97@0.720 (37s)
ep 51/80 LF=0.0327 MOS=0.3671 BalleBpp=1.345 total=0.0559 gnorm=0.461 scaler=0.0178 | [diag q32] base PSNR=34.21@0.745 model PSNR=33.04@0.778 (37s)
ep 52/80 LF=0.0315 MOS=0.3712 BalleBpp=1.359 total=0.0550 gnorm=0.409 scaler=0.0191 | [diag q32] base PSNR=34.21@0.745 model PSNR=32.28@0.872 (37s)
ep 53/80 LF=0.0322 MOS=0.3721 BalleBpp=1.362 total=0.0557 gnorm=0.475 scaler=0.0182 | [diag q32] base PSNR=34.21@0.745 model PSNR=33.00@0.780 (37s)
ep 54/80 LF=0.0299 MOS=0.3630 BalleBpp=1.386 total=0.0540 gnorm=0.429 scaler=0.0181 | [diag q32] base PSNR=34.21@0.745 model PSNR=33.01@0.783 (37s)
ep 55/80 LF=0.0315 MOS=0.3663 BalleBpp=1.350 total=0.0548 gnorm=0.404 scaler=0.0196 | [diag q32] base PSNR=34.21@0.745 model PSNR=32.08@0.893 (37s)
ep 56/80 LF=0.0323 MOS=0.3685 BalleBpp=1.399 total=0.0566 gnorm=0.480 scaler=0.0194 | [diag q32] base PSNR=34.21@0.745 model PSNR=32.34@0.870 (37s)
ep 57/80 LF=0.0327 MOS=0.3697 BalleBpp=1.357 total=0.0561 gnorm=0.455 scaler=0.0193 | [diag q32] base PSNR=34.21@0.745 model PSNR=32.56@0.857 (37s)
ep 58/80 LF=0.0377 MOS=0.3810 BalleBpp=1.345 total=0.0608 gnorm=0.573 scaler=0.0195 | [diag q32] base PSNR=34.21@0.745 model PSNR=32.61@0.818 (37s)
ep 59/80 LF=0.0309 MOS=0.3667 BalleBpp=1.380 total=0.0549 gnorm=0.420 scaler=0.0189 | [diag q32] base PSNR=34.21@0.745 model PSNR=32.96@0.811 (37s)
ep 60/80 LF=0.0308 MOS=0.3686 BalleBpp=1.348 total=0.0541 gnorm=0.409 scaler=0.0195 | [diag q32] base PSNR=34.21@0.745 model PSNR=32.62@0.851 (37s)
ep 61/80 LF=0.0350 MOS=0.3766 BalleBpp=1.324 total=0.0577 gnorm=0.504 scaler=0.0202 | [diag q32] base PSNR=34.21@0.745 model PSNR=32.03@0.911 (37s)
ep 62/80 LF=0.0325 MOS=0.3667 BalleBpp=1.367 total=0.0561 gnorm=0.445 scaler=0.0197 | [diag q32] base PSNR=34.21@0.745 model PSNR=32.52@0.856 (37s)
ep 63/80 LF=0.0317 MOS=0.3677 BalleBpp=1.355 total=0.0551 gnorm=0.408 scaler=0.0199 | [diag q32] base PSNR=34.21@0.745 model PSNR=32.22@0.874 (37s)
ep 64/80 LF=0.0315 MOS=0.3663 BalleBpp=1.378 total=0.0554 gnorm=0.446 scaler=0.0195 | [diag q32] base PSNR=34.21@0.745 model PSNR=32.71@0.804 (37s)
ep 65/80 LF=0.0305 MOS=0.3652 BalleBpp=1.380 total=0.0544 gnorm=0.408 scaler=0.0193 | [diag q32] base PSNR=34.21@0.745 model PSNR=32.73@0.770 (37s)
ep 66/80 LF=0.0303 MOS=0.3642 BalleBpp=1.362 total=0.0539 gnorm=0.344 scaler=0.0200 | [diag q32] base PSNR=34.21@0.745 model PSNR=32.41@0.844 (37s)
ep 67/80 LF=0.0317 MOS=0.3660 BalleBpp=1.371 total=0.0554 gnorm=0.426 scaler=0.0194 | [diag q32] base PSNR=34.21@0.745 model PSNR=32.81@0.801 (37s)
ep 68/80 LF=0.0324 MOS=0.3696 BalleBpp=1.361 total=0.0559 gnorm=0.466 scaler=0.0193 | [diag q32] base PSNR=34.21@0.745 model PSNR=32.98@0.781 (37s)
ep 69/80 LF=0.0315 MOS=0.3689 BalleBpp=1.356 total=0.0549 gnorm=0.398 scaler=0.0191 | [diag q32] base PSNR=34.21@0.745 model PSNR=32.99@0.770 (37s)
ep 70/80 LF=0.0310 MOS=0.3673 BalleBpp=1.357 total=0.0545 gnorm=0.385 scaler=0.0198 | [diag q32] base PSNR=34.21@0.745 model PSNR=32.70@0.791 (37s)
ep 71/80 LF=0.0296 MOS=0.3608 BalleBpp=1.387 total=0.0537 gnorm=0.377 scaler=0.0200 | [diag q32] base PSNR=34.21@0.745 model PSNR=32.61@0.823 (37s)
ep 72/80 LF=0.0298 MOS=0.3645 BalleBpp=1.368 total=0.0535 gnorm=0.369 scaler=0.0200 | [diag q32] base PSNR=34.21@0.745 model PSNR=32.64@0.810 (37s)
ep 73/80 LF=0.0326 MOS=0.3751 BalleBpp=1.345 total=0.0558 gnorm=0.443 scaler=0.0202 | [diag q32] base PSNR=34.21@0.745 model PSNR=32.60@0.800 (37s)
ep 74/80 LF=0.0352 MOS=0.3758 BalleBpp=1.347 total=0.0584 gnorm=0.474 scaler=0.0207 | [diag q32] base PSNR=34.21@0.745 model PSNR=32.36@0.848 (37s)
ep 75/80 LF=0.0344 MOS=0.3721 BalleBpp=1.357 total=0.0579 gnorm=0.448 scaler=0.0209 | [diag q32] base PSNR=34.21@0.745 model PSNR=32.37@0.857 (37s)
ep 76/80 LF=0.0344 MOS=0.3704 BalleBpp=1.367 total=0.0580 gnorm=0.504 scaler=0.0194 | [diag q32] base PSNR=34.21@0.745 model PSNR=33.27@0.778 (37s)
ep 77/80 LF=0.0323 MOS=0.3693 BalleBpp=1.363 total=0.0558 gnorm=0.435 scaler=0.0199 | [diag q32] base PSNR=34.21@0.745 model PSNR=33.04@0.795 (37s)
ep 78/80 LF=0.0347 MOS=0.3695 BalleBpp=1.353 total=0.0581 gnorm=0.502 scaler=0.0205 | [diag q32] base PSNR=34.21@0.745 model PSNR=32.76@0.835 (37s)
ep 79/80 LF=0.0350 MOS=0.3788 BalleBpp=1.301 total=0.0572 gnorm=0.420 scaler=0.0224 | [diag q32] base PSNR=34.21@0.745 model PSNR=30.71@1.027 (37s)
[balle] done -> dpp/runs/push_l02_g01/model.pt
