[balle] Balle-rate DPP: gamma=0.0 lam=0.02 perceptual=nima-koniq ch=64 ep=80
/workspace/sandwiched_compression/dpp/train_balle.py:97: UserWarning: Converting a tensor with requires_grad=True to a scalar may lead to unexpected behavior.
Consider using tensor.detach() first. (Triggered internally at /pytorch/torch/csrc/autograd/generated/python_variable_methods.cpp:835.)
  acc["LF"] += float(LF); acc["MOS"] += float(mos_val); acc["bpp"] += float(bpp); acc["total"] += float(total)
ep  0/80 LF=0.0297 MOS=0.0000 BalleBpp=5.257 total=0.1349 gnorm=0.166 scaler=0.0098 | [diag q32] base PSNR=34.21@0.745 model PSNR=32.27@0.858 (17s)
ep  1/80 LF=0.0306 MOS=0.0000 BalleBpp=4.980 total=0.1302 gnorm=0.319 scaler=0.0116 | [diag q32] base PSNR=34.21@0.745 model PSNR=32.95@0.870 (16s)
ep  2/80 LF=0.0307 MOS=0.0000 BalleBpp=4.715 total=0.1250 gnorm=0.438 scaler=0.0120 | [diag q32] base PSNR=34.21@0.745 model PSNR=33.32@0.854 (16s)
ep  3/80 LF=0.0323 MOS=0.0000 BalleBpp=4.456 total=0.1215 gnorm=0.510 scaler=0.0129 | [diag q32] base PSNR=34.21@0.745 model PSNR=32.61@0.908 (16s)
ep  4/80 LF=0.0336 MOS=0.0000 BalleBpp=4.208 total=0.1177 gnorm=0.592 scaler=0.0133 | [diag q32] base PSNR=34.21@0.745 model PSNR=33.36@0.853 (16s)
ep  5/80 LF=0.0298 MOS=0.0000 BalleBpp=3.973 total=0.1092 gnorm=0.491 scaler=0.0134 | [diag q32] base PSNR=34.21@0.745 model PSNR=33.79@0.812 (16s)
ep  6/80 LF=0.0300 MOS=0.0000 BalleBpp=3.735 total=0.1047 gnorm=0.485 scaler=0.0138 | [diag q32] base PSNR=34.21@0.745 model PSNR=33.45@0.849 (16s)
ep  7/80 LF=0.0320 MOS=0.0000 BalleBpp=3.508 total=0.1021 gnorm=0.523 scaler=0.0145 | [diag q32] base PSNR=34.21@0.745 model PSNR=33.73@0.821 (16s)
ep  8/80 LF=0.0361 MOS=0.0000 BalleBpp=3.290 total=0.1019 gnorm=0.626 scaler=0.0148 | [diag q32] base PSNR=34.21@0.745 model PSNR=33.21@0.879 (16s)
ep  9/80 LF=0.0322 MOS=0.0000 BalleBpp=3.095 total=0.0941 gnorm=0.518 scaler=0.0149 | [diag q32] base PSNR=34.21@0.745 model PSNR=32.24@0.967 (16s)
ep 10/80 LF=0.0306 MOS=0.0000 BalleBpp=2.912 total=0.0888 gnorm=0.516 scaler=0.0149 | [diag q32] base PSNR=34.21@0.745 model PSNR=33.06@0.893 (16s)
ep 11/80 LF=0.0353 MOS=0.0000 BalleBpp=2.731 total=0.0899 gnorm=0.663 scaler=0.0148 | [diag q32] base PSNR=34.21@0.745 model PSNR=33.64@0.828 (16s)
ep 12/80 LF=0.0334 MOS=0.0000 BalleBpp=2.559 total=0.0846 gnorm=0.557 scaler=0.0154 | [diag q32] base PSNR=34.21@0.745 model PSNR=32.91@0.907 (16s)
ep 13/80 LF=0.0355 MOS=0.0000 BalleBpp=2.393 total=0.0834 gnorm=0.558 scaler=0.0161 | [diag q32] base PSNR=34.21@0.745 model PSNR=32.38@0.945 (16s)
ep 14/80 LF=0.0340 MOS=0.0000 BalleBpp=2.257 total=0.0791 gnorm=0.541 scaler=0.0166 | [diag q32] base PSNR=34.21@0.745 model PSNR=30.40@1.130 (16s)
ep 15/80 LF=0.0355 MOS=0.0000 BalleBpp=2.134 total=0.0782 gnorm=0.600 scaler=0.0167 | [diag q32] base PSNR=34.21@0.745 model PSNR=31.67@1.000 (16s)
ep 16/80 LF=0.0331 MOS=0.0000 BalleBpp=2.022 total=0.0735 gnorm=0.545 scaler=0.0161 | [diag q32] base PSNR=34.21@0.745 model PSNR=32.69@0.926 (16s)
ep 17/80 LF=0.0316 MOS=0.0000 BalleBpp=1.930 total=0.0702 gnorm=0.530 scaler=0.0157 | [diag q32] base PSNR=34.21@0.745 model PSNR=33.32@0.865 (16s)
ep 18/80 LF=0.0302 MOS=0.0000 BalleBpp=1.844 total=0.0671 gnorm=0.473 scaler=0.0152 | [diag q32] base PSNR=34.21@0.745 model PSNR=33.61@0.815 (16s)
ep 19/80 LF=0.0330 MOS=0.0000 BalleBpp=1.743 total=0.0679 gnorm=0.507 scaler=0.0158 | [diag q32] base PSNR=34.21@0.745 model PSNR=33.08@0.870 (16s)
ep 20/80 LF=0.0313 MOS=0.0000 BalleBpp=1.697 total=0.0652 gnorm=0.519 scaler=0.0154 | [diag q32] base PSNR=34.21@0.745 model PSNR=33.53@0.814 (16s)
ep 21/80 LF=0.0307 MOS=0.0000 BalleBpp=1.653 total=0.0638 gnorm=0.505 scaler=0.0157 | [diag q32] base PSNR=34.21@0.745 model PSNR=33.02@0.875 (16s)
ep 22/80 LF=0.0294 MOS=0.0000 BalleBpp=1.601 total=0.0614 gnorm=0.446 scaler=0.0162 | [diag q32] base PSNR=34.21@0.745 model PSNR=32.42@0.930 (16s)
ep 23/80 LF=0.0354 MOS=0.0000 BalleBpp=1.533 total=0.0660 gnorm=0.564 scaler=0.0171 | [diag q32] base PSNR=34.21@0.745 model PSNR=30.87@1.058 (16s)
ep 24/80 LF=0.0310 MOS=0.0000 BalleBpp=1.537 total=0.0617 gnorm=0.543 scaler=0.0159 | [diag q32] base PSNR=34.21@0.745 model PSNR=33.45@0.782 (16s)
ep 25/80 LF=0.0300 MOS=0.0000 BalleBpp=1.498 total=0.0600 gnorm=0.461 scaler=0.0161 | [diag q32] base PSNR=34.21@0.745 model PSNR=33.04@0.843 (16s)
ep 26/80 LF=0.0317 MOS=0.0000 BalleBpp=1.492 total=0.0615 gnorm=0.594 scaler=0.0158 | [diag q32] base PSNR=34.21@0.745 model PSNR=33.49@0.757 (16s)
ep 27/80 LF=0.0296 MOS=0.0000 BalleBpp=1.476 total=0.0591 gnorm=0.452 scaler=0.0172 | [diag q32] base PSNR=34.21@0.745 model PSNR=31.67@0.979 (16s)
ep 28/80 LF=0.0335 MOS=0.0000 BalleBpp=1.418 total=0.0619 gnorm=0.537 scaler=0.0165 | [diag q32] base PSNR=34.21@0.745 model PSNR=33.04@0.827 (16s)
ep 29/80 LF=0.0352 MOS=0.0000 BalleBpp=1.412 total=0.0634 gnorm=0.584 scaler=0.0168 | [diag q32] base PSNR=34.21@0.745 model PSNR=33.11@0.838 (16s)
ep 30/80 LF=0.0346 MOS=0.0000 BalleBpp=1.397 total=0.0626 gnorm=0.556 scaler=0.0170 | [diag q32] base PSNR=34.21@0.745 model PSNR=32.38@0.875 (16s)
ep 31/80 LF=0.0328 MOS=0.0000 BalleBpp=1.383 total=0.0605 gnorm=0.489 scaler=0.0174 | [diag q32] base PSNR=34.21@0.745 model PSNR=31.99@0.943 (16s)
ep 32/80 LF=0.0321 MOS=0.0000 BalleBpp=1.373 total=0.0596 gnorm=0.479 scaler=0.0173 | [diag q32] base PSNR=34.21@0.745 model PSNR=32.14@0.927 (16s)
ep 33/80 LF=0.0299 MOS=0.0000 BalleBpp=1.413 total=0.0582 gnorm=0.435 scaler=0.0172 | [diag q32] base PSNR=34.21@0.745 model PSNR=32.37@0.865 (16s)
ep 34/80 LF=0.0337 MOS=0.0000 BalleBpp=1.378 total=0.0612 gnorm=0.483 scaler=0.0173 | [diag q32] base PSNR=34.21@0.745 model PSNR=32.33@0.847 (16s)
ep 35/80 LF=0.0324 MOS=0.0000 BalleBpp=1.377 total=0.0600 gnorm=0.511 scaler=0.0169 | [diag q32] base PSNR=34.21@0.745 model PSNR=32.97@0.821 (16s)
ep 36/80 LF=0.0328 MOS=0.0000 BalleBpp=1.403 total=0.0609 gnorm=0.561 scaler=0.0165 | [diag q32] base PSNR=34.21@0.745 model PSNR=32.98@0.768 (16s)
ep 37/80 LF=0.0315 MOS=0.0000 BalleBpp=1.393 total=0.0593 gnorm=0.469 scaler=0.0167 | [diag q32] base PSNR=34.21@0.745 model PSNR=32.96@0.832 (16s)
ep 38/80 LF=0.0329 MOS=0.0000 BalleBpp=1.340 total=0.0597 gnorm=0.424 scaler=0.0176 | [diag q32] base PSNR=34.21@0.745 model PSNR=32.24@0.863 (16s)
ep 39/80 LF=0.0312 MOS=0.0000 BalleBpp=1.378 total=0.0587 gnorm=0.461 scaler=0.0176 | [diag q32] base PSNR=34.21@0.745 model PSNR=32.54@0.838 (16s)
ep 40/80 LF=0.0352 MOS=0.0000 BalleBpp=1.335 total=0.0619 gnorm=0.546 scaler=0.0172 | [diag q32] base PSNR=34.21@0.745 model PSNR=32.97@0.801 (16s)
ep 41/80 LF=0.0328 MOS=0.0000 BalleBpp=1.372 total=0.0602 gnorm=0.511 scaler=0.0177 | [diag q32] base PSNR=34.21@0.745 model PSNR=32.56@0.853 (16s)
ep 42/80 LF=0.0321 MOS=0.0000 BalleBpp=1.375 total=0.0595 gnorm=0.450 scaler=0.0173 | [diag q32] base PSNR=34.21@0.745 model PSNR=32.81@0.811 (16s)
ep 43/80 LF=0.0327 MOS=0.0000 BalleBpp=1.354 total=0.0598 gnorm=0.469 scaler=0.0180 | [diag q32] base PSNR=34.21@0.745 model PSNR=32.19@0.861 (16s)
ep 44/80 LF=0.0321 MOS=0.0000 BalleBpp=1.362 total=0.0593 gnorm=0.464 scaler=0.0178 | [diag q32] base PSNR=34.21@0.745 model PSNR=32.66@0.837 (16s)
ep 45/80 LF=0.0352 MOS=0.0000 BalleBpp=1.344 total=0.0620 gnorm=0.530 scaler=0.0183 | [diag q32] base PSNR=34.21@0.745 model PSNR=32.34@0.839 (16s)
ep 46/80 LF=0.0332 MOS=0.0000 BalleBpp=1.374 total=0.0607 gnorm=0.518 scaler=0.0181 | [diag q32] base PSNR=34.21@0.745 model PSNR=32.41@0.848 (16s)
ep 47/80 LF=0.0292 MOS=0.0000 BalleBpp=1.376 total=0.0567 gnorm=0.374 scaler=0.0172 | [diag q32] base PSNR=34.21@0.745 model PSNR=33.05@0.788 (16s)
ep 48/80 LF=0.0322 MOS=0.0000 BalleBpp=1.361 total=0.0594 gnorm=0.457 scaler=0.0178 | [diag q32] base PSNR=34.21@0.745 model PSNR=32.56@0.780 (16s)
ep 49/80 LF=0.0318 MOS=0.0000 BalleBpp=1.361 total=0.0590 gnorm=0.467 scaler=0.0183 | [diag q32] base PSNR=34.21@0.745 model PSNR=32.40@0.836 (16s)
ep 50/80 LF=0.0294 MOS=0.0000 BalleBpp=1.400 total=0.0574 gnorm=0.386 scaler=0.0168 | [diag q32] base PSNR=34.21@0.745 model PSNR=32.59@0.692 (16s)
ep 51/80 LF=0.0318 MOS=0.0000 BalleBpp=1.335 total=0.0585 gnorm=0.418 scaler=0.0175 | [diag q32] base PSNR=34.21@0.745 model PSNR=32.77@0.782 (16s)
ep 52/80 LF=0.0317 MOS=0.0000 BalleBpp=1.336 total=0.0584 gnorm=0.415 scaler=0.0184 | [diag q32] base PSNR=34.21@0.745 model PSNR=32.52@0.833 (16s)
ep 53/80 LF=0.0315 MOS=0.0000 BalleBpp=1.353 total=0.0586 gnorm=0.437 scaler=0.0178 | [diag q32] base PSNR=34.21@0.745 model PSNR=32.70@0.770 (16s)
ep 54/80 LF=0.0298 MOS=0.0000 BalleBpp=1.362 total=0.0570 gnorm=0.410 scaler=0.0176 | [diag q32] base PSNR=34.21@0.745 model PSNR=32.88@0.764 (16s)
ep 55/80 LF=0.0323 MOS=0.0000 BalleBpp=1.337 total=0.0590 gnorm=0.425 scaler=0.0188 | [diag q32] base PSNR=34.21@0.745 model PSNR=32.37@0.858 (16s)
ep 56/80 LF=0.0324 MOS=0.0000 BalleBpp=1.376 total=0.0599 gnorm=0.475 scaler=0.0190 | [diag q32] base PSNR=34.21@0.745 model PSNR=32.23@0.846 (16s)
ep 57/80 LF=0.0321 MOS=0.0000 BalleBpp=1.338 total=0.0589 gnorm=0.442 scaler=0.0187 | [diag q32] base PSNR=34.21@0.745 model PSNR=32.46@0.840 (16s)
ep 58/80 LF=0.0374 MOS=0.0000 BalleBpp=1.337 total=0.0641 gnorm=0.565 scaler=0.0187 | [diag q32] base PSNR=34.21@0.745 model PSNR=32.63@0.808 (16s)
ep 59/80 LF=0.0304 MOS=0.0000 BalleBpp=1.367 total=0.0577 gnorm=0.409 scaler=0.0184 | [diag q32] base PSNR=34.21@0.745 model PSNR=32.83@0.792 (16s)
ep 60/80 LF=0.0307 MOS=0.0000 BalleBpp=1.340 total=0.0575 gnorm=0.397 scaler=0.0189 | [diag q32] base PSNR=34.21@0.745 model PSNR=32.46@0.830 (16s)
ep 61/80 LF=0.0351 MOS=0.0000 BalleBpp=1.326 total=0.0617 gnorm=0.495 scaler=0.0198 | [diag q32] base PSNR=34.21@0.745 model PSNR=31.94@0.886 (16s)
ep 62/80 LF=0.0324 MOS=0.0000 BalleBpp=1.364 total=0.0597 gnorm=0.442 scaler=0.0194 | [diag q32] base PSNR=34.21@0.745 model PSNR=32.15@0.831 (16s)
ep 63/80 LF=0.0316 MOS=0.0000 BalleBpp=1.348 total=0.0586 gnorm=0.406 scaler=0.0193 | [diag q32] base PSNR=34.21@0.745 model PSNR=32.35@0.844 (16s)
ep 64/80 LF=0.0316 MOS=0.0000 BalleBpp=1.372 total=0.0590 gnorm=0.441 scaler=0.0190 | [diag q32] base PSNR=34.21@0.745 model PSNR=32.58@0.789 (16s)
ep 65/80 LF=0.0299 MOS=0.0000 BalleBpp=1.369 total=0.0572 gnorm=0.378 scaler=0.0189 | [diag q32] base PSNR=34.21@0.745 model PSNR=32.70@0.746 (16s)
ep 66/80 LF=0.0301 MOS=0.0000 BalleBpp=1.352 total=0.0571 gnorm=0.352 scaler=0.0194 | [diag q32] base PSNR=34.21@0.745 model PSNR=32.59@0.829 (16s)
ep 67/80 LF=0.0317 MOS=0.0000 BalleBpp=1.358 total=0.0588 gnorm=0.425 scaler=0.0190 | [diag q32] base PSNR=34.21@0.745 model PSNR=32.67@0.784 (16s)
ep 68/80 LF=0.0328 MOS=0.0000 BalleBpp=1.358 total=0.0599 gnorm=0.459 scaler=0.0190 | [diag q32] base PSNR=34.21@0.745 model PSNR=32.60@0.766 (16s)
ep 69/80 LF=0.0311 MOS=0.0000 BalleBpp=1.331 total=0.0578 gnorm=0.392 scaler=0.0187 | [diag q32] base PSNR=34.21@0.745 model PSNR=32.62@0.748 (16s)
ep 70/80 LF=0.0311 MOS=0.0000 BalleBpp=1.344 total=0.0579 gnorm=0.384 scaler=0.0192 | [diag q32] base PSNR=34.21@0.745 model PSNR=32.52@0.765 (16s)
ep 71/80 LF=0.0299 MOS=0.0000 BalleBpp=1.374 total=0.0573 gnorm=0.385 scaler=0.0195 | [diag q32] base PSNR=34.21@0.745 model PSNR=32.60@0.809 (16s)
ep 72/80 LF=0.0297 MOS=0.0000 BalleBpp=1.346 total=0.0566 gnorm=0.368 scaler=0.0195 | [diag q32] base PSNR=34.21@0.745 model PSNR=32.61@0.795 (16s)
ep 73/80 LF=0.0327 MOS=0.0000 BalleBpp=1.328 total=0.0593 gnorm=0.437 scaler=0.0196 | [diag q32] base PSNR=34.21@0.745 model PSNR=32.77@0.784 (16s)
ep 74/80 LF=0.0351 MOS=0.0000 BalleBpp=1.337 total=0.0618 gnorm=0.464 scaler=0.0201 | [diag q32] base PSNR=34.21@0.745 model PSNR=32.49@0.826 (16s)
ep 75/80 LF=0.0340 MOS=0.0000 BalleBpp=1.337 total=0.0608 gnorm=0.432 scaler=0.0206 | [diag q32] base PSNR=34.21@0.745 model PSNR=32.26@0.840 (16s)
ep 76/80 LF=0.0342 MOS=0.0000 BalleBpp=1.355 total=0.0613 gnorm=0.469 scaler=0.0190 | [diag q32] base PSNR=34.21@0.745 model PSNR=33.38@0.777 (16s)
ep 77/80 LF=0.0319 MOS=0.0000 BalleBpp=1.352 total=0.0590 gnorm=0.405 scaler=0.0195 | [diag q32] base PSNR=34.21@0.745 model PSNR=32.74@0.770 (16s)
ep 78/80 LF=0.0346 MOS=0.0000 BalleBpp=1.336 total=0.0614 gnorm=0.492 scaler=0.0202 | [diag q32] base PSNR=34.21@0.745 model PSNR=32.61@0.813 (16s)
ep 79/80 LF=0.0354 MOS=0.0000 BalleBpp=1.290 total=0.0612 gnorm=0.432 scaler=0.0220 | [diag q32] base PSNR=34.21@0.745 model PSNR=31.02@1.007 (16s)
[balle] done -> dpp/runs/push_l02_g00/model.pt
