Warning: You are sending unauthenticated requests to the HF Hub. Please set a HF_TOKEN to enable higher rate limits and faster downloads.
Loading pretrained model NIMA from /root/.cache/torch/hub/pyiqa/NIMA_koniq-250367ae.pth
[balle] Balle-rate DPP: gamma=0.03 lam=0.02 perceptual=nima-koniq ch=64 ep=80
/workspace/sandwiched_compression/dpp/train_balle.py:97: UserWarning: Converting a tensor with requires_grad=True to a scalar may lead to unexpected behavior.
Consider using tensor.detach() first. (Triggered internally at /pytorch/torch/csrc/autograd/generated/python_variable_methods.cpp:835.)
  acc["LF"] += float(LF); acc["MOS"] += float(mos_val); acc["bpp"] += float(bpp); acc["total"] += float(total)
ep  0/80 LF=0.0295 MOS=0.3699 BalleBpp=5.269 total=0.1238 gnorm=0.160 scaler=-0.0105 | [diag q32] base PSNR=34.21@0.745 model PSNR=32.38@0.870 (37s)
ep  1/80 LF=0.0313 MOS=0.3761 BalleBpp=4.985 total=0.1197 gnorm=0.349 scaler=-0.0121 | [diag q32] base PSNR=34.21@0.745 model PSNR=32.15@0.941 (36s)
ep  2/80 LF=0.0316 MOS=0.3822 BalleBpp=4.717 total=0.1145 gnorm=0.525 scaler=-0.0128 | [diag q32] base PSNR=34.21@0.745 model PSNR=33.20@0.872 (36s)
ep  3/80 LF=0.0332 MOS=0.3884 BalleBpp=4.460 total=0.1107 gnorm=0.549 scaler=-0.0136 | [diag q32] base PSNR=34.21@0.745 model PSNR=32.01@0.972 (36s)
ep  4/80 LF=0.0353 MOS=0.3902 BalleBpp=4.212 total=0.1078 gnorm=0.645 scaler=-0.0140 | [diag q32] base PSNR=34.21@0.745 model PSNR=32.83@0.912 (36s)
ep  5/80 LF=0.0310 MOS=0.3883 BalleBpp=3.981 total=0.0990 gnorm=0.540 scaler=-0.0140 | [diag q32] base PSNR=34.21@0.745 model PSNR=33.23@0.877 (36s)
ep  6/80 LF=0.0312 MOS=0.3907 BalleBpp=3.747 total=0.0944 gnorm=0.509 scaler=-0.0145 | [diag q32] base PSNR=34.21@0.745 model PSNR=32.99@0.901 (36s)
ep  7/80 LF=0.0333 MOS=0.3951 BalleBpp=3.521 total=0.0918 gnorm=0.572 scaler=-0.0148 | [diag q32] base PSNR=34.21@0.745 model PSNR=33.33@0.868 (36s)
ep  8/80 LF=0.0371 MOS=0.4015 BalleBpp=3.305 total=0.0911 gnorm=0.650 scaler=-0.0154 | [diag q32] base PSNR=34.21@0.745 model PSNR=32.66@0.939 (36s)
ep  9/80 LF=0.0335 MOS=0.4004 BalleBpp=3.112 total=0.0838 gnorm=0.562 scaler=-0.0156 | [diag q32] base PSNR=34.21@0.745 model PSNR=31.53@1.046 (36s)
ep 10/80 LF=0.0316 MOS=0.3979 BalleBpp=2.928 total=0.0782 gnorm=0.511 scaler=-0.0157 | [diag q32] base PSNR=34.21@0.745 model PSNR=32.08@0.995 (36s)
ep 11/80 LF=0.0369 MOS=0.4034 BalleBpp=2.749 total=0.0797 gnorm=0.702 scaler=-0.0154 | [diag q32] base PSNR=34.21@0.745 model PSNR=33.13@0.894 (36s)
ep 12/80 LF=0.0342 MOS=0.4036 BalleBpp=2.580 total=0.0737 gnorm=0.571 scaler=-0.0160 | [diag q32] base PSNR=34.21@0.745 model PSNR=31.94@1.005 (36s)
ep 13/80 LF=0.0377 MOS=0.4091 BalleBpp=2.410 total=0.0737 gnorm=0.636 scaler=-0.0164 | [diag q32] base PSNR=34.21@0.745 model PSNR=31.17@1.079 (36s)
ep 14/80 LF=0.0354 MOS=0.4081 BalleBpp=2.277 total=0.0687 gnorm=0.597 scaler=-0.0170 | [diag q32] base PSNR=34.21@0.745 model PSNR=29.34@1.255 (36s)
ep 15/80 LF=0.0369 MOS=0.4051 BalleBpp=2.159 total=0.0679 gnorm=0.632 scaler=-0.0170 | [diag q32] base PSNR=34.21@0.745 model PSNR=30.64@1.120 (36s)
ep 16/80 LF=0.0342 MOS=0.4023 BalleBpp=2.048 total=0.0631 gnorm=0.595 scaler=-0.0165 | [diag q32] base PSNR=34.21@0.745 model PSNR=31.88@1.018 (36s)
ep 17/80 LF=0.0325 MOS=0.4004 BalleBpp=1.954 total=0.0596 gnorm=0.549 scaler=-0.0159 | [diag q32] base PSNR=34.21@0.745 model PSNR=32.83@0.938 (36s)
ep 18/80 LF=0.0316 MOS=0.3971 BalleBpp=1.871 total=0.0572 gnorm=0.538 scaler=-0.0156 | [diag q32] base PSNR=34.21@0.745 model PSNR=33.29@0.871 (36s)
ep 19/80 LF=0.0342 MOS=0.4017 BalleBpp=1.771 total=0.0576 gnorm=0.554 scaler=-0.0162 | [diag q32] base PSNR=34.21@0.745 model PSNR=32.48@0.939 (36s)
ep 20/80 LF=0.0321 MOS=0.3944 BalleBpp=1.725 total=0.0548 gnorm=0.555 scaler=-0.0158 | [diag q32] base PSNR=34.21@0.745 model PSNR=33.39@0.850 (36s)
ep 21/80 LF=0.0315 MOS=0.3900 BalleBpp=1.690 total=0.0536 gnorm=0.566 scaler=-0.0160 | [diag q32] base PSNR=34.21@0.745 model PSNR=32.47@0.957 (36s)
ep 22/80 LF=0.0302 MOS=0.3888 BalleBpp=1.639 total=0.0513 gnorm=0.507 scaler=-0.0164 | [diag q32] base PSNR=34.21@0.745 model PSNR=31.60@1.038 (36s)
ep 23/80 LF=0.0361 MOS=0.4011 BalleBpp=1.565 total=0.0554 gnorm=0.628 scaler=-0.0176 | [diag q32] base PSNR=34.21@0.745 model PSNR=29.90@1.175 (36s)
ep 24/80 LF=0.0321 MOS=0.3877 BalleBpp=1.568 total=0.0518 gnorm=0.610 scaler=-0.0163 | [diag q32] base PSNR=34.21@0.745 model PSNR=33.23@0.833 (36s)
ep 25/80 LF=0.0311 MOS=0.3889 BalleBpp=1.528 total=0.0500 gnorm=0.535 scaler=-0.0165 | [diag q32] base PSNR=34.21@0.745 model PSNR=32.72@0.915 (36s)
ep 26/80 LF=0.0324 MOS=0.3841 BalleBpp=1.537 total=0.0516 gnorm=0.641 scaler=-0.0161 | [diag q32] base PSNR=34.21@0.745 model PSNR=33.68@0.775 (36s)
ep 27/80 LF=0.0304 MOS=0.3801 BalleBpp=1.517 total=0.0493 gnorm=0.527 scaler=-0.0173 | [diag q32] base PSNR=34.21@0.745 model PSNR=31.06@1.059 (36s)
ep 28/80 LF=0.0344 MOS=0.3941 BalleBpp=1.445 total=0.0515 gnorm=0.591 scaler=-0.0166 | [diag q32] base PSNR=34.21@0.745 model PSNR=32.98@0.868 (36s)
ep 29/80 LF=0.0366 MOS=0.3966 BalleBpp=1.445 total=0.0536 gnorm=0.650 scaler=-0.0171 | [diag q32] base PSNR=34.21@0.745 model PSNR=32.73@0.915 (36s)
ep 30/80 LF=0.0361 MOS=0.3900 BalleBpp=1.433 total=0.0530 gnorm=0.647 scaler=-0.0173 | [diag q32] base PSNR=34.21@0.745 model PSNR=32.27@0.933 (36s)
ep 31/80 LF=0.0336 MOS=0.3883 BalleBpp=1.417 total=0.0503 gnorm=0.568 scaler=-0.0180 | [diag q32] base PSNR=34.21@0.745 model PSNR=31.14@1.066 (36s)
ep 32/80 LF=0.0339 MOS=0.3885 BalleBpp=1.414 total=0.0505 gnorm=0.566 scaler=-0.0177 | [diag q32] base PSNR=34.21@0.745 model PSNR=31.99@0.979 (36s)
ep 33/80 LF=0.0303 MOS=0.3787 BalleBpp=1.434 total=0.0476 gnorm=0.497 scaler=-0.0175 | [diag q32] base PSNR=34.21@0.745 model PSNR=32.26@0.941 (36s)
ep 34/80 LF=0.0350 MOS=0.3843 BalleBpp=1.406 total=0.0516 gnorm=0.592 scaler=-0.0176 | [diag q32] base PSNR=34.21@0.745 model PSNR=32.34@0.888 (36s)
ep 35/80 LF=0.0335 MOS=0.3823 BalleBpp=1.417 total=0.0503 gnorm=0.566 scaler=-0.0173 | [diag q32] base PSNR=34.21@0.745 model PSNR=32.85@0.872 (36s)
ep 36/80 LF=0.0339 MOS=0.3813 BalleBpp=1.435 total=0.0512 gnorm=0.604 scaler=-0.0170 | [diag q32] base PSNR=34.21@0.745 model PSNR=33.17@0.827 (36s)
ep 37/80 LF=0.0325 MOS=0.3788 BalleBpp=1.438 total=0.0499 gnorm=0.570 scaler=-0.0174 | [diag q32] base PSNR=34.21@0.745 model PSNR=32.69@0.882 (36s)
ep 38/80 LF=0.0332 MOS=0.3851 BalleBpp=1.361 total=0.0489 gnorm=0.483 scaler=-0.0182 | [diag q32] base PSNR=34.21@0.745 model PSNR=31.98@0.949 (36s)
ep 39/80 LF=0.0317 MOS=0.3804 BalleBpp=1.425 total=0.0488 gnorm=0.510 scaler=-0.0181 | [diag q32] base PSNR=34.21@0.745 model PSNR=32.34@0.900 (36s)
ep 40/80 LF=0.0358 MOS=0.3885 BalleBpp=1.376 total=0.0517 gnorm=0.590 scaler=-0.0178 | [diag q32] base PSNR=34.21@0.745 model PSNR=32.77@0.860 (36s)
ep 41/80 LF=0.0340 MOS=0.3783 BalleBpp=1.404 total=0.0507 gnorm=0.589 scaler=-0.0181 | [diag q32] base PSNR=34.21@0.745 model PSNR=32.37@0.921 (36s)
ep 42/80 LF=0.0327 MOS=0.3795 BalleBpp=1.408 total=0.0494 gnorm=0.513 scaler=-0.0176 | [diag q32] base PSNR=34.21@0.745 model PSNR=32.90@0.850 (36s)
ep 43/80 LF=0.0339 MOS=0.3816 BalleBpp=1.388 total=0.0502 gnorm=0.552 scaler=-0.0183 | [diag q32] base PSNR=34.21@0.745 model PSNR=32.38@0.910 (36s)
ep 44/80 LF=0.0324 MOS=0.3790 BalleBpp=1.397 total=0.0489 gnorm=0.515 scaler=-0.0182 | [diag q32] base PSNR=34.21@0.745 model PSNR=32.65@0.892 (36s)
ep 45/80 LF=0.0362 MOS=0.3882 BalleBpp=1.379 total=0.0522 gnorm=0.598 scaler=-0.0185 | [diag q32] base PSNR=34.21@0.745 model PSNR=32.56@0.892 (36s)
ep 46/80 LF=0.0336 MOS=0.3824 BalleBpp=1.409 total=0.0503 gnorm=0.552 scaler=-0.0186 | [diag q32] base PSNR=34.21@0.745 model PSNR=32.39@0.936 (36s)
ep 47/80 LF=0.0299 MOS=0.3746 BalleBpp=1.414 total=0.0470 gnorm=0.451 scaler=-0.0175 | [diag q32] base PSNR=34.21@0.745 model PSNR=33.23@0.846 (36s)
ep 48/80 LF=0.0328 MOS=0.3789 BalleBpp=1.396 total=0.0493 gnorm=0.520 scaler=-0.0182 | [diag q32] base PSNR=34.21@0.745 model PSNR=32.71@0.831 (36s)
ep 49/80 LF=0.0322 MOS=0.3790 BalleBpp=1.403 total=0.0489 gnorm=0.528 scaler=-0.0186 | [diag q32] base PSNR=34.21@0.745 model PSNR=32.39@0.889 (36s)
ep 50/80 LF=0.0301 MOS=0.3711 BalleBpp=1.434 total=0.0477 gnorm=0.452 scaler=-0.0171 | [diag q32] base PSNR=34.21@0.745 model PSNR=32.59@0.707 (36s)
ep 51/80 LF=0.0332 MOS=0.3779 BalleBpp=1.378 total=0.0494 gnorm=0.513 scaler=-0.0179 | [diag q32] base PSNR=34.21@0.745 model PSNR=33.04@0.824 (36s)
ep 52/80 LF=0.0324 MOS=0.3817 BalleBpp=1.382 total=0.0486 gnorm=0.451 scaler=-0.0188 | [diag q32] base PSNR=34.21@0.745 model PSNR=32.39@0.896 (36s)
ep 53/80 LF=0.0329 MOS=0.3841 BalleBpp=1.393 total=0.0493 gnorm=0.513 scaler=-0.0182 | [diag q32] base PSNR=34.21@0.745 model PSNR=32.91@0.817 (36s)
ep 54/80 LF=0.0304 MOS=0.3716 BalleBpp=1.406 total=0.0474 gnorm=0.443 scaler=-0.0184 | [diag q32] base PSNR=34.21@0.745 model PSNR=32.75@0.826 (36s)
ep 55/80 LF=0.0324 MOS=0.3799 BalleBpp=1.373 total=0.0485 gnorm=0.457 scaler=-0.0193 | [diag q32] base PSNR=34.21@0.745 model PSNR=31.93@0.967 (36s)
ep 56/80 LF=0.0333 MOS=0.3787 BalleBpp=1.414 total=0.0503 gnorm=0.555 scaler=-0.0192 | [diag q32] base PSNR=34.21@0.745 model PSNR=32.33@0.881 (36s)
ep 57/80 LF=0.0334 MOS=0.3815 BalleBpp=1.382 total=0.0496 gnorm=0.507 scaler=-0.0191 | [diag q32] base PSNR=34.21@0.745 model PSNR=32.39@0.895 (36s)
ep 58/80 LF=0.0386 MOS=0.3920 BalleBpp=1.376 total=0.0544 gnorm=0.638 scaler=-0.0194 | [diag q32] base PSNR=34.21@0.745 model PSNR=32.39@0.884 (36s)
ep 59/80 LF=0.0316 MOS=0.3771 BalleBpp=1.405 total=0.0484 gnorm=0.482 scaler=-0.0189 | [diag q32] base PSNR=34.21@0.745 model PSNR=32.82@0.844 (36s)
ep 60/80 LF=0.0314 MOS=0.3800 BalleBpp=1.373 total=0.0475 gnorm=0.455 scaler=-0.0193 | [diag q32] base PSNR=34.21@0.745 model PSNR=32.40@0.907 (36s)
ep 61/80 LF=0.0353 MOS=0.3885 BalleBpp=1.352 total=0.0507 gnorm=0.541 scaler=-0.0199 | [diag q32] base PSNR=34.21@0.745 model PSNR=32.00@0.943 (36s)
ep 62/80 LF=0.0330 MOS=0.3822 BalleBpp=1.393 total=0.0494 gnorm=0.488 scaler=-0.0199 | [diag q32] base PSNR=34.21@0.745 model PSNR=31.97@0.875 (36s)
ep 63/80 LF=0.0320 MOS=0.3779 BalleBpp=1.384 total=0.0483 gnorm=0.452 scaler=-0.0195 | [diag q32] base PSNR=34.21@0.745 model PSNR=32.26@0.904 (36s)
ep 64/80 LF=0.0317 MOS=0.3765 BalleBpp=1.403 total=0.0485 gnorm=0.489 scaler=-0.0193 | [diag q32] base PSNR=34.21@0.745 model PSNR=32.59@0.843 (36s)
ep 65/80 LF=0.0303 MOS=0.3767 BalleBpp=1.403 total=0.0471 gnorm=0.449 scaler=-0.0192 | [diag q32] base PSNR=34.21@0.745 model PSNR=32.73@0.802 (36s)
ep 66/80 LF=0.0304 MOS=0.3758 BalleBpp=1.380 total=0.0467 gnorm=0.386 scaler=-0.0197 | [diag q32] base PSNR=34.21@0.745 model PSNR=32.38@0.893 (36s)
ep 67/80 LF=0.0324 MOS=0.3778 BalleBpp=1.398 total=0.0490 gnorm=0.476 scaler=-0.0190 | [diag q32] base PSNR=34.21@0.745 model PSNR=32.90@0.817 (36s)
ep 68/80 LF=0.0331 MOS=0.3794 BalleBpp=1.389 total=0.0495 gnorm=0.522 scaler=-0.0192 | [diag q32] base PSNR=34.21@0.745 model PSNR=32.76@0.813 (36s)
ep 69/80 LF=0.0321 MOS=0.3826 BalleBpp=1.371 total=0.0480 gnorm=0.449 scaler=-0.0189 | [diag q32] base PSNR=34.21@0.745 model PSNR=33.14@0.821 (36s)
ep 70/80 LF=0.0318 MOS=0.3792 BalleBpp=1.387 total=0.0482 gnorm=0.439 scaler=-0.0194 | [diag q32] base PSNR=34.21@0.745 model PSNR=32.53@0.809 (36s)
ep 71/80 LF=0.0302 MOS=0.3751 BalleBpp=1.406 total=0.0470 gnorm=0.426 scaler=-0.0198 | [diag q32] base PSNR=34.21@0.745 model PSNR=32.28@0.864 (36s)
ep 72/80 LF=0.0301 MOS=0.3770 BalleBpp=1.389 total=0.0466 gnorm=0.419 scaler=-0.0198 | [diag q32] base PSNR=34.21@0.745 model PSNR=32.56@0.858 (36s)
ep 73/80 LF=0.0334 MOS=0.3857 BalleBpp=1.368 total=0.0492 gnorm=0.475 scaler=-0.0198 | [diag q32] base PSNR=34.21@0.745 model PSNR=32.68@0.835 (36s)
ep 74/80 LF=0.0361 MOS=0.3891 BalleBpp=1.363 total=0.0517 gnorm=0.527 scaler=-0.0203 | [diag q32] base PSNR=34.21@0.745 model PSNR=32.15@0.879 (36s)
ep 75/80 LF=0.0345 MOS=0.3834 BalleBpp=1.373 total=0.0504 gnorm=0.478 scaler=-0.0205 | [diag q32] base PSNR=34.21@0.745 model PSNR=32.62@0.880 (36s)
ep 76/80 LF=0.0346 MOS=0.3818 BalleBpp=1.386 total=0.0509 gnorm=0.530 scaler=-0.0190 | [diag q32] base PSNR=34.21@0.745 model PSNR=33.30@0.804 (36s)
ep 77/80 LF=0.0328 MOS=0.3798 BalleBpp=1.381 total=0.0490 gnorm=0.468 scaler=-0.0198 | [diag q32] base PSNR=34.21@0.745 model PSNR=32.94@0.855 (36s)
ep 78/80 LF=0.0351 MOS=0.3813 BalleBpp=1.372 total=0.0511 gnorm=0.541 scaler=-0.0202 | [diag q32] base PSNR=34.21@0.745 model PSNR=32.67@0.877 (36s)
ep 79/80 LF=0.0354 MOS=0.3907 BalleBpp=1.321 total=0.0501 gnorm=0.477 scaler=-0.0219 | [diag q32] base PSNR=34.21@0.745 model PSNR=30.23@1.127 (36s)
[balle] done -> dpp/runs/push_l02_g03/model.pt
