Warning: You are sending unauthenticated requests to the HF Hub. Please set a HF_TOKEN to enable higher rate limits and faster downloads.
Loading pretrained model NIMA from /root/.cache/torch/hub/pyiqa/NIMA_koniq-250367ae.pth
[balle] Balle-rate DPP: gamma=0.01 lam=0.04 perceptual=nima-koniq ch=64 ep=80
/workspace/sandwiched_compression/dpp/train_balle.py:97: UserWarning: Converting a tensor with requires_grad=True to a scalar may lead to unexpected behavior.
Consider using tensor.detach() first. (Triggered internally at /pytorch/torch/csrc/autograd/generated/python_variable_methods.cpp:835.)
  acc["LF"] += float(LF); acc["MOS"] += float(mos_val); acc["bpp"] += float(bpp); acc["total"] += float(total)
ep  0/80 LF=0.0297 MOS=0.3692 BalleBpp=5.274 total=0.2369 gnorm=0.213 scaler=0.0090 | [diag q32] base PSNR=34.21@0.745 model PSNR=32.64@0.858 (37s)
ep  1/80 LF=0.0314 MOS=0.3750 BalleBpp=4.990 total=0.2273 gnorm=0.421 scaler=0.0111 | [diag q32] base PSNR=34.21@0.745 model PSNR=32.91@0.877 (36s)
ep  2/80 LF=0.0318 MOS=0.3767 BalleBpp=4.722 total=0.2169 gnorm=0.605 scaler=0.0112 | [diag q32] base PSNR=34.21@0.745 model PSNR=33.74@0.820 (36s)
ep  3/80 LF=0.0326 MOS=0.3815 BalleBpp=4.464 total=0.2073 gnorm=0.573 scaler=0.0126 | [diag q32] base PSNR=34.21@0.745 model PSNR=32.10@0.950 (36s)
ep  4/80 LF=0.0343 MOS=0.3823 BalleBpp=4.214 total=0.1991 gnorm=0.673 scaler=0.0128 | [diag q32] base PSNR=34.21@0.745 model PSNR=33.07@0.879 (36s)
ep  5/80 LF=0.0306 MOS=0.3794 BalleBpp=3.977 total=0.1859 gnorm=0.557 scaler=0.0126 | [diag q32] base PSNR=34.21@0.745 model PSNR=33.72@0.826 (36s)
ep  6/80 LF=0.0307 MOS=0.3819 BalleBpp=3.742 total=0.1766 gnorm=0.561 scaler=0.0130 | [diag q32] base PSNR=34.21@0.745 model PSNR=33.23@0.870 (36s)
ep  7/80 LF=0.0324 MOS=0.3860 BalleBpp=3.516 total=0.1692 gnorm=0.608 scaler=0.0134 | [diag q32] base PSNR=34.21@0.745 model PSNR=33.62@0.829 (36s)
ep  8/80 LF=0.0362 MOS=0.3929 BalleBpp=3.298 total=0.1642 gnorm=0.693 scaler=0.0141 | [diag q32] base PSNR=34.21@0.745 model PSNR=33.04@0.892 (37s)
ep  9/80 LF=0.0322 MOS=0.3872 BalleBpp=3.107 total=0.1526 gnorm=0.565 scaler=0.0143 | [diag q32] base PSNR=34.21@0.745 model PSNR=32.34@0.955 (36s)
ep 10/80 LF=0.0311 MOS=0.3843 BalleBpp=2.920 total=0.1441 gnorm=0.582 scaler=0.0141 | [diag q32] base PSNR=34.21@0.745 model PSNR=32.76@0.921 (36s)
ep 11/80 LF=0.0354 MOS=0.3884 BalleBpp=2.739 total=0.1411 gnorm=0.735 scaler=0.0140 | [diag q32] base PSNR=34.21@0.745 model PSNR=33.56@0.834 (36s)
ep 12/80 LF=0.0339 MOS=0.3901 BalleBpp=2.569 total=0.1328 gnorm=0.633 scaler=0.0146 | [diag q32] base PSNR=34.21@0.745 model PSNR=32.85@0.910 (36s)
ep 13/80 LF=0.0361 MOS=0.3951 BalleBpp=2.401 total=0.1282 gnorm=0.650 scaler=0.0153 | [diag q32] base PSNR=34.21@0.745 model PSNR=31.69@1.009 (36s)
ep 14/80 LF=0.0341 MOS=0.3898 BalleBpp=2.266 total=0.1209 gnorm=0.622 scaler=0.0157 | [diag q32] base PSNR=34.21@0.745 model PSNR=30.63@1.110 (36s)
ep 15/80 LF=0.0352 MOS=0.3892 BalleBpp=2.139 total=0.1169 gnorm=0.641 scaler=0.0158 | [diag q32] base PSNR=34.21@0.745 model PSNR=31.53@1.013 (36s)
ep 16/80 LF=0.0321 MOS=0.3854 BalleBpp=2.027 total=0.1094 gnorm=0.536 scaler=0.0153 | [diag q32] base PSNR=34.21@0.745 model PSNR=32.44@0.936 (36s)
ep 17/80 LF=0.0316 MOS=0.3827 BalleBpp=1.931 total=0.1050 gnorm=0.574 scaler=0.0146 | [diag q32] base PSNR=34.21@0.745 model PSNR=33.28@0.846 (36s)
ep 18/80 LF=0.0304 MOS=0.3793 BalleBpp=1.837 total=0.1001 gnorm=0.541 scaler=0.0141 | [diag q32] base PSNR=34.21@0.745 model PSNR=33.57@0.779 (36s)
ep 19/80 LF=0.0331 MOS=0.3848 BalleBpp=1.735 total=0.0987 gnorm=0.555 scaler=0.0150 | [diag q32] base PSNR=34.21@0.745 model PSNR=33.01@0.827 (36s)
ep 20/80 LF=0.0308 MOS=0.3778 BalleBpp=1.689 total=0.0945 gnorm=0.518 scaler=0.0146 | [diag q32] base PSNR=34.21@0.745 model PSNR=33.30@0.768 (36s)
ep 21/80 LF=0.0304 MOS=0.3711 BalleBpp=1.633 total=0.0920 gnorm=0.522 scaler=0.0144 | [diag q32] base PSNR=34.21@0.745 model PSNR=33.21@0.829 (36s)
ep 22/80 LF=0.0289 MOS=0.3686 BalleBpp=1.579 total=0.0883 gnorm=0.436 scaler=0.0152 | [diag q32] base PSNR=34.21@0.745 model PSNR=32.29@0.887 (36s)
ep 23/80 LF=0.0349 MOS=0.3800 BalleBpp=1.505 total=0.0913 gnorm=0.585 scaler=0.0161 | [diag q32] base PSNR=34.21@0.745 model PSNR=31.15@1.004 (36s)
ep 24/80 LF=0.0309 MOS=0.3675 BalleBpp=1.497 total=0.0872 gnorm=0.553 scaler=0.0148 | [diag q32] base PSNR=34.21@0.745 model PSNR=32.89@0.752 (36s)
ep 25/80 LF=0.0304 MOS=0.3638 BalleBpp=1.458 total=0.0850 gnorm=0.426 scaler=0.0151 | [diag q32] base PSNR=34.21@0.745 model PSNR=32.62@0.775 (36s)
ep 26/80 LF=0.0309 MOS=0.3612 BalleBpp=1.453 total=0.0854 gnorm=0.514 scaler=0.0146 | [diag q32] base PSNR=34.21@0.745 model PSNR=32.83@0.696 (36s)
ep 27/80 LF=0.0290 MOS=0.3552 BalleBpp=1.412 total=0.0820 gnorm=0.382 scaler=0.0158 | [diag q32] base PSNR=34.21@0.745 model PSNR=31.96@0.884 (36s)
ep 28/80 LF=0.0329 MOS=0.3686 BalleBpp=1.368 total=0.0839 gnorm=0.516 scaler=0.0151 | [diag q32] base PSNR=34.21@0.745 model PSNR=32.60@0.749 (36s)
ep 29/80 LF=0.0349 MOS=0.3687 BalleBpp=1.359 total=0.0856 gnorm=0.537 scaler=0.0156 | [diag q32] base PSNR=34.21@0.745 model PSNR=32.55@0.778 (36s)
ep 30/80 LF=0.0344 MOS=0.3649 BalleBpp=1.337 total=0.0842 gnorm=0.515 scaler=0.0157 | [diag q32] base PSNR=34.21@0.745 model PSNR=32.25@0.800 (36s)
ep 31/80 LF=0.0328 MOS=0.3650 BalleBpp=1.321 total=0.0820 gnorm=0.461 scaler=0.0161 | [diag q32] base PSNR=34.21@0.745 model PSNR=32.05@0.864 (36s)
ep 32/80 LF=0.0322 MOS=0.3631 BalleBpp=1.318 total=0.0813 gnorm=0.428 scaler=0.0159 | [diag q32] base PSNR=34.21@0.745 model PSNR=32.08@0.845 (36s)
ep 33/80 LF=0.0297 MOS=0.3530 BalleBpp=1.331 total=0.0794 gnorm=0.338 scaler=0.0157 | [diag q32] base PSNR=34.21@0.745 model PSNR=32.17@0.800 (36s)
ep 34/80 LF=0.0338 MOS=0.3609 BalleBpp=1.307 total=0.0825 gnorm=0.433 scaler=0.0160 | [diag q32] base PSNR=34.21@0.745 model PSNR=31.82@0.762 (36s)
ep 35/80 LF=0.0320 MOS=0.3567 BalleBpp=1.309 total=0.0808 gnorm=0.384 scaler=0.0154 | [diag q32] base PSNR=34.21@0.745 model PSNR=32.26@0.746 (36s)
ep 36/80 LF=0.0328 MOS=0.3548 BalleBpp=1.320 total=0.0820 gnorm=0.436 scaler=0.0153 | [diag q32] base PSNR=34.21@0.745 model PSNR=31.93@0.698 (36s)
ep 37/80 LF=0.0318 MOS=0.3523 BalleBpp=1.327 total=0.0814 gnorm=0.414 scaler=0.0151 | [diag q32] base PSNR=34.21@0.745 model PSNR=32.40@0.738 (36s)
ep 38/80 LF=0.0321 MOS=0.3562 BalleBpp=1.271 total=0.0794 gnorm=0.342 scaler=0.0162 | [diag q32] base PSNR=34.21@0.745 model PSNR=31.72@0.788 (36s)
ep 39/80 LF=0.0313 MOS=0.3533 BalleBpp=1.300 total=0.0798 gnorm=0.365 scaler=0.0161 | [diag q32] base PSNR=34.21@0.745 model PSNR=31.81@0.735 (36s)
ep 40/80 LF=0.0344 MOS=0.3586 BalleBpp=1.265 total=0.0814 gnorm=0.464 scaler=0.0157 | [diag q32] base PSNR=34.21@0.745 model PSNR=31.87@0.713 (36s)
ep 41/80 LF=0.0327 MOS=0.3533 BalleBpp=1.283 total=0.0805 gnorm=0.403 scaler=0.0161 | [diag q32] base PSNR=34.21@0.745 model PSNR=32.06@0.769 (36s)
ep 42/80 LF=0.0325 MOS=0.3548 BalleBpp=1.288 total=0.0805 gnorm=0.368 scaler=0.0161 | [diag q32] base PSNR=34.21@0.745 model PSNR=31.80@0.739 (36s)
ep 43/80 LF=0.0326 MOS=0.3529 BalleBpp=1.277 total=0.0801 gnorm=0.374 scaler=0.0164 | [diag q32] base PSNR=34.21@0.745 model PSNR=31.90@0.764 (36s)
ep 44/80 LF=0.0324 MOS=0.3524 BalleBpp=1.285 total=0.0802 gnorm=0.339 scaler=0.0163 | [diag q32] base PSNR=34.21@0.745 model PSNR=32.11@0.761 (36s)
ep 45/80 LF=0.0347 MOS=0.3601 BalleBpp=1.269 total=0.0819 gnorm=0.422 scaler=0.0168 | [diag q32] base PSNR=34.21@0.745 model PSNR=31.57@0.756 (36s)
ep 46/80 LF=0.0325 MOS=0.3545 BalleBpp=1.282 total=0.0802 gnorm=0.412 scaler=0.0166 | [diag q32] base PSNR=34.21@0.745 model PSNR=31.90@0.764 (36s)
ep 47/80 LF=0.0298 MOS=0.3457 BalleBpp=1.303 total=0.0785 gnorm=0.274 scaler=0.0157 | [diag q32] base PSNR=34.21@0.745 model PSNR=31.87@0.696 (36s)
ep 48/80 LF=0.0321 MOS=0.3528 BalleBpp=1.277 total=0.0796 gnorm=0.335 scaler=0.0165 | [diag q32] base PSNR=34.21@0.745 model PSNR=31.27@0.700 (36s)
ep 49/80 LF=0.0322 MOS=0.3510 BalleBpp=1.289 total=0.0802 gnorm=0.380 scaler=0.0168 | [diag q32] base PSNR=34.21@0.745 model PSNR=31.36@0.733 (36s)
ep 50/80 LF=0.0299 MOS=0.3425 BalleBpp=1.306 total=0.0787 gnorm=0.275 scaler=0.0154 | [diag q32] base PSNR=34.21@0.745 model PSNR=30.48@0.606 (36s)
ep 51/80 LF=0.0327 MOS=0.3509 BalleBpp=1.263 total=0.0797 gnorm=0.333 scaler=0.0162 | [diag q32] base PSNR=34.21@0.745 model PSNR=31.66@0.695 (36s)
ep 52/80 LF=0.0317 MOS=0.3521 BalleBpp=1.266 total=0.0788 gnorm=0.311 scaler=0.0171 | [diag q32] base PSNR=34.21@0.745 model PSNR=31.73@0.750 (36s)
ep 53/80 LF=0.0319 MOS=0.3542 BalleBpp=1.279 total=0.0795 gnorm=0.334 scaler=0.0164 | [diag q32] base PSNR=34.21@0.745 model PSNR=31.57@0.688 (36s)
ep 54/80 LF=0.0306 MOS=0.3470 BalleBpp=1.277 total=0.0782 gnorm=0.295 scaler=0.0165 | [diag q32] base PSNR=34.21@0.745 model PSNR=31.83@0.697 (36s)
ep 55/80 LF=0.0321 MOS=0.3501 BalleBpp=1.251 total=0.0787 gnorm=0.314 scaler=0.0177 | [diag q32] base PSNR=34.21@0.745 model PSNR=31.66@0.791 (36s)
ep 56/80 LF=0.0321 MOS=0.3493 BalleBpp=1.294 total=0.0804 gnorm=0.378 scaler=0.0172 | [diag q32] base PSNR=34.21@0.745 model PSNR=31.48@0.726 (36s)
ep 57/80 LF=0.0322 MOS=0.3500 BalleBpp=1.264 total=0.0793 gnorm=0.301 scaler=0.0171 | [diag q32] base PSNR=34.21@0.745 model PSNR=31.96@0.755 (36s)
ep 58/80 LF=0.0368 MOS=0.3621 BalleBpp=1.261 total=0.0836 gnorm=0.493 scaler=0.0175 | [diag q32] base PSNR=34.21@0.745 model PSNR=31.50@0.713 (36s)
ep 59/80 LF=0.0309 MOS=0.3488 BalleBpp=1.279 total=0.0786 gnorm=0.287 scaler=0.0167 | [diag q32] base PSNR=34.21@0.745 model PSNR=32.30@0.723 (36s)
ep 60/80 LF=0.0308 MOS=0.3518 BalleBpp=1.266 total=0.0779 gnorm=0.301 scaler=0.0176 | [diag q32] base PSNR=34.21@0.745 model PSNR=31.66@0.743 (36s)
ep 61/80 LF=0.0347 MOS=0.3608 BalleBpp=1.242 total=0.0807 gnorm=0.427 scaler=0.0184 | [diag q32] base PSNR=34.21@0.745 model PSNR=31.59@0.786 (36s)
ep 62/80 LF=0.0322 MOS=0.3529 BalleBpp=1.272 total=0.0795 gnorm=0.321 scaler=0.0180 | [diag q32] base PSNR=34.21@0.745 model PSNR=31.43@0.732 (36s)
ep 63/80 LF=0.0323 MOS=0.3498 BalleBpp=1.268 total=0.0795 gnorm=0.318 scaler=0.0184 | [diag q32] base PSNR=34.21@0.745 model PSNR=31.47@0.771 (36s)
ep 64/80 LF=0.0316 MOS=0.3491 BalleBpp=1.289 total=0.0797 gnorm=0.301 scaler=0.0176 | [diag q32] base PSNR=34.21@0.745 model PSNR=31.69@0.705 (36s)
ep 65/80 LF=0.0302 MOS=0.3466 BalleBpp=1.280 total=0.0780 gnorm=0.269 scaler=0.0175 | [diag q32] base PSNR=34.21@0.745 model PSNR=31.26@0.662 (36s)
ep 66/80 LF=0.0308 MOS=0.3475 BalleBpp=1.260 total=0.0777 gnorm=0.272 scaler=0.0178 | [diag q32] base PSNR=34.21@0.745 model PSNR=31.62@0.725 (36s)
ep 67/80 LF=0.0316 MOS=0.3500 BalleBpp=1.273 total=0.0790 gnorm=0.311 scaler=0.0171 | [diag q32] base PSNR=34.21@0.745 model PSNR=32.02@0.704 (36s)
ep 68/80 LF=0.0327 MOS=0.3550 BalleBpp=1.266 total=0.0798 gnorm=0.353 scaler=0.0175 | [diag q32] base PSNR=34.21@0.745 model PSNR=31.65@0.687 (36s)
ep 69/80 LF=0.0319 MOS=0.3518 BalleBpp=1.256 total=0.0786 gnorm=0.283 scaler=0.0173 | [diag q32] base PSNR=34.21@0.745 model PSNR=31.29@0.673 (36s)
ep 70/80 LF=0.0317 MOS=0.3497 BalleBpp=1.262 total=0.0787 gnorm=0.303 scaler=0.0175 | [diag q32] base PSNR=34.21@0.745 model PSNR=31.47@0.687 (36s)
ep 71/80 LF=0.0297 MOS=0.3441 BalleBpp=1.291 total=0.0779 gnorm=0.237 scaler=0.0180 | [diag q32] base PSNR=34.21@0.745 model PSNR=31.51@0.705 (36s)
ep 72/80 LF=0.0303 MOS=0.3459 BalleBpp=1.266 total=0.0775 gnorm=0.253 scaler=0.0180 | [diag q32] base PSNR=34.21@0.745 model PSNR=31.75@0.713 (36s)
ep 73/80 LF=0.0325 MOS=0.3562 BalleBpp=1.250 total=0.0789 gnorm=0.338 scaler=0.0180 | [diag q32] base PSNR=34.21@0.745 model PSNR=31.74@0.697 (36s)
ep 74/80 LF=0.0343 MOS=0.3584 BalleBpp=1.250 total=0.0807 gnorm=0.369 scaler=0.0184 | [diag q32] base PSNR=34.21@0.745 model PSNR=31.88@0.737 (36s)
ep 75/80 LF=0.0342 MOS=0.3555 BalleBpp=1.260 total=0.0811 gnorm=0.351 scaler=0.0190 | [diag q32] base PSNR=34.21@0.745 model PSNR=32.03@0.757 (36s)
ep 76/80 LF=0.0342 MOS=0.3537 BalleBpp=1.268 total=0.0814 gnorm=0.407 scaler=0.0171 | [diag q32] base PSNR=34.21@0.745 model PSNR=32.59@0.696 (36s)
ep 77/80 LF=0.0322 MOS=0.3534 BalleBpp=1.265 total=0.0793 gnorm=0.305 scaler=0.0179 | [diag q32] base PSNR=34.21@0.745 model PSNR=31.98@0.704 (36s)
ep 78/80 LF=0.0346 MOS=0.3554 BalleBpp=1.256 total=0.0813 gnorm=0.385 scaler=0.0188 | [diag q32] base PSNR=34.21@0.745 model PSNR=31.60@0.723 (36s)
ep 79/80 LF=0.0352 MOS=0.3611 BalleBpp=1.217 total=0.0803 gnorm=0.359 scaler=0.0207 | [diag q32] base PSNR=34.21@0.745 model PSNR=30.95@0.896 (36s)
[balle] done -> dpp/runs/push_l04_g01/model.pt
