[v2] aligned-codec DPP: gamma=0.0 vif_gamma=0.0 lam=0.4 q~U[5,32] ch=64 ep=25 prior=dpp/runs/prior_aligned/entropy.pt calib_luma=yes(28q)
/workspace/sandwiched_compression/dpp/train_v2.py:160: UserWarning: Converting a tensor with requires_grad=True to a scalar may lead to unexpected behavior.
Consider using tensor.detach() first. (Triggered internally at /pytorch/torch/csrc/autograd/generated/python_variable_methods.cpp:835.)
  rec = {"step": gstep, "ep": ep, "q": q, "L1_raw": float(l1),
  [grad s   0] |gLF|w=1.45e-03 |grate|w=1.05e-02 | dScaler LF=+1.45e-03 rate=-2.62e-02 | cos LF-ra=-1.00 | est/real=0.72 (real 0.720) | res 0.00/0.0 hfO/I=1.000
[s    0 ep 0 q=29] L1=0.0168 (1-MS)=0.0178 VIF=0.000 MOS=0.000 bppE=0.515 | tot=0.2238 sh LF/P/V/R=0.08/0.00/0.00/0.92 | scl=+0.0000 g=0.009
[s   50 ep 0 q=19] L1=0.0218 (1-MS)=0.0320 VIF=0.000 MOS=0.000 bppE=0.372 | tot=0.1788 sh LF/P/V/R=0.17/0.00/0.00/0.83 | scl=+0.0023 g=0.122
== ep 0 (959s) LF=0.0401 VIF=0.000 MOS=0.000 bppE=0.349 scl=+0.0086
   EVAL-diag q8: base 26.39dB@0.225 ms=0.93465 -> model 25.94dB@0.201 ms=0.92983 | q20: base 29.82dB@0.434 ms=0.97616 -> model 28.91dB@0.386 ms=0.97213
  [grad s 100] |gLF|w=1.14e+00 |grate|w=1.53e+00 | dScaler LF=+1.14e+00 rate=-3.83e+00 | cos LF-ra=-1.00 | est/real=0.70 (real 0.507) | res 2.07/41.7 hfO/I=0.917
[s  100 ep 1 q=24] L1=0.0184 (1-MS)=0.0296 VIF=0.000 MOS=0.000 bppE=0.356 | tot=0.1696 sh LF/P/V/R=0.16/0.00/0.00/0.84 | scl=+0.0086 g=0.396
[s  150 ep 1 q=13] L1=0.0380 (1-MS)=0.0655 VIF=0.000 MOS=0.000 bppE=0.257 | tot=0.1628 sh LF/P/V/R=0.37/0.00/0.00/0.63 | scl=+0.0102 g=1.902
== ep 1 (23s) LF=0.0478 VIF=0.000 MOS=0.000 bppE=0.301 scl=+0.0086
   EVAL-diag q8: base 26.39dB@0.225 ms=0.93465 -> model 26.24dB@0.214 ms=0.93305 | q20: base 29.82dB@0.434 ms=0.97616 -> model 29.54dB@0.411 ms=0.97501
  [grad s 200] |gLF|w=5.02e-01 |grate|w=3.59e-01 | dScaler LF=+5.02e-01 rate=-8.98e-01 | cos LF-ra=-1.00 | est/real=0.56 (real 0.406) | res 1.12/26.3 hfO/I=0.870
[s  200 ep 2 q=12] L1=0.0252 (1-MS)=0.0558 VIF=0.000 MOS=0.000 bppE=0.229 | tot=0.1413 sh LF/P/V/R=0.35/0.00/0.00/0.65 | scl=+0.0086 g=0.143
[s  250 ep 2 q= 8] L1=0.0379 (1-MS)=0.0928 VIF=0.000 MOS=0.000 bppE=0.153 | tot=0.1430 sh LF/P/V/R=0.57/0.00/0.00/0.43 | scl=+0.0105 g=3.336
== ep 2 (23s) LF=0.0469 VIF=0.000 MOS=0.000 bppE=0.308 scl=+0.0109
   EVAL-diag q8: base 26.39dB@0.225 ms=0.93465 -> model 25.27dB@0.185 ms=0.92366 | q20: base 29.82dB@0.434 ms=0.97616 -> model 27.57dB@0.348 ms=0.96575
  [grad s 300] |gLF|w=2.25e+00 |grate|w=1.84e+00 | dScaler LF=+2.24e+00 rate=-4.60e+00 | cos LF-ra=-1.00 | est/real=0.69 (real 0.460) | res 3.14/80.2 hfO/I=0.537
[s  300 ep 3 q=23] L1=0.0199 (1-MS)=0.0367 VIF=0.000 MOS=0.000 bppE=0.317 | tot=0.1603 sh LF/P/V/R=0.21/0.00/0.00/0.79 | scl=+0.0109 g=0.407
[s  350 ep 3 q=30] L1=0.0191 (1-MS)=0.0289 VIF=0.000 MOS=0.000 bppE=0.373 | tot=0.1760 sh LF/P/V/R=0.15/0.00/0.00/0.85 | scl=+0.0116 g=0.645
== ep 3 (23s) LF=0.0472 VIF=0.000 MOS=0.000 bppE=0.296 scl=+0.0111
   EVAL-diag q8: base 26.39dB@0.225 ms=0.93465 -> model 25.80dB@0.200 ms=0.93052 | q20: base 29.82dB@0.434 ms=0.97616 -> model 28.66dB@0.386 ms=0.97269
  [grad s 400] |gLF|w=7.79e-01 |grate|w=9.39e-01 | dScaler LF=+7.77e-01 rate=-2.34e+00 | cos LF-ra=-1.00 | est/real=0.67 (real 0.448) | res 2.07/75.4 hfO/I=0.545
[s  400 ep 4 q=19] L1=0.0192 (1-MS)=0.0341 VIF=0.000 MOS=0.000 bppE=0.301 | tot=0.1517 sh LF/P/V/R=0.21/0.00/0.00/0.79 | scl=+0.0111 g=0.175
[s  450 ep 4 q=16] L1=0.0303 (1-MS)=0.0510 VIF=0.000 MOS=0.000 bppE=0.276 | tot=0.1572 sh LF/P/V/R=0.30/0.00/0.00/0.70 | scl=+0.0118 g=0.790
== ep 4 (23s) LF=0.0467 VIF=0.000 MOS=0.000 bppE=0.295 scl=+0.0117
   EVAL-diag q8: base 26.39dB@0.225 ms=0.93465 -> model 25.25dB@0.189 ms=0.92590 | q20: base 29.82dB@0.434 ms=0.97616 -> model 27.60dB@0.363 ms=0.96881
  [grad s 500] |gLF|w=1.32e+00 |grate|w=1.46e-01 | dScaler LF=+1.32e+00 rate=-3.64e-01 | cos LF-ra=-1.00 | est/real=0.43 (real 0.264) | res 2.84/120.6 hfO/I=0.419
[s  500 ep 5 q= 6] L1=0.0320 (1-MS)=0.1036 VIF=0.000 MOS=0.000 bppE=0.114 | tot=0.1347 sh LF/P/V/R=0.66/0.00/0.00/0.34 | scl=+0.0117 g=1.176
[s  550 ep 5 q=11] L1=0.0299 (1-MS)=0.0786 VIF=0.000 MOS=0.000 bppE=0.192 | tot=0.1458 sh LF/P/V/R=0.47/0.00/0.00/0.53 | scl=+0.0126 g=1.940
== ep 5 (23s) LF=0.0467 VIF=0.000 MOS=0.000 bppE=0.306 scl=+0.0123
   EVAL-diag q8: base 26.39dB@0.225 ms=0.93465 -> model 25.76dB@0.201 ms=0.93068 | q20: base 29.82dB@0.434 ms=0.97616 -> model 28.59dB@0.388 ms=0.97294
  [grad s 600] |gLF|w=8.15e-01 |grate|w=1.15e+00 | dScaler LF=+8.14e-01 rate=-2.87e+00 | cos LF-ra=-1.00 | est/real=0.63 (real 0.492) | res 2.65/95.2 hfO/I=0.424
[s  600 ep 6 q=17] L1=0.0246 (1-MS)=0.0387 VIF=0.000 MOS=0.000 bppE=0.309 | tot=0.1597 sh LF/P/V/R=0.22/0.00/0.00/0.78 | scl=+0.0123 g=0.337
[s  650 ep 6 q=18] L1=0.0239 (1-MS)=0.0418 VIF=0.000 MOS=0.000 bppE=0.307 | tot=0.1609 sh LF/P/V/R=0.24/0.00/0.00/0.76 | scl=+0.0123 g=0.326
== ep 6 (23s) LF=0.0449 VIF=0.000 MOS=0.000 bppE=0.302 scl=+0.0130
   EVAL-diag q8: base 26.39dB@0.225 ms=0.93465 -> model 25.25dB@0.189 ms=0.92633 | q20: base 29.82dB@0.434 ms=0.97616 -> model 27.67dB@0.368 ms=0.96948
  [grad s 700] |gLF|w=1.58e+00 |grate|w=1.35e-01 | dScaler LF=+1.58e+00 rate=-3.37e-01 | cos LF-ra=-1.00 | est/real=0.39 (real 0.252) | res 3.23/102.1 hfO/I=0.331
[s  700 ep 7 q= 5] L1=0.0374 (1-MS)=0.1222 VIF=0.000 MOS=0.000 bppE=0.098 | tot=0.1442 sh LF/P/V/R=0.73/0.00/0.00/0.27 | scl=+0.0130 g=1.447
[s  750 ep 7 q=29] L1=0.0232 (1-MS)=0.0283 VIF=0.000 MOS=0.000 bppE=0.408 | tot=0.1903 sh LF/P/V/R=0.14/0.00/0.00/0.86 | scl=+0.0133 g=1.421
== ep 7 (22s) LF=0.0492 VIF=0.000 MOS=0.000 bppE=0.280 scl=+0.0129
   EVAL-diag q8: base 26.39dB@0.225 ms=0.93465 -> model 25.94dB@0.206 ms=0.93198 | q20: base 29.82dB@0.434 ms=0.97616 -> model 28.94dB@0.401 ms=0.97426
  [grad s 800] |gLF|w=4.45e-01 |grate|w=1.91e+00 | dScaler LF=+4.44e-01 rate=-4.77e+00 | cos LF-ra=-1.00 | est/real=0.66 (real 0.749) | res 2.57/69.7 hfO/I=0.500
[s  800 ep 8 q=25] L1=0.0245 (1-MS)=0.0216 VIF=0.000 MOS=0.000 bppE=0.494 | tot=0.2196 sh LF/P/V/R=0.10/0.00/0.00/0.90 | scl=+0.0129 g=1.466
[s  850 ep 8 q= 7] L1=0.0361 (1-MS)=0.1026 VIF=0.000 MOS=0.000 bppE=0.133 | tot=0.1423 sh LF/P/V/R=0.63/0.00/0.00/0.37 | scl=+0.0138 g=1.409
== ep 8 (22s) LF=0.0434 VIF=0.000 MOS=0.000 bppE=0.308 scl=+0.0139
   EVAL-diag q8: base 26.39dB@0.225 ms=0.93465 -> model 25.50dB@0.195 ms=0.92907 | q20: base 29.82dB@0.434 ms=0.97616 -> model 28.13dB@0.380 ms=0.97164
  [grad s 900] |gLF|w=1.09e+00 |grate|w=1.53e-01 | dScaler LF=+1.08e+00 rate=-3.81e-01 | cos LF-ra=-1.00 | est/real=0.43 (real 0.267) | res 2.69/123.4 hfO/I=0.366
[s  900 ep 9 q= 6] L1=0.0356 (1-MS)=0.1249 VIF=0.000 MOS=0.000 bppE=0.115 | tot=0.1530 sh LF/P/V/R=0.70/0.00/0.00/0.30 | scl=+0.0139 g=0.936
[s  950 ep 9 q= 9] L1=0.0321 (1-MS)=0.0878 VIF=0.000 MOS=0.000 bppE=0.167 | tot=0.1434 sh LF/P/V/R=0.53/0.00/0.00/0.47 | scl=+0.0145 g=0.870
== ep 9 (23s) LF=0.0486 VIF=0.000 MOS=0.000 bppE=0.286 scl=+0.0145
   EVAL-diag q8: base 26.39dB@0.225 ms=0.93465 -> model 25.41dB@0.193 ms=0.92831 | q20: base 29.82dB@0.434 ms=0.97616 -> model 27.95dB@0.378 ms=0.97121
  [grad s1000] |gLF|w=6.42e-01 |grate|w=1.83e+00 | dScaler LF=+6.38e-01 rate=-4.55e+00 | cos LF-ra=-1.00 | est/real=0.68 (real 0.587) | res 2.68/116.7 hfO/I=0.396
[s 1000 ep10 q=27] L1=0.0207 (1-MS)=0.0241 VIF=0.000 MOS=0.000 bppE=0.401 | tot=0.1840 sh LF/P/V/R=0.13/0.00/0.00/0.87 | scl=+0.0145 g=1.190
[s 1050 ep10 q=17] L1=0.0226 (1-MS)=0.0450 VIF=0.000 MOS=0.000 bppE=0.255 | tot=0.1423 sh LF/P/V/R=0.28/0.00/0.00/0.72 | scl=+0.0153 g=0.699
== ep10 (23s) LF=0.0458 VIF=0.000 MOS=0.000 bppE=0.296 scl=+0.0150
   EVAL-diag q8: base 26.39dB@0.225 ms=0.93465 -> model 25.83dB@0.207 ms=0.93234 | q20: base 29.82dB@0.434 ms=0.97616 -> model 28.75dB@0.405 ms=0.97432
  [grad s1100] |gLF|w=3.60e-01 |grate|w=1.23e+00 | dScaler LF=+3.57e-01 rate=-3.05e+00 | cos LF-ra=-1.00 | est/real=0.67 (real 0.611) | res 2.44/75.3 hfO/I=0.443
[s 1100 ep11 q=23] L1=0.0236 (1-MS)=0.0267 VIF=0.000 MOS=0.000 bppE=0.412 | tot=0.1909 sh LF/P/V/R=0.14/0.00/0.00/0.86 | scl=+0.0150 g=0.869
[s 1150 ep11 q=29] L1=0.0238 (1-MS)=0.0267 VIF=0.000 MOS=0.000 bppE=0.410 | tot=0.1901 sh LF/P/V/R=0.14/0.00/0.00/0.86 | scl=+0.0160 g=1.111
== ep11 (23s) LF=0.0488 VIF=0.000 MOS=0.000 bppE=0.288 scl=+0.0159
   EVAL-diag q8: base 26.39dB@0.225 ms=0.93465 -> model 25.46dB@0.195 ms=0.92887 | q20: base 29.82dB@0.434 ms=0.97616 -> model 28.05dB@0.382 ms=0.97183
  [grad s1200] |gLF|w=6.00e-01 |grate|w=1.66e-01 | dScaler LF=+5.91e-01 rate=-4.12e-01 | cos LF-ra=-1.00 | est/real=0.48 (real 0.311) | res 2.71/97.3 hfO/I=0.424
[s 1200 ep12 q= 8] L1=0.0312 (1-MS)=0.0854 VIF=0.000 MOS=0.000 bppE=0.149 | tot=0.1341 sh LF/P/V/R=0.56/0.00/0.00/0.44 | scl=+0.0159 g=0.434
[s 1250 ep12 q=20] L1=0.0231 (1-MS)=0.0315 VIF=0.000 MOS=0.000 bppE=0.330 | tot=0.1619 sh LF/P/V/R=0.18/0.00/0.00/0.82 | scl=+0.0165 g=0.321
== ep12 (23s) LF=0.0500 VIF=0.000 MOS=0.000 bppE=0.284 scl=+0.0169
   EVAL-diag q8: base 26.39dB@0.225 ms=0.93465 -> model 25.22dB@0.194 ms=0.92841 | q20: base 29.82dB@0.434 ms=0.97616 -> model 27.53dB@0.382 ms=0.97032
  [grad s1300] |gLF|w=5.93e-01 |grate|w=1.06e+00 | dScaler LF=+5.86e-01 rate=-2.60e+00 | cos LF-ra=-1.00 | est/real=0.66 (real 0.581) | res 3.12/113.6 hfO/I=0.369
[s 1300 ep13 q=26] L1=0.0211 (1-MS)=0.0259 VIF=0.000 MOS=0.000 bppE=0.384 | tot=0.1784 sh LF/P/V/R=0.14/0.00/0.00/0.86 | scl=+0.0169 g=0.471
[s 1350 ep13 q=17] L1=0.0282 (1-MS)=0.0412 VIF=0.000 MOS=0.000 bppE=0.282 | tot=0.1515 sh LF/P/V/R=0.25/0.00/0.00/0.75 | scl=+0.0172 g=0.548
== ep13 (23s) LF=0.0475 VIF=0.000 MOS=0.000 bppE=0.292 scl=+0.0173
   EVAL-diag q8: base 26.39dB@0.225 ms=0.93465 -> model 24.87dB@0.181 ms=0.92298 | q20: base 29.82dB@0.434 ms=0.97616 -> model 26.92dB@0.351 ms=0.96600
  [grad s1400] |gLF|w=1.65e+00 |grate|w=1.37e-01 | dScaler LF=+1.62e+00 rate=-3.41e-01 | cos LF-ra=-1.00 | est/real=0.42 (real 0.275) | res 4.43/168.8 hfO/I=0.291
[s 1400 ep14 q= 6] L1=0.0408 (1-MS)=0.1312 VIF=0.000 MOS=0.000 bppE=0.115 | tot=0.1592 sh LF/P/V/R=0.71/0.00/0.00/0.29 | scl=+0.0173 g=1.510
[s 1450 ep14 q=18] L1=0.0249 (1-MS)=0.0422 VIF=0.000 MOS=0.000 bppE=0.289 | tot=0.1541 sh LF/P/V/R=0.25/0.00/0.00/0.75 | scl=+0.0176 g=0.059
== ep14 (22s) LF=0.0459 VIF=0.000 MOS=0.000 bppE=0.299 scl=+0.0183
   EVAL-diag q8: base 26.39dB@0.225 ms=0.93465 -> model 25.10dB@0.191 ms=0.92701 | q20: base 29.82dB@0.434 ms=0.97616 -> model 27.28dB@0.376 ms=0.96906
  [grad s1500] |gLF|w=6.61e-01 |grate|w=1.01e+00 | dScaler LF=+6.52e-01 rate=-2.48e+00 | cos LF-ra=-1.00 | est/real=0.67 (real 0.531) | res 3.69/149.4 hfO/I=0.308
[s 1500 ep15 q=24] L1=0.0232 (1-MS)=0.0314 VIF=0.000 MOS=0.000 bppE=0.355 | tot=0.1717 sh LF/P/V/R=0.17/0.00/0.00/0.83 | scl=+0.0183 g=0.354
[s 1550 ep15 q= 7] L1=0.0297 (1-MS)=0.1081 VIF=0.000 MOS=0.000 bppE=0.128 | tot=0.1438 sh LF/P/V/R=0.64/0.00/0.00/0.36 | scl=+0.0179 g=0.598
== ep15 (22s) LF=0.0459 VIF=0.000 MOS=0.000 bppE=0.293 scl=+0.0186
   EVAL-diag q8: base 26.39dB@0.225 ms=0.93465 -> model 24.87dB@0.180 ms=0.92247 | q20: base 29.82dB@0.434 ms=0.97616 -> model 26.93dB@0.351 ms=0.96587
  [grad s1600] |gLF|w=1.22e+00 |grate|w=1.22e+00 | dScaler LF=+1.20e+00 rate=-3.01e+00 | cos LF-ra=-1.00 | est/real=0.66 (real 0.480) | res 4.25/147.1 hfO/I=0.270
[s 1600 ep16 q=21] L1=0.0270 (1-MS)=0.0431 VIF=0.000 MOS=0.000 bppE=0.317 | tot=0.1667 sh LF/P/V/R=0.24/0.00/0.00/0.76 | scl=+0.0186 g=0.022
[s 1650 ep16 q=25] L1=0.0269 (1-MS)=0.0307 VIF=0.000 MOS=0.000 bppE=0.386 | tot=0.1845 sh LF/P/V/R=0.16/0.00/0.00/0.84 | scl=+0.0189 g=0.570
== ep16 (22s) LF=0.0484 VIF=0.000 MOS=0.000 bppE=0.293 scl=+0.0188
   EVAL-diag q8: base 26.39dB@0.225 ms=0.93465 -> model 25.54dB@0.201 ms=0.93117 | q20: base 29.82dB@0.434 ms=0.97616 -> model 28.12dB@0.404 ms=0.97225
  [grad s1700] |gLF|w=3.98e-01 |grate|w=1.02e+00 | dScaler LF=+3.92e-01 rate=-2.47e+00 | cos LF-ra=-1.00 | est/real=0.65 (real 0.634) | res 3.28/89.6 hfO/I=0.520
[s 1700 ep17 q=24] L1=0.0241 (1-MS)=0.0272 VIF=0.000 MOS=0.000 bppE=0.415 | tot=0.1925 sh LF/P/V/R=0.14/0.00/0.00/0.86 | scl=+0.0188 g=0.618
[s 1750 ep17 q=11] L1=0.0389 (1-MS)=0.0737 VIF=0.000 MOS=0.000 bppE=0.202 | tot=0.1475 sh LF/P/V/R=0.45/0.00/0.00/0.55 | scl=+0.0193 g=1.314
== ep17 (22s) LF=0.0479 VIF=0.000 MOS=0.000 bppE=0.292 scl=+0.0196
   EVAL-diag q8: base 26.39dB@0.225 ms=0.93465 -> model 24.76dB@0.180 ms=0.92188 | q20: base 29.82dB@0.434 ms=0.97616 -> model 26.72dB@0.354 ms=0.96492
  [grad s1800] |gLF|w=1.46e+00 |grate|w=5.96e-01 | dScaler LF=+1.44e+00 rate=-1.48e+00 | cos LF-ra=-1.00 | est/real=0.58 (real 0.391) | res 5.14/141.4 hfO/I=0.242
[s 1800 ep18 q=13] L1=0.0328 (1-MS)=0.0617 VIF=0.000 MOS=0.000 bppE=0.227 | tot=0.1468 sh LF/P/V/R=0.38/0.00/0.00/0.62 | scl=+0.0196 g=0.867
[s 1850 ep18 q=32] L1=0.0178 (1-MS)=0.0209 VIF=0.000 MOS=0.000 bppE=0.413 | tot=0.1857 sh LF/P/V/R=0.11/0.00/0.00/0.89 | scl=+0.0193 g=0.520
== ep18 (23s) LF=0.0516 VIF=0.000 MOS=0.000 bppE=0.286 scl=+0.0199
   EVAL-diag q8: base 26.39dB@0.225 ms=0.93465 -> model 25.04dB@0.188 ms=0.92619 | q20: base 29.82dB@0.434 ms=0.97616 -> model 27.17dB@0.375 ms=0.96787
  [grad s1900] |gLF|w=9.96e-01 |grate|w=1.56e-01 | dScaler LF=+9.67e-01 rate=-3.86e-01 | cos LF-ra=-1.00 | est/real=0.44 (real 0.300) | res 4.66/128.7 hfO/I=0.320
[s 1900 ep19 q= 7] L1=0.0380 (1-MS)=0.1014 VIF=0.000 MOS=0.000 bppE=0.133 | tot=0.1421 sh LF/P/V/R=0.62/0.00/0.00/0.38 | scl=+0.0199 g=0.841
[s 1950 ep19 q=10] L1=0.0319 (1-MS)=0.0730 VIF=0.000 MOS=0.000 bppE=0.193 | tot=0.1420 sh LF/P/V/R=0.46/0.00/0.00/0.54 | scl=+0.0191 g=0.160
== ep19 (22s) LF=0.0514 VIF=0.000 MOS=0.000 bppE=0.282 scl=+0.0201
   EVAL-diag q8: base 26.39dB@0.225 ms=0.93465 -> model 25.17dB@0.190 ms=0.92699 | q20: base 29.82dB@0.434 ms=0.97616 -> model 27.42dB@0.380 ms=0.96909
  [grad s2000] |gLF|w=7.53e-01 |grate|w=1.46e+00 | dScaler LF=+7.41e-01 rate=-3.56e+00 | cos LF-ra=-1.00 | est/real=0.67 (real 0.607) | res 4.26/131.7 hfO/I=0.389
[s 2000 ep20 q=27] L1=0.0248 (1-MS)=0.0262 VIF=0.000 MOS=0.000 bppE=0.407 | tot=0.1887 sh LF/P/V/R=0.14/0.00/0.00/0.86 | scl=+0.0201 g=0.708
[s 2050 ep20 q=29] L1=0.0275 (1-MS)=0.0313 VIF=0.000 MOS=0.000 bppE=0.446 | tot=0.2089 sh LF/P/V/R=0.15/0.00/0.00/0.85 | scl=+0.0193 g=1.508
== ep20 (22s) LF=0.0522 VIF=0.000 MOS=0.000 bppE=0.284 scl=+0.0203
   EVAL-diag q8: base 26.39dB@0.225 ms=0.93465 -> model 25.53dB@0.209 ms=0.93137 | q20: base 29.82dB@0.434 ms=0.97616 -> model 28.02dB@0.427 ms=0.97067
  [grad s2100] |gLF|w=1.76e-01 |grate|w=8.22e-02 | dScaler LF=-9.07e-02 rate=-1.90e-01 | cos LF-ra=+0.16 | est/real=0.43 (real 0.326) | res 4.25/119.0 hfO/I=0.708
[s 2100 ep21 q= 7] L1=0.0382 (1-MS)=0.0950 VIF=0.000 MOS=0.000 bppE=0.141 | tot=0.1401 sh LF/P/V/R=0.60/0.00/0.00/0.40 | scl=+0.0203 g=0.206
[s 2150 ep21 q=25] L1=0.0269 (1-MS)=0.0307 VIF=0.000 MOS=0.000 bppE=0.455 | tot=0.2120 sh LF/P/V/R=0.14/0.00/0.00/0.86 | scl=+0.0206 g=0.273
== ep21 (22s) LF=0.0515 VIF=0.000 MOS=0.000 bppE=0.284 scl=+0.0209
   EVAL-diag q8: base 26.39dB@0.225 ms=0.93465 -> model 25.13dB@0.192 ms=0.92754 | q20: base 29.82dB@0.434 ms=0.97616 -> model 27.31dB@0.385 ms=0.96836
  [grad s2200] |gLF|w=2.46e-01 |grate|w=2.30e-02 | dScaler LF=-1.27e-01 rate=-5.01e-02 | cos LF-ra=+0.06 | est/real=0.40 (real 0.246) | res 3.90/163.9 hfO/I=0.612
[s 2200 ep22 q= 5] L1=0.0370 (1-MS)=0.1344 VIF=0.000 MOS=0.000 bppE=0.097 | tot=0.1538 sh LF/P/V/R=0.75/0.00/0.00/0.25 | scl=+0.0209 g=0.249
[s 2250 ep22 q= 9] L1=0.0385 (1-MS)=0.0881 VIF=0.000 MOS=0.000 bppE=0.166 | tot=0.1447 sh LF/P/V/R=0.54/0.00/0.00/0.46 | scl=+0.0206 g=0.928
== ep22 (22s) LF=0.0472 VIF=0.000 MOS=0.000 bppE=0.294 scl=+0.0212
   EVAL-diag q8: base 26.39dB@0.225 ms=0.93465 -> model 24.47dB@0.174 ms=0.91752 | q20: base 29.82dB@0.434 ms=0.97616 -> model 26.24dB@0.340 ms=0.96116
  [grad s2300] |gLF|w=1.04e+00 |grate|w=2.35e-01 | dScaler LF=+1.02e+00 rate=-5.78e-01 | cos LF-ra=-1.00 | est/real=0.59 (real 0.344) | res 4.64/158.5 hfO/I=0.439
[s 2300 ep23 q=12] L1=0.0294 (1-MS)=0.0737 VIF=0.000 MOS=0.000 bppE=0.202 | tot=0.1459 sh LF/P/V/R=0.44/0.00/0.00/0.56 | scl=+0.0212 g=0.804
[s 2350 ep23 q=25] L1=0.0355 (1-MS)=0.0370 VIF=0.000 MOS=0.000 bppE=0.415 | tot=0.2027 sh LF/P/V/R=0.18/0.00/0.00/0.82 | scl=+0.0209 g=0.953
== ep23 (23s) LF=0.0497 VIF=0.000 MOS=0.000 bppE=0.296 scl=+0.0210
   EVAL-diag q8: base 26.39dB@0.225 ms=0.93465 -> model 25.27dB@0.193 ms=0.92807 | q20: base 29.82dB@0.434 ms=0.97616 -> model 27.60dB@0.384 ms=0.96992
  [grad s2400] |gLF|w=2.71e-01 |grate|w=1.22e-01 | dScaler LF=+2.36e-01 rate=-3.02e-01 | cos LF-ra=-0.94 | est/real=0.52 (real 0.281) | res 3.61/132.3 hfO/I=0.363
[s 2400 ep24 q= 8] L1=0.0302 (1-MS)=0.1002 VIF=0.000 MOS=0.000 bppE=0.146 | tot=0.1445 sh LF/P/V/R=0.60/0.00/0.00/0.40 | scl=+0.0210 g=0.162
[s 2450 ep24 q=31] L1=0.0253 (1-MS)=0.0284 VIF=0.000 MOS=0.000 bppE=0.399 | tot=0.1874 sh LF/P/V/R=0.15/0.00/0.00/0.85 | scl=+0.0216 g=0.156
== ep24 (20s) LF=0.0469 VIF=0.000 MOS=0.000 bppE=0.296 scl=+0.0217
   EVAL-diag q8: base 26.39dB@0.225 ms=0.93465 -> model 24.90dB@0.184 ms=0.92397 | q20: base 29.82dB@0.434 ms=0.97616 -> model 26.96dB@0.368 ms=0.96640
[v2] done -> dpp/runs/v2_A_l40
