[v2] aligned-codec DPP: gamma=0.0 vif_gamma=0.01 lam=0.1 q~U[5,32] ch=64 ep=25 prior=dpp/runs/prior_aligned/entropy.pt calib_luma=yes(28q)
/workspace/sandwiched_compression/dpp/train_v2.py:160: UserWarning: Converting a tensor with requires_grad=True to a scalar may lead to unexpected behavior.
Consider using tensor.detach() first. (Triggered internally at /pytorch/torch/csrc/autograd/generated/python_variable_methods.cpp:835.)
  rec = {"step": gstep, "ep": ep, "q": q, "L1_raw": float(l1),
  [grad s   0] |gLF|w=1.78e-03 |grate|w=2.62e-03 |gvif|w=2.96e-04 | dScaler LF=+1.78e-03 rate=-2.62e-02 vif=+2.96e-02 | cos LF-ra=-1.00 LF-vi=+1.00 ra-vi=-1.00 | est/real=0.72 (real 0.720) | res 0.00/0.0 hfO/I=1.000
[s    0 ep 0 q=29] L1=0.0168 (1-MS)=0.0178 VIF=0.535 MOS=0.000 bppE=0.515 | tot=0.0738 sh LF/P/V/R=0.24/0.00/0.06/0.70 | scl=+0.0000 g=0.001
[s   50 ep 0 q=19] L1=0.0221 (1-MS)=0.0315 VIF=0.377 MOS=0.000 bppE=0.380 | tot=0.0738 sh LF/P/V/R=0.40/0.00/0.08/0.51 | scl=+0.0045 g=0.127
== ep 0 (961s) LF=0.0376 VIF=0.401 MOS=0.000 bppE=0.367 scl=+0.0069
   EVAL-diag q8: base 26.39dB@0.225 ms=0.93465 -> model 26.37dB@0.233 ms=0.93516 | q20: base 29.82dB@0.434 ms=0.97616 -> model 29.72dB@0.450 ms=0.97629
  [grad s 100] |gLF|w=1.02e-01 |grate|w=1.97e-01 |gvif|w=3.72e-02 | dScaler LF=-1.02e-01 rate=+1.97e+00 vif=-3.71e+00 | cos LF-ra=-1.00 LF-vi=+1.00 ra-vi=-1.00 | est/real=0.71 (real 0.575) | res 1.04/10.5 hfO/I=1.032
[s  100 ep 1 q=24] L1=0.0171 (1-MS)=0.0249 VIF=0.474 MOS=0.000 bppE=0.407 | tot=0.0693 sh LF/P/V/R=0.34/0.00/0.08/0.59 | scl=+0.0069 g=0.058
  [NaN-guard] step 116 skipped
  [NaN-guard] step 125 skipped
[s  150 ep 1 q=11] L1=0.0258 (1-MS)=0.0611 VIF=0.302 MOS=0.000 bppE=0.227 | tot=0.0837 sh LF/P/V/R=0.65/0.00/0.08/0.27 | scl=+0.0077 g=0.740
  [NaN-guard] step 160 skipped
== ep 1 (24s) LF=0.0432 VIF=0.405 MOS=0.000 bppE=0.368 scl=+0.0107
   EVAL-diag q8: base 26.39dB@0.225 ms=0.93465 -> model 26.27dB@0.245 ms=0.93578 | q20: base 29.82dB@0.434 ms=0.97616 -> model 29.24dB@0.502 ms=0.97168
  [grad s 200] |gLF|w=9.40e-01 |grate|w=1.30e-01 |gvif|w=5.60e-02 | dScaler LF=-9.33e-01 rate=+1.29e+00 vif=-5.54e+00 | cos LF-ra=-1.00 LF-vi=+1.00 ra-vi=-1.00 | est/real=0.52 (real 0.475) | res 2.39/21.9 hfO/I=1.230
[s  200 ep 2 q=11] L1=0.0318 (1-MS)=0.0612 VIF=0.318 MOS=0.000 bppE=0.249 | tot=0.0870 sh LF/P/V/R=0.64/0.00/0.08/0.29 | scl=+0.0105 g=0.866
  [NaN-guard] step 210 skipped
  [NaN-guard] step 250 skipped
[s  250 ep 2 q= 7] L1=0.0414 (1-MS)=0.0906 VIF=0.237 MOS=0.000 bppE=0.159 | tot=0.1044 sh LF/P/V/R=0.77/0.00/0.07/0.15 | scl=+0.0106 g=0.385
  [NaN-guard] step 284 skipped
== ep 2 (24s) LF=0.0454 VIF=0.424 MOS=0.000 bppE=0.387 scl=+0.0113
   EVAL-diag q8: base 26.39dB@0.225 ms=0.93465 -> model 26.29dB@0.220 ms=0.93354 | q20: base 29.82dB@0.434 ms=0.97616 -> model 29.59dB@0.441 ms=0.97441
  [grad s 300] |gLF|w=5.08e-02 |grate|w=3.42e-01 |gvif|w=1.53e-01 | dScaler LF=-4.58e-02 rate=+3.40e+00 vif=-1.52e+01 | cos LF-ra=-0.94 LF-vi=+0.91 ra-vi=-0.99 | est/real=0.70 (real 0.697) | res 2.77/27.7 hfO/I=1.330
[s  300 ep 3 q=25] L1=0.0205 (1-MS)=0.0284 VIF=0.539 MOS=0.000 bppE=0.489 | tot=0.0803 sh LF/P/V/R=0.33/0.00/0.06/0.61 | scl=+0.0113 g=0.144
  [NaN-guard] step 328 skipped
[s  350 ep 3 q=16] L1=0.0277 (1-MS)=0.0372 VIF=0.373 MOS=0.000 bppE=0.373 | tot=0.0789 sh LF/P/V/R=0.45/0.00/0.08/0.47 | scl=+0.0118 g=0.394
  [NaN-guard] step 360 skipped
== ep 3 (24s) LF=0.0444 VIF=0.442 MOS=0.000 bppE=0.385 scl=+0.0124
   EVAL-diag q8: base 26.39dB@0.225 ms=0.93465 -> model 26.23dB@0.233 ms=0.93410 | q20: base 29.82dB@0.434 ms=0.97616 -> model 29.02dB@0.504 ms=0.96464
  [grad s 400] |gLF|w=6.42e-01 |grate|w=1.28e-01 |gvif|w=1.45e-01 | dScaler LF=-6.41e-01 rate=+1.27e+00 vif=-1.45e+01 | cos LF-ra=-1.00 LF-vi=+1.00 ra-vi=-1.00 | est/real=0.62 (real 0.421) | res 3.38/37.9 hfO/I=1.853
[s  400 ep 4 q=14] L1=0.0191 (1-MS)=0.0418 VIF=0.396 MOS=0.000 bppE=0.261 | tot=0.0694 sh LF/P/V/R=0.54/0.00/0.09/0.38 | scl=+0.0122 g=0.659
  [NaN-guard] step 449 skipped
[s  450 ep 4 q=15] L1=0.0230 (1-MS)=0.0520 VIF=0.441 MOS=0.000 bppE=0.319 | tot=0.0838 sh LF/P/V/R=0.55/0.00/0.07/0.38 | scl=+0.0131 g=0.075
  [NaN-guard] step 462 skipped
== ep 4 (24s) LF=0.0472 VIF=0.449 MOS=0.000 bppE=0.388 scl=+0.0128
   EVAL-diag q8: base 26.39dB@0.225 ms=0.93465 -> model 26.23dB@0.224 ms=0.93405 | q20: base 29.82dB@0.434 ms=0.97616 -> model 29.24dB@0.470 ms=0.97025
  [grad s 500] |gLF|w=2.06e-01 |grate|w=4.47e-01 |gvif|w=1.73e-01 | dScaler LF=-2.05e-01 rate=+4.45e+00 vif=-1.72e+01 | cos LF-ra=-1.00 LF-vi=+1.00 ra-vi=-1.00 | est/real=0.64 (real 0.641) | res 4.49/44.7 hfO/I=2.106
[s  500 ep 5 q=18] L1=0.0248 (1-MS)=0.0361 VIF=0.490 MOS=0.000 bppE=0.411 | tot=0.0801 sh LF/P/V/R=0.42/0.00/0.06/0.51 | scl=+0.0131 g=0.071
  [NaN-guard] step 510 skipped
  [NaN-guard] step 521 skipped
[s  550 ep 5 q=22] L1=0.0241 (1-MS)=0.0313 VIF=0.475 MOS=0.000 bppE=0.459 | tot=0.0810 sh LF/P/V/R=0.37/0.00/0.06/0.57 | scl=+0.0130 g=0.172
  [NaN-guard] step 562 skipped
== ep 5 (24s) LF=0.0417 VIF=0.441 MOS=0.000 bppE=0.397 scl=+0.0136
   EVAL-diag q8: base 26.39dB@0.225 ms=0.93465 -> model 26.02dB@0.246 ms=0.93208 | q20: base 29.82dB@0.434 ms=0.97616 -> model 27.91dB@0.562 ms=0.95296
  [grad s 600] |gLF|w=3.33e-01 |grate|w=3.94e-01 |gvif|w=1.39e-01 | dScaler LF=-3.32e-01 rate=+3.93e+00 vif=-1.39e+01 | cos LF-ra=-1.00 LF-vi=+1.00 ra-vi=-1.00 | est/real=0.68 (real 0.620) | res 4.29/54.9 hfO/I=2.019
[s  600 ep 6 q=19] L1=0.0241 (1-MS)=0.0338 VIF=0.450 MOS=0.000 bppE=0.421 | tot=0.0794 sh LF/P/V/R=0.40/0.00/0.07/0.53 | scl=+0.0134 g=0.080
[s  650 ep 6 q=10] L1=0.0256 (1-MS)=0.0636 VIF=0.283 MOS=0.000 bppE=0.196 | tot=0.0828 sh LF/P/V/R=0.68/0.00/0.09/0.24 | scl=+0.0129 g=0.547
  [NaN-guard] step 652 skipped
  [NaN-guard] step 682 skipped
== ep 6 (24s) LF=0.0443 VIF=0.465 MOS=0.000 bppE=0.412 scl=+0.0137
   EVAL-diag q8: base 26.39dB@0.225 ms=0.93465 -> model 26.18dB@0.218 ms=0.93359 | q20: base 29.82dB@0.434 ms=0.97616 -> model 29.17dB@0.459 ms=0.96978
  [grad s 700] |gLF|w=6.65e-01 |grate|w=8.08e-01 |gvif|w=2.21e-01 | dScaler LF=+6.63e-01 rate=+8.05e+00 vif=-2.20e+01 | cos LF-ra=+1.00 LF-vi=-1.00 ra-vi=-1.00 | est/real=0.72 (real 0.883) | res 5.57/44.3 hfO/I=2.095
[s  700 ep 7 q=24] L1=0.0281 (1-MS)=0.0368 VIF=0.615 MOS=0.000 bppE=0.636 | tot=0.1026 sh LF/P/V/R=0.34/0.00/0.04/0.62 | scl=+0.0143 g=1.251
[s  750 ep 7 q=11] L1=0.0307 (1-MS)=0.0606 VIF=0.339 MOS=0.000 bppE=0.263 | tot=0.0875 sh LF/P/V/R=0.62/0.00/0.08/0.30 | scl=+0.0146 g=0.961
== ep 7 (24s) LF=0.0532 VIF=0.463 MOS=0.000 bppE=0.392 scl=+0.0146
   EVAL-diag q8: base 26.39dB@0.225 ms=0.93465 -> model 26.25dB@0.232 ms=0.93481 | q20: base 29.82dB@0.434 ms=0.97616 -> model 29.17dB@0.491 ms=0.96922
  [NaN-guard] step 794 skipped
  [grad s 800] |gLF|w=5.00e-01 |grate|w=6.76e-01 |gvif|w=2.65e-01 | dScaler LF=+4.98e-01 rate=+6.75e+00 vif=-2.65e+01 | cos LF-ra=+1.00 LF-vi=-1.00 ra-vi=-1.00 | est/real=0.69 (real 0.589) | res 6.18/73.9 hfO/I=4.060
[s  800 ep 8 q=19] L1=0.0236 (1-MS)=0.0592 VIF=0.551 MOS=0.000 bppE=0.404 | tot=0.0970 sh LF/P/V/R=0.54/0.00/0.05/0.42 | scl=+0.0151 g=0.910
[s  850 ep 8 q=18] L1=0.0250 (1-MS)=0.0310 VIF=0.438 MOS=0.000 bppE=0.398 | tot=0.0751 sh LF/P/V/R=0.40/0.00/0.07/0.53 | scl=+0.0147 g=0.332
  [NaN-guard] step 870 skipped
== ep 8 (24s) LF=0.0431 VIF=0.470 MOS=0.000 bppE=0.412 scl=+0.0152
   EVAL-diag q8: base 26.39dB@0.225 ms=0.93465 -> model 26.17dB@0.234 ms=0.93393 | q20: base 29.82dB@0.434 ms=0.97616 -> model 28.66dB@0.515 ms=0.96218
  [grad s 900] |gLF|w=2.11e-02 |grate|w=3.62e-01 |gvif|w=1.59e-01 | dScaler LF=+1.50e-02 rate=+3.61e+00 vif=-1.58e+01 | cos LF-ra=+0.67 LF-vi=-0.71 ra-vi=-1.00 | est/real=0.73 (real 0.707) | res 3.60/52.5 hfO/I=1.740
[s  900 ep 9 q=27] L1=0.0185 (1-MS)=0.0252 VIF=0.574 MOS=0.000 bppE=0.519 | tot=0.0800 sh LF/P/V/R=0.30/0.00/0.05/0.65 | scl=+0.0146 g=0.219
  [NaN-guard] step 901 skipped
[s  950 ep 9 q=28] L1=0.0329 (1-MS)=0.0779 VIF=0.715 MOS=0.000 bppE=0.738 | tot=0.1456 sh LF/P/V/R=0.47/0.00/0.02/0.51 | scl=+0.0161 g=4.990
== ep 9 (24s) LF=0.0520 VIF=0.451 MOS=0.000 bppE=0.407 scl=+0.0154
   EVAL-diag q8: base 26.39dB@0.225 ms=0.93465 -> model 26.21dB@0.224 ms=0.93379 | q20: base 29.82dB@0.434 ms=0.97616 -> model 28.91dB@0.490 ms=0.96521
  [grad s1000] |gLF|w=1.17e+00 |grate|w=1.29e+00 |gvif|w=1.77e-01 | dScaler LF=+1.17e+00 rate=+1.29e+01 vif=-1.75e+01 | cos LF-ra=+1.00 LF-vi=-0.99 ra-vi=-0.99 | est/real=0.74 (real 0.845) | res 5.61/80.8 hfO/I=3.820
[s 1000 ep10 q=30] L1=0.0225 (1-MS)=0.0445 VIF=0.733 MOS=0.000 bppE=0.627 | tot=0.1055 sh LF/P/V/R=0.38/0.00/0.03/0.59 | scl=+0.0158 g=2.287
[s 1050 ep10 q=22] L1=0.0366 (1-MS)=0.0721 VIF=0.574 MOS=0.000 bppE=0.636 | tot=0.1328 sh LF/P/V/R=0.49/0.00/0.03/0.48 | scl=+0.0164 g=3.472
== ep10 (24s) LF=0.0487 VIF=0.467 MOS=0.000 bppE=0.418 scl=+0.0161
   EVAL-diag q8: base 26.39dB@0.225 ms=0.93465 -> model 26.05dB@0.246 ms=0.93158 | q20: base 29.82dB@0.434 ms=0.97616 -> model 27.99dB@0.564 ms=0.95097
  [grad s1100] |gLF|w=1.20e-01 |grate|w=9.35e-01 |gvif|w=1.41e-01 | dScaler LF=+1.18e-01 rate=+9.33e+00 vif=-1.41e+01 | cos LF-ra=+0.99 LF-vi=-0.99 ra-vi=-1.00 | est/real=0.72 (real 0.784) | res 5.71/53.1 hfO/I=3.411
[s 1100 ep11 q=25] L1=0.0236 (1-MS)=0.0376 VIF=0.576 MOS=0.000 bppE=0.562 | tot=0.0952 sh LF/P/V/R=0.37/0.00/0.04/0.59 | scl=+0.0158 g=0.912
[s 1150 ep11 q= 6] L1=0.0373 (1-MS)=0.0989 VIF=0.199 MOS=0.000 bppE=0.133 | tot=0.1079 sh LF/P/V/R=0.80/0.00/0.07/0.12 | scl=+0.0157 g=1.221
== ep11 (25s) LF=0.0500 VIF=0.463 MOS=0.000 bppE=0.403 scl=+0.0157
   EVAL-diag q8: base 26.39dB@0.225 ms=0.93465 -> model 26.21dB@0.230 ms=0.93415 | q20: base 29.82dB@0.434 ms=0.97616 -> model 28.91dB@0.499 ms=0.96515
  [grad s1200] |gLF|w=1.78e-02 |grate|w=6.18e-01 |gvif|w=1.06e-01 | dScaler LF=+2.04e-03 rate=+6.16e+00 vif=-1.06e+01 | cos LF-ra=+0.08 LF-vi=-0.13 ra-vi=-1.00 | est/real=0.74 (real 0.798) | res 4.24/49.6 hfO/I=2.290
[s 1200 ep12 q=29] L1=0.0208 (1-MS)=0.0283 VIF=0.603 MOS=0.000 bppE=0.588 | tot=0.0895 sh LF/P/V/R=0.30/0.00/0.04/0.66 | scl=+0.0153 g=0.514
  [NaN-guard] step 1249 skipped
[s 1250 ep12 q=27] L1=0.0196 (1-MS)=0.0346 VIF=0.605 MOS=0.000 bppE=0.503 | tot=0.0858 sh LF/P/V/R=0.37/0.00/0.05/0.59 | scl=+0.0156 g=0.811
  [NaN-guard] step 1261 skipped
== ep12 (24s) LF=0.0514 VIF=0.454 MOS=0.000 bppE=0.394 scl=+0.0166
   EVAL-diag q8: base 26.39dB@0.225 ms=0.93465 -> model 26.10dB@0.237 ms=0.93274 | q20: base 29.82dB@0.434 ms=0.97616 -> model 28.12dB@0.544 ms=0.95284
  [grad s1300] |gLF|w=7.18e-01 |grate|w=4.39e-01 |gvif|w=1.69e-01 | dScaler LF=-7.17e-01 rate=+4.38e+00 vif=-1.69e+01 | cos LF-ra=-1.00 LF-vi=+1.00 ra-vi=-1.00 | est/real=0.60 (real 0.555) | res 7.27/76.7 hfO/I=3.521
[s 1300 ep13 q=13] L1=0.0327 (1-MS)=0.0550 VIF=0.387 MOS=0.000 bppE=0.331 | tot=0.0898 sh LF/P/V/R=0.56/0.00/0.07/0.37 | scl=+0.0166 g=0.448
  [NaN-guard] step 1333 skipped
[s 1350 ep13 q=25] L1=0.0236 (1-MS)=0.0324 VIF=0.547 MOS=0.000 bppE=0.521 | tot=0.0872 sh LF/P/V/R=0.35/0.00/0.05/0.60 | scl=+0.0159 g=0.114
== ep13 (25s) LF=0.0511 VIF=0.495 MOS=0.000 bppE=0.409 scl=+0.0160
   EVAL-diag q8: base 26.39dB@0.225 ms=0.93465 -> model 26.21dB@0.221 ms=0.93399 | q20: base 29.82dB@0.434 ms=0.97616 -> model 29.23dB@0.463 ms=0.97080
  [NaN-guard] step 1386 skipped
  [grad s1400] |gLF|w=1.45e+00 |grate|w=9.84e-02 |gvif|w=8.56e-02 | dScaler LF=-1.45e+00 rate=+9.80e-01 vif=-8.54e+00 | cos LF-ra=-1.00 LF-vi=+1.00 ra-vi=-1.00 | est/real=0.52 (real 0.326) | res 5.77/62.8 hfO/I=2.866
[s 1400 ep14 q= 8] L1=0.0296 (1-MS)=0.0862 VIF=0.210 MOS=0.000 bppE=0.169 | tot=0.0998 sh LF/P/V/R=0.75/0.00/0.08/0.17 | scl=+0.0164 g=1.439
[s 1450 ep14 q=20] L1=0.0195 (1-MS)=0.0391 VIF=0.508 MOS=0.000 bppE=0.377 | tot=0.0778 sh LF/P/V/R=0.45/0.00/0.06/0.48 | scl=+0.0162 g=0.075
  [NaN-guard] step 1453 skipped
== ep14 (24s) LF=0.0441 VIF=0.472 MOS=0.000 bppE=0.405 scl=+0.0167
   EVAL-diag q8: base 26.39dB@0.225 ms=0.93465 -> model 26.15dB@0.227 ms=0.93378 | q20: base 29.82dB@0.434 ms=0.97616 -> model 28.77dB@0.496 ms=0.96332
  [NaN-guard] step 1496 skipped
  [grad s1500] |gLF|w=7.42e-01 |grate|w=2.41e-01 |gvif|w=1.24e-01 | dScaler LF=-7.41e-01 rate=+2.40e+00 vif=-1.23e+01 | cos LF-ra=-1.00 LF-vi=+1.00 ra-vi=-1.00 | est/real=0.59 (real 0.521) | res 5.96/80.8 hfO/I=3.233
[s 1500 ep15 q=13] L1=0.0284 (1-MS)=0.0516 VIF=0.379 MOS=0.000 bppE=0.307 | tot=0.0838 sh LF/P/V/R=0.56/0.00/0.07/0.37 | scl=+0.0169 g=0.625
  [NaN-guard] step 1542 skipped
[s 1550 ep15 q=18] L1=0.0229 (1-MS)=0.0430 VIF=0.416 MOS=0.000 bppE=0.359 | tot=0.0807 sh LF/P/V/R=0.48/0.00/0.07/0.44 | scl=+0.0165 g=0.447
== ep15 (24s) LF=0.0475 VIF=0.491 MOS=0.000 bppE=0.403 scl=+0.0165
   EVAL-diag q8: base 26.39dB@0.225 ms=0.93465 -> model 26.10dB@0.214 ms=0.93303 | q20: base 29.82dB@0.434 ms=0.97616 -> model 29.04dB@0.447 ms=0.96983
  [NaN-guard] step 1582 skipped
  [grad s1600] |gLF|w=3.62e-01 |grate|w=1.32e-01 |gvif|w=6.23e-02 | dScaler LF=-3.60e-01 rate=+1.28e+00 vif=-6.20e+00 | cos LF-ra=-0.99 LF-vi=+1.00 ra-vi=-0.98 | est/real=0.68 (real 0.680) | res 4.14/45.8 hfO/I=1.745
[s 1600 ep16 q=21] L1=0.0241 (1-MS)=0.0276 VIF=0.488 MOS=0.000 bppE=0.463 | tot=0.0783 sh LF/P/V/R=0.34/0.00/0.07/0.59 | scl=+0.0162 g=0.295
  [NaN-guard] step 1615 skipped
  [NaN-guard] step 1644 skipped
[s 1650 ep16 q=10] L1=0.0324 (1-MS)=0.0603 VIF=0.305 MOS=0.000 bppE=0.240 | tot=0.0857 sh LF/P/V/R=0.64/0.00/0.08/0.28 | scl=+0.0172 g=0.983
== ep16 (24s) LF=0.0482 VIF=0.472 MOS=0.000 bppE=0.399 scl=+0.0173
   EVAL-diag q8: base 26.39dB@0.225 ms=0.93465 -> model 26.15dB@0.234 ms=0.93326 | q20: base 29.82dB@0.434 ms=0.97616 -> model 28.56dB@0.520 ms=0.95928
  [NaN-guard] step 1678 skipped
  [grad s1700] |gLF|w=3.26e-02 |grate|w=5.61e-01 |gvif|w=8.96e-02 | dScaler LF=-1.81e-02 rate=+5.59e+00 vif=-8.93e+00 | cos LF-ra=-0.58 LF-vi=+0.54 ra-vi=-1.00 | est/real=0.65 (real 0.682) | res 6.34/74.0 hfO/I=3.582
[s 1700 ep17 q=18] L1=0.0282 (1-MS)=0.0462 VIF=0.500 MOS=0.000 bppE=0.444 | tot=0.0921 sh LF/P/V/R=0.46/0.00/0.05/0.48 | scl=+0.0174 g=0.453
  [NaN-guard] step 1713 skipped
[s 1750 ep17 q=24] L1=0.0199 (1-MS)=0.0362 VIF=0.596 MOS=0.000 bppE=0.477 | tot=0.0847 sh LF/P/V/R=0.39/0.00/0.05/0.56 | scl=+0.0172 g=0.268
== ep17 (24s) LF=0.0505 VIF=0.483 MOS=0.000 bppE=0.404 scl=+0.0170
   EVAL-diag q8: base 26.39dB@0.225 ms=0.93465 -> model 26.14dB@0.220 ms=0.93371 | q20: base 29.82dB@0.434 ms=0.97616 -> model 28.99dB@0.468 ms=0.96818
  [NaN-guard] step 1775 skipped
  [grad s1800] |gLF|w=1.93e+00 |grate|w=1.85e-01 |gvif|w=8.38e-02 | dScaler LF=-1.92e+00 rate=+1.85e+00 vif=-8.36e+00 | cos LF-ra=-1.00 LF-vi=+1.00 ra-vi=-1.00 | est/real=0.45 (real 0.339) | res 8.14/103.0 hfO/I=4.091
[s 1800 ep18 q= 6] L1=0.0411 (1-MS)=0.1157 VIF=0.201 MOS=0.000 bppE=0.151 | tot=0.1239 sh LF/P/V/R=0.81/0.00/0.06/0.12 | scl=+0.0179 g=1.826
  [NaN-guard] step 1823 skipped
[s 1850 ep18 q=32] L1=0.0200 (1-MS)=0.0299 VIF=0.669 MOS=0.000 bppE=0.605 | tot=0.0917 sh LF/P/V/R=0.30/0.00/0.04/0.66 | scl=+0.0169 g=0.821
== ep18 (24s) LF=0.0509 VIF=0.479 MOS=0.000 bppE=0.397 scl=+0.0174
   EVAL-diag q8: base 26.39dB@0.225 ms=0.93465 -> model 26.15dB@0.225 ms=0.93372 | q20: base 29.82dB@0.434 ms=0.97616 -> model 28.81dB@0.492 ms=0.96411
  [grad s1900] |gLF|w=5.16e-02 |grate|w=4.14e-01 |gvif|w=1.68e-01 | dScaler LF=+4.15e-02 rate=+4.12e+00 vif=-1.68e+01 | cos LF-ra=+0.79 LF-vi=-0.82 ra-vi=-1.00 | est/real=0.72 (real 0.648) | res 4.30/66.4 hfO/I=2.429
[s 1900 ep19 q=24] L1=0.0199 (1-MS)=0.0351 VIF=0.600 MOS=0.000 bppE=0.466 | tot=0.0827 sh LF/P/V/R=0.39/0.00/0.05/0.56 | scl=+0.0171 g=0.288
[s 1950 ep19 q=11] L1=0.0312 (1-MS)=0.0642 VIF=0.332 MOS=0.000 bppE=0.258 | tot=0.0901 sh LF/P/V/R=0.64/0.00/0.07/0.29 | scl=+0.0178 g=0.808
== ep19 (25s) LF=0.0564 VIF=0.486 MOS=0.000 bppE=0.409 scl=+0.0182
   EVAL-diag q8: base 26.39dB@0.225 ms=0.93465 -> model 26.11dB@0.228 ms=0.93276 | q20: base 29.82dB@0.434 ms=0.97616 -> model 28.22dB@0.528 ms=0.95315
  [grad s2000] |gLF|w=3.78e-02 |grate|w=6.57e-01 |gvif|w=1.14e-01 | dScaler LF=+1.96e-02 rate=+6.55e+00 vif=-1.13e+01 | cos LF-ra=+0.51 LF-vi=-0.51 ra-vi=-1.00 | est/real=0.66 (real 0.643) | res 7.90/132.4 hfO/I=4.368
[s 2000 ep20 q=16] L1=0.0295 (1-MS)=0.0563 VIF=0.468 MOS=0.000 bppE=0.425 | tot=0.0988 sh LF/P/V/R=0.52/0.00/0.05/0.43 | scl=+0.0194 g=0.563
  [NaN-guard] step 2037 skipped
[s 2050 ep20 q=19] L1=0.0234 (1-MS)=0.0423 VIF=0.559 MOS=0.000 bppE=0.434 | tot=0.0863 sh LF/P/V/R=0.45/0.00/0.05/0.50 | scl=+0.0184 g=0.589
== ep20 (24s) LF=0.0592 VIF=0.467 MOS=0.000 bppE=0.397 scl=+0.0190
   EVAL-diag q8: base 26.39dB@0.225 ms=0.93465 -> model 25.94dB@0.244 ms=0.92967 | q20: base 29.82dB@0.434 ms=0.97616 -> model 27.19dB@0.593 ms=0.93864
  [grad s2100] |gLF|w=1.43e+00 |grate|w=9.71e-02 |gvif|w=4.91e-02 | dScaler LF=-1.43e+00 rate=+9.68e-01 vif=-4.89e+00 | cos LF-ra=-1.00 LF-vi=+1.00 ra-vi=-1.00 | est/real=0.47 (real 0.328) | res 5.11/92.6 hfO/I=3.402
[s 2100 ep21 q= 7] L1=0.0343 (1-MS)=0.1055 VIF=0.227 MOS=0.000 bppE=0.153 | tot=0.1143 sh LF/P/V/R=0.80/0.00/0.07/0.13 | scl=+0.0179 g=1.387
  [NaN-guard] step 2118 skipped
[s 2150 ep21 q=11] L1=0.0252 (1-MS)=0.0645 VIF=0.321 MOS=0.000 bppE=0.245 | tot=0.0879 sh LF/P/V/R=0.64/0.00/0.08/0.28 | scl=+0.0184 g=1.069
== ep21 (24s) LF=0.0564 VIF=0.475 MOS=0.000 bppE=0.400 scl=+0.0184
   EVAL-diag q8: base 26.39dB@0.225 ms=0.93465 -> model 26.22dB@0.229 ms=0.93476 | q20: base 29.82dB@0.434 ms=0.97616 -> model 29.09dB@0.483 ms=0.96949
  [NaN-guard] step 2173 skipped
  [grad s2200] |gLF|w=5.73e-01 |grate|w=1.43e-02 |gvif|w=2.76e-02 | dScaler LF=-5.68e-01 rate=+1.36e-01 vif=-2.74e+00 | cos LF-ra=-0.98 LF-vi=+1.00 ra-vi=-0.97 | est/real=0.41 (real 0.315) | res 3.92/58.2 hfO/I=1.414
[s 2200 ep22 q= 6] L1=0.0366 (1-MS)=0.1001 VIF=0.199 MOS=0.000 bppE=0.129 | tot=0.1083 sh LF/P/V/R=0.81/0.00/0.07/0.12 | scl=+0.0180 g=0.586
[s 2250 ep22 q=27] L1=0.0192 (1-MS)=0.0326 VIF=0.589 MOS=0.000 bppE=0.491 | tot=0.0831 sh LF/P/V/R=0.36/0.00/0.05/0.59 | scl=+0.0180 g=0.303
== ep22 (24s) LF=0.0489 VIF=0.480 MOS=0.000 bppE=0.416 scl=+0.0179
   EVAL-diag q8: base 26.39dB@0.225 ms=0.93465 -> model 26.12dB@0.217 ms=0.93348 | q20: base 29.82dB@0.434 ms=0.97616 -> model 29.00dB@0.457 ms=0.96943
  [grad s2300] |gLF|w=5.47e-01 |grate|w=1.08e+00 |gvif|w=1.09e-01 | dScaler LF=+5.45e-01 rate=+1.08e+01 vif=-1.09e+01 | cos LF-ra=+1.00 LF-vi=-1.00 ra-vi=-1.00 | est/real=0.70 (real 0.733) | res 8.96/106.7 hfO/I=6.346
[s 2300 ep23 q=20] L1=0.0304 (1-MS)=0.0606 VIF=0.557 MOS=0.000 bppE=0.513 | tot=0.1102 sh LF/P/V/R=0.49/0.00/0.04/0.46 | scl=+0.0190 g=1.515
  [NaN-guard] step 2320 skipped
[s 2350 ep23 q=23] L1=0.0277 (1-MS)=0.0286 VIF=0.544 MOS=0.000 bppE=0.608 | tot=0.0938 sh LF/P/V/R=0.30/0.00/0.05/0.65 | scl=+0.0183 g=0.609
== ep23 (25s) LF=0.0488 VIF=0.485 MOS=0.000 bppE=0.412 scl=+0.0181
   EVAL-diag q8: base 26.39dB@0.225 ms=0.93465 -> model 26.18dB@0.229 ms=0.93401 | q20: base 29.82dB@0.434 ms=0.97616 -> model 28.88dB@0.496 ms=0.96445
  [NaN-guard] step 2375 skipped
  [grad s2400] |gLF|w=2.36e+00 |grate|w=1.91e-01 |gvif|w=5.47e-02 | dScaler LF=-2.36e+00 rate=+1.91e+00 vif=-5.45e+00 | cos LF-ra=-1.00 LF-vi=+1.00 ra-vi=-1.00 | est/real=0.44 (real 0.282) | res 9.48/138.7 hfO/I=7.378
[s 2400 ep24 q= 5] L1=0.0383 (1-MS)=0.1399 VIF=0.183 MOS=0.000 bppE=0.125 | tot=0.1403 sh LF/P/V/R=0.85/0.00/0.06/0.09 | scl=+0.0191 g=2.224
[s 2450 ep24 q=22] L1=0.0231 (1-MS)=0.0415 VIF=0.552 MOS=0.000 bppE=0.497 | tot=0.0920 sh LF/P/V/R=0.41/0.00/0.05/0.54 | scl=+0.0184 g=0.661
== ep24 (24s) LF=0.0483 VIF=0.484 MOS=0.000 bppE=0.419 scl=+0.0182
   EVAL-diag q8: base 26.39dB@0.225 ms=0.93465 -> model 26.17dB@0.223 ms=0.93376 | q20: base 29.82dB@0.434 ms=0.97616 -> model 28.92dB@0.484 ms=0.96516
[v2] done -> dpp/runs/v2_B_v01_l10
