[v2] aligned-codec DPP: gamma=0.0 vif_gamma=0.03 lam=0.2 q~U[5,32] ch=64 ep=25 prior=dpp/runs/prior_aligned/entropy.pt calib_luma=yes(28q)
/workspace/sandwiched_compression/dpp/train_v2.py:160: UserWarning: Converting a tensor with requires_grad=True to a scalar may lead to unexpected behavior.
Consider using tensor.detach() first. (Triggered internally at /pytorch/torch/csrc/autograd/generated/python_variable_methods.cpp:835.)
  rec = {"step": gstep, "ep": ep, "q": q, "L1_raw": float(l1),
  [grad s   0] |gLF|w=1.78e-03 |grate|w=5.24e-03 |gvif|w=8.87e-04 | dScaler LF=+1.78e-03 rate=-2.62e-02 vif=+2.96e-02 | cos LF-ra=-1.00 LF-vi=+1.00 ra-vi=-1.00 | est/real=0.72 (real 0.720) | res 0.00/0.0 hfO/I=1.000
[s    0 ep 0 q=29] L1=0.0168 (1-MS)=0.0178 VIF=0.535 MOS=0.000 bppE=0.515 | tot=0.1346 sh LF/P/V/R=0.13/0.00/0.10/0.77 | scl=+0.0000 g=0.003
[s   50 ep 0 q=19] L1=0.0218 (1-MS)=0.0320 VIF=0.373 MOS=0.000 bppE=0.373 | tot=0.1233 sh LF/P/V/R=0.24/0.00/0.15/0.61 | scl=+0.0010 g=0.016
== ep 0 (979s) LF=0.0377 VIF=0.395 MOS=0.000 bppE=0.363 scl=+0.0022
   EVAL-diag q8: base 26.39dB@0.225 ms=0.93465 -> model 26.36dB@0.225 ms=0.93433 | q20: base 29.82dB@0.434 ms=0.97616 -> model 29.78dB@0.434 ms=0.97599
  [grad s 100] |gLF|w=3.14e-02 |grate|w=2.70e-02 |gvif|w=9.86e-03 | dScaler LF=+3.14e-02 rate=-1.35e-01 vif=-3.29e-01 | cos LF-ra=-1.00 LF-vi=-1.00 ra-vi=+1.00 | est/real=0.71 (real 0.557) | res 0.47/1.0 hfO/I=0.999
[s  100 ep 1 q=24] L1=0.0169 (1-MS)=0.0253 VIF=0.454 MOS=0.000 bppE=0.393 | tot=0.1186 sh LF/P/V/R=0.20/0.00/0.14/0.66 | scl=+0.0022 g=0.006
  [NaN-guard] step 116 skipped
  [NaN-guard] step 125 skipped
[s  150 ep 1 q=11] L1=0.0259 (1-MS)=0.0636 VIF=0.284 MOS=0.000 bppE=0.219 | tot=0.1213 sh LF/P/V/R=0.46/0.00/0.18/0.36 | scl=+0.0047 g=0.004
  [NaN-guard] step 160 skipped
== ep 1 (41s) LF=0.0407 VIF=0.367 MOS=0.000 bppE=0.332 scl=+0.0057
   EVAL-diag q8: base 26.39dB@0.225 ms=0.93465 -> model 26.36dB@0.231 ms=0.93517 | q20: base 29.82dB@0.434 ms=0.97616 -> model 29.73dB@0.443 ms=0.97577
  [grad s 200] |gLF|w=1.32e-01 |grate|w=6.46e-02 |gvif|w=4.81e-02 | dScaler LF=-1.32e-01 rate=+3.23e-01 vif=-1.60e+00 | cos LF-ra=-1.00 LF-vi=+1.00 ra-vi=-1.00 | est/real=0.52 (real 0.456) | res 0.67/6.3 hfO/I=0.995
[s  200 ep 2 q=11] L1=0.0314 (1-MS)=0.0622 VIF=0.305 MOS=0.000 bppE=0.238 | tot=0.1245 sh LF/P/V/R=0.45/0.00/0.17/0.38 | scl=+0.0054 g=0.115
  [NaN-guard] step 210 skipped
  [NaN-guard] step 250 skipped
[s  250 ep 2 q= 7] L1=0.0412 (1-MS)=0.0876 VIF=0.249 MOS=0.000 bppE=0.160 | tot=0.1328 sh LF/P/V/R=0.59/0.00/0.17/0.24 | scl=+0.0057 g=0.199
  [NaN-guard] step 284 skipped
== ep 2 (41s) LF=0.0399 VIF=0.385 MOS=0.000 bppE=0.347 scl=+0.0078
   EVAL-diag q8: base 26.39dB@0.225 ms=0.93465 -> model 26.32dB@0.225 ms=0.93457 | q20: base 29.82dB@0.434 ms=0.97616 -> model 29.71dB@0.441 ms=0.97546
  [grad s 300] |gLF|w=2.80e-01 |grate|w=1.72e-01 |gvif|w=1.31e-01 | dScaler LF=+2.80e-01 rate=+8.43e-01 vif=-4.33e+00 | cos LF-ra=+0.98 LF-vi=-1.00 ra-vi=-0.99 | est/real=0.69 (real 0.676) | res 1.22/11.2 hfO/I=0.989
[s  300 ep 3 q=25] L1=0.0198 (1-MS)=0.0250 VIF=0.510 MOS=0.000 bppE=0.469 | tot=0.1325 sh LF/P/V/R=0.18/0.00/0.11/0.71 | scl=+0.0085 g=0.320
  [NaN-guard] step 328 skipped
[s  350 ep 3 q=16] L1=0.0282 (1-MS)=0.0411 VIF=0.401 MOS=0.000 bppE=0.365 | tot=0.1296 sh LF/P/V/R=0.30/0.00/0.14/0.56 | scl=+0.0105 g=0.297
  [NaN-guard] step 360 skipped
== ep 3 (42s) LF=0.0414 VIF=0.424 MOS=0.000 bppE=0.353 scl=+0.0119
   EVAL-diag q8: base 26.39dB@0.225 ms=0.93465 -> model 26.17dB@0.228 ms=0.93259 | q20: base 29.82dB@0.434 ms=0.97616 -> model 28.99dB@0.492 ms=0.96024
  [grad s 400] |gLF|w=9.68e-02 |grate|w=6.24e-02 |gvif|w=1.93e-01 | dScaler LF=-9.08e-02 rate=-3.06e-01 vif=-6.38e+00 | cos LF-ra=+0.86 LF-vi=+0.97 ra-vi=+0.96 | est/real=0.61 (real 0.401) | res 1.53/48.8 hfO/I=0.957
[s  400 ep 4 q=14] L1=0.0189 (1-MS)=0.0412 VIF=0.374 MOS=0.000 bppE=0.246 | tot=0.1048 sh LF/P/V/R=0.35/0.00/0.18/0.47 | scl=+0.0115 g=0.346
  [NaN-guard] step 449 skipped
[s  450 ep 4 q=15] L1=0.0251 (1-MS)=0.0672 VIF=0.532 MOS=0.000 bppE=0.310 | tot=0.1348 sh LF/P/V/R=0.44/0.00/0.10/0.46 | scl=+0.0134 g=0.987
  [NaN-guard] step 462 skipped
== ep 4 (42s) LF=0.0480 VIF=0.478 MOS=0.000 bppE=0.350 scl=+0.0127
   EVAL-diag q8: base 26.39dB@0.225 ms=0.93465 -> model 26.11dB@0.221 ms=0.93367 | q20: base 29.82dB@0.434 ms=0.97616 -> model 29.17dB@0.456 ms=0.97057
  [grad s 500] |gLF|w=8.77e-01 |grate|w=3.56e-01 |gvif|w=5.96e-01 | dScaler LF=+8.75e-01 rate=+1.76e+00 vif=-1.98e+01 | cos LF-ra=+0.99 LF-vi=-1.00 ra-vi=-0.99 | est/real=0.61 (real 0.630) | res 3.05/38.2 hfO/I=0.980
[s  500 ep 5 q=18] L1=0.0256 (1-MS)=0.0465 VIF=0.568 MOS=0.000 bppE=0.382 | tot=0.1316 sh LF/P/V/R=0.32/0.00/0.10/0.58 | scl=+0.0131 g=0.635
  [NaN-guard] step 510 skipped
  [NaN-guard] step 521 skipped
[s  550 ep 5 q=22] L1=0.0253 (1-MS)=0.0350 VIF=0.480 MOS=0.000 bppE=0.415 | tot=0.1317 sh LF/P/V/R=0.25/0.00/0.12/0.63 | scl=+0.0126 g=0.139
  [NaN-guard] step 562 skipped
== ep 5 (42s) LF=0.0438 VIF=0.471 MOS=0.000 bppE=0.361 scl=+0.0133
   EVAL-diag q8: base 26.39dB@0.225 ms=0.93465 -> model 25.86dB@0.240 ms=0.92166 | q20: base 29.82dB@0.434 ms=0.97616 -> model 27.63dB@0.568 ms=0.93521
  [grad s 600] |gLF|w=7.10e-02 |grate|w=1.74e-01 |gvif|w=7.04e-01 | dScaler LF=-6.92e-02 rate=+8.44e-01 vif=-2.34e+01 | cos LF-ra=-0.99 LF-vi=+0.98 ra-vi=-0.98 | est/real=0.65 (real 0.592) | res 2.51/42.1 hfO/I=0.960
[s  600 ep 6 q=19] L1=0.0232 (1-MS)=0.0324 VIF=0.473 MOS=0.000 bppE=0.387 | tot=0.1238 sh LF/P/V/R=0.25/0.00/0.13/0.63 | scl=+0.0126 g=0.604
[s  650 ep 6 q=10] L1=0.0267 (1-MS)=0.0677 VIF=0.269 MOS=0.000 bppE=0.188 | tot=0.1190 sh LF/P/V/R=0.50/0.00/0.18/0.32 | scl=+0.0135 g=0.083
  [NaN-guard] step 652 skipped
  [NaN-guard] step 682 skipped
== ep 6 (42s) LF=0.0493 VIF=0.541 MOS=0.000 bppE=0.373 scl=+0.0137
   EVAL-diag q8: base 26.39dB@0.225 ms=0.93465 -> model 25.89dB@0.205 ms=0.93042 | q20: base 29.82dB@0.434 ms=0.97616 -> model 28.64dB@0.423 ms=0.96696
  [grad s 700] |gLF|w=2.10e+00 |grate|w=7.11e-01 |gvif|w=4.92e-01 | dScaler LF=+2.10e+00 rate=+3.50e+00 vif=-1.63e+01 | cos LF-ra=+0.99 LF-vi=-1.00 ra-vi=-0.99 | est/real=0.66 (real 0.876) | res 4.58/69.5 hfO/I=0.924
[s  700 ep 7 q=24] L1=0.0304 (1-MS)=0.0550 VIF=0.785 MOS=0.000 bppE=0.580 | tot=0.1725 sh LF/P/V/R=0.29/0.00/0.04/0.67 | scl=+0.0147 g=2.316
[s  750 ep 7 q=11] L1=0.0312 (1-MS)=0.0647 VIF=0.361 MOS=0.000 bppE=0.244 | tot=0.1260 sh LF/P/V/R=0.46/0.00/0.15/0.39 | scl=+0.0149 g=0.761
== ep 7 (42s) LF=0.0579 VIF=0.538 MOS=0.000 bppE=0.355 scl=+0.0146
   EVAL-diag q8: base 26.39dB@0.225 ms=0.93465 -> model 26.10dB@0.221 ms=0.93258 | q20: base 29.82dB@0.434 ms=0.97616 -> model 28.88dB@0.473 ms=0.96344
  [NaN-guard] step 794 skipped
  [grad s 800] |gLF|w=2.44e+00 |grate|w=9.39e-01 |gvif|w=6.96e-01 | dScaler LF=+2.43e+00 rate=+4.68e+00 vif=-2.31e+01 | cos LF-ra=+1.00 LF-vi=-1.00 ra-vi=-1.00 | est/real=0.62 (real 0.611) | res 5.27/68.8 hfO/I=1.124
[s  800 ep 8 q=19] L1=0.0273 (1-MS)=0.0875 VIF=0.721 MOS=0.000 bppE=0.378 | tot=0.1595 sh LF/P/V/R=0.47/0.00/0.05/0.47 | scl=+0.0155 g=2.679
[s  850 ep 8 q=18] L1=0.0267 (1-MS)=0.0352 VIF=0.449 MOS=0.000 bppE=0.367 | tot=0.1234 sh LF/P/V/R=0.27/0.00/0.13/0.59 | scl=+0.0151 g=0.353
  [NaN-guard] step 870 skipped
== ep 8 (41s) LF=0.0484 VIF=0.540 MOS=0.000 bppE=0.373 scl=+0.0158
   EVAL-diag q8: base 26.39dB@0.225 ms=0.93465 -> model 26.01dB@0.225 ms=0.93102 | q20: base 29.82dB@0.434 ms=0.97616 -> model 28.25dB@0.512 ms=0.95173
  [grad s 900] |gLF|w=5.41e-01 |grate|w=2.13e-01 |gvif|w=9.87e-01 | dScaler LF=+5.40e-01 rate=-1.02e+00 vif=-3.28e+01 | cos LF-ra=-0.96 LF-vi=-1.00 ra-vi=+0.94 | est/real=0.69 (real 0.663) | res 2.95/74.3 hfO/I=0.797
[s  900 ep 9 q=27] L1=0.0197 (1-MS)=0.0292 VIF=0.732 MOS=0.000 bppE=0.457 | tot=0.1266 sh LF/P/V/R=0.22/0.00/0.06/0.72 | scl=+0.0152 g=0.649
  [NaN-guard] step 901 skipped
[s  950 ep 9 q=28] L1=0.0296 (1-MS)=0.0818 VIF=0.798 MOS=0.000 bppE=0.634 | tot=0.2042 sh LF/P/V/R=0.35/0.00/0.03/0.62 | scl=+0.0162 g=5.884
== ep 9 (42s) LF=0.0572 VIF=0.533 MOS=0.000 bppE=0.365 scl=+0.0158
   EVAL-diag q8: base 26.39dB@0.225 ms=0.93465 -> model 25.97dB@0.216 ms=0.92945 | q20: base 29.82dB@0.434 ms=0.97616 -> model 28.03dB@0.507 ms=0.94623
  [grad s1000] |gLF|w=1.61e+00 |grate|w=1.33e+00 |gvif|w=5.86e-01 | dScaler LF=+1.60e+00 rate=+6.60e+00 vif=-1.94e+01 | cos LF-ra=+1.00 LF-vi=-1.00 ra-vi=-1.00 | est/real=0.68 (real 0.816) | res 3.93/58.4 hfO/I=1.114
[s 1000 ep10 q=30] L1=0.0214 (1-MS)=0.0474 VIF=0.876 MOS=0.000 bppE=0.556 | tot=0.1572 sh LF/P/V/R=0.27/0.00/0.02/0.71 | scl=+0.0160 g=2.347
[s 1050 ep10 q=22] L1=0.0303 (1-MS)=0.0629 VIF=0.654 MOS=0.000 bppE=0.526 | tot=0.1720 sh LF/P/V/R=0.33/0.00/0.06/0.61 | scl=+0.0163 g=3.116
== ep10 (42s) LF=0.0530 VIF=0.551 MOS=0.000 bppE=0.372 scl=+0.0162
   EVAL-diag q8: base 26.39dB@0.225 ms=0.93465 -> model 25.99dB@0.230 ms=0.92863 | q20: base 29.82dB@0.434 ms=0.97616 -> model 27.96dB@0.536 ms=0.94377
  [grad s1100] |gLF|w=5.11e-01 |grate|w=7.82e-01 |gvif|w=4.58e-01 | dScaler LF=+5.09e-01 rate=+3.89e+00 vif=-1.52e+01 | cos LF-ra=+1.00 LF-vi=-1.00 ra-vi=-1.00 | est/real=0.66 (real 0.752) | res 3.67/44.6 hfO/I=1.093
[s 1100 ep11 q=25] L1=0.0229 (1-MS)=0.0379 VIF=0.639 MOS=0.000 bppE=0.498 | tot=0.1453 sh LF/P/V/R=0.24/0.00/0.07/0.69 | scl=+0.0159 g=0.834
[s 1150 ep11 q= 6] L1=0.0377 (1-MS)=0.1021 VIF=0.200 MOS=0.000 bppE=0.125 | tot=0.1383 sh LF/P/V/R=0.65/0.00/0.17/0.18 | scl=+0.0162 g=0.930
== ep11 (42s) LF=0.0538 VIF=0.554 MOS=0.000 bppE=0.361 scl=+0.0161
   EVAL-diag q8: base 26.39dB@0.225 ms=0.93465 -> model 26.00dB@0.217 ms=0.93135 | q20: base 29.82dB@0.434 ms=0.97616 -> model 28.37dB@0.484 ms=0.95552
  [grad s1200] |gLF|w=7.93e-01 |grate|w=3.78e-01 |gvif|w=3.01e-01 | dScaler LF=+7.91e-01 rate=+1.82e+00 vif=-1.00e+01 | cos LF-ra=+0.96 LF-vi=-1.00 ra-vi=-0.98 | est/real=0.68 (real 0.776) | res 3.61/89.5 hfO/I=0.908
[s 1200 ep12 q=29] L1=0.0221 (1-MS)=0.0351 VIF=0.654 MOS=0.000 bppE=0.528 | tot=0.1486 sh LF/P/V/R=0.22/0.00/0.07/0.71 | scl=+0.0160 g=0.860
  [NaN-guard] step 1249 skipped
[s 1250 ep12 q=27] L1=0.0191 (1-MS)=0.0347 VIF=0.725 MOS=0.000 bppE=0.439 | tot=0.1277 sh LF/P/V/R=0.25/0.00/0.06/0.69 | scl=+0.0161 g=0.255
  [NaN-guard] step 1261 skipped
== ep12 (41s) LF=0.0552 VIF=0.515 MOS=0.000 bppE=0.350 scl=+0.0170
   EVAL-diag q8: base 26.39dB@0.225 ms=0.93465 -> model 25.96dB@0.229 ms=0.93066 | q20: base 29.82dB@0.434 ms=0.97616 -> model 27.86dB@0.535 ms=0.94575
  [grad s1300] |gLF|w=4.27e-01 |grate|w=3.60e-01 |gvif|w=8.38e-01 | dScaler LF=+4.24e-01 rate=+1.79e+00 vif=-2.79e+01 | cos LF-ra=+0.98 LF-vi=-0.99 ra-vi=-0.99 | est/real=0.55 (real 0.544) | res 5.33/66.4 hfO/I=1.196
[s 1300 ep13 q=13] L1=0.0341 (1-MS)=0.0723 VIF=0.535 MOS=0.000 bppE=0.297 | tot=0.1380 sh LF/P/V/R=0.47/0.00/0.10/0.43 | scl=+0.0173 g=0.060
  [NaN-guard] step 1333 skipped
[s 1350 ep13 q=25] L1=0.0248 (1-MS)=0.0365 VIF=0.564 MOS=0.000 bppE=0.461 | tot=0.1395 sh LF/P/V/R=0.24/0.00/0.09/0.66 | scl=+0.0163 g=0.025
== ep13 (42s) LF=0.0551 VIF=0.565 MOS=0.000 bppE=0.365 scl=+0.0160
   EVAL-diag q8: base 26.39dB@0.225 ms=0.93465 -> model 26.06dB@0.215 ms=0.93293 | q20: base 29.82dB@0.434 ms=0.97616 -> model 28.97dB@0.445 ms=0.97039
  [NaN-guard] step 1386 skipped
  [grad s1400] |gLF|w=7.25e-01 |grate|w=2.20e-02 |gvif|w=4.46e-01 | dScaler LF=-7.17e-01 rate=+9.72e-02 vif=-1.48e+01 | cos LF-ra=-0.94 LF-vi=+0.99 ra-vi=-0.90 | est/real=0.50 (real 0.312) | res 5.20/101.2 hfO/I=0.945
[s 1400 ep14 q= 8] L1=0.0305 (1-MS)=0.0906 VIF=0.207 MOS=0.000 bppE=0.157 | tot=0.1338 sh LF/P/V/R=0.59/0.00/0.18/0.24 | scl=+0.0169 g=1.149
[s 1450 ep14 q=20] L1=0.0210 (1-MS)=0.0485 VIF=0.569 MOS=0.000 bppE=0.349 | tot=0.1258 sh LF/P/V/R=0.34/0.00/0.10/0.56 | scl=+0.0168 g=0.409
  [NaN-guard] step 1453 skipped
== ep14 (41s) LF=0.0484 VIF=0.546 MOS=0.000 bppE=0.363 scl=+0.0172
   EVAL-diag q8: base 26.39dB@0.225 ms=0.93465 -> model 25.87dB@0.214 ms=0.93103 | q20: base 29.82dB@0.434 ms=0.97616 -> model 28.20dB@0.473 ms=0.95606
  [NaN-guard] step 1496 skipped
  [grad s1500] |gLF|w=2.30e-01 |grate|w=8.43e-02 |gvif|w=4.61e-01 | dScaler LF=-2.24e-01 rate=+3.80e-01 vif=-1.53e+01 | cos LF-ra=-0.97 LF-vi=+0.98 ra-vi=-0.92 | est/real=0.56 (real 0.502) | res 4.60/74.6 hfO/I=1.099
[s 1500 ep15 q=13] L1=0.0291 (1-MS)=0.0531 VIF=0.396 MOS=0.000 bppE=0.279 | tot=0.1223 sh LF/P/V/R=0.39/0.00/0.15/0.46 | scl=+0.0175 g=0.610
  [NaN-guard] step 1542 skipped
[s 1550 ep15 q=18] L1=0.0238 (1-MS)=0.0456 VIF=0.457 MOS=0.000 bppE=0.325 | tot=0.1226 sh LF/P/V/R=0.34/0.00/0.13/0.53 | scl=+0.0169 g=0.420
== ep15 (41s) LF=0.0520 VIF=0.578 MOS=0.000 bppE=0.357 scl=+0.0172
   EVAL-diag q8: base 26.39dB@0.225 ms=0.93465 -> model 25.77dB@0.204 ms=0.93052 | q20: base 29.82dB@0.434 ms=0.97616 -> model 28.37dB@0.424 ms=0.96730
  [NaN-guard] step 1582 skipped
  [grad s1600] |gLF|w=2.02e-01 |grate|w=3.35e-01 |gvif|w=2.50e-01 | dScaler LF=+1.98e-01 rate=-1.65e+00 vif=-8.27e+00 | cos LF-ra=-1.00 LF-vi=-0.96 ra-vi=+0.97 | est/real=0.65 (real 0.648) | res 3.40/81.6 hfO/I=0.713
[s 1600 ep16 q=21] L1=0.0251 (1-MS)=0.0308 VIF=0.492 MOS=0.000 bppE=0.419 | tot=0.1288 sh LF/P/V/R=0.23/0.00/0.12/0.65 | scl=+0.0166 g=0.381
  [NaN-guard] step 1615 skipped
  [NaN-guard] step 1644 skipped
[s 1650 ep16 q=10] L1=0.0326 (1-MS)=0.0605 VIF=0.307 MOS=0.000 bppE=0.221 | tot=0.1199 sh LF/P/V/R=0.46/0.00/0.17/0.37 | scl=+0.0177 g=0.855
== ep16 (41s) LF=0.0548 VIF=0.550 MOS=0.000 bppE=0.362 scl=+0.0181
   EVAL-diag q8: base 26.39dB@0.225 ms=0.93465 -> model 25.93dB@0.229 ms=0.93016 | q20: base 29.82dB@0.434 ms=0.97616 -> model 27.90dB@0.531 ms=0.94568
  [NaN-guard] step 1678 skipped
  [grad s1700] |gLF|w=4.63e-01 |grate|w=4.36e-01 |gvif|w=2.50e-01 | dScaler LF=+4.61e-01 rate=+2.15e+00 vif=-8.31e+00 | cos LF-ra=+0.98 LF-vi=-1.00 ra-vi=-0.99 | est/real=0.61 (real 0.659) | res 4.53/77.0 hfO/I=1.231
[s 1700 ep17 q=18] L1=0.0284 (1-MS)=0.0507 VIF=0.526 MOS=0.000 bppE=0.399 | tot=0.1403 sh LF/P/V/R=0.33/0.00/0.10/0.57 | scl=+0.0181 g=0.644
  [NaN-guard] step 1713 skipped
[s 1750 ep17 q=24] L1=0.0202 (1-MS)=0.0346 VIF=0.578 MOS=0.000 bppE=0.413 | tot=0.1271 sh LF/P/V/R=0.25/0.00/0.10/0.65 | scl=+0.0180 g=0.249
== ep17 (41s) LF=0.0558 VIF=0.569 MOS=0.000 bppE=0.361 scl=+0.0174
   EVAL-diag q8: base 26.39dB@0.225 ms=0.93465 -> model 25.97dB@0.212 ms=0.93229 | q20: base 29.82dB@0.434 ms=0.97616 -> model 28.74dB@0.443 ms=0.96834
  [NaN-guard] step 1775 skipped
  [grad s1800] |gLF|w=1.49e+00 |grate|w=9.61e-02 |gvif|w=4.61e-01 | dScaler LF=-1.48e+00 rate=+4.76e-01 vif=-1.53e+01 | cos LF-ra=-1.00 LF-vi=+1.00 ra-vi=-0.99 | est/real=0.41 (real 0.330) | res 6.19/86.9 hfO/I=1.359
[s 1800 ep18 q= 6] L1=0.0412 (1-MS)=0.1173 VIF=0.215 MOS=0.000 bppE=0.134 | tot=0.1526 sh LF/P/V/R=0.67/0.00/0.15/0.18 | scl=+0.0185 g=1.850
  [NaN-guard] step 1823 skipped
[s 1850 ep18 q=32] L1=0.0215 (1-MS)=0.0357 VIF=0.724 MOS=0.000 bppE=0.527 | tot=0.1466 sh LF/P/V/R=0.22/0.00/0.06/0.72 | scl=+0.0179 g=0.928
== ep18 (42s) LF=0.0560 VIF=0.563 MOS=0.000 bppE=0.355 scl=+0.0182
   EVAL-diag q8: base 26.39dB@0.225 ms=0.93465 -> model 25.90dB@0.218 ms=0.93136 | q20: base 29.82dB@0.434 ms=0.97616 -> model 28.16dB@0.487 ms=0.95531
  [grad s1900] |gLF|w=5.75e-01 |grate|w=1.36e-01 |gvif|w=4.90e-01 | dScaler LF=+5.72e-01 rate=+6.11e-01 vif=-1.63e+01 | cos LF-ra=+0.89 LF-vi=-1.00 ra-vi=-0.92 | est/real=0.68 (real 0.610) | res 3.48/97.9 hfO/I=0.872
[s 1900 ep19 q=24] L1=0.0206 (1-MS)=0.0395 VIF=0.653 MOS=0.000 bppE=0.413 | tot=0.1287 sh LF/P/V/R=0.28/0.00/0.08/0.64 | scl=+0.0175 g=0.211
[s 1950 ep19 q=11] L1=0.0316 (1-MS)=0.0668 VIF=0.340 MOS=0.000 bppE=0.233 | tot=0.1261 sh LF/P/V/R=0.47/0.00/0.16/0.37 | scl=+0.0182 g=0.542
== ep19 (42s) LF=0.0616 VIF=0.574 MOS=0.000 bppE=0.362 scl=+0.0187
   EVAL-diag q8: base 26.39dB@0.225 ms=0.93465 -> model 25.93dB@0.222 ms=0.92956 | q20: base 29.82dB@0.434 ms=0.97616 -> model 27.74dB@0.529 ms=0.94225
  [grad s2000] |gLF|w=1.02e+00 |grate|w=1.28e+00 |gvif|w=7.38e-01 | dScaler LF=+1.02e+00 rate=+6.39e+00 vif=-2.45e+01 | cos LF-ra=+1.00 LF-vi=-1.00 ra-vi=-1.00 | est/real=0.63 (real 0.671) | res 8.12/142.8 hfO/I=2.648
[s 2000 ep20 q=16] L1=0.0331 (1-MS)=0.0744 VIF=0.571 MOS=0.000 bppE=0.422 | tot=0.1634 sh LF/P/V/R=0.41/0.00/0.08/0.52 | scl=+0.0198 g=1.566
  [NaN-guard] step 2037 skipped
[s 2050 ep20 q=19] L1=0.0238 (1-MS)=0.0505 VIF=0.615 MOS=0.000 bppE=0.387 | tot=0.1341 sh LF/P/V/R=0.34/0.00/0.09/0.58 | scl=+0.0189 g=0.809
== ep20 (42s) LF=0.0646 VIF=0.545 MOS=0.000 bppE=0.355 scl=+0.0194
   EVAL-diag q8: base 26.39dB@0.225 ms=0.93465 -> model 25.90dB@0.234 ms=0.92916 | q20: base 29.82dB@0.434 ms=0.97616 -> model 27.51dB@0.560 ms=0.94002
  [grad s2100] |gLF|w=8.87e-01 |grate|w=3.96e-02 |gvif|w=1.86e-01 | dScaler LF=-8.81e-01 rate=+1.92e-01 vif=-6.18e+00 | cos LF-ra=-0.99 LF-vi=+1.00 ra-vi=-0.98 | est/real=0.45 (real 0.318) | res 3.97/80.4 hfO/I=1.240
[s 2100 ep21 q= 7] L1=0.0347 (1-MS)=0.1077 VIF=0.220 MOS=0.000 bppE=0.142 | tot=0.1449 sh LF/P/V/R=0.64/0.00/0.16/0.20 | scl=+0.0184 g=1.034
  [NaN-guard] step 2118 skipped
[s 2150 ep21 q=11] L1=0.0251 (1-MS)=0.0645 VIF=0.334 MOS=0.000 bppE=0.225 | tot=0.1216 sh LF/P/V/R=0.47/0.00/0.16/0.37 | scl=+0.0187 g=1.216
== ep21 (42s) LF=0.0607 VIF=0.553 MOS=0.000 bppE=0.354 scl=+0.0190
   EVAL-diag q8: base 26.39dB@0.225 ms=0.93465 -> model 26.03dB@0.220 ms=0.93316 | q20: base 29.82dB@0.434 ms=0.97616 -> model 28.59dB@0.473 ms=0.96350
  [NaN-guard] step 2173 skipped
  [grad s2200] |gLF|w=1.18e-01 |grate|w=4.14e-02 |gvif|w=1.21e-01 | dScaler LF=-8.20e-02 rate=-2.05e-01 vif=-4.01e+00 | cos LF-ra=+0.60 LF-vi=+0.76 ra-vi=+0.97 | est/real=0.40 (real 0.306) | res 4.15/82.3 hfO/I=0.586
[s 2200 ep22 q= 6] L1=0.0375 (1-MS)=0.1046 VIF=0.191 MOS=0.000 bppE=0.123 | tot=0.1399 sh LF/P/V/R=0.65/0.00/0.17/0.18 | scl=+0.0185 g=0.260
[s 2250 ep22 q=27] L1=0.0205 (1-MS)=0.0391 VIF=0.670 MOS=0.000 bppE=0.433 | tot=0.1319 sh LF/P/V/R=0.27/0.00/0.08/0.66 | scl=+0.0186 g=0.349
== ep22 (41s) LF=0.0526 VIF=0.553 MOS=0.000 bppE=0.369 scl=+0.0184
   EVAL-diag q8: base 26.39dB@0.225 ms=0.93465 -> model 25.79dB@0.206 ms=0.93106 | q20: base 29.82dB@0.434 ms=0.97616 -> model 28.49dB@0.424 ms=0.96926
  [grad s2300] |gLF|w=7.97e-01 |grate|w=9.64e-01 |gvif|w=3.14e-01 | dScaler LF=+7.94e-01 rate=+4.79e+00 vif=-1.04e+01 | cos LF-ra=+0.99 LF-vi=-1.00 ra-vi=-1.00 | est/real=0.63 (real 0.692) | res 5.65/75.4 hfO/I=1.873
[s 2300 ep23 q=20] L1=0.0282 (1-MS)=0.0584 VIF=0.589 MOS=0.000 bppE=0.434 | tot=0.1515 sh LF/P/V/R=0.35/0.00/0.08/0.57 | scl=+0.0195 g=1.444
  [NaN-guard] step 2320 skipped
[s 2350 ep23 q=23] L1=0.0268 (1-MS)=0.0297 VIF=0.557 MOS=0.000 bppE=0.548 | tot=0.1521 sh LF/P/V/R=0.19/0.00/0.09/0.72 | scl=+0.0188 g=0.648
== ep23 (41s) LF=0.0530 VIF=0.555 MOS=0.000 bppE=0.363 scl=+0.0187
   EVAL-diag q8: base 26.39dB@0.225 ms=0.93465 -> model 25.89dB@0.214 ms=0.93127 | q20: base 29.82dB@0.434 ms=0.97616 -> model 28.36dB@0.466 ms=0.96052
  [NaN-guard] step 2375 skipped
  [grad s2400] |gLF|w=1.83e+00 |grate|w=8.31e-02 |gvif|w=1.61e-01 | dScaler LF=-1.83e+00 rate=+4.14e-01 vif=-5.34e+00 | cos LF-ra=-1.00 LF-vi=+1.00 ra-vi=-1.00 | est/real=0.40 (real 0.269) | res 5.72/80.5 hfO/I=1.868
[s 2400 ep24 q= 5] L1=0.0377 (1-MS)=0.1405 VIF=0.177 MOS=0.000 bppE=0.107 | tot=0.1659 sh LF/P/V/R=0.72/0.00/0.15/0.13 | scl=+0.0196 g=1.908
[s 2450 ep24 q=22] L1=0.0229 (1-MS)=0.0445 VIF=0.668 MOS=0.000 bppE=0.436 | tot=0.1374 sh LF/P/V/R=0.29/0.00/0.07/0.63 | scl=+0.0192 g=0.318
== ep24 (41s) LF=0.0528 VIF=0.576 MOS=0.000 bppE=0.371 scl=+0.0192
   EVAL-diag q8: base 26.39dB@0.225 ms=0.93465 -> model 25.93dB@0.213 ms=0.93145 | q20: base 29.82dB@0.434 ms=0.97616 -> model 28.40dB@0.467 ms=0.96014
[v2] done -> dpp/runs/v2_B_v03_l20
