[v2] aligned-codec DPP: gamma=0.0 vif_gamma=0.01 lam=0.2 q~U[5,32] ch=64 ep=25 prior=dpp/runs/prior_aligned/entropy.pt calib_luma=yes(28q)
/workspace/sandwiched_compression/dpp/train_v2.py:160: UserWarning: Converting a tensor with requires_grad=True to a scalar may lead to unexpected behavior.
Consider using tensor.detach() first. (Triggered internally at /pytorch/torch/csrc/autograd/generated/python_variable_methods.cpp:835.)
  rec = {"step": gstep, "ep": ep, "q": q, "L1_raw": float(l1),
  [grad s   0] |gLF|w=1.78e-03 |grate|w=5.24e-03 |gvif|w=2.96e-04 | dScaler LF=+1.78e-03 rate=-2.62e-02 vif=+2.96e-02 | cos LF-ra=-1.00 LF-vi=+1.00 ra-vi=-1.00 | est/real=0.72 (real 0.720) | res 0.00/0.0 hfO/I=1.000
[s    0 ep 0 q=29] L1=0.0168 (1-MS)=0.0178 VIF=0.535 MOS=0.000 bppE=0.515 | tot=0.1253 sh LF/P/V/R=0.14/0.00/0.04/0.82 | scl=+0.0000 g=0.003
[s   50 ep 0 q=19] L1=0.0218 (1-MS)=0.0320 VIF=0.373 MOS=0.000 bppE=0.373 | tot=0.1108 sh LF/P/V/R=0.27/0.00/0.06/0.67 | scl=-0.0000 g=0.010
== ep 0 (979s) LF=0.0377 VIF=0.395 MOS=0.000 bppE=0.363 scl=+0.0027
   EVAL-diag q8: base 26.39dB@0.225 ms=0.93465 -> model 26.36dB@0.225 ms=0.93431 | q20: base 29.82dB@0.434 ms=0.97616 -> model 29.77dB@0.434 ms=0.97598
  [grad s 100] |gLF|w=3.81e-02 |grate|w=4.89e-02 |gvif|w=8.77e-04 | dScaler LF=+3.81e-02 rate=-2.44e-01 vif=+8.74e-02 | cos LF-ra=-1.00 LF-vi=+1.00 ra-vi=-1.00 | est/real=0.71 (real 0.557) | res 0.48/1.0 hfO/I=0.998
[s  100 ep 1 q=24] L1=0.0169 (1-MS)=0.0253 VIF=0.453 MOS=0.000 bppE=0.393 | tot=0.1076 sh LF/P/V/R=0.22/0.00/0.05/0.73 | scl=+0.0027 g=0.010
  [NaN-guard] step 116 skipped
  [NaN-guard] step 125 skipped
[s  150 ep 1 q=11] L1=0.0258 (1-MS)=0.0632 VIF=0.278 MOS=0.000 bppE=0.216 | tot=0.1062 sh LF/P/V/R=0.52/0.00/0.07/0.41 | scl=+0.0058 g=0.204
  [NaN-guard] step 160 skipped
== ep 1 (41s) LF=0.0411 VIF=0.360 MOS=0.000 bppE=0.327 scl=+0.0038
   EVAL-diag q8: base 26.39dB@0.225 ms=0.93465 -> model 26.37dB@0.226 ms=0.93464 | q20: base 29.82dB@0.434 ms=0.97616 -> model 29.79dB@0.435 ms=0.97603
  [grad s 200] |gLF|w=3.09e-03 |grate|w=5.80e-03 |gvif|w=2.71e-03 | dScaler LF=-2.25e-03 rate=-2.86e-02 vif=-2.70e-01 | cos LF-ra=+0.62 LF-vi=+0.77 ra-vi=+0.97 | est/real=0.52 (real 0.451) | res 0.43/3.0 hfO/I=0.994
[s  200 ep 2 q=11] L1=0.0314 (1-MS)=0.0627 VIF=0.300 MOS=0.000 bppE=0.237 | tot=0.1108 sh LF/P/V/R=0.51/0.00/0.06/0.43 | scl=+0.0037 g=0.011
  [NaN-guard] step 210 skipped
  [NaN-guard] step 250 skipped
[s  250 ep 2 q= 7] L1=0.0412 (1-MS)=0.0884 VIF=0.246 MOS=0.000 bppE=0.159 | tot=0.1182 sh LF/P/V/R=0.67/0.00/0.06/0.27 | scl=+0.0048 g=0.054
  [NaN-guard] step 284 skipped
== ep 2 (41s) LF=0.0400 VIF=0.370 MOS=0.000 bppE=0.341 scl=+0.0073
   EVAL-diag q8: base 26.39dB@0.225 ms=0.93465 -> model 26.30dB@0.217 ms=0.93347 | q20: base 29.82dB@0.434 ms=0.97616 -> model 29.66dB@0.419 ms=0.97539
  [grad s 300] |gLF|w=6.62e-01 |grate|w=7.82e-01 |gvif|w=6.44e-02 | dScaler LF=+6.61e-01 rate=-3.91e+00 vif=+6.44e+00 | cos LF-ra=-1.00 LF-vi=+1.00 ra-vi=-1.00 | est/real=0.69 (real 0.619) | res 1.99/33.6 hfO/I=0.944
[s  300 ep 3 q=25] L1=0.0210 (1-MS)=0.0253 VIF=0.446 MOS=0.000 bppE=0.428 | tot=0.1156 sh LF/P/V/R=0.21/0.00/0.05/0.74 | scl=+0.0083 g=0.067
  [NaN-guard] step 328 skipped
[s  350 ep 3 q=16] L1=0.0275 (1-MS)=0.0355 VIF=0.340 MOS=0.000 bppE=0.345 | tot=0.1094 sh LF/P/V/R=0.31/0.00/0.06/0.63 | scl=+0.0090 g=0.049
  [NaN-guard] step 360 skipped
== ep 3 (42s) LF=0.0389 VIF=0.370 MOS=0.000 bppE=0.338 scl=+0.0091
   EVAL-diag q8: base 26.39dB@0.225 ms=0.93465 -> model 26.29dB@0.222 ms=0.93409 | q20: base 29.82dB@0.434 ms=0.97616 -> model 29.64dB@0.428 ms=0.97573
  [grad s 400] |gLF|w=1.07e-01 |grate|w=7.81e-02 |gvif|w=1.16e-02 | dScaler LF=+1.07e-01 rate=-3.90e-01 vif=+1.16e+00 | cos LF-ra=-1.00 LF-vi=+1.00 ra-vi=-1.00 | est/real=0.61 (real 0.404) | res 0.68/22.6 hfO/I=0.936
[s  400 ep 4 q=14] L1=0.0185 (1-MS)=0.0396 VIF=0.363 MOS=0.000 bppE=0.247 | tot=0.0912 sh LF/P/V/R=0.39/0.00/0.07/0.54 | scl=+0.0095 g=0.041
  [NaN-guard] step 449 skipped
[s  450 ep 4 q=15] L1=0.0200 (1-MS)=0.0400 VIF=0.374 MOS=0.000 bppE=0.282 | tot=0.0987 sh LF/P/V/R=0.36/0.00/0.06/0.57 | scl=+0.0107 g=0.035
  [NaN-guard] step 462 skipped
== ep 4 (41s) LF=0.0397 VIF=0.374 MOS=0.000 bppE=0.331 scl=+0.0111
   EVAL-diag q8: base 26.39dB@0.225 ms=0.93465 -> model 26.19dB@0.216 ms=0.93363 | q20: base 29.82dB@0.434 ms=0.97616 -> model 29.41dB@0.421 ms=0.97538
  [grad s 500] |gLF|w=8.33e-02 |grate|w=1.64e-01 |gvif|w=3.88e-03 | dScaler LF=+7.85e-02 rate=-7.90e-01 vif=+1.82e-01 | cos LF-ra=-1.00 LF-vi=+0.73 ra-vi=-0.69 | est/real=0.62 (real 0.576) | res 1.43/36.3 hfO/I=0.910
[s  500 ep 5 q=18] L1=0.0231 (1-MS)=0.0295 VIF=0.420 MOS=0.000 bppE=0.358 | tot=0.1057 sh LF/P/V/R=0.27/0.00/0.05/0.68 | scl=+0.0114 g=0.079
  [NaN-guard] step 510 skipped
  [NaN-guard] step 521 skipped
[s  550 ep 5 q=22] L1=0.0244 (1-MS)=0.0310 VIF=0.436 MOS=0.000 bppE=0.419 | tot=0.1191 sh LF/P/V/R=0.25/0.00/0.05/0.70 | scl=+0.0140 g=0.088
  [NaN-guard] step 562 skipped
== ep 5 (42s) LF=0.0382 VIF=0.375 MOS=0.000 bppE=0.344 scl=+0.0141
   EVAL-diag q8: base 26.39dB@0.225 ms=0.93465 -> model 26.10dB@0.225 ms=0.93445 | q20: base 29.82dB@0.434 ms=0.97616 -> model 29.17dB@0.446 ms=0.97521
  [grad s 600] |gLF|w=2.94e-01 |grate|w=3.30e-01 |gvif|w=1.93e-02 | dScaler LF=+2.80e-01 rate=-1.58e+00 vif=+1.75e+00 | cos LF-ra=-1.00 LF-vi=+0.99 ra-vi=-0.99 | est/real=0.65 (real 0.547) | res 2.24/72.0 hfO/I=0.819
[s  600 ep 6 q=19] L1=0.0235 (1-MS)=0.0309 VIF=0.391 MOS=0.000 bppE=0.353 | tot=0.1062 sh LF/P/V/R=0.28/0.00/0.06/0.67 | scl=+0.0145 g=0.021
[s  650 ep 6 q=10] L1=0.0261 (1-MS)=0.0655 VIF=0.264 MOS=0.000 bppE=0.188 | tot=0.1024 sh LF/P/V/R=0.56/0.00/0.07/0.37 | scl=+0.0151 g=0.369
  [NaN-guard] step 652 skipped
  [NaN-guard] step 682 skipped
== ep 6 (42s) LF=0.0378 VIF=0.377 MOS=0.000 bppE=0.342 scl=+0.0160
   EVAL-diag q8: base 26.39dB@0.225 ms=0.93465 -> model 25.82dB@0.205 ms=0.93183 | q20: base 29.82dB@0.434 ms=0.97616 -> model 28.65dB@0.406 ms=0.97388
  [grad s 700] |gLF|w=2.42e-01 |grate|w=4.25e-01 |gvif|w=9.49e-03 | dScaler LF=+2.39e-01 rate=+1.20e+00 vif=-4.78e-02 | cos LF-ra=+0.44 LF-vi=+0.10 ra-vi=-0.83 | est/real=0.69 (real 0.814) | res 3.53/86.2 hfO/I=0.890
[s  700 ep 7 q=24] L1=0.0261 (1-MS)=0.0219 VIF=0.476 MOS=0.000 bppE=0.563 | tot=0.1405 sh LF/P/V/R=0.16/0.00/0.04/0.80 | scl=+0.0167 g=0.568
[s  750 ep 7 q=11] L1=0.0302 (1-MS)=0.0601 VIF=0.286 MOS=0.000 bppE=0.226 | tot=0.1065 sh LF/P/V/R=0.51/0.00/0.07/0.42 | scl=+0.0164 g=0.097
== ep 7 (42s) LF=0.0442 VIF=0.368 MOS=0.000 bppE=0.325 scl=+0.0152
   EVAL-diag q8: base 26.39dB@0.225 ms=0.93465 -> model 26.20dB@0.214 ms=0.93357 | q20: base 29.82dB@0.434 ms=0.97616 -> model 29.46dB@0.416 ms=0.97542
  [NaN-guard] step 794 skipped
  [grad s 800] |gLF|w=7.19e-02 |grate|w=1.07e-01 |gvif|w=7.32e-03 | dScaler LF=-3.35e-02 rate=-1.69e-01 vif=-4.17e-01 | cos LF-ra=-0.68 LF-vi=+0.96 ra-vi=-0.56 | est/real=0.67 (real 0.495) | res 1.77/64.2 hfO/I=0.969
[s  800 ep 8 q=19] L1=0.0194 (1-MS)=0.0346 VIF=0.393 MOS=0.000 bppE=0.332 | tot=0.1040 sh LF/P/V/R=0.30/0.00/0.06/0.64 | scl=+0.0156 g=0.080
[s  850 ep 8 q=18] L1=0.0277 (1-MS)=0.0358 VIF=0.376 MOS=0.000 bppE=0.347 | tot=0.1097 sh LF/P/V/R=0.31/0.00/0.06/0.63 | scl=+0.0157 g=0.245
  [NaN-guard] step 870 skipped
== ep 8 (41s) LF=0.0371 VIF=0.382 MOS=0.000 bppE=0.345 scl=+0.0162
   EVAL-diag q8: base 26.39dB@0.225 ms=0.93465 -> model 26.11dB@0.218 ms=0.93434 | q20: base 29.82dB@0.434 ms=0.97616 -> model 29.18dB@0.437 ms=0.97536
  [grad s 900] |gLF|w=4.31e-01 |grate|w=6.13e-01 |gvif|w=3.85e-02 | dScaler LF=+4.17e-01 rate=-2.97e+00 vif=+3.55e+00 | cos LF-ra=-1.00 LF-vi=+0.98 ra-vi=-0.98 | est/real=0.70 (real 0.607) | res 2.75/106.5 hfO/I=0.665
[s  900 ep 9 q=27] L1=0.0198 (1-MS)=0.0221 VIF=0.451 MOS=0.000 bppE=0.423 | tot=0.1117 sh LF/P/V/R=0.19/0.00/0.05/0.76 | scl=+0.0166 g=0.146
  [NaN-guard] step 901 skipped
[s  950 ep 9 q=28] L1=0.0223 (1-MS)=0.0311 VIF=0.559 MOS=0.000 bppE=0.562 | tot=0.1461 sh LF/P/V/R=0.20/0.00/0.03/0.77 | scl=+0.0182 g=1.964
== ep 9 (42s) LF=0.0431 VIF=0.366 MOS=0.000 bppE=0.332 scl=+0.0170
   EVAL-diag q8: base 26.39dB@0.225 ms=0.93465 -> model 26.01dB@0.212 ms=0.93333 | q20: base 29.82dB@0.434 ms=0.97616 -> model 29.04dB@0.422 ms=0.97498
  [grad s1000] |gLF|w=1.26e-01 |grate|w=3.77e-01 |gvif|w=1.72e-02 | dScaler LF=+1.20e-01 rate=+1.32e+00 vif=-1.29e+00 | cos LF-ra=+0.48 LF-vi=-0.55 ra-vi=-0.98 | est/real=0.70 (real 0.704) | res 2.73/79.6 hfO/I=0.980
[s 1000 ep10 q=30] L1=0.0176 (1-MS)=0.0218 VIF=0.535 MOS=0.000 bppE=0.495 | tot=0.1246 sh LF/P/V/R=0.17/0.00/0.04/0.79 | scl=+0.0180 g=0.435
[s 1050 ep10 q=22] L1=0.0230 (1-MS)=0.0305 VIF=0.488 MOS=0.000 bppE=0.463 | tot=0.1267 sh LF/P/V/R=0.23/0.00/0.04/0.73 | scl=+0.0185 g=0.498
== ep10 (42s) LF=0.0405 VIF=0.379 MOS=0.000 bppE=0.347 scl=+0.0180
   EVAL-diag q8: base 26.39dB@0.225 ms=0.93465 -> model 26.13dB@0.222 ms=0.93493 | q20: base 29.82dB@0.434 ms=0.97616 -> model 29.14dB@0.448 ms=0.97476
  [grad s1100] |gLF|w=9.56e-02 |grate|w=1.59e-01 |gvif|w=1.48e-02 | dScaler LF=-8.35e-02 rate=+3.30e-01 vif=-1.30e+00 | cos LF-ra=-0.80 LF-vi=+0.99 ra-vi=-0.79 | est/real=0.67 (real 0.682) | res 1.85/57.0 hfO/I=0.979
[s 1100 ep11 q=25] L1=0.0200 (1-MS)=0.0241 VIF=0.486 MOS=0.000 bppE=0.460 | tot=0.1203 sh LF/P/V/R=0.19/0.00/0.04/0.76 | scl=+0.0179 g=0.097
[s 1150 ep11 q= 6] L1=0.0376 (1-MS)=0.1005 VIF=0.188 MOS=0.000 bppE=0.125 | tot=0.1210 sh LF/P/V/R=0.73/0.00/0.07/0.21 | scl=+0.0189 g=0.256
== ep11 (42s) LF=0.0436 VIF=0.378 MOS=0.000 bppE=0.339 scl=+0.0183
   EVAL-diag q8: base 26.39dB@0.225 ms=0.93465 -> model 26.07dB@0.213 ms=0.93370 | q20: base 29.82dB@0.434 ms=0.97616 -> model 29.13dB@0.424 ms=0.97515
  [grad s1200] |gLF|w=7.18e-02 |grate|w=2.61e-01 |gvif|w=1.19e-02 | dScaler LF=+1.28e-02 rate=-5.46e-01 vif=-2.13e-01 | cos LF-ra=-0.96 LF-vi=+0.90 ra-vi=-0.80 | est/real=0.70 (real 0.724) | res 2.38/95.2 hfO/I=0.940
[s 1200 ep12 q=29] L1=0.0195 (1-MS)=0.0218 VIF=0.519 MOS=0.000 bppE=0.506 | tot=0.1273 sh LF/P/V/R=0.17/0.00/0.04/0.79 | scl=+0.0186 g=0.184
  [NaN-guard] step 1249 skipped
[s 1250 ep12 q=27] L1=0.0175 (1-MS)=0.0235 VIF=0.487 MOS=0.000 bppE=0.417 | tot=0.1107 sh LF/P/V/R=0.20/0.00/0.05/0.75 | scl=+0.0196 g=0.136
  [NaN-guard] step 1261 skipped
== ep12 (41s) LF=0.0444 VIF=0.373 MOS=0.000 bppE=0.332 scl=+0.0201
   EVAL-diag q8: base 26.39dB@0.225 ms=0.93465 -> model 25.99dB@0.220 ms=0.93418 | q20: base 29.82dB@0.434 ms=0.97616 -> model 28.86dB@0.447 ms=0.97363
  [grad s1300] |gLF|w=2.91e-01 |grate|w=2.31e-01 |gvif|w=2.66e-02 | dScaler LF=-2.16e-01 rate=+7.66e-01 vif=-2.36e+00 | cos LF-ra=-0.99 LF-vi=+0.95 ra-vi=-0.92 | est/real=0.56 (real 0.517) | res 4.21/89.6 hfO/I=1.327
[s 1300 ep13 q=13] L1=0.0315 (1-MS)=0.0495 VIF=0.342 MOS=0.000 bppE=0.288 | tot=0.1100 sh LF/P/V/R=0.42/0.00/0.06/0.52 | scl=+0.0205 g=0.095
  [NaN-guard] step 1333 skipped
[s 1350 ep13 q=25] L1=0.0232 (1-MS)=0.0273 VIF=0.444 MOS=0.000 bppE=0.453 | tot=0.1226 sh LF/P/V/R=0.22/0.00/0.05/0.74 | scl=+0.0202 g=0.164
== ep13 (42s) LF=0.0426 VIF=0.381 MOS=0.000 bppE=0.339 scl=+0.0204
   EVAL-diag q8: base 26.39dB@0.225 ms=0.93465 -> model 25.76dB@0.205 ms=0.93167 | q20: base 29.82dB@0.434 ms=0.97616 -> model 28.49dB@0.413 ms=0.97294
  [NaN-guard] step 1386 skipped
  [grad s1400] |gLF|w=4.39e-01 |grate|w=4.40e-02 |gvif|w=1.22e-02 | dScaler LF=-1.47e-01 rate=-1.17e-01 vif=-3.67e-01 | cos LF-ra=-0.61 LF-vi=+0.98 ra-vi=-0.61 | est/real=0.50 (real 0.310) | res 3.67/124.2 hfO/I=0.933
[s 1400 ep14 q= 8] L1=0.0304 (1-MS)=0.0890 VIF=0.188 MOS=0.000 bppE=0.155 | tot=0.1164 sh LF/P/V/R=0.66/0.00/0.07/0.27 | scl=+0.0210 g=0.425
[s 1450 ep14 q=20] L1=0.0187 (1-MS)=0.0329 VIF=0.424 MOS=0.000 bppE=0.326 | tot=0.1011 sh LF/P/V/R=0.30/0.00/0.06/0.65 | scl=+0.0207 g=0.123
  [NaN-guard] step 1453 skipped
== ep14 (41s) LF=0.0399 VIF=0.382 MOS=0.000 bppE=0.345 scl=+0.0213
   EVAL-diag q8: base 26.39dB@0.225 ms=0.93465 -> model 25.77dB@0.212 ms=0.93252 | q20: base 29.82dB@0.434 ms=0.97616 -> model 28.36dB@0.437 ms=0.97115
  [NaN-guard] step 1496 skipped
  [grad s1500] |gLF|w=3.32e-01 |grate|w=1.52e-01 |gvif|w=1.69e-02 | dScaler LF=+2.53e-02 rate=-4.42e-01 vif=-7.12e-01 | cos LF-ra=-0.85 LF-vi=+0.83 ra-vi=-0.47 | est/real=0.56 (real 0.474) | res 4.13/94.1 hfO/I=0.907
[s 1500 ep15 q=13] L1=0.0290 (1-MS)=0.0512 VIF=0.325 MOS=0.000 bppE=0.264 | tot=0.1064 sh LF/P/V/R=0.44/0.00/0.06/0.50 | scl=+0.0214 g=0.234
  [NaN-guard] step 1542 skipped
[s 1550 ep15 q=18] L1=0.0237 (1-MS)=0.0413 VIF=0.344 MOS=0.000 bppE=0.308 | tot=0.1061 sh LF/P/V/R=0.36/0.00/0.06/0.58 | scl=+0.0202 g=0.216
== ep15 (41s) LF=0.0410 VIF=0.381 MOS=0.000 bppE=0.337 scl=+0.0205
   EVAL-diag q8: base 26.39dB@0.225 ms=0.93465 -> model 25.71dB@0.203 ms=0.93121 | q20: base 29.82dB@0.434 ms=0.97616 -> model 28.38dB@0.407 ms=0.97266
  [NaN-guard] step 1582 skipped
  [grad s1600] |gLF|w=5.07e-01 |grate|w=5.34e-01 |gvif|w=3.49e-02 | dScaler LF=+4.28e-01 rate=-2.46e+00 vif=+2.88e+00 | cos LF-ra=-0.99 LF-vi=+0.99 ra-vi=-0.98 | est/real=0.64 (real 0.609) | res 3.84/137.0 hfO/I=0.601
[s 1600 ep16 q=21] L1=0.0260 (1-MS)=0.0299 VIF=0.411 MOS=0.000 bppE=0.390 | tot=0.1130 sh LF/P/V/R=0.26/0.00/0.05/0.69 | scl=+0.0201 g=0.093
  [NaN-guard] step 1615 skipped
  [NaN-guard] step 1644 skipped
[s 1650 ep16 q=10] L1=0.0327 (1-MS)=0.0593 VIF=0.278 MOS=0.000 bppE=0.215 | tot=0.1041 sh LF/P/V/R=0.52/0.00/0.07/0.41 | scl=+0.0209 g=0.321
== ep16 (41s) LF=0.0424 VIF=0.372 MOS=0.000 bppE=0.334 scl=+0.0214
   EVAL-diag q8: base 26.39dB@0.225 ms=0.93465 -> model 26.00dB@0.223 ms=0.93368 | q20: base 29.82dB@0.434 ms=0.97616 -> model 28.79dB@0.464 ms=0.97095
  [NaN-guard] step 1678 skipped
  [grad s1700] |gLF|w=1.90e-01 |grate|w=3.22e-01 |gvif|w=3.32e-02 | dScaler LF=+1.33e-01 rate=+9.51e-01 vif=-2.89e+00 | cos LF-ra=-0.14 LF-vi=-0.31 ra-vi=-0.89 | est/real=0.61 (real 0.628) | res 4.62/133.2 hfO/I=1.286
[s 1700 ep17 q=18] L1=0.0276 (1-MS)=0.0402 VIF=0.450 MOS=0.000 bppE=0.382 | tot=0.1197 sh LF/P/V/R=0.31/0.00/0.05/0.64 | scl=+0.0222 g=0.318
  [NaN-guard] step 1713 skipped
[s 1750 ep17 q=24] L1=0.0195 (1-MS)=0.0270 VIF=0.448 MOS=0.000 bppE=0.395 | tot=0.1099 sh LF/P/V/R=0.23/0.00/0.05/0.72 | scl=+0.0219 g=0.150
== ep17 (41s) LF=0.0436 VIF=0.386 MOS=0.000 bppE=0.339 scl=+0.0219
   EVAL-diag q8: base 26.39dB@0.225 ms=0.93465 -> model 25.89dB@0.209 ms=0.93264 | q20: base 29.82dB@0.434 ms=0.97616 -> model 28.74dB@0.421 ms=0.97368
  [NaN-guard] step 1775 skipped
  [grad s1800] |gLF|w=1.04e+00 |grate|w=7.34e-02 |gvif|w=3.87e-02 | dScaler LF=-1.01e+00 rate=+3.26e-01 vif=-3.80e+00 | cos LF-ra=-0.96 LF-vi=+1.00 ra-vi=-0.94 | est/real=0.41 (real 0.326) | res 5.36/112.7 hfO/I=1.581
[s 1800 ep18 q= 6] L1=0.0410 (1-MS)=0.1160 VIF=0.191 MOS=0.000 bppE=0.134 | tot=0.1358 sh LF/P/V/R=0.74/0.00/0.06/0.20 | scl=+0.0224 g=1.006
  [NaN-guard] step 1823 skipped
[s 1850 ep18 q=32] L1=0.0197 (1-MS)=0.0240 VIF=0.572 MOS=0.000 bppE=0.507 | tot=0.1288 sh LF/P/V/R=0.18/0.00/0.03/0.79 | scl=+0.0222 g=0.245
== ep18 (42s) LF=0.0461 VIF=0.390 MOS=0.000 bppE=0.334 scl=+0.0225
   EVAL-diag q8: base 26.39dB@0.225 ms=0.93465 -> model 25.85dB@0.211 ms=0.93263 | q20: base 29.82dB@0.434 ms=0.97616 -> model 28.59dB@0.434 ms=0.97175
  [grad s1900] |gLF|w=1.02e-01 |grate|w=1.90e-01 |gvif|w=4.69e-02 | dScaler LF=+4.12e-02 rate=-4.47e-01 vif=-4.49e+00 | cos LF-ra=-0.98 LF-vi=-0.17 ra-vi=+0.22 | est/real=0.69 (real 0.579) | res 2.90/110.2 hfO/I=0.805
[s 1900 ep19 q=24] L1=0.0191 (1-MS)=0.0279 VIF=0.502 MOS=0.000 bppE=0.398 | tot=0.1108 sh LF/P/V/R=0.24/0.00/0.04/0.72 | scl=+0.0217 g=0.115
[s 1950 ep19 q=11] L1=0.0314 (1-MS)=0.0645 VIF=0.308 MOS=0.000 bppE=0.230 | tot=0.1108 sh LF/P/V/R=0.52/0.00/0.06/0.41 | scl=+0.0233 g=0.339
== ep19 (42s) LF=0.0490 VIF=0.398 MOS=0.000 bppE=0.337 scl=+0.0231
   EVAL-diag q8: base 26.39dB@0.225 ms=0.93465 -> model 25.73dB@0.208 ms=0.93197 | q20: base 29.82dB@0.434 ms=0.97616 -> model 28.35dB@0.429 ms=0.97111
  [grad s2000] |gLF|w=2.70e-01 |grate|w=1.47e-01 |gvif|w=2.81e-02 | dScaler LF=-2.62e-01 rate=+5.78e-01 vif=-2.68e+00 | cos LF-ra=-0.89 LF-vi=+0.99 ra-vi=-0.88 | est/real=0.63 (real 0.551) | res 2.81/86.5 hfO/I=1.174
[s 2000 ep20 q=16] L1=0.0243 (1-MS)=0.0369 VIF=0.403 MOS=0.000 bppE=0.345 | tot=0.1093 sh LF/P/V/R=0.31/0.00/0.05/0.63 | scl=+0.0241 g=0.181
  [NaN-guard] step 2037 skipped
[s 2050 ep20 q=19] L1=0.0228 (1-MS)=0.0391 VIF=0.519 MOS=0.000 bppE=0.382 | tot=0.1171 sh LF/P/V/R=0.31/0.00/0.04/0.65 | scl=+0.0243 g=0.489
== ep20 (42s) LF=0.0526 VIF=0.400 MOS=0.000 bppE=0.333 scl=+0.0250
   EVAL-diag q8: base 26.39dB@0.225 ms=0.93465 -> model 25.69dB@0.235 ms=0.92947 | q20: base 29.82dB@0.434 ms=0.97616 -> model 27.57dB@0.535 ms=0.95316
  [grad s2100] |gLF|w=6.20e-01 |grate|w=3.55e-02 |gvif|w=1.54e-02 | dScaler LF=-5.52e-01 rate=+1.10e-01 vif=-1.37e+00 | cos LF-ra=-0.90 LF-vi=+0.99 ra-vi=-0.87 | est/real=0.44 (real 0.321) | res 2.80/93.5 hfO/I=1.293
[s 2100 ep21 q= 7] L1=0.0343 (1-MS)=0.1061 VIF=0.218 MOS=0.000 bppE=0.142 | tot=0.1280 sh LF/P/V/R=0.72/0.00/0.06/0.22 | scl=+0.0234 g=0.603
  [NaN-guard] step 2118 skipped
[s 2150 ep21 q=11] L1=0.0248 (1-MS)=0.0624 VIF=0.297 MOS=0.000 bppE=0.216 | tot=0.1051 sh LF/P/V/R=0.52/0.00/0.07/0.41 | scl=+0.0241 g=0.583
== ep21 (42s) LF=0.0498 VIF=0.404 MOS=0.000 bppE=0.332 scl=+0.0248
   EVAL-diag q8: base 26.39dB@0.225 ms=0.93465 -> model 25.98dB@0.218 ms=0.93370 | q20: base 29.82dB@0.434 ms=0.97616 -> model 28.79dB@0.447 ms=0.97234
  [NaN-guard] step 2173 skipped
  [grad s2200] |gLF|w=3.44e-01 |grate|w=4.34e-02 |gvif|w=7.96e-03 | dScaler LF=+2.84e-01 rate=-2.05e-01 vif=+5.67e-01 | cos LF-ra=-0.96 LF-vi=+0.97 ra-vi=-0.88 | est/real=0.40 (real 0.304) | res 3.25/121.6 hfO/I=0.516
[s 2200 ep22 q= 6] L1=0.0375 (1-MS)=0.1031 VIF=0.183 MOS=0.000 bppE=0.121 | tot=0.1224 sh LF/P/V/R=0.74/0.00/0.07/0.20 | scl=+0.0238 g=0.311
[s 2250 ep22 q=27] L1=0.0192 (1-MS)=0.0284 VIF=0.503 MOS=0.000 bppE=0.413 | tot=0.1142 sh LF/P/V/R=0.23/0.00/0.04/0.72 | scl=+0.0240 g=0.088
== ep22 (42s) LF=0.0431 VIF=0.401 MOS=0.000 bppE=0.345 scl=+0.0241
   EVAL-diag q8: base 26.39dB@0.225 ms=0.93465 -> model 25.71dB@0.203 ms=0.93108 | q20: base 29.82dB@0.434 ms=0.97616 -> model 28.36dB@0.413 ms=0.97147
  [grad s2300] |gLF|w=1.22e-01 |grate|w=5.11e-01 |gvif|w=7.23e-02 | dScaler LF=+9.69e-02 rate=+2.35e+00 vif=-7.14e+00 | cos LF-ra=+0.52 LF-vi=-0.74 ra-vi=-0.95 | est/real=0.64 (real 0.643) | res 4.86/121.3 hfO/I=1.929
[s 2300 ep23 q=20] L1=0.0253 (1-MS)=0.0440 VIF=0.517 MOS=0.000 bppE=0.409 | tot=0.1269 sh LF/P/V/R=0.32/0.00/0.04/0.64 | scl=+0.0249 g=0.512
  [NaN-guard] step 2320 skipped
[s 2350 ep23 q=23] L1=0.0258 (1-MS)=0.0256 VIF=0.518 MOS=0.000 bppE=0.508 | tot=0.1321 sh LF/P/V/R=0.19/0.00/0.04/0.77 | scl=+0.0240 g=0.172
== ep23 (41s) LF=0.0458 VIF=0.419 MOS=0.000 bppE=0.348 scl=+0.0239
   EVAL-diag q8: base 26.39dB@0.225 ms=0.93465 -> model 25.84dB@0.211 ms=0.93243 | q20: base 29.82dB@0.434 ms=0.97616 -> model 28.58dB@0.432 ms=0.97123
  [NaN-guard] step 2375 skipped
  [grad s2400] |gLF|w=1.09e+00 |grate|w=4.89e-02 |gvif|w=2.08e-02 | dScaler LF=-1.07e+00 rate=+2.36e-01 vif=-2.01e+00 | cos LF-ra=-0.99 LF-vi=+0.99 ra-vi=-0.98 | est/real=0.40 (real 0.263) | res 4.96/109.3 hfO/I=1.879
[s 2400 ep24 q= 5] L1=0.0375 (1-MS)=0.1413 VIF=0.166 MOS=0.000 bppE=0.105 | tot=0.1499 sh LF/P/V/R=0.80/0.00/0.06/0.14 | scl=+0.0249 g=1.061
[s 2450 ep24 q=22] L1=0.0211 (1-MS)=0.0318 VIF=0.490 MOS=0.000 bppE=0.413 | tot=0.1173 sh LF/P/V/R=0.25/0.00/0.04/0.70 | scl=+0.0247 g=0.111
== ep24 (41s) LF=0.0437 VIF=0.423 MOS=0.000 bppE=0.347 scl=+0.0248
   EVAL-diag q8: base 26.39dB@0.225 ms=0.93465 -> model 25.90dB@0.210 ms=0.93232 | q20: base 29.82dB@0.434 ms=0.97616 -> model 28.69dB@0.435 ms=0.97064
[v2] done -> dpp/runs/v2_B_v01_l20
