[v2] aligned-codec DPP: gamma=0.0 vif_gamma=0.0 lam=0.05 q~U[40,90] ch=64 ep=25 prior=dpp/runs/prior_aligned/entropy.pt calib_luma=yes(86q)
/workspace/sandwiched_compression/dpp/train_v2.py:160: UserWarning: Converting a tensor with requires_grad=True to a scalar may lead to unexpected behavior.
Consider using tensor.detach() first. (Triggered internally at /pytorch/torch/csrc/autograd/generated/python_variable_methods.cpp:835.)
  rec = {"step": gstep, "ep": ep, "q": q, "L1_raw": float(l1),
  [grad s   0] |gLF|w=3.50e-04 |grate|w=2.27e-03 | dScaler LF=-3.50e-04 rate=-4.54e-02 | cos LF-ra=+1.00 | est/real=0.88 (real 1.824) | res 0.00/0.0 hfO/I=1.000
[s    0 ep 0 q=84] L1=0.0079 (1-MS)=0.0028 VIF=0.000 MOS=0.000 bppE=1.609 | tot=0.0843 sh LF/P/V/R=0.05/0.00/0.00/0.95 | scl=+0.0000 g=0.003
[s   50 ep 0 q=65] L1=0.0147 (1-MS)=0.0094 VIF=0.000 MOS=0.000 bppE=0.965 | tot=0.0587 sh LF/P/V/R=0.18/0.00/0.00/0.82 | scl=+0.0085 g=0.214
== ep 0 (14s) LF=0.0112 VIF=0.000 MOS=0.000 bppE=1.032 scl=+0.0111
   EVAL-diag q8: base 26.39dB@0.225 ms=0.93465 -> model 26.02dB@0.205 ms=0.93126 | q20: base 29.82dB@0.434 ms=0.97616 -> model 29.00dB@0.388 ms=0.97301
  [grad s 100] |gLF|w=7.96e-01 |grate|w=9.96e-01 | dScaler LF=+7.94e-01 rate=-1.99e+01 | cos LF-ra=-1.00 | est/real=0.74 (real 1.108) | res 2.20/52.7 hfO/I=0.386
[s  100 ep 1 q=76] L1=0.0125 (1-MS)=0.0088 VIF=0.000 MOS=0.000 bppE=0.820 | tot=0.0505 sh LF/P/V/R=0.19/0.00/0.00/0.81 | scl=+0.0111 g=0.210
[s  150 ep 1 q=55] L1=0.0254 (1-MS)=0.0189 VIF=0.000 MOS=0.000 bppE=0.795 | tot=0.0599 sh LF/P/V/R=0.34/0.00/0.00/0.66 | scl=+0.0120 g=0.542
== ep 1 (13s) LF=0.0137 VIF=0.000 MOS=0.000 bppE=0.830 scl=+0.0114
   EVAL-diag q8: base 26.39dB@0.225 ms=0.93465 -> model 26.08dB@0.207 ms=0.93199 | q20: base 29.82dB@0.434 ms=0.97616 -> model 29.15dB@0.394 ms=0.97371
  [grad s 200] |gLF|w=7.36e-01 |grate|w=6.23e-01 | dScaler LF=+7.34e-01 rate=-1.25e+01 | cos LF-ra=-1.00 | est/real=0.74 (real 0.903) | res 2.15/59.4 hfO/I=0.318
[s  200 ep 2 q=54] L1=0.0159 (1-MS)=0.0125 VIF=0.000 MOS=0.000 bppE=0.666 | tot=0.0465 sh LF/P/V/R=0.28/0.00/0.00/0.72 | scl=+0.0114 g=0.126
[s  250 ep 2 q=46] L1=0.0222 (1-MS)=0.0212 VIF=0.000 MOS=0.000 bppE=0.572 | tot=0.0500 sh LF/P/V/R=0.43/0.00/0.00/0.57 | scl=+0.0123 g=1.287
== ep 2 (13s) LF=0.0136 VIF=0.000 MOS=0.000 bppE=0.837 scl=+0.0126
   EVAL-diag q8: base 26.39dB@0.225 ms=0.93465 -> model 25.82dB@0.199 ms=0.92948 | q20: base 29.82dB@0.434 ms=0.97616 -> model 28.43dB@0.374 ms=0.97100
  [grad s 300] |gLF|w=1.23e+00 |grate|w=8.26e-01 | dScaler LF=+1.21e+00 rate=-1.65e+01 | cos LF-ra=-0.99 | est/real=0.69 (real 1.003) | res 3.24/87.7 hfO/I=0.052
[s  300 ep 3 q=73] L1=0.0151 (1-MS)=0.0116 VIF=0.000 MOS=0.000 bppE=0.690 | tot=0.0468 sh LF/P/V/R=0.26/0.00/0.00/0.74 | scl=+0.0126 g=0.433
[s  350 ep 3 q=85] L1=0.0125 (1-MS)=0.0083 VIF=0.000 MOS=0.000 bppE=0.982 | tot=0.0582 sh LF/P/V/R=0.16/0.00/0.00/0.84 | scl=+0.0126 g=0.549
== ep 3 (13s) LF=0.0137 VIF=0.000 MOS=0.000 bppE=0.796 scl=+0.0123
   EVAL-diag q8: base 26.39dB@0.225 ms=0.93465 -> model 26.03dB@0.205 ms=0.93165 | q20: base 29.82dB@0.434 ms=0.97616 -> model 29.00dB@0.390 ms=0.97335
  [grad s 400] |gLF|w=6.53e-01 |grate|w=6.52e-01 | dScaler LF=+6.48e-01 rate=-1.30e+01 | cos LF-ra=-0.99 | est/real=0.75 (real 0.919) | res 1.99/67.3 hfO/I=0.187
[s  400 ep 4 q=66] L1=0.0128 (1-MS)=0.0100 VIF=0.000 MOS=0.000 bppE=0.689 | tot=0.0451 sh LF/P/V/R=0.24/0.00/0.00/0.76 | scl=+0.0123 g=0.087
[s  450 ep 4 q=60] L1=0.0203 (1-MS)=0.0154 VIF=0.000 MOS=0.000 bppE=0.745 | tot=0.0536 sh LF/P/V/R=0.31/0.00/0.00/0.69 | scl=+0.0127 g=0.303
== ep 4 (13s) LF=0.0135 VIF=0.000 MOS=0.000 bppE=0.816 scl=+0.0128
   EVAL-diag q8: base 26.39dB@0.225 ms=0.93465 -> model 25.89dB@0.201 ms=0.93013 | q20: base 29.82dB@0.434 ms=0.97616 -> model 28.65dB@0.379 ms=0.97217
  [grad s 500] |gLF|w=8.56e-01 |grate|w=3.95e-01 | dScaler LF=+8.54e-01 rate=-7.90e+00 | cos LF-ra=-1.00 | est/real=0.73 (real 0.663) | res 2.65/78.5 hfO/I=0.098
[s  500 ep 5 q=42] L1=0.0159 (1-MS)=0.0150 VIF=0.000 MOS=0.000 bppE=0.487 | tot=0.0395 sh LF/P/V/R=0.38/0.00/0.00/0.62 | scl=+0.0128 g=0.462
[s  550 ep 5 q=52] L1=0.0190 (1-MS)=0.0195 VIF=0.000 MOS=0.000 bppE=0.562 | tot=0.0475 sh LF/P/V/R=0.41/0.00/0.00/0.59 | scl=+0.0131 g=1.014
== ep 5 (13s) LF=0.0141 VIF=0.000 MOS=0.000 bppE=0.839 scl=+0.0127
   EVAL-diag q8: base 26.39dB@0.225 ms=0.93465 -> model 26.04dB@0.206 ms=0.93172 | q20: base 29.82dB@0.434 ms=0.97616 -> model 29.04dB@0.392 ms=0.97359
  [grad s 600] |gLF|w=7.32e-01 |grate|w=8.77e-01 | dScaler LF=+7.31e-01 rate=-1.75e+01 | cos LF-ra=-1.00 | est/real=0.78 (real 1.039) | res 2.52/75.7 hfO/I=0.219
[s  600 ep 6 q=63] L1=0.0162 (1-MS)=0.0110 VIF=0.000 MOS=0.000 bppE=0.809 | tot=0.0525 sh LF/P/V/R=0.23/0.00/0.00/0.77 | scl=+0.0127 g=0.146
[s  650 ep 6 q=63] L1=0.0166 (1-MS)=0.0134 VIF=0.000 MOS=0.000 bppE=0.740 | tot=0.0510 sh LF/P/V/R=0.28/0.00/0.00/0.72 | scl=+0.0130 g=0.070
== ep 6 (13s) LF=0.0133 VIF=0.000 MOS=0.000 bppE=0.822 scl=+0.0133
   EVAL-diag q8: base 26.39dB@0.225 ms=0.93465 -> model 25.93dB@0.202 ms=0.93094 | q20: base 29.82dB@0.434 ms=0.97616 -> model 28.77dB@0.384 ms=0.97284
  [grad s 700] |gLF|w=8.91e-01 |grate|w=4.52e-01 | dScaler LF=+8.90e-01 rate=-9.03e+00 | cos LF-ra=-1.00 | est/real=0.73 (real 0.702) | res 2.68/99.7 hfO/I=0.127
[s  700 ep 7 q=40] L1=0.0182 (1-MS)=0.0178 VIF=0.000 MOS=0.000 bppE=0.510 | tot=0.0433 sh LF/P/V/R=0.41/0.00/0.00/0.59 | scl=+0.0133 g=0.439
[s  750 ep 7 q=84] L1=0.0149 (1-MS)=0.0082 VIF=0.000 MOS=0.000 bppE=1.157 | tot=0.0674 sh LF/P/V/R=0.14/0.00/0.00/0.86 | scl=+0.0136 g=0.831
== ep 7 (13s) LF=0.0136 VIF=0.000 MOS=0.000 bppE=0.785 scl=+0.0136
   EVAL-diag q8: base 26.39dB@0.225 ms=0.93465 -> model 25.98dB@0.204 ms=0.93134 | q20: base 29.82dB@0.434 ms=0.97616 -> model 28.88dB@0.389 ms=0.97335
  [grad s 800] |gLF|w=7.59e-01 |grate|w=1.47e+00 | dScaler LF=+7.57e-01 rate=-2.94e+01 | cos LF-ra=-1.00 | est/real=0.79 (real 1.509) | res 3.18/82.1 hfO/I=0.169
[s  800 ep 8 q=76] L1=0.0177 (1-MS)=0.0084 VIF=0.000 MOS=0.000 bppE=1.197 | tot=0.0701 sh LF/P/V/R=0.15/0.00/0.00/0.85 | scl=+0.0136 g=0.714
[s  850 ep 8 q=45] L1=0.0192 (1-MS)=0.0156 VIF=0.000 MOS=0.000 bppE=0.598 | tot=0.0463 sh LF/P/V/R=0.35/0.00/0.00/0.65 | scl=+0.0141 g=0.347
== ep 8 (13s) LF=0.0136 VIF=0.000 MOS=0.000 bppE=0.833 scl=+0.0142
   EVAL-diag q8: base 26.39dB@0.225 ms=0.93465 -> model 25.95dB@0.203 ms=0.93109 | q20: base 29.82dB@0.434 ms=0.97616 -> model 28.83dB@0.387 ms=0.97318
  [grad s 900] |gLF|w=8.88e-01 |grate|w=4.51e-01 | dScaler LF=+8.86e-01 rate=-9.00e+00 | cos LF-ra=-1.00 | est/real=0.72 (real 0.739) | res 2.62/113.0 hfO/I=0.178
[s  900 ep 9 q=42] L1=0.0188 (1-MS)=0.0201 VIF=0.000 MOS=0.000 bppE=0.534 | tot=0.0465 sh LF/P/V/R=0.43/0.00/0.00/0.57 | scl=+0.0142 g=0.438
[s  950 ep 9 q=48] L1=0.0196 (1-MS)=0.0179 VIF=0.000 MOS=0.000 bppE=0.592 | tot=0.0478 sh LF/P/V/R=0.38/0.00/0.00/0.62 | scl=+0.0146 g=0.447
== ep 9 (13s) LF=0.0139 VIF=0.000 MOS=0.000 bppE=0.792 scl=+0.0146
   EVAL-diag q8: base 26.39dB@0.225 ms=0.93465 -> model 25.95dB@0.204 ms=0.93137 | q20: base 29.82dB@0.434 ms=0.97616 -> model 28.83dB@0.388 ms=0.97341
  [grad s1000] |gLF|w=5.14e-01 |grate|w=1.12e+00 | dScaler LF=+5.13e-01 rate=-2.24e+01 | cos LF-ra=-1.00 | est/real=0.77 (real 1.323) | res 2.26/95.1 hfO/I=0.207
[s 1000 ep10 q=80] L1=0.0133 (1-MS)=0.0070 VIF=0.000 MOS=0.000 bppE=1.019 | tot=0.0592 sh LF/P/V/R=0.14/0.00/0.00/0.86 | scl=+0.0146 g=0.611
[s 1050 ep10 q=62] L1=0.0146 (1-MS)=0.0132 VIF=0.000 MOS=0.000 bppE=0.554 | tot=0.0412 sh LF/P/V/R=0.33/0.00/0.00/0.67 | scl=+0.0153 g=0.406
== ep10 (13s) LF=0.0138 VIF=0.000 MOS=0.000 bppE=0.810 scl=+0.0150
   EVAL-diag q8: base 26.39dB@0.225 ms=0.93465 -> model 25.99dB@0.204 ms=0.93162 | q20: base 29.82dB@0.434 ms=0.97616 -> model 28.92dB@0.390 ms=0.97362
  [grad s1100] |gLF|w=6.89e-01 |grate|w=1.22e+00 | dScaler LF=+6.88e-01 rate=-2.43e+01 | cos LF-ra=-1.00 | est/real=0.79 (real 1.272) | res 2.83/87.9 hfO/I=0.193
[s 1100 ep11 q=74] L1=0.0168 (1-MS)=0.0094 VIF=0.000 MOS=0.000 bppE=1.006 | tot=0.0612 sh LF/P/V/R=0.18/0.00/0.00/0.82 | scl=+0.0150 g=0.527
[s 1150 ep11 q=85] L1=0.0149 (1-MS)=0.0074 VIF=0.000 MOS=0.000 bppE=1.206 | tot=0.0692 sh LF/P/V/R=0.13/0.00/0.00/0.87 | scl=+0.0154 g=0.989
== ep11 (13s) LF=0.0139 VIF=0.000 MOS=0.000 bppE=0.792 scl=+0.0154
   EVAL-diag q8: base 26.39dB@0.225 ms=0.93465 -> model 25.95dB@0.204 ms=0.93144 | q20: base 29.82dB@0.434 ms=0.97616 -> model 28.83dB@0.388 ms=0.97345
  [grad s1200] |gLF|w=6.00e-01 |grate|w=3.85e-01 | dScaler LF=+5.98e-01 rate=-7.68e+00 | cos LF-ra=-1.00 | est/real=0.70 (real 0.816) | res 2.29/87.7 hfO/I=0.219
[s 1200 ep12 q=46] L1=0.0171 (1-MS)=0.0149 VIF=0.000 MOS=0.000 bppE=0.568 | tot=0.0437 sh LF/P/V/R=0.35/0.00/0.00/0.65 | scl=+0.0154 g=0.216
[s 1250 ep12 q=68] L1=0.0151 (1-MS)=0.0095 VIF=0.000 MOS=0.000 bppE=0.756 | tot=0.0484 sh LF/P/V/R=0.22/0.00/0.00/0.78 | scl=+0.0157 g=0.090
== ep12 (13s) LF=0.0138 VIF=0.000 MOS=0.000 bppE=0.790 scl=+0.0160
   EVAL-diag q8: base 26.39dB@0.225 ms=0.93465 -> model 25.79dB@0.200 ms=0.93049 | q20: base 29.82dB@0.434 ms=0.97616 -> model 28.47dB@0.380 ms=0.97254
  [grad s1300] |gLF|w=5.97e-01 |grate|w=9.24e-01 | dScaler LF=+5.91e-01 rate=-1.84e+01 | cos LF-ra=-1.00 | est/real=0.72 (real 1.259) | res 2.55/108.4 hfO/I=0.184
[s 1300 ep13 q=79] L1=0.0140 (1-MS)=0.0081 VIF=0.000 MOS=0.000 bppE=0.909 | tot=0.0548 sh LF/P/V/R=0.17/0.00/0.00/0.83 | scl=+0.0160 g=0.335
[s 1350 ep13 q=63] L1=0.0187 (1-MS)=0.0125 VIF=0.000 MOS=0.000 bppE=0.700 | tot=0.0487 sh LF/P/V/R=0.28/0.00/0.00/0.72 | scl=+0.0164 g=0.346
== ep13 (13s) LF=0.0138 VIF=0.000 MOS=0.000 bppE=0.801 scl=+0.0163
   EVAL-diag q8: base 26.39dB@0.225 ms=0.93465 -> model 25.80dB@0.199 ms=0.93023 | q20: base 29.82dB@0.434 ms=0.97616 -> model 28.48dB@0.377 ms=0.97212
  [grad s1400] |gLF|w=1.02e+00 |grate|w=4.46e-01 | dScaler LF=+1.01e+00 rate=-8.89e+00 | cos LF-ra=-1.00 | est/real=0.70 (real 0.809) | res 3.42/107.1 hfO/I=0.138
[s 1400 ep14 q=42] L1=0.0214 (1-MS)=0.0197 VIF=0.000 MOS=0.000 bppE=0.564 | tot=0.0483 sh LF/P/V/R=0.42/0.00/0.00/0.58 | scl=+0.0163 g=0.572
[s 1450 ep14 q=63] L1=0.0170 (1-MS)=0.0131 VIF=0.000 MOS=0.000 bppE=0.684 | tot=0.0481 sh LF/P/V/R=0.29/0.00/0.00/0.71 | scl=+0.0165 g=0.118
== ep14 (13s) LF=0.0138 VIF=0.000 MOS=0.000 bppE=0.811 scl=+0.0166
   EVAL-diag q8: base 26.39dB@0.225 ms=0.93465 -> model 25.90dB@0.203 ms=0.93129 | q20: base 29.82dB@0.434 ms=0.97616 -> model 28.69dB@0.385 ms=0.97316
  [grad s1500] |gLF|w=5.44e-01 |grate|w=8.48e-01 | dScaler LF=+5.42e-01 rate=-1.69e+01 | cos LF-ra=-1.00 | est/real=0.73 (real 1.140) | res 2.54/116.6 hfO/I=0.145
[s 1500 ep15 q=75] L1=0.0150 (1-MS)=0.0093 VIF=0.000 MOS=0.000 bppE=0.834 | tot=0.0521 sh LF/P/V/R=0.20/0.00/0.00/0.80 | scl=+0.0166 g=0.305
[s 1550 ep15 q=43] L1=0.0167 (1-MS)=0.0191 VIF=0.000 MOS=0.000 bppE=0.451 | tot=0.0412 sh LF/P/V/R=0.45/0.00/0.00/0.55 | scl=+0.0171 g=0.514
== ep15 (13s) LF=0.0137 VIF=0.000 MOS=0.000 bppE=0.785 scl=+0.0172
   EVAL-diag q8: base 26.39dB@0.225 ms=0.93465 -> model 25.73dB@0.198 ms=0.93001 | q20: base 29.82dB@0.434 ms=0.97616 -> model 28.33dB@0.375 ms=0.97189
  [grad s1600] |gLF|w=1.02e+00 |grate|w=8.53e-01 | dScaler LF=+1.01e+00 rate=-1.70e+01 | cos LF-ra=-1.00 | est/real=0.73 (real 1.066) | res 3.59/129.6 hfO/I=0.099
[s 1600 ep16 q=70] L1=0.0191 (1-MS)=0.0148 VIF=0.000 MOS=0.000 bppE=0.777 | tot=0.0545 sh LF/P/V/R=0.29/0.00/0.00/0.71 | scl=+0.0172 g=0.166
[s 1650 ep16 q=76] L1=0.0181 (1-MS)=0.0096 VIF=0.000 MOS=0.000 bppE=0.965 | tot=0.0595 sh LF/P/V/R=0.19/0.00/0.00/0.81 | scl=+0.0171 g=0.477
== ep16 (13s) LF=0.0141 VIF=0.000 MOS=0.000 bppE=0.795 scl=+0.0171
   EVAL-diag q8: base 26.39dB@0.225 ms=0.93465 -> model 25.95dB@0.204 ms=0.93168 | q20: base 29.82dB@0.434 ms=0.97616 -> model 28.81dB@0.389 ms=0.97367
  [grad s1700] |gLF|w=5.47e-01 |grate|w=1.02e+00 | dScaler LF=+5.44e-01 rate=-2.03e+01 | cos LF-ra=-1.00 | est/real=0.78 (real 1.307) | res 2.83/91.5 hfO/I=0.218
[s 1700 ep17 q=75] L1=0.0167 (1-MS)=0.0089 VIF=0.000 MOS=0.000 bppE=1.013 | tot=0.0611 sh LF/P/V/R=0.17/0.00/0.00/0.83 | scl=+0.0171 g=0.477
[s 1750 ep17 q=52] L1=0.0272 (1-MS)=0.0212 VIF=0.000 MOS=0.000 bppE=0.654 | tot=0.0551 sh LF/P/V/R=0.41/0.00/0.00/0.59 | scl=+0.0176 g=0.811
== ep17 (13s) LF=0.0139 VIF=0.000 MOS=0.000 bppE=0.784 scl=+0.0176
   EVAL-diag q8: base 26.39dB@0.225 ms=0.93465 -> model 25.62dB@0.195 ms=0.92920 | q20: base 29.82dB@0.434 ms=0.97616 -> model 28.13dB@0.369 ms=0.97113
  [grad s1800] |gLF|w=1.17e+00 |grate|w=6.40e-01 | dScaler LF=+1.17e+00 rate=-1.28e+01 | cos LF-ra=-1.00 | est/real=0.71 (real 0.873) | res 4.12/127.3 hfO/I=0.106
[s 1800 ep18 q=54] L1=0.0224 (1-MS)=0.0183 VIF=0.000 MOS=0.000 bppE=0.616 | tot=0.0500 sh LF/P/V/R=0.38/0.00/0.00/0.62 | scl=+0.0176 g=0.531
[s 1850 ep18 q=89] L1=0.0099 (1-MS)=0.0040 VIF=0.000 MOS=0.000 bppE=1.192 | tot=0.0648 sh LF/P/V/R=0.08/0.00/0.00/0.92 | scl=+0.0173 g=0.632
== ep18 (13s) LF=0.0146 VIF=0.000 MOS=0.000 bppE=0.790 scl=+0.0177
   EVAL-diag q8: base 26.39dB@0.225 ms=0.93465 -> model 25.79dB@0.199 ms=0.93049 | q20: base 29.82dB@0.434 ms=0.97616 -> model 28.46dB@0.378 ms=0.97240
  [grad s1900] |gLF|w=9.78e-01 |grate|w=4.85e-01 | dScaler LF=+9.74e-01 rate=-9.66e+00 | cos LF-ra=-1.00 | est/real=0.70 (real 0.797) | res 3.65/111.8 hfO/I=0.116
[s 1900 ep19 q=43] L1=0.0220 (1-MS)=0.0187 VIF=0.000 MOS=0.000 bppE=0.562 | tot=0.0475 sh LF/P/V/R=0.41/0.00/0.00/0.59 | scl=+0.0177 g=0.494
[s 1950 ep19 q=50] L1=0.0217 (1-MS)=0.0170 VIF=0.000 MOS=0.000 bppE=0.605 | tot=0.0482 sh LF/P/V/R=0.37/0.00/0.00/0.63 | scl=+0.0178 g=0.282
== ep19 (13s) LF=0.0143 VIF=0.000 MOS=0.000 bppE=0.765 scl=+0.0178
   EVAL-diag q8: base 26.39dB@0.225 ms=0.93465 -> model 25.87dB@0.202 ms=0.93117 | q20: base 29.82dB@0.434 ms=0.97616 -> model 28.62dB@0.384 ms=0.97313
  [grad s2000] |gLF|w=6.03e-01 |grate|w=1.27e+00 | dScaler LF=+5.99e-01 rate=-2.51e+01 | cos LF-ra=-1.00 | est/real=0.76 (real 1.406) | res 3.13/94.0 hfO/I=0.164
[s 2000 ep20 q=81] L1=0.0162 (1-MS)=0.0079 VIF=0.000 MOS=0.000 bppE=1.071 | tot=0.0631 sh LF/P/V/R=0.15/0.00/0.00/0.85 | scl=+0.0178 g=0.663
[s 2050 ep20 q=84] L1=0.0194 (1-MS)=0.0103 VIF=0.000 MOS=0.000 bppE=1.305 | tot=0.0774 sh LF/P/V/R=0.16/0.00/0.00/0.84 | scl=+0.0179 g=0.982
== ep20 (13s) LF=0.0142 VIF=0.000 MOS=0.000 bppE=0.757 scl=+0.0178
   EVAL-diag q8: base 26.39dB@0.225 ms=0.93465 -> model 25.97dB@0.205 ms=0.93206 | q20: base 29.82dB@0.434 ms=0.97616 -> model 28.87dB@0.392 ms=0.97400
  [grad s2100] |gLF|w=5.43e-01 |grate|w=4.47e-01 | dScaler LF=+5.39e-01 rate=-8.89e+00 | cos LF-ra=-1.00 | est/real=0.75 (real 0.863) | res 2.95/103.4 hfO/I=0.284
[s 2100 ep21 q=44] L1=0.0209 (1-MS)=0.0150 VIF=0.000 MOS=0.000 bppE=0.649 | tot=0.0486 sh LF/P/V/R=0.33/0.00/0.00/0.67 | scl=+0.0178 g=0.096
[s 2150 ep21 q=77] L1=0.0182 (1-MS)=0.0102 VIF=0.000 MOS=0.000 bppE=1.096 | tot=0.0666 sh LF/P/V/R=0.18/0.00/0.00/0.82 | scl=+0.0180 g=0.594
== ep21 (13s) LF=0.0140 VIF=0.000 MOS=0.000 bppE=0.781 scl=+0.0184
   EVAL-diag q8: base 26.39dB@0.225 ms=0.93465 -> model 25.79dB@0.200 ms=0.93066 | q20: base 29.82dB@0.434 ms=0.97616 -> model 28.44dB@0.379 ms=0.97267
  [grad s2200] |gLF|w=6.34e-01 |grate|w=2.64e-01 | dScaler LF=+6.28e-01 rate=-5.26e+00 | cos LF-ra=-1.00 | est/real=0.70 (real 0.703) | res 2.62/115.1 hfO/I=0.167
[s 2200 ep22 q=41] L1=0.0180 (1-MS)=0.0193 VIF=0.000 MOS=0.000 bppE=0.489 | tot=0.0435 sh LF/P/V/R=0.44/0.00/0.00/0.56 | scl=+0.0184 g=0.370
[s 2250 ep22 q=49] L1=0.0251 (1-MS)=0.0206 VIF=0.000 MOS=0.000 bppE=0.608 | tot=0.0519 sh LF/P/V/R=0.41/0.00/0.00/0.59 | scl=+0.0185 g=0.518
== ep22 (13s) LF=0.0141 VIF=0.000 MOS=0.000 bppE=0.779 scl=+0.0188
   EVAL-diag q8: base 26.39dB@0.225 ms=0.93465 -> model 25.54dB@0.193 ms=0.92845 | q20: base 29.82dB@0.434 ms=0.97616 -> model 27.92dB@0.363 ms=0.97028
  [grad s2300] |gLF|w=1.06e+00 |grate|w=3.58e-01 | dScaler LF=+1.06e+00 rate=-7.11e+00 | cos LF-ra=-1.00 | est/real=0.68 (real 0.795) | res 3.35/147.6 hfO/I=0.097
[s 2300 ep23 q=53] L1=0.0188 (1-MS)=0.0201 VIF=0.000 MOS=0.000 bppE=0.539 | tot=0.0468 sh LF/P/V/R=0.42/0.00/0.00/0.58 | scl=+0.0188 g=0.707
[s 2350 ep23 q=76] L1=0.0251 (1-MS)=0.0129 VIF=0.000 MOS=0.000 bppE=1.141 | tot=0.0724 sh LF/P/V/R=0.21/0.00/0.00/0.79 | scl=+0.0186 g=0.588
== ep23 (13s) LF=0.0144 VIF=0.000 MOS=0.000 bppE=0.797 scl=+0.0186
   EVAL-diag q8: base 26.39dB@0.225 ms=0.93465 -> model 25.95dB@0.204 ms=0.93131 | q20: base 29.82dB@0.434 ms=0.97616 -> model 28.78dB@0.388 ms=0.97357
  [grad s2400] |gLF|w=4.74e-01 |grate|w=3.25e-01 | dScaler LF=+4.69e-01 rate=-6.48e+00 | cos LF-ra=-0.99 | est/real=0.73 (real 0.711) | res 2.59/101.3 hfO/I=0.154
[s 2400 ep24 q=46] L1=0.0167 (1-MS)=0.0157 VIF=0.000 MOS=0.000 bppE=0.522 | tot=0.0420 sh LF/P/V/R=0.38/0.00/0.00/0.62 | scl=+0.0186 g=0.155
[s 2450 ep24 q=88] L1=0.0164 (1-MS)=0.0095 VIF=0.000 MOS=0.000 bppE=1.144 | tot=0.0680 sh LF/P/V/R=0.16/0.00/0.00/0.84 | scl=+0.0193 g=0.068
== ep24 (13s) LF=0.0140 VIF=0.000 MOS=0.000 bppE=0.787 scl=+0.0193
   EVAL-diag q8: base 26.39dB@0.225 ms=0.93465 -> model 25.60dB@0.196 ms=0.92952 | q20: base 29.82dB@0.434 ms=0.97616 -> model 28.07dB@0.370 ms=0.97134
[v2] done -> dpp/runs/v2_C_l05
