[v2] aligned-codec DPP: gamma=0.0 vif_gamma=0.0 lam=0.075 q~U[40,90] ch=64 ep=25 prior=dpp/runs/prior_aligned/entropy.pt calib_luma=yes(86q)
/workspace/sandwiched_compression/dpp/train_v2.py:160: UserWarning: Converting a tensor with requires_grad=True to a scalar may lead to unexpected behavior.
Consider using tensor.detach() first. (Triggered internally at /pytorch/torch/csrc/autograd/generated/python_variable_methods.cpp:835.)
  rec = {"step": gstep, "ep": ep, "q": q, "L1_raw": float(l1),
  [grad s   0] |gLF|w=3.50e-04 |grate|w=3.40e-03 | dScaler LF=-3.50e-04 rate=-4.54e-02 | cos LF-ra=+1.00 | est/real=0.88 (real 1.824) | res 0.00/0.0 hfO/I=1.000
[s    0 ep 0 q=84] L1=0.0079 (1-MS)=0.0028 VIF=0.000 MOS=0.000 bppE=1.609 | tot=0.1245 sh LF/P/V/R=0.03/0.00/0.00/0.97 | scl=+0.0000 g=0.004
[s   50 ep 0 q=65] L1=0.0165 (1-MS)=0.0121 VIF=0.000 MOS=0.000 bppE=0.874 | tot=0.0785 sh LF/P/V/R=0.17/0.00/0.00/0.83 | scl=+0.0111 g=0.392
== ep 0 (13s) LF=0.0140 VIF=0.000 MOS=0.000 bppE=0.961 scl=+0.0137
   EVAL-diag q8: base 26.39dB@0.225 ms=0.93465 -> model 25.64dB@0.196 ms=0.92818 | q20: base 29.82dB@0.434 ms=0.97616 -> model 28.16dB@0.366 ms=0.96977
  [grad s 100] |gLF|w=1.33e+00 |grate|w=1.47e+00 | dScaler LF=+1.33e+00 rate=-1.96e+01 | cos LF-ra=-1.00 | est/real=0.70 (real 1.033) | res 3.58/68.2 hfO/I=0.266
[s  100 ep 1 q=76] L1=0.0164 (1-MS)=0.0130 VIF=0.000 MOS=0.000 bppE=0.725 | tot=0.0681 sh LF/P/V/R=0.20/0.00/0.00/0.80 | scl=+0.0137 g=0.183
[s  150 ep 1 q=55] L1=0.0286 (1-MS)=0.0251 VIF=0.000 MOS=0.000 bppE=0.712 | tot=0.0792 sh LF/P/V/R=0.33/0.00/0.00/0.67 | scl=+0.0144 g=0.643
== ep 1 (13s) LF=0.0173 VIF=0.000 MOS=0.000 bppE=0.749 scl=+0.0140
   EVAL-diag q8: base 26.39dB@0.225 ms=0.93465 -> model 25.83dB@0.199 ms=0.92969 | q20: base 29.82dB@0.434 ms=0.97616 -> model 28.59dB@0.375 ms=0.97144
  [grad s 200] |gLF|w=1.06e+00 |grate|w=9.62e-01 | dScaler LF=+1.06e+00 rate=-1.28e+01 | cos LF-ra=-1.00 | est/real=0.71 (real 0.858) | res 2.85/81.9 hfO/I=0.188
[s  200 ep 2 q=54] L1=0.0173 (1-MS)=0.0154 VIF=0.000 MOS=0.000 bppE=0.608 | tot=0.0614 sh LF/P/V/R=0.26/0.00/0.00/0.74 | scl=+0.0140 g=0.117
[s  250 ep 2 q=46] L1=0.0266 (1-MS)=0.0291 VIF=0.000 MOS=0.000 bppE=0.508 | tot=0.0667 sh LF/P/V/R=0.43/0.00/0.00/0.57 | scl=+0.0148 g=2.093
== ep 2 (13s) LF=0.0176 VIF=0.000 MOS=0.000 bppE=0.739 scl=+0.0149
   EVAL-diag q8: base 26.39dB@0.225 ms=0.93465 -> model 25.35dB@0.189 ms=0.92591 | q20: base 29.82dB@0.434 ms=0.97616 -> model 27.49dB@0.349 ms=0.96661
  [grad s 300] |gLF|w=1.65e+00 |grate|w=9.27e-01 | dScaler LF=+1.65e+00 rate=-1.23e+01 | cos LF-ra=-0.99 | est/real=0.66 (real 0.942) | res 3.45/116.9 hfO/I=0.029
[s  300 ep 3 q=73] L1=0.0156 (1-MS)=0.0164 VIF=0.000 MOS=0.000 bppE=0.621 | tot=0.0628 sh LF/P/V/R=0.26/0.00/0.00/0.74 | scl=+0.0149 g=0.742
[s  350 ep 3 q=85] L1=0.0151 (1-MS)=0.0136 VIF=0.000 MOS=0.000 bppE=0.847 | tot=0.0774 sh LF/P/V/R=0.18/0.00/0.00/0.82 | scl=+0.0150 g=0.550
== ep 3 (13s) LF=0.0173 VIF=0.000 MOS=0.000 bppE=0.716 scl=+0.0147
   EVAL-diag q8: base 26.39dB@0.225 ms=0.93465 -> model 25.73dB@0.196 ms=0.92906 | q20: base 29.82dB@0.434 ms=0.97616 -> model 28.39dB@0.371 ms=0.97110
  [grad s 400] |gLF|w=8.29e-01 |grate|w=9.77e-01 | dScaler LF=+8.28e-01 rate=-1.30e+01 | cos LF-ra=-1.00 | est/real=0.72 (real 0.881) | res 2.46/103.4 hfO/I=0.122
[s  400 ep 4 q=66] L1=0.0139 (1-MS)=0.0120 VIF=0.000 MOS=0.000 bppE=0.638 | tot=0.0603 sh LF/P/V/R=0.21/0.00/0.00/0.79 | scl=+0.0147 g=0.152
[s  450 ep 4 q=60] L1=0.0229 (1-MS)=0.0204 VIF=0.000 MOS=0.000 bppE=0.660 | tot=0.0704 sh LF/P/V/R=0.30/0.00/0.00/0.70 | scl=+0.0151 g=0.364
== ep 4 (13s) LF=0.0173 VIF=0.000 MOS=0.000 bppE=0.729 scl=+0.0155
   EVAL-diag q8: base 26.39dB@0.225 ms=0.93465 -> model 25.29dB@0.187 ms=0.92486 | q20: base 29.82dB@0.434 ms=0.97616 -> model 27.42dB@0.347 ms=0.96639
  [grad s 500] |gLF|w=1.40e+00 |grate|w=4.73e-01 | dScaler LF=+1.40e+00 rate=-6.29e+00 | cos LF-ra=-1.00 | est/real=0.71 (real 0.615) | res 3.79/129.0 hfO/I=0.035
[s  500 ep 5 q=42] L1=0.0185 (1-MS)=0.0199 VIF=0.000 MOS=0.000 bppE=0.437 | tot=0.0524 sh LF/P/V/R=0.37/0.00/0.00/0.63 | scl=+0.0155 g=0.931
[s  550 ep 5 q=52] L1=0.0209 (1-MS)=0.0247 VIF=0.000 MOS=0.000 bppE=0.512 | tot=0.0623 sh LF/P/V/R=0.38/0.00/0.00/0.62 | scl=+0.0157 g=1.300
== ep 5 (13s) LF=0.0178 VIF=0.000 MOS=0.000 bppE=0.757 scl=+0.0154
   EVAL-diag q8: base 26.39dB@0.225 ms=0.93465 -> model 25.82dB@0.199 ms=0.93009 | q20: base 29.82dB@0.434 ms=0.97616 -> model 28.60dB@0.378 ms=0.97205
  [grad s 600] |gLF|w=8.87e-01 |grate|w=1.30e+00 | dScaler LF=+8.86e-01 rate=-1.73e+01 | cos LF-ra=-1.00 | est/real=0.75 (real 0.999) | res 3.09/91.4 hfO/I=0.169
[s  600 ep 6 q=63] L1=0.0177 (1-MS)=0.0131 VIF=0.000 MOS=0.000 bppE=0.753 | tot=0.0705 sh LF/P/V/R=0.20/0.00/0.00/0.80 | scl=+0.0154 g=0.412
[s  650 ep 6 q=63] L1=0.0188 (1-MS)=0.0179 VIF=0.000 MOS=0.000 bppE=0.651 | tot=0.0669 sh LF/P/V/R=0.27/0.00/0.00/0.73 | scl=+0.0159 g=0.092
== ep 6 (13s) LF=0.0169 VIF=0.000 MOS=0.000 bppE=0.738 scl=+0.0162
   EVAL-diag q8: base 26.39dB@0.225 ms=0.93465 -> model 25.47dB@0.191 ms=0.92743 | q20: base 29.82dB@0.434 ms=0.97616 -> model 27.85dB@0.359 ms=0.96920
  [grad s 700] |gLF|w=1.34e+00 |grate|w=6.37e-01 | dScaler LF=+1.34e+00 rate=-8.47e+00 | cos LF-ra=-1.00 | est/real=0.70 (real 0.653) | res 3.71/131.7 hfO/I=0.055
[s  700 ep 7 q=40] L1=0.0204 (1-MS)=0.0222 VIF=0.000 MOS=0.000 bppE=0.458 | tot=0.0562 sh LF/P/V/R=0.39/0.00/0.00/0.61 | scl=+0.0162 g=0.704
[s  750 ep 7 q=84] L1=0.0175 (1-MS)=0.0115 VIF=0.000 MOS=0.000 bppE=1.037 | tot=0.0905 sh LF/P/V/R=0.14/0.00/0.00/0.86 | scl=+0.0163 g=1.354
== ep 7 (13s) LF=0.0170 VIF=0.000 MOS=0.000 bppE=0.705 scl=+0.0163
   EVAL-diag q8: base 26.39dB@0.225 ms=0.93465 -> model 25.75dB@0.197 ms=0.92958 | q20: base 29.82dB@0.434 ms=0.97616 -> model 28.44dB@0.374 ms=0.97162
  [grad s 800] |gLF|w=9.63e-01 |grate|w=2.20e+00 | dScaler LF=+9.61e-01 rate=-2.93e+01 | cos LF-ra=-1.00 | est/real=0.76 (real 1.445) | res 3.94/95.3 hfO/I=0.124
[s  800 ep 8 q=76] L1=0.0199 (1-MS)=0.0110 VIF=0.000 MOS=0.000 bppE=1.100 | tot=0.0952 sh LF/P/V/R=0.13/0.00/0.00/0.87 | scl=+0.0163 g=1.237
[s  850 ep 8 q=45] L1=0.0224 (1-MS)=0.0219 VIF=0.000 MOS=0.000 bppE=0.521 | tot=0.0611 sh LF/P/V/R=0.36/0.00/0.00/0.64 | scl=+0.0169 g=0.783
== ep 8 (13s) LF=0.0174 VIF=0.000 MOS=0.000 bppE=0.740 scl=+0.0169
   EVAL-diag q8: base 26.39dB@0.225 ms=0.93465 -> model 25.53dB@0.193 ms=0.92805 | q20: base 29.82dB@0.434 ms=0.97616 -> model 27.94dB@0.362 ms=0.96978
  [grad s 900] |gLF|w=1.42e+00 |grate|w=6.51e-01 | dScaler LF=+1.42e+00 rate=-8.66e+00 | cos LF-ra=-1.00 | est/real=0.70 (real 0.682) | res 3.72/152.9 hfO/I=0.081
[s  900 ep 9 q=42] L1=0.0210 (1-MS)=0.0251 VIF=0.000 MOS=0.000 bppE=0.474 | tot=0.0598 sh LF/P/V/R=0.41/0.00/0.00/0.59 | scl=+0.0169 g=0.770
[s  950 ep 9 q=48] L1=0.0221 (1-MS)=0.0231 VIF=0.000 MOS=0.000 bppE=0.527 | tot=0.0625 sh LF/P/V/R=0.37/0.00/0.00/0.63 | scl=+0.0171 g=0.726
== ep 9 (13s) LF=0.0173 VIF=0.000 MOS=0.000 bppE=0.711 scl=+0.0170
   EVAL-diag q8: base 26.39dB@0.225 ms=0.93465 -> model 25.64dB@0.195 ms=0.92910 | q20: base 29.82dB@0.434 ms=0.97616 -> model 28.20dB@0.370 ms=0.97114
  [grad s1000] |gLF|w=7.89e-01 |grate|w=1.79e+00 | dScaler LF=+7.87e-01 rate=-2.38e+01 | cos LF-ra=-1.00 | est/real=0.73 (real 1.241) | res 3.08/120.8 hfO/I=0.124
[s 1000 ep10 q=80] L1=0.0156 (1-MS)=0.0099 VIF=0.000 MOS=0.000 bppE=0.904 | tot=0.0789 sh LF/P/V/R=0.14/0.00/0.00/0.86 | scl=+0.0170 g=0.998
[s 1050 ep10 q=62] L1=0.0163 (1-MS)=0.0165 VIF=0.000 MOS=0.000 bppE=0.511 | tot=0.0547 sh LF/P/V/R=0.30/0.00/0.00/0.70 | scl=+0.0176 g=0.491
== ep10 (13s) LF=0.0176 VIF=0.000 MOS=0.000 bppE=0.719 scl=+0.0173
   EVAL-diag q8: base 26.39dB@0.225 ms=0.93465 -> model 25.67dB@0.196 ms=0.92938 | q20: base 29.82dB@0.434 ms=0.97616 -> model 28.27dB@0.372 ms=0.97152
  [grad s1100] |gLF|w=1.05e+00 |grate|w=1.94e+00 | dScaler LF=+1.05e+00 rate=-2.58e+01 | cos LF-ra=-1.00 | est/real=0.74 (real 1.187) | res 3.81/109.7 hfO/I=0.115
[s 1100 ep11 q=74] L1=0.0195 (1-MS)=0.0131 VIF=0.000 MOS=0.000 bppE=0.883 | tot=0.0807 sh LF/P/V/R=0.18/0.00/0.00/0.82 | scl=+0.0173 g=0.893
[s 1150 ep11 q=85] L1=0.0171 (1-MS)=0.0100 VIF=0.000 MOS=0.000 bppE=1.073 | tot=0.0919 sh LF/P/V/R=0.12/0.00/0.00/0.88 | scl=+0.0174 g=1.681
== ep11 (13s) LF=0.0176 VIF=0.000 MOS=0.000 bppE=0.707 scl=+0.0175
   EVAL-diag q8: base 26.39dB@0.225 ms=0.93465 -> model 25.76dB@0.198 ms=0.93005 | q20: base 29.82dB@0.434 ms=0.97616 -> model 28.42dB@0.375 ms=0.97200
  [grad s1200] |gLF|w=7.95e-01 |grate|w=5.99e-01 | dScaler LF=+7.93e-01 rate=-7.97e+00 | cos LF-ra=-1.00 | est/real=0.68 (real 0.783) | res 2.89/94.9 hfO/I=0.139
[s 1200 ep12 q=46] L1=0.0183 (1-MS)=0.0168 VIF=0.000 MOS=0.000 bppE=0.534 | tot=0.0571 sh LF/P/V/R=0.30/0.00/0.00/0.70 | scl=+0.0175 g=0.197
[s 1250 ep12 q=68] L1=0.0178 (1-MS)=0.0129 VIF=0.000 MOS=0.000 bppE=0.684 | tot=0.0652 sh LF/P/V/R=0.21/0.00/0.00/0.79 | scl=+0.0178 g=0.149
== ep12 (13s) LF=0.0173 VIF=0.000 MOS=0.000 bppE=0.708 scl=+0.0179
   EVAL-diag q8: base 26.39dB@0.225 ms=0.93465 -> model 25.51dB@0.193 ms=0.92837 | q20: base 29.82dB@0.434 ms=0.97616 -> model 27.93dB@0.363 ms=0.97017
  [grad s1300] |gLF|w=8.71e-01 |grate|w=1.42e+00 | dScaler LF=+8.67e-01 rate=-1.89e+01 | cos LF-ra=-1.00 | est/real=0.69 (real 1.186) | res 3.24/125.6 hfO/I=0.099
[s 1300 ep13 q=79] L1=0.0160 (1-MS)=0.0111 VIF=0.000 MOS=0.000 bppE=0.819 | tot=0.0735 sh LF/P/V/R=0.16/0.00/0.00/0.84 | scl=+0.0179 g=0.552
[s 1350 ep13 q=63] L1=0.0210 (1-MS)=0.0168 VIF=0.000 MOS=0.000 bppE=0.631 | tot=0.0650 sh LF/P/V/R=0.27/0.00/0.00/0.73 | scl=+0.0183 g=0.463
== ep13 (13s) LF=0.0175 VIF=0.000 MOS=0.000 bppE=0.716 scl=+0.0182
   EVAL-diag q8: base 26.39dB@0.225 ms=0.93465 -> model 25.54dB@0.192 ms=0.92802 | q20: base 29.82dB@0.434 ms=0.97616 -> model 27.97dB@0.362 ms=0.96983
  [grad s1400] |gLF|w=1.32e+00 |grate|w=6.84e-01 | dScaler LF=+1.31e+00 rate=-9.10e+00 | cos LF-ra=-1.00 | est/real=0.69 (real 0.770) | res 4.15/123.8 hfO/I=0.094
[s 1400 ep14 q=42] L1=0.0231 (1-MS)=0.0232 VIF=0.000 MOS=0.000 bppE=0.528 | tot=0.0627 sh LF/P/V/R=0.37/0.00/0.00/0.63 | scl=+0.0182 g=0.632
[s 1450 ep14 q=63] L1=0.0192 (1-MS)=0.0172 VIF=0.000 MOS=0.000 bppE=0.611 | tot=0.0634 sh LF/P/V/R=0.28/0.00/0.00/0.72 | scl=+0.0185 g=0.212
== ep14 (13s) LF=0.0177 VIF=0.000 MOS=0.000 bppE=0.720 scl=+0.0184
   EVAL-diag q8: base 26.39dB@0.225 ms=0.93465 -> model 25.72dB@0.197 ms=0.92983 | q20: base 29.82dB@0.434 ms=0.97616 -> model 28.34dB@0.373 ms=0.97165
  [grad s1500] |gLF|w=6.96e-01 |grate|w=1.36e+00 | dScaler LF=+6.95e-01 rate=-1.80e+01 | cos LF-ra=-1.00 | est/real=0.71 (real 1.100) | res 2.99/115.6 hfO/I=0.116
[s 1500 ep15 q=75] L1=0.0161 (1-MS)=0.0110 VIF=0.000 MOS=0.000 bppE=0.785 | tot=0.0709 sh LF/P/V/R=0.17/0.00/0.00/0.83 | scl=+0.0184 g=0.660
[s 1550 ep15 q=43] L1=0.0175 (1-MS)=0.0212 VIF=0.000 MOS=0.000 bppE=0.427 | tot=0.0525 sh LF/P/V/R=0.39/0.00/0.00/0.61 | scl=+0.0188 g=0.520
== ep15 (13s) LF=0.0174 VIF=0.000 MOS=0.000 bppE=0.698 scl=+0.0189
   EVAL-diag q8: base 26.39dB@0.225 ms=0.93465 -> model 25.46dB@0.191 ms=0.92748 | q20: base 29.82dB@0.434 ms=0.97616 -> model 27.79dB@0.358 ms=0.96931
  [grad s1600] |gLF|w=1.36e+00 |grate|w=1.35e+00 | dScaler LF=+1.36e+00 rate=-1.79e+01 | cos LF-ra=-1.00 | est/real=0.70 (real 1.010) | res 4.25/136.0 hfO/I=0.059
[s 1600 ep16 q=70] L1=0.0209 (1-MS)=0.0189 VIF=0.000 MOS=0.000 bppE=0.707 | tot=0.0723 sh LF/P/V/R=0.27/0.00/0.00/0.73 | scl=+0.0189 g=0.047
[s 1650 ep16 q=76] L1=0.0195 (1-MS)=0.0118 VIF=0.000 MOS=0.000 bppE=0.900 | tot=0.0808 sh LF/P/V/R=0.16/0.00/0.00/0.84 | scl=+0.0187 g=1.016
== ep16 (13s) LF=0.0178 VIF=0.000 MOS=0.000 bppE=0.708 scl=+0.0189
   EVAL-diag q8: base 26.39dB@0.225 ms=0.93465 -> model 25.63dB@0.195 ms=0.92934 | q20: base 29.82dB@0.434 ms=0.97616 -> model 28.16dB@0.369 ms=0.97123
  [grad s1700] |gLF|w=9.29e-01 |grate|w=1.74e+00 | dScaler LF=+9.26e-01 rate=-2.32e+01 | cos LF-ra=-1.00 | est/real=0.73 (real 1.210) | res 3.77/110.5 hfO/I=0.122
[s 1700 ep17 q=75] L1=0.0193 (1-MS)=0.0129 VIF=0.000 MOS=0.000 bppE=0.883 | tot=0.0804 sh LF/P/V/R=0.18/0.00/0.00/0.82 | scl=+0.0189 g=0.818
[s 1750 ep17 q=52] L1=0.0294 (1-MS)=0.0261 VIF=0.000 MOS=0.000 bppE=0.593 | tot=0.0712 sh LF/P/V/R=0.38/0.00/0.00/0.62 | scl=+0.0192 g=1.016
== ep17 (13s) LF=0.0175 VIF=0.000 MOS=0.000 bppE=0.696 scl=+0.0194
   EVAL-diag q8: base 26.39dB@0.225 ms=0.93465 -> model 25.14dB@0.185 ms=0.92479 | q20: base 29.82dB@0.434 ms=0.97616 -> model 27.16dB@0.343 ms=0.96608
  [grad s1800] |gLF|w=1.99e+00 |grate|w=6.87e-01 | dScaler LF=+1.99e+00 rate=-9.12e+00 | cos LF-ra=-1.00 | est/real=0.67 (real 0.792) | res 5.58/167.9 hfO/I=0.036
[s 1800 ep18 q=54] L1=0.0259 (1-MS)=0.0265 VIF=0.000 MOS=0.000 bppE=0.532 | tot=0.0663 sh LF/P/V/R=0.40/0.00/0.00/0.60 | scl=+0.0194 g=1.307
[s 1850 ep18 q=89] L1=0.0113 (1-MS)=0.0055 VIF=0.000 MOS=0.000 bppE=1.081 | tot=0.0877 sh LF/P/V/R=0.08/0.00/0.00/0.92 | scl=+0.0189 g=1.248
== ep18 (13s) LF=0.0183 VIF=0.000 MOS=0.000 bppE=0.707 scl=+0.0194
   EVAL-diag q8: base 26.39dB@0.225 ms=0.93465 -> model 25.45dB@0.191 ms=0.92761 | q20: base 29.82dB@0.434 ms=0.97616 -> model 27.75dB@0.358 ms=0.96933
  [grad s1900] |gLF|w=1.46e+00 |grate|w=6.69e-01 | dScaler LF=+1.46e+00 rate=-8.90e+00 | cos LF-ra=-1.00 | est/real=0.68 (real 0.746) | res 4.72/136.5 hfO/I=0.052
[s 1900 ep19 q=43] L1=0.0242 (1-MS)=0.0239 VIF=0.000 MOS=0.000 bppE=0.508 | tot=0.0620 sh LF/P/V/R=0.39/0.00/0.00/0.61 | scl=+0.0194 g=0.793
[s 1950 ep19 q=50] L1=0.0245 (1-MS)=0.0211 VIF=0.000 MOS=0.000 bppE=0.547 | tot=0.0628 sh LF/P/V/R=0.35/0.00/0.00/0.65 | scl=+0.0194 g=0.471
== ep19 (13s) LF=0.0176 VIF=0.000 MOS=0.000 bppE=0.688 scl=+0.0193
   EVAL-diag q8: base 26.39dB@0.225 ms=0.93465 -> model 25.63dB@0.195 ms=0.92929 | q20: base 29.82dB@0.434 ms=0.97616 -> model 28.16dB@0.369 ms=0.97128
  [grad s2000] |gLF|w=8.54e-01 |grate|w=2.05e+00 | dScaler LF=+8.51e-01 rate=-2.72e+01 | cos LF-ra=-1.00 | est/real=0.73 (real 1.334) | res 3.79/102.9 hfO/I=0.105
[s 2000 ep20 q=81] L1=0.0182 (1-MS)=0.0107 VIF=0.000 MOS=0.000 bppE=0.969 | tot=0.0849 sh LF/P/V/R=0.14/0.00/0.00/0.86 | scl=+0.0193 g=1.197
[s 2050 ep20 q=84] L1=0.0220 (1-MS)=0.0149 VIF=0.000 MOS=0.000 bppE=1.153 | tot=0.1028 sh LF/P/V/R=0.16/0.00/0.00/0.84 | scl=+0.0193 g=1.801
== ep20 (13s) LF=0.0174 VIF=0.000 MOS=0.000 bppE=0.683 scl=+0.0193
   EVAL-diag q8: base 26.39dB@0.225 ms=0.93465 -> model 25.73dB@0.198 ms=0.93020 | q20: base 29.82dB@0.434 ms=0.97616 -> model 28.36dB@0.375 ms=0.97223
  [grad s2100] |gLF|w=8.78e-01 |grate|w=7.60e-01 | dScaler LF=+8.75e-01 rate=-1.01e+01 | cos LF-ra=-1.00 | est/real=0.73 (real 0.814) | res 3.87/120.1 hfO/I=0.173
[s 2100 ep21 q=44] L1=0.0229 (1-MS)=0.0184 VIF=0.000 MOS=0.000 bppE=0.591 | tot=0.0636 sh LF/P/V/R=0.30/0.00/0.00/0.70 | scl=+0.0193 g=0.119
[s 2150 ep21 q=77] L1=0.0217 (1-MS)=0.0156 VIF=0.000 MOS=0.000 bppE=0.927 | tot=0.0864 sh LF/P/V/R=0.20/0.00/0.00/0.80 | scl=+0.0197 g=0.768
== ep21 (13s) LF=0.0173 VIF=0.000 MOS=0.000 bppE=0.702 scl=+0.0197
   EVAL-diag q8: base 26.39dB@0.225 ms=0.93465 -> model 25.47dB@0.192 ms=0.92800 | q20: base 29.82dB@0.434 ms=0.97616 -> model 27.84dB@0.361 ms=0.96996
  [grad s2200] |gLF|w=9.56e-01 |grate|w=4.33e-01 | dScaler LF=+9.53e-01 rate=-5.76e+00 | cos LF-ra=-1.00 | est/real=0.68 (real 0.668) | res 3.26/134.1 hfO/I=0.102
[s 2200 ep22 q=41] L1=0.0193 (1-MS)=0.0225 VIF=0.000 MOS=0.000 bppE=0.455 | tot=0.0560 sh LF/P/V/R=0.39/0.00/0.00/0.61 | scl=+0.0197 g=0.523
[s 2250 ep22 q=49] L1=0.0283 (1-MS)=0.0275 VIF=0.000 MOS=0.000 bppE=0.532 | tot=0.0675 sh LF/P/V/R=0.41/0.00/0.00/0.59 | scl=+0.0200 g=1.132
== ep22 (13s) LF=0.0177 VIF=0.000 MOS=0.000 bppE=0.697 scl=+0.0201
   EVAL-diag q8: base 26.39dB@0.225 ms=0.93465 -> model 25.19dB@0.185 ms=0.92505 | q20: base 29.82dB@0.434 ms=0.97616 -> model 27.26dB@0.344 ms=0.96637
  [grad s2300] |gLF|w=1.54e+00 |grate|w=5.26e-01 | dScaler LF=+1.53e+00 rate=-6.98e+00 | cos LF-ra=-1.00 | est/real=0.66 (real 0.746) | res 4.09/154.8 hfO/I=0.055
[s 2300 ep23 q=53] L1=0.0206 (1-MS)=0.0254 VIF=0.000 MOS=0.000 bppE=0.495 | tot=0.0616 sh LF/P/V/R=0.40/0.00/0.00/0.60 | scl=+0.0201 g=1.013
[s 2350 ep23 q=76] L1=0.0286 (1-MS)=0.0188 VIF=0.000 MOS=0.000 bppE=0.983 | tot=0.0944 sh LF/P/V/R=0.22/0.00/0.00/0.78 | scl=+0.0199 g=0.889
== ep23 (13s) LF=0.0180 VIF=0.000 MOS=0.000 bppE=0.716 scl=+0.0198
   EVAL-diag q8: base 26.39dB@0.225 ms=0.93465 -> model 25.79dB@0.200 ms=0.93062 | q20: base 29.82dB@0.434 ms=0.97616 -> model 28.48dB@0.379 ms=0.97253
  [grad s2400] |gLF|w=5.81e-01 |grate|w=5.22e-01 | dScaler LF=+5.79e-01 rate=-6.94e+00 | cos LF-ra=-1.00 | est/real=0.72 (real 0.691) | res 2.74/99.7 hfO/I=0.114
[s 2400 ep24 q=46] L1=0.0171 (1-MS)=0.0169 VIF=0.000 MOS=0.000 bppE=0.500 | tot=0.0544 sh LF/P/V/R=0.31/0.00/0.00/0.69 | scl=+0.0198 g=0.067
[s 2450 ep24 q=88] L1=0.0184 (1-MS)=0.0128 VIF=0.000 MOS=0.000 bppE=1.040 | tot=0.0919 sh LF/P/V/R=0.15/0.00/0.00/0.85 | scl=+0.0204 g=0.878
== ep24 (13s) LF=0.0178 VIF=0.000 MOS=0.000 bppE=0.697 scl=+0.0205
   EVAL-diag q8: base 26.39dB@0.225 ms=0.93465 -> model 25.38dB@0.191 ms=0.92756 | q20: base 29.82dB@0.434 ms=0.97616 -> model 27.62dB@0.356 ms=0.96907
[v2] done -> dpp/runs/v2_C_l075
