[v2] aligned-codec DPP: gamma=0.0 vif_gamma=0.4 lam=0.05 q~U[40,90] ch=64 ep=25 prior=dpp/runs/prior_aligned/entropy.pt calib_luma=yes(86q)
/workspace/sandwiched_compression/dpp/train_v2.py:160: UserWarning: Converting a tensor with requires_grad=True to a scalar may lead to unexpected behavior.
Consider using tensor.detach() first. (Triggered internally at /pytorch/torch/csrc/autograd/generated/python_variable_methods.cpp:835.)
  rec = {"step": gstep, "ep": ep, "q": q, "L1_raw": float(l1),
  [grad s   0] |gLF|w=7.24e-05 |grate|w=2.27e-03 |gvif|w=1.70e-02 | dScaler LF=-7.24e-05 rate=-4.54e-02 vif=+4.26e-02 | cos LF-ra=+1.00 LF-vi=-1.00 ra-vi=-1.00 | est/real=0.88 (real 1.824) | res 0.00/0.0 hfO/I=1.000
[s    0 ep 0 q=84] L1=0.0079 (1-MS)=0.0028 VIF=0.895 MOS=0.000 bppE=1.609 | tot=0.1265 sh LF/P/V/R=0.03/0.00/0.33/0.64 | scl=+0.0000 g=0.015
[s   50 ep 0 q=65] L1=0.0202 (1-MS)=0.0211 VIF=0.810 MOS=0.000 bppE=1.269 | tot=0.1604 sh LF/P/V/R=0.13/0.00/0.47/0.40 | scl=-0.0118 g=1.107
== ep 0 (24s) LF=0.0169 VIF=0.822 MOS=0.000 bppE=1.329 scl=-0.0146
   EVAL-diag q8: base 26.39dB@0.225 ms=0.93465 -> model 25.28dB@0.272 ms=0.92655 | q20: base 29.82dB@0.434 ms=0.97616 -> model 27.42dB@0.526 ms=0.96010
  [grad s 100] |gLF|w=2.16e+00 |grate|w=8.98e-01 |gvif|w=0.00e+00 | dScaler LF=-2.15e+00 rate=-1.79e+01 vif=+0.00e+00 | cos LF-ra=+1.00 LF-vi=+0.00 ra-vi=+0.00 | est/real=0.88 (real 1.505) | res 4.84/49.3 hfO/I=1.054
[s  100 ep 1 q=76] L1=0.0206 (1-MS)=0.0254 VIF=1.000 MOS=0.000 bppE=1.331 | tot=0.0910 sh LF/P/V/R=0.27/0.00/0.00/0.73 | scl=-0.0146 g=3.060
  [NaN-guard] step 116 skipped
  [NaN-guard] step 125 skipped
[s  150 ep 1 q=52] L1=0.0178 (1-MS)=0.0222 VIF=0.847 MOS=0.000 bppE=0.946 | tot=0.1298 sh LF/P/V/R=0.16/0.00/0.47/0.36 | scl=-0.0142 g=3.864
  [NaN-guard] step 160 skipped
== ep 1 (24s) LF=0.0241 VIF=0.890 MOS=0.000 bppE=1.331 scl=-0.0148
   EVAL-diag q8: base 26.39dB@0.225 ms=0.93465 -> model 26.27dB@0.244 ms=0.93486 | q20: base 29.82dB@0.434 ms=0.97616 -> model 29.43dB@0.479 ms=0.97297
  [grad s 200] |gLF|w=5.15e-01 |grate|w=4.33e-01 |gvif|w=3.98e+00 | dScaler LF=-5.12e-01 rate=-8.62e+00 vif=+9.89e+00 | cos LF-ra=+1.00 LF-vi=-1.00 ra-vi=-1.00 | est/real=0.89 (real 1.260) | res 2.18/27.5 hfO/I=1.044
[s  200 ep 2 q=52] L1=0.0198 (1-MS)=0.0166 VIF=0.803 MOS=0.000 bppE=1.117 | tot=0.1518 sh LF/P/V/R=0.11/0.00/0.52/0.37 | scl=-0.0146 g=3.041
  [NaN-guard] step 210 skipped
  [NaN-guard] step 250 skipped
[s  250 ep 2 q=44] L1=0.0217 (1-MS)=0.0132 VIF=0.670 MOS=0.000 bppE=1.094 | tot=0.2015 sh LF/P/V/R=0.07/0.00/0.65/0.27 | scl=-0.0142 g=0.981
  [NaN-guard] step 284 skipped
== ep 2 (24s) LF=0.0186 VIF=0.902 MOS=0.000 bppE=1.300 scl=-0.0141
   EVAL-diag q8: base 26.39dB@0.225 ms=0.93465 -> model 26.32dB@0.238 ms=0.93546 | q20: base 29.82dB@0.434 ms=0.97616 -> model 29.57dB@0.466 ms=0.97438
  [grad s 300] |gLF|w=8.70e-01 |grate|w=5.83e-01 |gvif|w=0.00e+00 | dScaler LF=-8.65e-01 rate=-1.16e+01 vif=+0.00e+00 | cos LF-ra=+1.00 LF-vi=+0.00 ra-vi=+0.00 | est/real=0.90 (real 1.654) | res 1.77/19.8 hfO/I=1.033
[s  300 ep 3 q=76] L1=0.0133 (1-MS)=0.0135 VIF=1.000 MOS=0.000 bppE=1.484 | tot=0.0876 sh LF/P/V/R=0.15/0.00/0.00/0.85 | scl=-0.0139 g=1.452
  [NaN-guard] step 328 skipped
[s  350 ep 3 q=60] L1=0.0162 (1-MS)=0.0109 VIF=1.000 MOS=0.000 bppE=1.240 | tot=0.0739 sh LF/P/V/R=0.16/0.00/0.00/0.84 | scl=-0.0128 g=0.479
  [NaN-guard] step 360 skipped
== ep 3 (24s) LF=0.0144 VIF=0.919 MOS=0.000 bppE=1.229 scl=-0.0123
   EVAL-diag q8: base 26.39dB@0.225 ms=0.93465 -> model 26.37dB@0.230 ms=0.93477 | q20: base 29.82dB@0.434 ms=0.97616 -> model 29.76dB@0.448 ms=0.97513
  [grad s 400] |gLF|w=4.14e-01 |grate|w=1.77e-01 |gvif|w=1.15e+01 | dScaler LF=-4.12e-01 rate=-3.52e+00 vif=+2.86e+01 | cos LF-ra=+1.00 LF-vi=-1.00 ra-vi=-0.99 | est/real=0.77 (real 0.942) | res 0.97/10.0 hfO/I=1.017
[s  400 ep 4 q=57] L1=0.0112 (1-MS)=0.0122 VIF=0.914 MOS=0.000 bppE=0.725 | tot=0.0826 sh LF/P/V/R=0.14/0.00/0.42/0.44 | scl=-0.0121 g=10.908
  [NaN-guard] step 449 skipped
[s  450 ep 4 q=59] L1=0.0134 (1-MS)=0.0168 VIF=1.000 MOS=0.000 bppE=0.905 | tot=0.0614 sh LF/P/V/R=0.26/0.00/0.00/0.74 | scl=-0.0123 g=1.201
  [NaN-guard] step 462 skipped
== ep 4 (24s) LF=0.0135 VIF=0.915 MOS=0.000 bppE=1.206 scl=-0.0120
   EVAL-diag q8: base 26.39dB@0.225 ms=0.93465 -> model 26.38dB@0.227 ms=0.93434 | q20: base 29.82dB@0.434 ms=0.97616 -> model 29.77dB@0.441 ms=0.97521
  [grad s 500] |gLF|w=5.98e-01 |grate|w=2.40e-01 |gvif|w=4.69e+00 | dScaler LF=-5.96e-01 rate=-4.76e+00 vif=+1.17e+01 | cos LF-ra=+1.00 LF-vi=-1.00 ra-vi=-1.00 | est/real=0.85 (real 1.367) | res 1.00/10.6 hfO/I=1.009
[s  500 ep 5 q=65] L1=0.0142 (1-MS)=0.0120 VIF=0.963 MOS=0.000 bppE=1.156 | tot=0.0851 sh LF/P/V/R=0.15/0.00/0.17/0.68 | scl=-0.0122 g=3.848
  [NaN-guard] step 510 skipped
  [NaN-guard] step 521 skipped
[s  550 ep 5 q=72] L1=0.0147 (1-MS)=0.0136 VIF=1.000 MOS=0.000 bppE=1.449 | tot=0.0862 sh LF/P/V/R=0.16/0.00/0.00/0.84 | scl=-0.0123 g=1.216
  [NaN-guard] step 562 skipped
== ep 5 (24s) LF=0.0113 VIF=0.910 MOS=0.000 bppE=1.241 scl=-0.0127
   EVAL-diag q8: base 26.39dB@0.225 ms=0.93465 -> model 26.33dB@0.230 ms=0.93272 | q20: base 29.82dB@0.434 ms=0.97616 -> model 29.51dB@0.465 ms=0.96772
  [grad s 600] |gLF|w=3.61e-01 |grate|w=1.85e-01 |gvif|w=1.01e+01 | dScaler LF=-3.59e-01 rate=-3.64e+00 vif=+2.51e+01 | cos LF-ra=+0.99 LF-vi=-1.00 ra-vi=-0.99 | est/real=0.89 (real 1.287) | res 0.98/15.1 hfO/I=0.999
[s  600 ep 6 q=65] L1=0.0138 (1-MS)=0.0102 VIF=0.989 MOS=0.000 bppE=1.146 | tot=0.0725 sh LF/P/V/R=0.15/0.00/0.06/0.79 | scl=-0.0121 g=9.561
[s  650 ep 6 q=50] L1=0.0134 (1-MS)=0.0111 VIF=0.711 MOS=0.000 bppE=0.731 | tot=0.1635 sh LF/P/V/R=0.07/0.00/0.71/0.22 | scl=-0.0114 g=4.939
  [NaN-guard] step 652 skipped
  [NaN-guard] step 682 skipped
== ep 6 (24s) LF=0.0134 VIF=0.921 MOS=0.000 bppE=1.228 scl=-0.0119
   EVAL-diag q8: base 26.39dB@0.225 ms=0.93465 -> model 26.36dB@0.229 ms=0.93455 | q20: base 29.82dB@0.434 ms=0.97616 -> model 29.73dB@0.449 ms=0.97446
  [grad s 700] |gLF|w=7.72e-01 |grate|w=2.65e-01 |gvif|w=0.00e+00 | dScaler LF=-7.71e-01 rate=-5.22e+00 vif=+0.00e+00 | cos LF-ra=+0.99 LF-vi=+0.00 ra-vi=+0.00 | est/real=0.94 (real 1.827) | res 1.14/14.9 hfO/I=0.986
[s  700 ep 7 q=75] L1=0.0141 (1-MS)=0.0108 VIF=1.000 MOS=0.000 bppE=1.722 | tot=0.0976 sh LF/P/V/R=0.12/0.00/0.00/0.88 | scl=-0.0120 g=1.035
[s  750 ep 7 q=51] L1=0.0175 (1-MS)=0.0151 VIF=0.821 MOS=0.000 bppE=0.961 | tot=0.1351 sh LF/P/V/R=0.12/0.00/0.53/0.36 | scl=-0.0119 g=4.508
== ep 7 (24s) LF=0.0138 VIF=0.926 MOS=0.000 bppE=1.166 scl=-0.0118
   EVAL-diag q8: base 26.39dB@0.225 ms=0.93465 -> model 26.36dB@0.225 ms=0.93414 | q20: base 29.82dB@0.434 ms=0.97616 -> model 29.74dB@0.439 ms=0.97456
  [NaN-guard] step 794 skipped
  [grad s 800] |gLF|w=9.47e-01 |grate|w=4.04e-01 |gvif|w=0.00e+00 | dScaler LF=-9.45e-01 rate=-8.05e+00 vif=+0.00e+00 | cos LF-ra=+1.00 LF-vi=+0.00 ra-vi=+0.00 | est/real=0.82 (real 1.207) | res 1.36/17.1 hfO/I=0.995
[s  800 ep 8 q=66] L1=0.0132 (1-MS)=0.0163 VIF=1.000 MOS=0.000 bppE=0.988 | tot=0.0651 sh LF/P/V/R=0.24/0.00/0.00/0.76 | scl=-0.0115 g=1.351
[s  850 ep 8 q=64] L1=0.0144 (1-MS)=0.0081 VIF=0.857 MOS=0.000 bppE=1.209 | tot=0.1270 sh LF/P/V/R=0.07/0.00/0.45/0.48 | scl=-0.0111 g=3.844
  [NaN-guard] step 870 skipped
== ep 8 (24s) LF=0.0115 VIF=0.922 MOS=0.000 bppE=1.232 scl=-0.0116
   EVAL-diag q8: base 26.39dB@0.225 ms=0.93465 -> model 26.35dB@0.230 ms=0.93439 | q20: base 29.82dB@0.434 ms=0.97616 -> model 29.68dB@0.450 ms=0.97382
  [grad s 900] |gLF|w=4.38e-01 |grate|w=2.62e-01 |gvif|w=0.00e+00 | dScaler LF=-4.37e-01 rate=-5.19e+00 vif=+0.00e+00 | cos LF-ra=+0.99 LF-vi=+0.00 ra-vi=+0.00 | est/real=0.89 (real 1.678) | res 0.91/10.8 hfO/I=0.971
[s  900 ep 9 q=81] L1=0.0093 (1-MS)=0.0065 VIF=1.000 MOS=0.000 bppE=1.486 | tot=0.0814 sh LF/P/V/R=0.09/0.00/0.00/0.91 | scl=-0.0110 g=0.699
  [NaN-guard] step 901 skipped
[s  950 ep 9 q=83] L1=0.0114 (1-MS)=0.0189 VIF=1.000 MOS=0.000 bppE=1.663 | tot=0.1006 sh LF/P/V/R=0.17/0.00/0.00/0.83 | scl=-0.0128 g=2.531
== ep 9 (24s) LF=0.0140 VIF=0.935 MOS=0.000 bppE=1.167 scl=-0.0124
   EVAL-diag q8: base 26.39dB@0.225 ms=0.93465 -> model 26.36dB@0.229 ms=0.93401 | q20: base 29.82dB@0.434 ms=0.97616 -> model 29.70dB@0.451 ms=0.97307
  [grad s1000] |gLF|w=4.41e-01 |grate|w=2.86e-01 |gvif|w=0.00e+00 | dScaler LF=-4.38e-01 rate=-5.59e+00 vif=+0.00e+00 | cos LF-ra=+0.99 LF-vi=+0.00 ra-vi=+0.00 | est/real=0.84 (real 1.929) | res 0.89/11.9 hfO/I=0.964
[s 1000 ep10 q=86] L1=0.0083 (1-MS)=0.0062 VIF=1.000 MOS=0.000 bppE=1.616 | tot=0.0874 sh LF/P/V/R=0.08/0.00/0.00/0.92 | scl=-0.0123 g=0.726
[s 1050 ep10 q=72] L1=0.0161 (1-MS)=0.0221 VIF=1.000 MOS=0.000 bppE=1.397 | tot=0.0908 sh LF/P/V/R=0.23/0.00/0.00/0.77 | scl=-0.0136 g=2.265
== ep10 (24s) LF=0.0143 VIF=0.941 MOS=0.000 bppE=1.232 scl=-0.0133
   EVAL-diag q8: base 26.39dB@0.225 ms=0.93465 -> model 26.30dB@0.232 ms=0.93151 | q20: base 29.82dB@0.434 ms=0.97616 -> model 29.41dB@0.474 ms=0.96450
  [grad s1100] |gLF|w=6.28e-01 |grate|w=3.69e-01 |gvif|w=0.00e+00 | dScaler LF=-6.27e-01 rate=-7.32e+00 vif=+0.00e+00 | cos LF-ra=+1.00 LF-vi=+0.00 ra-vi=+0.00 | est/real=0.84 (real 1.634) | res 1.32/20.8 hfO/I=0.953
[s 1100 ep11 q=76] L1=0.0127 (1-MS)=0.0109 VIF=1.000 MOS=0.000 bppE=1.371 | tot=0.0798 sh LF/P/V/R=0.14/0.00/0.00/0.86 | scl=-0.0129 g=0.997
[s 1150 ep11 q=43] L1=0.0194 (1-MS)=0.0253 VIF=1.000 MOS=0.000 bppE=0.865 | tot=0.0674 sh LF/P/V/R=0.36/0.00/0.00/0.64 | scl=-0.0136 g=1.432
== ep11 (24s) LF=0.0151 VIF=0.944 MOS=0.000 bppE=1.203 scl=-0.0129
   EVAL-diag q8: base 26.39dB@0.225 ms=0.93465 -> model 26.34dB@0.223 ms=0.93382 | q20: base 29.82dB@0.434 ms=0.97616 -> model 29.70dB@0.433 ms=0.97425
  [grad s1200] |gLF|w=4.87e-01 |grate|w=6.62e-02 |gvif|w=0.00e+00 | dScaler LF=-4.86e-01 rate=-1.98e-02 vif=+0.00e+00 | cos LF-ra=+0.05 LF-vi=+0.00 ra-vi=+0.00 | est/real=0.87 (real 2.010) | res 1.22/24.7 hfO/I=0.903
[s 1200 ep12 q=85] L1=0.0101 (1-MS)=0.0072 VIF=1.000 MOS=0.000 bppE=1.739 | tot=0.0947 sh LF/P/V/R=0.08/0.00/0.00/0.92 | scl=-0.0130 g=0.494
  [NaN-guard] step 1249 skipped
[s 1250 ep12 q=81] L1=0.0105 (1-MS)=0.0099 VIF=1.000 MOS=0.000 bppE=1.308 | tot=0.0754 sh LF/P/V/R=0.13/0.00/0.00/0.87 | scl=-0.0135 g=0.888
  [NaN-guard] step 1261 skipped
== ep12 (24s) LF=0.0136 VIF=0.914 MOS=0.000 bppE=1.131 scl=-0.0125
   EVAL-diag q8: base 26.39dB@0.225 ms=0.93465 -> model 26.35dB@0.222 ms=0.93409 | q20: base 29.82dB@0.434 ms=0.97616 -> model 29.71dB@0.429 ms=0.97549
  [grad s1300] |gLF|w=8.31e-01 |grate|w=5.76e-02 |gvif|w=6.22e+00 | dScaler LF=-8.30e-01 rate=-7.34e-01 vif=+1.55e+01 | cos LF-ra=+0.65 LF-vi=-1.00 ra-vi=-0.68 | est/real=0.84 (real 1.253) | res 1.65/19.0 hfO/I=0.903
[s 1300 ep13 q=55] L1=0.0198 (1-MS)=0.0190 VIF=0.967 MOS=0.000 bppE=1.047 | tot=0.0847 sh LF/P/V/R=0.23/0.00/0.16/0.62 | scl=-0.0134 g=5.354
  [NaN-guard] step 1333 skipped
[s 1350 ep13 q=77] L1=0.0128 (1-MS)=0.0072 VIF=0.979 MOS=0.000 bppE=1.563 | tot=0.0951 sh LF/P/V/R=0.09/0.00/0.09/0.82 | scl=-0.0125 g=3.604
== ep13 (24s) LF=0.0145 VIF=0.926 MOS=0.000 bppE=1.182 scl=-0.0126
   EVAL-diag q8: base 26.39dB@0.225 ms=0.93465 -> model 26.32dB@0.225 ms=0.93401 | q20: base 29.82dB@0.434 ms=0.97616 -> model 29.64dB@0.440 ms=0.97370
  [NaN-guard] step 1386 skipped
  [grad s1400] |gLF|w=2.92e-01 |grate|w=6.65e-02 |gvif|w=2.16e+01 | dScaler LF=-2.91e-01 rate=-1.25e+00 vif=+5.37e+01 | cos LF-ra=+0.95 LF-vi=-1.00 ra-vi=-0.95 | est/real=0.80 (real 0.926) | res 1.22/20.4 hfO/I=0.919
[s 1400 ep14 q=47] L1=0.0154 (1-MS)=0.0160 VIF=0.925 MOS=0.000 bppE=0.744 | tot=0.0832 sh LF/P/V/R=0.19/0.00/0.36/0.45 | scl=-0.0122 g=21.229
[s 1450 ep14 q=68] L1=0.0110 (1-MS)=0.0094 VIF=0.916 MOS=0.000 bppE=0.884 | tot=0.0876 sh LF/P/V/R=0.11/0.00/0.38/0.50 | scl=-0.0119 g=3.428
  [NaN-guard] step 1453 skipped
== ep14 (24s) LF=0.0127 VIF=0.924 MOS=0.000 bppE=1.205 scl=-0.0128
   EVAL-diag q8: base 26.39dB@0.225 ms=0.93465 -> model 26.35dB@0.227 ms=0.93409 | q20: base 29.82dB@0.434 ms=0.97616 -> model 29.65dB@0.448 ms=0.97284
  [NaN-guard] step 1496 skipped
  [grad s1500] |gLF|w=3.33e-01 |grate|w=2.08e-01 |gvif|w=4.67e+00 | dScaler LF=-3.33e-01 rate=+4.11e+00 vif=+1.16e+01 | cos LF-ra=-0.99 LF-vi=-0.99 ra-vi=+0.97 | est/real=0.82 (real 1.127) | res 1.46/28.6 hfO/I=0.826
[s 1500 ep15 q=55] L1=0.0162 (1-MS)=0.0123 VIF=0.824 MOS=0.000 bppE=0.924 | tot=0.1297 sh LF/P/V/R=0.10/0.00/0.54/0.36 | scl=-0.0125 g=4.539
  [NaN-guard] step 1542 skipped
[s 1550 ep15 q=64] L1=0.0141 (1-MS)=0.0122 VIF=1.000 MOS=0.000 bppE=0.919 | tot=0.0585 sh LF/P/V/R=0.22/0.00/0.00/0.78 | scl=-0.0126 g=0.164
== ep15 (24s) LF=0.0135 VIF=0.927 MOS=0.000 bppE=1.116 scl=-0.0131
   EVAL-diag q8: base 26.39dB@0.225 ms=0.93465 -> model 26.34dB@0.223 ms=0.93416 | q20: base 29.82dB@0.434 ms=0.97616 -> model 29.66dB@0.435 ms=0.97462
  [NaN-guard] step 1582 skipped
  [grad s1600] |gLF|w=3.21e-01 |grate|w=2.65e-01 |gvif|w=3.07e+00 | dScaler LF=-3.20e-01 rate=+5.25e+00 vif=+7.61e+00 | cos LF-ra=-0.99 LF-vi=-0.99 ra-vi=+0.97 | est/real=0.88 (real 1.418) | res 1.49/28.7 hfO/I=0.785
[s 1600 ep16 q=69] L1=0.0144 (1-MS)=0.0087 VIF=0.892 MOS=0.000 bppE=1.250 | tot=0.1157 sh LF/P/V/R=0.08/0.00/0.37/0.54 | scl=-0.0127 g=3.004
  [NaN-guard] step 1615 skipped
  [NaN-guard] step 1644 skipped
[s 1650 ep16 q=50] L1=0.0183 (1-MS)=0.0133 VIF=0.781 MOS=0.000 bppE=0.904 | tot=0.1472 sh LF/P/V/R=0.10/0.00/0.60/0.31 | scl=-0.0136 g=3.642
== ep16 (23s) LF=0.0130 VIF=0.914 MOS=0.000 bppE=1.110 scl=-0.0142
   EVAL-diag q8: base 26.39dB@0.225 ms=0.93465 -> model 26.31dB@0.224 ms=0.93358 | q20: base 29.82dB@0.434 ms=0.97616 -> model 29.53dB@0.443 ms=0.97174
  [NaN-guard] step 1678 skipped
  [grad s1700] |gLF|w=8.76e-01 |grate|w=8.38e-02 |gvif|w=9.90e-01 | dScaler LF=-8.74e-01 rate=+1.25e+00 vif=+2.40e+00 | cos LF-ra=-0.72 LF-vi=-0.98 ra-vi=+0.57 | est/real=0.82 (real 1.366) | res 2.20/43.8 hfO/I=0.713
[s 1700 ep17 q=64] L1=0.0171 (1-MS)=0.0164 VIF=0.869 MOS=0.000 bppE=1.122 | tot=0.1252 sh LF/P/V/R=0.13/0.00/0.42/0.45 | scl=-0.0149 g=0.213
  [NaN-guard] step 1713 skipped
[s 1750 ep17 q=74] L1=0.0127 (1-MS)=0.0115 VIF=1.000 MOS=0.000 bppE=1.061 | tot=0.0648 sh LF/P/V/R=0.18/0.00/0.00/0.82 | scl=-0.0140 g=0.513
== ep17 (23s) LF=0.0148 VIF=0.923 MOS=0.000 bppE=1.091 scl=-0.0143
   EVAL-diag q8: base 26.39dB@0.225 ms=0.93465 -> model 26.33dB@0.231 ms=0.93467 | q20: base 29.82dB@0.434 ms=0.97616 -> model 29.59dB@0.455 ms=0.97358
  [NaN-guard] step 1775 skipped
  [grad s1800] |gLF|w=8.50e-01 |grate|w=3.04e-02 |gvif|w=1.04e+01 | dScaler LF=-8.48e-01 rate=+2.42e-02 vif=+2.58e+01 | cos LF-ra=-0.01 LF-vi=-1.00 ra-vi=-0.00 | est/real=0.79 (real 1.063) | res 2.38/40.9 hfO/I=0.695
[s 1800 ep18 q=43] L1=0.0212 (1-MS)=0.0227 VIF=0.942 MOS=0.000 bppE=0.845 | tot=0.0878 sh LF/P/V/R=0.26/0.00/0.26/0.48 | scl=-0.0149 g=9.526
  [NaN-guard] step 1823 skipped
[s 1850 ep18 q=89] L1=0.0113 (1-MS)=0.0089 VIF=1.000 MOS=0.000 bppE=1.810 | tot=0.0998 sh LF/P/V/R=0.09/0.00/0.00/0.91 | scl=-0.0151 g=0.515
== ep18 (23s) LF=0.0145 VIF=0.913 MOS=0.000 bppE=1.114 scl=-0.0150
   EVAL-diag q8: base 26.39dB@0.225 ms=0.93465 -> model 26.18dB@0.214 ms=0.93257 | q20: base 29.82dB@0.434 ms=0.97616 -> model 29.23dB@0.411 ms=0.97369
  [grad s1900] |gLF|w=1.14e+00 |grate|w=3.07e-01 |gvif|w=0.00e+00 | dScaler LF=-1.13e+00 rate=-5.99e+00 vif=+0.00e+00 | cos LF-ra=+0.99 LF-vi=+0.00 ra-vi=+0.00 | est/real=0.83 (real 1.447) | res 2.00/39.4 hfO/I=0.678
[s 1900 ep19 q=74] L1=0.0131 (1-MS)=0.0172 VIF=1.000 MOS=0.000 bppE=1.204 | tot=0.0765 sh LF/P/V/R=0.21/0.00/0.00/0.79 | scl=-0.0151 g=1.440
[s 1950 ep19 q=51] L1=0.0191 (1-MS)=0.0161 VIF=0.792 MOS=0.000 bppE=0.880 | tot=0.1437 sh LF/P/V/R=0.12/0.00/0.58/0.31 | scl=-0.0149 g=2.743
== ep19 (24s) LF=0.0178 VIF=0.935 MOS=0.000 bppE=1.122 scl=-0.0146
   EVAL-diag q8: base 26.39dB@0.225 ms=0.93465 -> model 26.28dB@0.221 ms=0.93385 | q20: base 29.82dB@0.434 ms=0.97616 -> model 29.47dB@0.433 ms=0.97415
  [grad s2000] |gLF|w=8.55e-01 |grate|w=5.98e-02 |gvif|w=0.00e+00 | dScaler LF=-8.53e-01 rate=-5.63e-01 vif=+0.00e+00 | cos LF-ra=+0.49 LF-vi=+0.00 ra-vi=+0.00 | est/real=0.81 (real 1.245) | res 2.67/68.1 hfO/I=0.500
[s 2000 ep20 q=61] L1=0.0172 (1-MS)=0.0182 VIF=1.000 MOS=0.000 bppE=1.005 | tot=0.0683 sh LF/P/V/R=0.26/0.00/0.00/0.74 | scl=-0.0154 g=0.885
  [NaN-guard] step 2037 skipped
[s 2050 ep20 q=66] L1=0.0150 (1-MS)=0.0194 VIF=1.000 MOS=0.000 bppE=0.981 | tot=0.0676 sh LF/P/V/R=0.27/0.00/0.00/0.73 | scl=-0.0156 g=1.284
== ep20 (24s) LF=0.0174 VIF=0.938 MOS=0.000 bppE=1.026 scl=-0.0159
   EVAL-diag q8: base 26.39dB@0.225 ms=0.93465 -> model 26.25dB@0.231 ms=0.93192 | q20: base 29.82dB@0.434 ms=0.97616 -> model 29.21dB@0.472 ms=0.96529
  [grad s2100] |gLF|w=8.94e-01 |grate|w=1.85e-01 |gvif|w=5.50e+00 | dScaler LF=-8.92e-01 rate=+3.65e+00 vif=+1.36e+01 | cos LF-ra=-0.99 LF-vi=-0.99 ra-vi=+0.96 | est/real=0.71 (real 0.904) | res 3.17/61.4 hfO/I=0.358
[s 2100 ep21 q=44] L1=0.0197 (1-MS)=0.0208 VIF=0.822 MOS=0.000 bppE=0.642 | tot=0.1240 sh LF/P/V/R=0.17/0.00/0.57/0.26 | scl=-0.0153 g=4.791
  [NaN-guard] step 2118 skipped
[s 2150 ep21 q=51] L1=0.0154 (1-MS)=0.0203 VIF=1.000 MOS=0.000 bppE=0.745 | tot=0.0566 sh LF/P/V/R=0.34/0.00/0.00/0.66 | scl=-0.0156 g=0.848
== ep21 (24s) LF=0.0178 VIF=0.928 MOS=0.000 bppE=1.095 scl=-0.0153
   EVAL-diag q8: base 26.39dB@0.225 ms=0.93465 -> model 26.32dB@0.225 ms=0.93406 | q20: base 29.82dB@0.434 ms=0.97616 -> model 29.59dB@0.437 ms=0.97418
  [NaN-guard] step 2173 skipped
  [grad s2200] |gLF|w=5.02e-01 |grate|w=2.24e-01 |gvif|w=1.00e+01 | dScaler LF=-5.01e-01 rate=+4.44e+00 vif=+2.49e+01 | cos LF-ra=-1.00 LF-vi=-1.00 ra-vi=+0.98 | est/real=0.78 (real 0.884) | res 2.73/69.6 hfO/I=0.385
[s 2200 ep22 q=43] L1=0.0182 (1-MS)=0.0162 VIF=0.819 MOS=0.000 bppE=0.689 | tot=0.1235 sh LF/P/V/R=0.13/0.00/0.59/0.28 | scl=-0.0151 g=9.719
[s 2250 ep22 q=81] L1=0.0118 (1-MS)=0.0100 VIF=1.000 MOS=0.000 bppE=1.194 | tot=0.0700 sh LF/P/V/R=0.15/0.00/0.00/0.85 | scl=-0.0146 g=0.459
== ep22 (24s) LF=0.0150 VIF=0.934 MOS=0.000 bppE=1.095 scl=-0.0152
   EVAL-diag q8: base 26.39dB@0.225 ms=0.93465 -> model 26.26dB@0.220 ms=0.93328 | q20: base 29.82dB@0.434 ms=0.97616 -> model 29.42dB@0.429 ms=0.97326
  [grad s2300] |gLF|w=9.97e-01 |grate|w=6.56e-02 |gvif|w=1.92e+00 | dScaler LF=-9.96e-01 rate=-6.95e-01 vif=+4.77e+00 | cos LF-ra=+0.55 LF-vi=-1.00 ra-vi=-0.61 | est/real=0.78 (real 1.391) | res 2.39/51.8 hfO/I=0.455
[s 2300 ep23 q=68] L1=0.0165 (1-MS)=0.0174 VIF=0.948 MOS=0.000 bppE=1.083 | tot=0.0922 sh LF/P/V/R=0.19/0.00/0.23/0.59 | scl=-0.0153 g=0.893
  [NaN-guard] step 2320 skipped
[s 2350 ep23 q=74] L1=0.0171 (1-MS)=0.0088 VIF=0.856 MOS=0.000 bppE=1.369 | tot=0.1365 sh LF/P/V/R=0.08/0.00/0.42/0.50 | scl=-0.0153 g=0.731
== ep23 (24s) LF=0.0151 VIF=0.930 MOS=0.000 bppE=1.100 scl=-0.0156
   EVAL-diag q8: base 26.39dB@0.225 ms=0.93465 -> model 26.30dB@0.234 ms=0.93356 | q20: base 29.82dB@0.434 ms=0.97616 -> model 29.40dB@0.473 ms=0.96867
  [NaN-guard] step 2375 skipped
  [grad s2400] |gLF|w=6.35e-01 |grate|w=2.38e-02 |gvif|w=3.61e+00 | dScaler LF=-6.34e-01 rate=+1.49e-01 vif=+8.99e+00 | cos LF-ra=-0.31 LF-vi=-1.00 ra-vi=+0.24 | est/real=0.73 (real 0.863) | res 2.30/69.7 hfO/I=0.361
[s 2400 ep24 q=41] L1=0.0173 (1-MS)=0.0214 VIF=0.761 MOS=0.000 bppE=0.632 | tot=0.1476 sh LF/P/V/R=0.14/0.00/0.65/0.21 | scl=-0.0153 g=2.984
[s 2450 ep24 q=71] L1=0.0143 (1-MS)=0.0155 VIF=1.000 MOS=0.000 bppE=1.127 | tot=0.0716 sh LF/P/V/R=0.21/0.00/0.00/0.79 | scl=-0.0153 g=1.061
== ep24 (24s) LF=0.0153 VIF=0.931 MOS=0.000 bppE=1.085 scl=-0.0151
   EVAL-diag q8: base 26.39dB@0.225 ms=0.93465 -> model 26.32dB@0.227 ms=0.93397 | q20: base 29.82dB@0.434 ms=0.97616 -> model 29.57dB@0.447 ms=0.97287
[v2] done -> dpp/runs/v2_E_v40_l05
