[v2] aligned-codec DPP: gamma=0.0 vif_gamma=0.02 lam=0.1 q~U[5,32] ch=64 ep=3 prior=dpp/runs/prior_aligned/entropy.pt calib_luma=yes(28q)
/workspace/sandwiched_compression/dpp/train_v2.py:160: UserWarning: Converting a tensor with requires_grad=True to a scalar may lead to unexpected behavior.
Consider using tensor.detach() first. (Triggered internally at /pytorch/torch/csrc/autograd/generated/python_variable_methods.cpp:835.)
  rec = {"step": gstep, "ep": ep, "q": q, "L1_raw": float(l1),
  [grad s   0] |gLF|w=1.78e-03 |grate|w=2.62e-03 |gvif|w=5.91e-04 | dScaler LF=+1.78e-03 rate=-2.62e-02 vif=+2.96e-02 | cos LF-ra=-1.00 LF-vi=+1.00 ra-vi=-1.00 | est/real=0.72 (real 0.720) | res 0.00/0.0 hfO/I=1.000
[s    0 ep 0 q=29] L1=0.0168 (1-MS)=0.0178 VIF=0.535 MOS=0.000 bppE=0.515 | tot=0.0785 sh LF/P/V/R=0.22/0.00/0.12/0.66 | scl=+0.0000 g=0.000
[s   20 ep 0 q=17] L1=0.0231 (1-MS)=0.0414 VIF=0.368 MOS=0.000 bppE=0.328 | tot=0.0832 sh LF/P/V/R=0.45/0.00/0.15/0.39 | scl=+0.0018 g=0.042
  [grad s  25] |gLF|w=2.01e-03 |grate|w=6.73e-02 |gvif|w=2.36e-02 | dScaler LF=-1.89e-03 rate=+6.73e-01 vif=-1.18e+00 | cos LF-ra=-0.94 LF-vi=+0.94 ra-vi=-1.00 | est/real=0.75 (real 0.672) | res 0.37/2.0 hfO/I=1.002
[s   40 ep 0 q=17] L1=0.0280 (1-MS)=0.0351 VIF=0.412 MOS=0.000 bppE=0.409 | tot=0.0863 sh LF/P/V/R=0.39/0.00/0.14/0.47 | scl=+0.0037 g=0.043
  [grad s  50] |gLF|w=6.79e-02 |grate|w=2.81e-01 |gvif|w=8.91e-02 | dScaler LF=+6.76e-02 rate=+2.81e+00 vif=-4.45e+00 | cos LF-ra=+1.00 LF-vi=-1.00 ra-vi=-1.00 | est/real=0.66 (real 0.584) | res 1.41/15.3 hfO/I=1.015
[s   60 ep 0 q=24] L1=0.0180 (1-MS)=0.0199 VIF=0.518 MOS=0.000 bppE=0.469 | tot=0.0761 sh LF/P/V/R=0.26/0.00/0.13/0.62 | scl=+0.0061 g=0.147
  [grad s  75] |gLF|w=3.25e-01 |grate|w=8.31e-02 |gvif|w=6.75e-02 | dScaler LF=-3.25e-01 rate=+8.31e-01 vif=-3.38e+00 | cos LF-ra=-1.00 LF-vi=+1.00 ra-vi=-1.00 | est/real=0.60 (real 0.471) | res 0.56/6.1 hfO/I=1.015
[s   80 ep 0 q=32] L1=0.0210 (1-MS)=0.0163 VIF=0.587 MOS=0.000 bppE=0.727 | tot=0.0982 sh LF/P/V/R=0.18/0.00/0.08/0.74 | scl=+0.0058 g=0.352
== ep 0 (26s) LF=0.0376 VIF=0.408 MOS=0.000 bppE=0.372 scl=+0.0074
   EVAL-diag q8: base 26.39dB@0.225 ms=0.93465 -> model 26.36dB@0.235 ms=0.93528 | q20: base 29.82dB@0.434 ms=0.97616 -> model 29.70dB@0.454 ms=0.97627
  [grad s 100] |gLF|w=1.25e-01 |grate|w=2.35e-01 |gvif|w=8.58e-02 | dScaler LF=-1.25e-01 rate=+2.35e+00 vif=-4.28e+00 | cos LF-ra=-1.00 LF-vi=+1.00 ra-vi=-1.00 | est/real=0.71 (real 0.580) | res 1.01/14.4 hfO/I=1.034
[s  100 ep 1 q=24] L1=0.0170 (1-MS)=0.0250 VIF=0.476 MOS=0.000 bppE=0.410 | tot=0.0749 sh LF/P/V/R=0.31/0.00/0.14/0.55 | scl=+0.0074 g=0.026
  [NaN-guard] step 116 skipped
[s  120 ep 1 q=16] L1=0.0255 (1-MS)=0.0336 VIF=1.000 MOS=0.000 bppE=0.372 | tot=0.0691 sh LF/P/V/R=0.46/0.00/0.00/0.54 | scl=+0.0080 g=0.102
  [NaN-guard] step 125 skipped
  [grad s 125] |gLF|w=2.96e-01 |grate|w=8.63e-01 |gvif|w=1.97e-01 | dScaler LF=+2.95e-01 rate=+8.62e+00 vif=-9.85e+00 | cos LF-ra=+1.00 LF-vi=-1.00 ra-vi=-1.00 | est/real=0.71 (real 0.779) | res 2.44/23.9 hfO/I=1.081
[s  140 ep 1 q=24] L1=0.0199 (1-MS)=0.0238 VIF=0.527 MOS=0.000 bppE=0.498 | tot=0.0822 sh LF/P/V/R=0.28/0.00/0.12/0.60 | scl=+0.0078 g=0.010
  [grad s 150] |gLF|w=9.58e-01 |grate|w=1.32e-01 |gvif|w=1.89e-01 | dScaler LF=-9.57e-01 rate=+1.32e+00 vif=-9.44e+00 | cos LF-ra=-1.00 LF-vi=+1.00 ra-vi=-1.00 | est/real=0.55 (real 0.420) | res 2.03/17.0 hfO/I=1.077
  [NaN-guard] step 160 skipped
[s  160 ep 1 q= 8] L1=0.0301 (1-MS)=0.0821 VIF=0.278 MOS=0.000 bppE=0.171 | tot=0.1033 sh LF/P/V/R=0.69/0.00/0.14/0.17 | scl=+0.0088 g=1.697
  [grad s 175] |gLF|w=9.44e-01 |grate|w=1.51e-01 |gvif|w=3.52e-01 | dScaler LF=-9.40e-01 rate=+1.50e+00 vif=-1.75e+01 | cos LF-ra=-1.00 LF-vi=+1.00 ra-vi=-1.00 | est/real=0.49 (real 0.393) | res 4.03/33.9 hfO/I=1.188
[s  180 ep 1 q=18] L1=0.0255 (1-MS)=0.0328 VIF=0.442 MOS=0.000 bppE=0.423 | tot=0.0848 sh LF/P/V/R=0.37/0.00/0.13/0.50 | scl=+0.0103 g=0.210
== ep 1 (25s) LF=0.0453 VIF=0.421 MOS=0.000 bppE=0.373 scl=+0.0106
   EVAL-diag q8: base 26.39dB@0.225 ms=0.93465 -> model 26.22dB@0.248 ms=0.93549 | q20: base 29.82dB@0.434 ms=0.97616 -> model 29.08dB@0.510 ms=0.97085
  [grad s 200] |gLF|w=1.03e+00 |grate|w=2.37e-01 |gvif|w=1.90e-01 | dScaler LF=-1.03e+00 rate=+2.37e+00 vif=-9.47e+00 | cos LF-ra=-1.00 LF-vi=+1.00 ra-vi=-1.00 | est/real=0.52 (real 0.495) | res 3.62/34.5 hfO/I=1.246
[s  200 ep 2 q=11] L1=0.0325 (1-MS)=0.0618 VIF=0.329 MOS=0.000 bppE=0.258 | tot=0.0952 sh LF/P/V/R=0.59/0.00/0.14/0.27 | scl=+0.0104 g=0.986
  [NaN-guard] step 210 skipped
[s  220 ep 2 q=27] L1=0.0205 (1-MS)=0.0361 VIF=0.631 MOS=0.000 bppE=0.533 | tot=0.0937 sh LF/P/V/R=0.35/0.00/0.08/0.57 | scl=+0.0104 g=1.539
  [grad s 225] |gLF|w=6.38e-01 |grate|w=7.96e-01 |gvif|w=3.86e-01 | dScaler LF=+6.37e-01 rate=+7.95e+00 vif=-1.93e+01 | cos LF-ra=+1.00 LF-vi=-1.00 ra-vi=-1.00 | est/real=0.68 (real 0.772) | res 3.69/39.7 hfO/I=1.224
[s  240 ep 2 q=25] L1=0.0222 (1-MS)=0.0382 VIF=0.599 MOS=0.000 bppE=0.520 | tot=0.0950 sh LF/P/V/R=0.37/0.00/0.08/0.55 | scl=+0.0106 g=0.935
  [NaN-guard] step 250 skipped
  [grad s 250] |gLF|w=4.42e-01 |grate|w=1.36e-02 |gvif|w=9.45e-02 | dScaler LF=-4.37e-01 rate=+1.31e-01 vif=-4.71e+00 | cos LF-ra=-0.99 LF-vi=+1.00 ra-vi=-0.98 | est/real=0.42 (real 0.378) | res 2.18/18.1 hfO/I=1.140
[s  260 ep 2 q=17] L1=0.0325 (1-MS)=0.0796 VIF=0.547 MOS=0.000 bppE=0.414 | tot=0.1206 sh LF/P/V/R=0.58/0.00/0.08/0.34 | scl=+0.0113 g=3.874
  [grad s 275] |gLF|w=2.86e-01 |grate|w=6.90e-01 |gvif|w=2.31e-01 | dScaler LF=+2.86e-01 rate=+6.88e+00 vif=-1.15e+01 | cos LF-ra=+1.00 LF-vi=-1.00 ra-vi=-1.00 | est/real=0.69 (real 0.781) | res 3.46/30.9 hfO/I=1.288
[s  280 ep 2 q=21] L1=0.0269 (1-MS)=0.0514 VIF=0.575 MOS=0.000 bppE=0.482 | tot=0.1032 sh LF/P/V/R=0.45/0.00/0.08/0.47 | scl=+0.0114 g=1.271
  [NaN-guard] step 284 skipped
== ep 2 (25s) LF=0.0483 VIF=0.452 MOS=0.000 bppE=0.390 scl=+0.0112
   EVAL-diag q8: base 26.39dB@0.225 ms=0.93465 -> model 26.29dB@0.220 ms=0.93365 | q20: base 29.82dB@0.434 ms=0.97616 -> model 29.54dB@0.449 ms=0.97300
[v2] done -> dpp/runs/v2_probe_vweak
